{"target": -0.13712479484983042, "params": {"q00": 68.0, "q01": 7.0, "q02": 36.0, "q03": 171.0, "q04": 45.0, "q05": 102.0, "q06": 62.0, "q07": 139.0, "q08": 70.0, "q09": 13.0, "q10": 125.0, "q11": 13.0, "q12": 205.0, "q13": 30.0, "q14": 248.0, "q15": 248.0, "q16": 70.0, "q17": 43.0, "q18": 55.0, "q19": 42.0, "q20": 128.0, "q21": 161.0, "q22": 111.0, "q23": 165.0, "q24": 155.0, "q25": 127.0, "q26": 104.0, "q27": 241.0, "q28": 231.0, "q29": 3.0, "q30": 125.0, "q31": 158.0, "q32": 145.0, "q33": 254.0, "q34": 221.0, "q35": 28.0, "q36": 240.0, "q37": 44.0, "q38": 17.0, "q39": 102.0, "q40": 148.0, "q41": 194.0, "q42": 115.0, "q43": 104.0, "q44": 102.0, "q45": 83.0, "q46": 203.0, "q47": 179.0, "q48": 51.0, "q49": 105.0, "q50": 204.0, "q51": 29.0, "q52": 47.0, "q53": 217.0, "q54": 221.0, "q55": 246.0, "q56": 174.0, "q57": 28.0, "q58": 100.0, "q59": 85.0, "q60": 234.0, "q61": 235.0, "q62": 222.0, "q63": 233.0}, "datetime": {"datetime": "2019-11-11 18:46:12", "elapsed": 0.136279, "delta": 0.001731}}
{"target": -0.23475989597093833, "params": {"q00": 31.0, "q01": 176.0, "q02": 237.0, "q03": 141.0, "q04": 70.0, "q05": 51.0, "q06": 229.0, "q07": 1.0, "q08": 33.0, "q09": 161.0, "q10": 4.0, "q11": 9.0, "q12": 45.0, "q13": 14.0, "q14": 89.0, "q15": 86.0, "q16": 100.0, "q17": 51.0, "q18": 34.0, "q19": 220.0, "q20": 82.0, "q21": 233.0, "q22": 98.0, "q23": 224.0, "q24": 31.0, "q25": 219.0, "q26": 152.0, "q27": 156.0, "q28": 146.0, "q29": 118.0, "q30": 133.0, "q31": 190.0, "q32": 11.0, "q33": 205.0, "q34": 18.0, "q35": 73.0, "q36": 154.0, "q37": 115.0, "q38": 127.0, "q39": 97.0, "q40": 67.0, "q41": 221.0, "q42": 122.0, "q43": 46.0, "q44": 65.0, "q45": 12.0, "q46": 37.0, "q47": 240.0, "q48": 33.0, "q49": 230.0, "q50": 99.0, "q51": 185.0, "q52": 136.0, "q53": 73.0, "q54": 196.0, "q55": 125.0, "q56": 148.0, "q57": 161.0, "q58": 145.0, "q59": 135.0, "q60": 1.0, "q61": 64.0, "q62": 35.0, "q63": 132.0}, "datetime": {"datetime": "2019-11-11 18:46:12", "elapsed": 0.137914, "delta": 0.001635}}
{"target": -0.10631257327376659, "params": {"q00": 22.0, "q01": 16.0, "q02": 110.0, "q03": 95.0, "q04": 134.0, "q05": 68.0, "q06": 28.0, "q07": 51.0, "q08": 47.0, "q09": 5.0, "q10": 56.0, "q11": 142.0, "q12": 132.0, "q13": 92.0, "q14": 46.0, "q15": 171.0, "q16": 195.0, "q17": 59.0, "q18": 244.0, "q19": 232.0, "q20": 28.0, "q21": 172.0, "q22": 74.0, "q23": 185.0, "q24": 44.0, "q25": 66.0, "q26": 146.0, "q27": 24.0, "q28": 18.0, "q29": 74.0, "q30": 6.0, "q31": 154.0, "q32": 111.0, "q33": 29.0, "q34": 151.0, "q35": 200.0, "q36": 95.0, "q37": 227.0, "q38": 33.0, "q39": 70.0, "q40": 134.0, "q41": 51.0, "q42": 160.0, "q43": 9.0, "q44": 234.0, "q45": 174.0, "q46": 207.0, "q47": 167.0, "q48": 45.0, "q49": 45.0, "q50": 84.0, "q51": 205.0, "q52": 38.0, "q53": 69.0, "q54": 243.0, "q55": 202.0, "q56": 129.0, "q57": 156.0, "q58": 164.0, "q59": 54.0, "q60": 218.0, "q61": 191.0, "q62": 249.0, "q63": 48.0}, "datetime": {"datetime": "2019-11-11 18:46:12", "elapsed": 0.139581, "delta": 0.001667}}
{"target": -0.1819657118003017, "params": {"q00": 84.0, "q01": 52.0, "q02": 21.0, "q03": 112.0, "q04": 15.0, "q05": 8.0, "q06": 31.0, "q07": 49.0, "q08": 72.0, "q09": 33.0, "q10": 72.0, "q11": 70.0, "q12": 247.0, "q13": 38.0, "q14": 49.0, "q15": 124.0, "q16": 70.0, "q17": 211.0, "q18": 206.0, "q19": 192.0, "q20": 62.0, "q21": 52.0, "q22": 82.0, "q23": 209.0, "q24": 13.0, "q25": 237.0, "q26": 230.0, "q27": 67.0, "q28": 21.0, "q29": 5.0, "q30": 77.0, "q31": 75.0, "q32": 60.0, "q33": 58.0, "q34": 156.0, "q35": 70.0, "q36": 144.0, "q37": 247.0, "q38": 8.0, "q39": 46.0, "q40": 230.0, "q41": 8.0, "q42": 203.0, "q43": 67.0, "q44": 57.0, "q45": 132.0, "q46": 235.0, "q47": 198.0, "q48": 26.0, "q49": 96.0, "q50": 114.0, "q51": 244.0, "q52": 143.0, "q53": 180.0, "q54": 203.0, "q55": 177.0, "q56": 196.0, "q57": 114.0, "q58": 245.0, "q59": 210.0, "q60": 48.0, "q61": 73.0, "q62": 214.0, "q63": 249.0}, "datetime": {"datetime": "2019-11-11 18:46:12", "elapsed": 0.141275, "delta": 0.001694}}
{"target": -0.23002862302447286, "params": {"q00": 74.0, "q01": 177.0, "q02": 19.0, "q03": 3.0, "q04": 44.0, "q05": 103.0, "q06": 139.0, "q07": 1.0, "q08": 42.0, "q09": 48.0, "q10": 79.0, "q11": 23.0, "q12": 10.0, "q13": 225.0, "q14": 110.0, "q15": 168.0, "q16": 244.0, "q17": 21.0, "q18": 112.0, "q19": 141.0, "q20": 1.0, "q21": 39.0, "q22": 199.0, "q23": 201.0, "q24": 61.0, "q25": 224.0, "q26": 225.0, "q27": 137.0, "q28": 108.0, "q29": 143.0, "q30": 222.0, "q31": 193.0, "q32": 227.0, "q33": 180.0, "q34": 212.0, "q35": 100.0, "q36": 244.0, "q37": 237.0, "q38": 243.0, "q39": 62.0, "q40": 144.0, "q41": 25.0, "q42": 47.0, "q43": 31.0, "q44": 252.0, "q45": 242.0, "q46": 220.0, "q47": 133.0, "q48": 28.0, "q49": 69.0, "q50": 253.0, "q51": 26.0, "q52": 17.0, "q53": 156.0, "q54": 63.0, "q55": 89.0, "q56": 234.0, "q57": 199.0, "q58": 101.0, "q59": 94.0, "q60": 182.0, "q61": 105.0, "q62": 161.0, "q63": 233.0}, "datetime": {"datetime": "2019-11-11 18:46:12", "elapsed": 0.142871, "delta": 0.001596}}
{"target": -0.19935567882041838, "params": {"q00": 3.0, "q01": 232.0, "q02": 57.0, "q03": 36.0, "q04": 19.0, "q05": 91.0, "q06": 17.0, "q07": 211.0, "q08": 9.0, "q09": 238.0, "q10": 21.0, "q11": 180.0, "q12": 27.0, "q13": 121.0, "q14": 30.0, "q15": 235.0, "q16": 11.0, "q17": 8.0, "q18": 35.0, "q19": 191.0, "q20": 6.0, "q21": 224.0, "q22": 73.0, "q23": 214.0, "q24": 198.0, "q25": 29.0, "q26": 130.0, "q27": 136.0, "q28": 118.0, "q29": 214.0, "q30": 150.0, "q31": 78.0, "q32": 191.0, "q33": 238.0, "q34": 249.0, "q35": 204.0, "q36": 163.0, "q37": 136.0, "q38": 231.0, "q39": 100.0, "q40": 25.0, "q41": 106.0, "q42": 211.0, "q43": 169.0, "q44": 126.0, "q45": 75.0, "q46": 239.0, "q47": 176.0, "q48": 72.0, "q49": 11.0, "q50": 6.0, "q51": 251.0, "q52": 80.0, "q53": 195.0, "q54": 77.0, "q55": 32.0, "q56": 94.0, "q57": 193.0, "q58": 134.0, "q59": 229.0, "q60": 203.0, "q61": 147.0, "q62": 207.0, "q63": 128.0}, "datetime": {"datetime": "2019-11-11 18:46:12", "elapsed": 0.144582, "delta": 0.001711}}
{"target": -0.16741824355002127, "params": {"q00": 37.0, "q01": 9.0, "q02": 23.0, "q03": 132.0, "q04": 54.0, "q05": 5.0, "q06": 5.0, "q07": 8.0, "q08": 246.0, "q09": 59.0, "q10": 61.0, "q11": 120.0, "q12": 79.0, "q13": 69.0, "q14": 118.0, "q15": 156.0, "q16": 42.0, "q17": 124.0, "q18": 25.0, "q19": 150.0, "q20": 85.0, "q21": 21.0, "q22": 237.0, "q23": 253.0, "q24": 80.0, "q25": 136.0, "q26": 64.0, "q27": 6.0, "q28": 224.0, "q29": 8.0, "q30": 155.0, "q31": 244.0, "q32": 110.0, "q33": 230.0, "q34": 176.0, "q35": 4.0, "q36": 21.0, "q37": 128.0, "q38": 201.0, "q39": 92.0, "q40": 62.0, "q41": 207.0, "q42": 57.0, "q43": 243.0, "q44": 30.0, "q45": 241.0, "q46": 227.0, "q47": 207.0, "q48": 214.0, "q49": 108.0, "q50": 137.0, "q51": 35.0, "q52": 201.0, "q53": 65.0, "q54": 152.0, "q55": 244.0, "q56": 177.0, "q57": 76.0, "q58": 244.0, "q59": 37.0, "q60": 213.0, "q61": 229.0, "q62": 141.0, "q63": 214.0}, "datetime": {"datetime": "2019-11-11 18:46:12", "elapsed": 0.146295, "delta": 0.001713}}
{"target": -0.12242311178435511, "params": {"q00": 43.0, "q01": 53.0, "q02": 23.0, "q03": 233.0, "q04": 33.0, "q05": 5.0, "q06": 65.0, "q07": 72.0, "q08": 7.0, "q09": 2.0, "q10": 92.0, "q11": 1.0, "q12": 140.0, "q13": 19.0, "q14": 202.0, "q15": 19.0, "q16": 58.0, "q17": 70.0, "q18": 65.0, "q19": 52.0, "q20": 202.0, "q21": 216.0, "q22": 86.0, "q23": 184.0, "q24": 131.0, "q25": 126.0, "q26": 227.0, "q27": 34.0, "q28": 51.0, "q29": 148.0, "q30": 166.0, "q31": 24.0, "q32": 70.0, "q33": 135.0, "q34": 227.0, "q35": 235.0, "q36": 160.0, "q37": 77.0, "q38": 240.0, "q39": 85.0, "q40": 170.0, "q41": 95.0, "q42": 22.0, "q43": 78.0, "q44": 42.0, "q45": 168.0, "q46": 194.0, "q47": 210.0, "q48": 37.0, "q49": 8.0, "q50": 134.0, "q51": 38.0, "q52": 94.0, "q53": 126.0, "q54": 116.0, "q55": 141.0, "q56": 73.0, "q57": 237.0, "q58": 126.0, "q59": 112.0, "q60": 181.0, "q61": 118.0, "q62": 229.0, "q63": 250.0}, "datetime": {"datetime": "2019-11-11 18:46:12", "elapsed": 0.147879, "delta": 0.001584}}
{"target": -0.21097469676255415, "params": {"q00": 161.0, "q01": 60.0, "q02": 9.0, "q03": 223.0, "q04": 223.0, "q05": 29.0, "q06": 234.0, "q07": 107.0, "q08": 28.0, "q09": 59.0, "q10": 147.0, "q11": 138.0, "q12": 66.0, "q13": 211.0, "q14": 165.0, "q15": 154.0, "q16": 222.0, "q17": 38.0, "q18": 52.0, "q19": 110.0, "q20": 126.0, "q21": 121.0, "q22": 191.0, "q23": 96.0, "q24": 68.0, "q25": 42.0, "q26": 116.0, "q27": 15.0, "q28": 126.0, "q29": 200.0, "q30": 241.0, "q31": 223.0, "q32": 9.0, "q33": 55.0, "q34": 173.0, "q35": 67.0, "q36": 167.0, "q37": 10.0, "q38": 158.0, "q39": 6.0, "q40": 186.0, "q41": 186.0, "q42": 225.0, "q43": 194.0, "q44": 204.0, "q45": 49.0, "q46": 249.0, "q47": 150.0, "q48": 88.0, "q49": 69.0, "q50": 67.0, "q51": 159.0, "q52": 27.0, "q53": 144.0, "q54": 185.0, "q55": 91.0, "q56": 187.0, "q57": 188.0, "q58": 213.0, "q59": 71.0, "q60": 221.0, "q61": 199.0, "q62": 235.0, "q63": 246.0}, "datetime": {"datetime": "2019-11-11 18:46:12", "elapsed": 0.149613, "delta": 0.001734}}
{"target": -0.2963539241627563, "params": {"q00": 111.0, "q01": 245.0, "q02": 82.0, "q03": 123.0, "q04": 6.0, "q05": 28.0, "q06": 18.0, "q07": 208.0, "q08": 88.0, "q09": 167.0, "q10": 201.0, "q11": 82.0, "q12": 5.0, "q13": 45.0, "q14": 13.0, "q15": 252.0, "q16": 125.0, "q17": 29.0, "q18": 57.0, "q19": 174.0, "q20": 170.0, "q21": 34.0, "q22": 69.0, "q23": 87.0, "q24": 83.0, "q25": 60.0, "q26": 104.0, "q27": 13.0, "q28": 60.0, "q29": 246.0, "q30": 135.0, "q31": 192.0, "q32": 84.0, "q33": 156.0, "q34": 47.0, "q35": 22.0, "q36": 79.0, "q37": 212.0, "q38": 224.0, "q39": 85.0, "q40": 156.0, "q41": 129.0, "q42": 118.0, "q43": 72.0, "q44": 194.0, "q45": 146.0, "q46": 229.0, "q47": 254.0, "q48": 73.0, "q49": 223.0, "q50": 151.0, "q51": 22.0, "q52": 7.0, "q53": 165.0, "q54": 223.0, "q55": 242.0, "q56": 5.0, "q57": 13.0, "q58": 121.0, "q59": 131.0, "q60": 163.0, "q61": 215.0, "q62": 112.0, "q63": 133.0}, "datetime": {"datetime": "2019-11-11 18:46:12", "elapsed": 0.151368, "delta": 0.001755}}
{"target": -0.0894147776735757, "params": {"q00": 9.0, "q01": 33.0, "q02": 136.0, "q03": 92.0, "q04": 42.0, "q05": 28.0, "q06": 69.0, "q07": 49.0, "q08": 3.0, "q09": 8.0, "q10": 136.0, "q11": 33.0, "q12": 45.0, "q13": 124.0, "q14": 142.0, "q15": 93.0, "q16": 127.0, "q17": 46.0, "q18": 19.0, "q19": 176.0, "q20": 30.0, "q21": 16.0, "q22": 89.0, "q23": 210.0, "q24": 21.0, "q25": 104.0, "q26": 110.0, "q27": 207.0, "q28": 148.0, "q29": 234.0, "q30": 152.0, "q31": 65.0, "q32": 69.0, "q33": 221.0, "q34": 16.0, "q35": 127.0, "q36": 134.0, "q37": 116.0, "q38": 62.0, "q39": 169.0, "q40": 42.0, "q41": 98.0, "q42": 150.0, "q43": 191.0, "q44": 223.0, "q45": 82.0, "q46": 166.0, "q47": 223.0, "q48": 216.0, "q49": 139.0, "q50": 250.0, "q51": 228.0, "q52": 91.0, "q53": 233.0, "q54": 182.0, "q55": 215.0, "q56": 173.0, "q57": 99.0, "q58": 243.0, "q59": 167.0, "q60": 155.0, "q61": 48.0, "q62": 238.0, "q63": 8.0}, "datetime": {"datetime": "2019-11-11 18:46:12", "elapsed": 0.153046, "delta": 0.001678}}
{"target": -0.13465099478052645, "params": {"q00": 62.0, "q01": 19.0, "q02": 241.0, "q03": 208.0, "q04": 131.0, "q05": 46.0, "q06": 83.0, "q07": 52.0, "q08": 6.0, "q09": 141.0, "q10": 77.0, "q11": 8.0, "q12": 109.0, "q13": 30.0, "q14": 8.0, "q15": 41.0, "q16": 15.0, "q17": 29.0, "q18": 247.0, "q19": 66.0, "q20": 62.0, "q21": 39.0, "q22": 68.0, "q23": 233.0, "q24": 41.0, "q25": 226.0, "q26": 226.0, "q27": 100.0, "q28": 93.0, "q29": 115.0, "q30": 137.0, "q31": 175.0, "q32": 167.0, "q33": 80.0, "q34": 144.0, "q35": 70.0, "q36": 168.0, "q37": 238.0, "q38": 177.0, "q39": 147.0, "q40": 134.0, "q41": 151.0, "q42": 221.0, "q43": 32.0, "q44": 103.0, "q45": 56.0, "q46": 232.0, "q47": 75.0, "q48": 231.0, "q49": 222.0, "q50": 105.0, "q51": 57.0, "q52": 183.0, "q53": 130.0, "q54": 121.0, "q55": 162.0, "q56": 218.0, "q57": 247.0, "q58": 191.0, "q59": 149.0, "q60": 190.0, "q61": 160.0, "q62": 237.0, "q63": 195.0}, "datetime": {"datetime": "2019-11-11 18:46:12", "elapsed": 0.154759, "delta": 0.001713}}
{"target": -0.20187201554443762, "params": {"q00": 3.0, "q01": 62.0, "q02": 140.0, "q03": 149.0, "q04": 74.0, "q05": 130.0, "q06": 66.0, "q07": 96.0, "q08": 76.0, "q09": 250.0, "q10": 32.0, "q11": 103.0, "q12": 13.0, "q13": 16.0, "q14": 130.0, "q15": 37.0, "q16": 34.0, "q17": 120.0, "q18": 18.0, "q19": 79.0, "q20": 134.0, "q21": 144.0, "q22": 64.0, "q23": 124.0, "q24": 127.0, "q25": 60.0, "q26": 194.0, "q27": 43.0, "q28": 153.0, "q29": 99.0, "q30": 71.0, "q31": 223.0, "q32": 71.0, "q33": 220.0, "q34": 229.0, "q35": 55.0, "q36": 238.0, "q37": 145.0, "q38": 237.0, "q39": 21.0, "q40": 193.0, "q41": 212.0, "q42": 203.0, "q43": 32.0, "q44": 167.0, "q45": 237.0, "q46": 248.0, "q47": 72.0, "q48": 165.0, "q49": 220.0, "q50": 92.0, "q51": 227.0, "q52": 147.0, "q53": 74.0, "q54": 153.0, "q55": 202.0, "q56": 145.0, "q57": 44.0, "q58": 234.0, "q59": 67.0, "q60": 205.0, "q61": 1.0, "q62": 139.0, "q63": 192.0}, "datetime": {"datetime": "2019-11-11 18:46:12", "elapsed": 0.156511, "delta": 0.001752}}
{"target": -0.1762359955584703, "params": {"q00": 110.0, "q01": 2.0, "q02": 207.0, "q03": 9.0, "q04": 5.0, "q05": 111.0, "q06": 28.0, "q07": 158.0, "q08": 6.0, "q09": 23.0, "q10": 96.0, "q11": 10.0, "q12": 45.0, "q13": 124.0, "q14": 221.0, "q15": 253.0, "q16": 3.0, "q17": 77.0, "q18": 95.0, "q19": 91.0, "q20": 141.0, "q21": 75.0, "q22": 113.0, "q23": 214.0, "q24": 249.0, "q25": 98.0, "q26": 32.0, "q27": 122.0, "q28": 79.0, "q29": 31.0, "q30": 133.0, "q31": 69.0, "q32": 26.0, "q33": 101.0, "q34": 59.0, "q35": 59.0, "q36": 58.0, "q37": 244.0, "q38": 7.0, "q39": 50.0, "q40": 8.0, "q41": 71.0, "q42": 140.0, "q43": 241.0, "q44": 41.0, "q45": 83.0, "q46": 148.0, "q47": 224.0, "q48": 136.0, "q49": 252.0, "q50": 62.0, "q51": 192.0, "q52": 18.0, "q53": 16.0, "q54": 224.0, "q55": 51.0, "q56": 2.0, "q57": 240.0, "q58": 193.0, "q59": 176.0, "q60": 190.0, "q61": 202.0, "q62": 219.0, "q63": 52.0}, "datetime": {"datetime": "2019-11-11 18:46:12", "elapsed": 0.158513, "delta": 0.002002}}
{"target": -0.15733787995907766, "params": {"q00": 18.0, "q01": 23.0, "q02": 76.0, "q03": 51.0, "q04": 22.0, "q05": 47.0, "q06": 131.0, "q07": 14.0, "q08": 73.0, "q09": 124.0, "q10": 160.0, "q11": 3.0, "q12": 106.0, "q13": 48.0, "q14": 201.0, "q15": 177.0, "q16": 20.0, "q17": 174.0, "q18": 250.0, "q19": 109.0, "q20": 113.0, "q21": 47.0, "q22": 17.0, "q23": 241.0, "q24": 56.0, "q25": 54.0, "q26": 229.0, "q27": 11.0, "q28": 132.0, "q29": 57.0, "q30": 111.0, "q31": 250.0, "q32": 64.0, "q33": 105.0, "q34": 177.0, "q35": 87.0, "q36": 145.0, "q37": 189.0, "q38": 177.0, "q39": 33.0, "q40": 85.0, "q41": 30.0, "q42": 103.0, "q43": 20.0, "q44": 151.0, "q45": 13.0, "q46": 162.0, "q47": 147.0, "q48": 8.0, "q49": 60.0, "q50": 100.0, "q51": 63.0, "q52": 88.0, "q53": 243.0, "q54": 226.0, "q55": 180.0, "q56": 147.0, "q57": 32.0, "q58": 160.0, "q59": 61.0, "q60": 138.0, "q61": 41.0, "q62": 252.0, "q63": 159.0}, "datetime": {"datetime": "2019-11-11 18:46:12", "elapsed": 0.160382, "delta": 0.001869}}
{"target": -0.10014582559351265, "params": {"q00": 17.0, "q01": 9.0, "q02": 113.0, "q03": 252.0, "q04": 10.0, "q05": 93.0, "q06": 193.0, "q07": 181.0, "q08": 23.0, "q09": 6.0, "q10": 92.0, "q11": 2.0, "q12": 144.0, "q13": 231.0, "q14": 24.0, "q15": 17.0, "q16": 73.0, "q17": 165.0, "q18": 15.0, "q19": 240.0, "q20": 8.0, "q21": 61.0, "q22": 150.0, "q23": 228.0, "q24": 27.0, "q25": 40.0, "q26": 90.0, "q27": 59.0, "q28": 169.0, "q29": 186.0, "q30": 16.0, "q31": 210.0, "q32": 107.0, "q33": 116.0, "q34": 160.0, "q35": 42.0, "q36": 77.0, "q37": 196.0, "q38": 106.0, "q39": 211.0, "q40": 218.0, "q41": 74.0, "q42": 231.0, "q43": 109.0, "q44": 38.0, "q45": 251.0, "q46": 110.0, "q47": 97.0, "q48": 172.0, "q49": 67.0, "q50": 142.0, "q51": 203.0, "q52": 33.0, "q53": 191.0, "q54": 115.0, "q55": 42.0, "q56": 20.0, "q57": 194.0, "q58": 194.0, "q59": 120.0, "q60": 15.0, "q61": 251.0, "q62": 228.0, "q63": 214.0}, "datetime": {"datetime": "2019-11-11 18:46:12", "elapsed": 0.162279, "delta": 0.001897}}
{"target": -0.11972330543506315, "params": {"q00": 77.0, "q01": 9.0, "q02": 39.0, "q03": 214.0, "q04": 18.0, "q05": 81.0, "q06": 4.0, "q07": 237.0, "q08": 19.0, "q09": 23.0, "q10": 2.0, "q11": 12.0, "q12": 112.0, "q13": 141.0, "q14": 97.0, "q15": 114.0, "q16": 94.0, "q17": 11.0, "q18": 33.0, "q19": 189.0, "q20": 2.0, "q21": 88.0, "q22": 186.0, "q23": 233.0, "q24": 218.0, "q25": 42.0, "q26": 26.0, "q27": 70.0, "q28": 93.0, "q29": 7.0, "q30": 155.0, "q31": 11.0, "q32": 215.0, "q33": 110.0, "q34": 221.0, "q35": 47.0, "q36": 155.0, "q37": 246.0, "q38": 157.0, "q39": 44.0, "q40": 253.0, "q41": 98.0, "q42": 84.0, "q43": 83.0, "q44": 224.0, "q45": 23.0, "q46": 249.0, "q47": 167.0, "q48": 154.0, "q49": 191.0, "q50": 197.0, "q51": 105.0, "q52": 140.0, "q53": 254.0, "q54": 249.0, "q55": 72.0, "q56": 98.0, "q57": 27.0, "q58": 243.0, "q59": 104.0, "q60": 148.0, "q61": 23.0, "q62": 134.0, "q63": 252.0}, "datetime": {"datetime": "2019-11-11 18:46:12", "elapsed": 0.164184, "delta": 0.001905}}
{"target": -0.22467967121563043, "params": {"q00": 77.0, "q01": 35.0, "q02": 97.0, "q03": 65.0, "q04": 98.0, "q05": 31.0, "q06": 88.0, "q07": 100.0, "q08": 127.0, "q09": 176.0, "q10": 7.0, "q11": 55.0, "q12": 165.0, "q13": 10.0, "q14": 3.0, "q15": 244.0, "q16": 32.0, "q17": 212.0, "q18": 206.0, "q19": 169.0, "q20": 22.0, "q21": 151.0, "q22": 15.0, "q23": 228.0, "q24": 73.0, "q25": 19.0, "q26": 37.0, "q27": 114.0, "q28": 46.0, "q29": 241.0, "q30": 236.0, "q31": 185.0, "q32": 50.0, "q33": 240.0, "q34": 151.0, "q35": 139.0, "q36": 49.0, "q37": 251.0, "q38": 159.0, "q39": 20.0, "q40": 28.0, "q41": 68.0, "q42": 139.0, "q43": 64.0, "q44": 200.0, "q45": 150.0, "q46": 74.0, "q47": 199.0, "q48": 198.0, "q49": 173.0, "q50": 228.0, "q51": 217.0, "q52": 18.0, "q53": 4.0, "q54": 195.0, "q55": 200.0, "q56": 192.0, "q57": 22.0, "q58": 214.0, "q59": 5.0, "q60": 138.0, "q61": 206.0, "q62": 152.0, "q63": 145.0}, "datetime": {"datetime": "2019-11-11 18:46:12", "elapsed": 0.165995, "delta": 0.001811}}
{"target": -0.16236832775543758, "params": {"q00": 27.0, "q01": 145.0, "q02": 254.0, "q03": 105.0, "q04": 47.0, "q05": 4.0, "q06": 13.0, "q07": 31.0, "q08": 24.0, "q09": 41.0, "q10": 60.0, "q11": 181.0, "q12": 88.0, "q13": 64.0, "q14": 254.0, "q15": 254.0, "q16": 118.0, "q17": 19.0, "q18": 103.0, "q19": 140.0, "q20": 40.0, "q21": 122.0, "q22": 153.0, "q23": 198.0, "q24": 36.0, "q25": 37.0, "q26": 65.0, "q27": 114.0, "q28": 99.0, "q29": 2.0, "q30": 160.0, "q31": 178.0, "q32": 198.0, "q33": 27.0, "q34": 218.0, "q35": 52.0, "q36": 6.0, "q37": 25.0, "q38": 5.0, "q39": 146.0, "q40": 68.0, "q41": 41.0, "q42": 67.0, "q43": 152.0, "q44": 20.0, "q45": 205.0, "q46": 208.0, "q47": 176.0, "q48": 25.0, "q49": 143.0, "q50": 190.0, "q51": 60.0, "q52": 109.0, "q53": 84.0, "q54": 17.0, "q55": 72.0, "q56": 102.0, "q57": 204.0, "q58": 204.0, "q59": 139.0, "q60": 33.0, "q61": 85.0, "q62": 105.0, "q63": 190.0}, "datetime": {"datetime": "2019-11-11 18:46:12", "elapsed": 0.167813, "delta": 0.001818}}
{"target": -0.14868796011324142, "params": {"q00": 79.0, "q01": 46.0, "q02": 74.0, "q03": 113.0, "q04": 13.0, "q05": 42.0, "q06": 32.0, "q07": 252.0, "q08": 42.0, "q09": 46.0, "q10": 74.0, "q11": 21.0, "q12": 1.0, "q13": 1.0, "q14": 209.0, "q15": 52.0, "q16": 94.0, "q17": 30.0, "q18": 7.0, "q19": 2.0, "q20": 187.0, "q21": 84.0, "q22": 91.0, "q23": 244.0, "q24": 233.0, "q25": 168.0, "q26": 65.0, "q27": 119.0, "q28": 7.0, "q29": 79.0, "q30": 108.0, "q31": 71.0, "q32": 59.0, "q33": 140.0, "q34": 97.0, "q35": 25.0, "q36": 54.0, "q37": 91.0, "q38": 143.0, "q39": 237.0, "q40": 185.0, "q41": 34.0, "q42": 117.0, "q43": 205.0, "q44": 38.0, "q45": 194.0, "q46": 150.0, "q47": 183.0, "q48": 164.0, "q49": 138.0, "q50": 27.0, "q51": 97.0, "q52": 43.0, "q53": 254.0, "q54": 65.0, "q55": 179.0, "q56": 148.0, "q57": 22.0, "q58": 208.0, "q59": 131.0, "q60": 143.0, "q61": 191.0, "q62": 199.0, "q63": 122.0}, "datetime": {"datetime": "2019-11-11 18:46:12", "elapsed": 0.169681, "delta": 0.001868}}
{"target": -0.1322558245148247, "params": {"q00": 51.0, "q01": 26.0, "q02": 42.0, "q03": 14.0, "q04": 12.0, "q05": 22.0, "q06": 66.0, "q07": 2.0, "q08": 86.0, "q09": 90.0, "q10": 66.0, "q11": 144.0, "q12": 89.0, "q13": 254.0, "q14": 182.0, "q15": 130.0, "q16": 10.0, "q17": 60.0, "q18": 14.0, "q19": 254.0, "q20": 19.0, "q21": 153.0, "q22": 101.0, "q23": 201.0, "q24": 65.0, "q25": 65.0, "q26": 105.0, "q27": 195.0, "q28": 138.0, "q29": 111.0, "q30": 178.0, "q31": 26.0, "q32": 91.0, "q33": 147.0, "q34": 38.0, "q35": 2.0, "q36": 157.0, "q37": 161.0, "q38": 163.0, "q39": 239.0, "q40": 36.0, "q41": 159.0, "q42": 44.0, "q43": 11.0, "q44": 12.0, "q45": 115.0, "q46": 186.0, "q47": 151.0, "q48": 232.0, "q49": 192.0, "q50": 126.0, "q51": 101.0, "q52": 47.0, "q53": 196.0, "q54": 3.0, "q55": 118.0, "q56": 196.0, "q57": 159.0, "q58": 198.0, "q59": 242.0, "q60": 235.0, "q61": 14.0, "q62": 144.0, "q63": 207.0}, "datetime": {"datetime": "2019-11-11 18:46:12", "elapsed": 0.171546, "delta": 0.001865}}
{"target": -0.0861000194373241, "params": {"q00": 15.0, "q01": 45.0, "q02": 6.0, "q03": 253.0, "q04": 56.0, "q05": 177.0, "q06": 205.0, "q07": 131.0, "q08": 20.0, "q09": 38.0, "q10": 178.0, "q11": 106.0, "q12": 21.0, "q13": 113.0, "q14": 129.0, "q15": 212.0, "q16": 3.0, "q17": 54.0, "q18": 201.0, "q19": 28.0, "q20": 176.0, "q21": 109.0, "q22": 245.0, "q23": 241.0, "q24": 47.0, "q25": 60.0, "q26": 117.0, "q27": 70.0, "q28": 200.0, "q29": 80.0, "q30": 169.0, "q31": 89.0, "q32": 181.0, "q33": 101.0, "q34": 46.0, "q35": 23.0, "q36": 23.0, "q37": 51.0, "q38": 244.0, "q39": 51.0, "q40": 42.0, "q41": 101.0, "q42": 122.0, "q43": 18.0, "q44": 193.0, "q45": 144.0, "q46": 208.0, "q47": 70.0, "q48": 151.0, "q49": 168.0, "q50": 77.0, "q51": 103.0, "q52": 7.0, "q53": 150.0, "q54": 130.0, "q55": 213.0, "q56": 97.0, "q57": 174.0, "q58": 135.0, "q59": 249.0, "q60": 38.0, "q61": 161.0, "q62": 174.0, "q63": 16.0}, "datetime": {"datetime": "2019-11-11 18:46:12", "elapsed": 0.173423, "delta": 0.001877}}
