{"target": -0.007463509336902208, "params": {"q00": 14.0, "q01": 16.0, "q02": 16.0, "q03": 22.0, "q04": 28.0, "q05": 30.0, "q06": 27.0, "q07": 27.0, "q08": 15.0, "q09": 19.0, "q10": 22.0, "q11": 23.0, "q12": 30.0, "q13": 33.0, "q14": 26.0, "q15": 46.0, "q16": 22.0, "q17": 24.0, "q18": 22.0, "q19": 31.0, "q20": 32.0, "q21": 44.0, "q22": 49.0, "q23": 43.0, "q24": 17.0, "q25": 24.0, "q26": 25.0, "q27": 29.0, "q28": 38.0, "q29": 36.0, "q30": 40.0, "q31": 41.0, "q32": 22.0, "q33": 27.0, "q34": 26.0, "q35": 29.0, "q36": 45.0, "q37": 42.0, "q38": 60.0, "q39": 68.0, "q40": 26.0, "q41": 30.0, "q42": 41.0, "q43": 47.0, "q44": 53.0, "q45": 57.0, "q46": 48.0, "q47": 81.0, "q48": 34.0, "q49": 41.0, "q50": 36.0, "q51": 45.0, "q52": 48.0, "q53": 46.0, "q54": 66.0, "q55": 56.0, "q56": 38.0, "q57": 32.0, "q58": 49.0, "q59": 44.0, "q60": 61.0, "q61": 64.0, "q62": 54.0, "q63": 113.0}, "datetime": {"datetime": "2019-11-27 03:39:09", "elapsed": 7659.18655, "delta": 171.076065}}
{"target": -0.00533318988249587, "params": {"q00": 17.0, "q01": 17.0, "q02": 19.0, "q03": 23.0, "q04": 22.0, "q05": 28.0, "q06": 39.0, "q07": 41.0, "q08": 18.0, "q09": 20.0, "q10": 24.0, "q11": 21.0, "q12": 25.0, "q13": 27.0, "q14": 44.0, "q15": 31.0, "q16": 22.0, "q17": 19.0, "q18": 26.0, "q19": 31.0, "q20": 27.0, "q21": 37.0, "q22": 40.0, "q23": 42.0, "q24": 21.0, "q25": 27.0, "q26": 25.0, "q27": 28.0, "q28": 28.0, "q29": 47.0, "q30": 39.0, "q31": 40.0, "q32": 20.0, "q33": 25.0, "q34": 36.0, "q35": 39.0, "q36": 41.0, "q37": 44.0, "q38": 58.0, "q39": 65.0, "q40": 32.0, "q41": 25.0, "q42": 28.0, "q43": 32.0, "q44": 43.0, "q45": 44.0, "q46": 60.0, "q47": 74.0, "q48": 33.0, "q49": 33.0, "q50": 45.0, "q51": 36.0, "q52": 52.0, "q53": 46.0, "q54": 78.0, "q55": 79.0, "q56": 35.0, "q57": 39.0, "q58": 54.0, "q59": 51.0, "q60": 60.0, "q61": 71.0, "q62": 78.0, "q63": 84.0}, "datetime": {"datetime": "2019-11-27 03:42:04", "elapsed": 7834.107891, "delta": 174.921341}}
{"target": -0.012843060429094666, "params": {"q00": 17.0, "q01": 19.0, "q02": 19.0, "q03": 23.0, "q04": 26.0, "q05": 30.0, "q06": 40.0, "q07": 35.0, "q08": 19.0, "q09": 16.0, "q10": 20.0, "q11": 27.0, "q12": 25.0, "q13": 31.0, "q14": 30.0, "q15": 44.0, "q16": 21.0, "q17": 26.0, "q18": 25.0, "q19": 27.0, "q20": 28.0, "q21": 37.0, "q22": 47.0, "q23": 40.0, "q24": 19.0, "q25": 21.0, "q26": 30.0, "q27": 31.0, "q28": 35.0, "q29": 46.0, "q30": 49.0, "q31": 43.0, "q32": 25.0, "q33": 32.0, "q34": 35.0, "q35": 34.0, "q36": 43.0, "q37": 51.0, "q38": 42.0, "q39": 51.0, "q40": 31.0, "q41": 28.0, "q42": 39.0, "q43": 37.0, "q44": 42.0, "q45": 54.0, "q46": 55.0, "q47": 76.0, "q48": 24.0, "q49": 26.0, "q50": 48.0, "q51": 39.0, "q52": 45.0, "q53": 48.0, "q54": 64.0, "q55": 84.0, "q56": 30.0, "q57": 32.0, "q58": 35.0, "q59": 46.0, "q60": 51.0, "q61": 48.0, "q62": 48.0, "q63": 74.0}, "datetime": {"datetime": "2019-11-27 03:44:58", "elapsed": 8007.977456, "delta": 173.869565}}
{"target": -0.0075641540151677455, "params": {"q00": 18.0, "q01": 15.0, "q02": 18.0, "q03": 17.0, "q04": 26.0, "q05": 27.0, "q06": 38.0, "q07": 32.0, "q08": 16.0, "q09": 22.0, "q10": 22.0, "q11": 21.0, "q12": 30.0, "q13": 35.0, "q14": 26.0, "q15": 35.0, "q16": 21.0, "q17": 22.0, "q18": 27.0, "q19": 30.0, "q20": 26.0, "q21": 43.0, "q22": 37.0, "q23": 33.0, "q24": 26.0, "q25": 26.0, "q26": 26.0, "q27": 34.0, "q28": 41.0, "q29": 42.0, "q30": 39.0, "q31": 50.0, "q32": 23.0, "q33": 26.0, "q34": 29.0, "q35": 37.0, "q36": 48.0, "q37": 46.0, "q38": 39.0, "q39": 53.0, "q40": 29.0, "q41": 35.0, "q42": 39.0, "q43": 46.0, "q44": 45.0, "q45": 41.0, "q46": 51.0, "q47": 48.0, "q48": 24.0, "q49": 36.0, "q50": 33.0, "q51": 54.0, "q52": 61.0, "q53": 52.0, "q54": 72.0, "q55": 68.0, "q56": 29.0, "q57": 38.0, "q58": 55.0, "q59": 36.0, "q60": 69.0, "q61": 49.0, "q62": 91.0, "q63": 104.0}, "datetime": {"datetime": "2019-11-27 03:47:49", "elapsed": 8179.5769, "delta": 171.599444}}
{"target": -0.008320128228962664, "params": {"q00": 17.0, "q01": 14.0, "q02": 21.0, "q03": 22.0, "q04": 20.0, "q05": 30.0, "q06": 31.0, "q07": 41.0, "q08": 17.0, "q09": 20.0, "q10": 26.0, "q11": 25.0, "q12": 30.0, "q13": 33.0, "q14": 42.0, "q15": 34.0, "q16": 17.0, "q17": 18.0, "q18": 22.0, "q19": 31.0, "q20": 26.0, "q21": 41.0, "q22": 48.0, "q23": 45.0, "q24": 25.0, "q25": 22.0, "q26": 26.0, "q27": 30.0, "q28": 43.0, "q29": 40.0, "q30": 50.0, "q31": 41.0, "q32": 25.0, "q33": 25.0, "q34": 36.0, "q35": 30.0, "q36": 43.0, "q37": 53.0, "q38": 48.0, "q39": 67.0, "q40": 27.0, "q41": 30.0, "q42": 36.0, "q43": 34.0, "q44": 47.0, "q45": 59.0, "q46": 60.0, "q47": 79.0, "q48": 39.0, "q49": 31.0, "q50": 33.0, "q51": 46.0, "q52": 37.0, "q53": 58.0, "q54": 64.0, "q55": 74.0, "q56": 35.0, "q57": 37.0, "q58": 50.0, "q59": 47.0, "q60": 47.0, "q61": 45.0, "q62": 81.0, "q63": 111.0}, "datetime": {"datetime": "2019-11-27 03:50:41", "elapsed": 8351.054819, "delta": 171.477919}}
{"target": -0.005104351947545882, "params": {"q00": 14.0, "q01": 16.0, "q02": 23.0, "q03": 24.0, "q04": 24.0, "q05": 33.0, "q06": 34.0, "q07": 33.0, "q08": 16.0, "q09": 18.0, "q10": 22.0, "q11": 23.0, "q12": 27.0, "q13": 29.0, "q14": 29.0, "q15": 42.0, "q16": 17.0, "q17": 19.0, "q18": 22.0, "q19": 23.0, "q20": 34.0, "q21": 33.0, "q22": 44.0, "q23": 45.0, "q24": 25.0, "q25": 26.0, "q26": 26.0, "q27": 31.0, "q28": 30.0, "q29": 38.0, "q30": 37.0, "q31": 49.0, "q32": 27.0, "q33": 25.0, "q34": 34.0, "q35": 36.0, "q36": 37.0, "q37": 46.0, "q38": 45.0, "q39": 56.0, "q40": 25.0, "q41": 34.0, "q42": 41.0, "q43": 32.0, "q44": 52.0, "q45": 46.0, "q46": 52.0, "q47": 75.0, "q48": 39.0, "q49": 28.0, "q50": 38.0, "q51": 39.0, "q52": 39.0, "q53": 50.0, "q54": 46.0, "q55": 58.0, "q56": 35.0, "q57": 29.0, "q58": 40.0, "q59": 54.0, "q60": 55.0, "q61": 65.0, "q62": 73.0, "q63": 104.0}, "datetime": {"datetime": "2019-11-27 03:53:30", "elapsed": 8520.583296, "delta": 169.528477}}
{"target": -0.005773011852971188, "params": {"q00": 15.0, "q01": 19.0, "q02": 20.0, "q03": 18.0, "q04": 28.0, "q05": 23.0, "q06": 35.0, "q07": 28.0, "q08": 18.0, "q09": 20.0, "q10": 22.0, "q11": 26.0, "q12": 28.0, "q13": 25.0, "q14": 45.0, "q15": 39.0, "q16": 17.0, "q17": 18.0, "q18": 21.0, "q19": 31.0, "q20": 34.0, "q21": 31.0, "q22": 39.0, "q23": 43.0, "q24": 18.0, "q25": 21.0, "q26": 29.0, "q27": 30.0, "q28": 40.0, "q29": 39.0, "q30": 43.0, "q31": 61.0, "q32": 22.0, "q33": 28.0, "q34": 27.0, "q35": 39.0, "q36": 41.0, "q37": 40.0, "q38": 59.0, "q39": 52.0, "q40": 26.0, "q41": 37.0, "q42": 44.0, "q43": 42.0, "q44": 52.0, "q45": 47.0, "q46": 70.0, "q47": 45.0, "q48": 32.0, "q49": 37.0, "q50": 38.0, "q51": 38.0, "q52": 47.0, "q53": 51.0, "q54": 59.0, "q55": 82.0, "q56": 31.0, "q57": 45.0, "q58": 37.0, "q59": 53.0, "q60": 44.0, "q61": 49.0, "q62": 85.0, "q63": 75.0}, "datetime": {"datetime": "2019-11-27 03:56:22", "elapsed": 8691.873219, "delta": 171.289923}}
{"target": -0.010350014111626504, "params": {"q00": 18.0, "q01": 18.0, "q02": 22.0, "q03": 18.0, "q04": 22.0, "q05": 33.0, "q06": 27.0, "q07": 37.0, "q08": 15.0, "q09": 18.0, "q10": 25.0, "q11": 22.0, "q12": 28.0, "q13": 31.0, "q14": 44.0, "q15": 31.0, "q16": 23.0, "q17": 17.0, "q18": 21.0, "q19": 23.0, "q20": 28.0, "q21": 37.0, "q22": 35.0, "q23": 51.0, "q24": 25.0, "q25": 23.0, "q26": 26.0, "q27": 30.0, "q28": 42.0, "q29": 40.0, "q30": 46.0, "q31": 47.0, "q32": 26.0, "q33": 24.0, "q34": 35.0, "q35": 42.0, "q36": 41.0, "q37": 40.0, "q38": 59.0, "q39": 51.0, "q40": 30.0, "q41": 27.0, "q42": 39.0, "q43": 45.0, "q44": 36.0, "q45": 42.0, "q46": 50.0, "q47": 50.0, "q48": 25.0, "q49": 32.0, "q50": 34.0, "q51": 48.0, "q52": 43.0, "q53": 46.0, "q54": 54.0, "q55": 83.0, "q56": 42.0, "q57": 39.0, "q58": 50.0, "q59": 49.0, "q60": 56.0, "q61": 78.0, "q62": 90.0, "q63": 100.0}, "datetime": {"datetime": "2019-11-27 03:59:17", "elapsed": 8867.343241, "delta": 175.470022}}
{"target": -0.008728805431313269, "params": {"q00": 15.0, "q01": 19.0, "q02": 19.0, "q03": 20.0, "q04": 22.0, "q05": 25.0, "q06": 26.0, "q07": 26.0, "q08": 15.0, "q09": 18.0, "q10": 19.0, "q11": 26.0, "q12": 24.0, "q13": 25.0, "q14": 26.0, "q15": 48.0, "q16": 18.0, "q17": 25.0, "q18": 25.0, "q19": 23.0, "q20": 30.0, "q21": 37.0, "q22": 33.0, "q23": 37.0, "q24": 22.0, "q25": 21.0, "q26": 31.0, "q27": 33.0, "q28": 39.0, "q29": 33.0, "q30": 35.0, "q31": 56.0, "q32": 20.0, "q33": 31.0, "q34": 29.0, "q35": 42.0, "q36": 39.0, "q37": 37.0, "q38": 52.0, "q39": 42.0, "q40": 24.0, "q41": 25.0, "q42": 30.0, "q43": 44.0, "q44": 34.0, "q45": 41.0, "q46": 45.0, "q47": 67.0, "q48": 37.0, "q49": 27.0, "q50": 37.0, "q51": 44.0, "q52": 58.0, "q53": 59.0, "q54": 60.0, "q55": 54.0, "q56": 29.0, "q57": 42.0, "q58": 45.0, "q59": 57.0, "q60": 62.0, "q61": 71.0, "q62": 60.0, "q63": 63.0}, "datetime": {"datetime": "2019-11-27 04:02:13", "elapsed": 9042.70893, "delta": 175.365689}}
{"target": -0.011612377898202797, "params": {"q00": 14.0, "q01": 15.0, "q02": 18.0, "q03": 20.0, "q04": 26.0, "q05": 32.0, "q06": 32.0, "q07": 33.0, "q08": 16.0, "q09": 18.0, "q10": 21.0, "q11": 25.0, "q12": 26.0, "q13": 32.0, "q14": 44.0, "q15": 48.0, "q16": 16.0, "q17": 19.0, "q18": 23.0, "q19": 25.0, "q20": 32.0, "q21": 29.0, "q22": 42.0, "q23": 53.0, "q24": 22.0, "q25": 27.0, "q26": 28.0, "q27": 35.0, "q28": 32.0, "q29": 45.0, "q30": 44.0, "q31": 45.0, "q32": 21.0, "q33": 28.0, "q34": 35.0, "q35": 32.0, "q36": 37.0, "q37": 47.0, "q38": 48.0, "q39": 67.0, "q40": 29.0, "q41": 31.0, "q42": 45.0, "q43": 33.0, "q44": 53.0, "q45": 39.0, "q46": 61.0, "q47": 60.0, "q48": 29.0, "q49": 38.0, "q50": 37.0, "q51": 54.0, "q52": 59.0, "q53": 58.0, "q54": 75.0, "q55": 53.0, "q56": 40.0, "q57": 39.0, "q58": 46.0, "q59": 47.0, "q60": 58.0, "q61": 54.0, "q62": 72.0, "q63": 82.0}, "datetime": {"datetime": "2019-11-27 04:05:10", "elapsed": 9219.767388, "delta": 177.058458}}
{"target": -0.006168184817900935, "params": {"q00": 16.0, "q01": 14.0, "q02": 18.0, "q03": 22.0, "q04": 20.0, "q05": 28.0, "q06": 31.0, "q07": 30.0, "q08": 17.0, "q09": 17.0, "q10": 19.0, "q11": 21.0, "q12": 26.0, "q13": 30.0, "q14": 35.0, "q15": 42.0, "q16": 19.0, "q17": 22.0, "q18": 24.0, "q19": 26.0, "q20": 28.0, "q21": 44.0, "q22": 36.0, "q23": 42.0, "q24": 26.0, "q25": 26.0, "q26": 27.0, "q27": 35.0, "q28": 39.0, "q29": 37.0, "q30": 45.0, "q31": 50.0, "q32": 26.0, "q33": 27.0, "q34": 28.0, "q35": 30.0, "q36": 43.0, "q37": 42.0, "q38": 45.0, "q39": 66.0, "q40": 23.0, "q41": 35.0, "q42": 36.0, "q43": 32.0, "q44": 40.0, "q45": 48.0, "q46": 48.0, "q47": 45.0, "q48": 37.0, "q49": 39.0, "q50": 40.0, "q51": 35.0, "q52": 40.0, "q53": 47.0, "q54": 76.0, "q55": 48.0, "q56": 31.0, "q57": 44.0, "q58": 43.0, "q59": 39.0, "q60": 42.0, "q61": 56.0, "q62": 53.0, "q63": 73.0}, "datetime": {"datetime": "2019-11-27 04:08:06", "elapsed": 9396.37538, "delta": 176.607992}}
{"target": -0.005686528586162698, "params": {"q00": 16.0, "q01": 19.0, "q02": 17.0, "q03": 26.0, "q04": 25.0, "q05": 32.0, "q06": 34.0, "q07": 31.0, "q08": 14.0, "q09": 17.0, "q10": 18.0, "q11": 24.0, "q12": 30.0, "q13": 28.0, "q14": 41.0, "q15": 40.0, "q16": 21.0, "q17": 25.0, "q18": 25.0, "q19": 28.0, "q20": 34.0, "q21": 41.0, "q22": 35.0, "q23": 37.0, "q24": 19.0, "q25": 21.0, "q26": 29.0, "q27": 31.0, "q28": 27.0, "q29": 36.0, "q30": 36.0, "q31": 57.0, "q32": 22.0, "q33": 32.0, "q34": 27.0, "q35": 28.0, "q36": 33.0, "q37": 41.0, "q38": 42.0, "q39": 46.0, "q40": 28.0, "q41": 35.0, "q42": 41.0, "q43": 35.0, "q44": 48.0, "q45": 56.0, "q46": 66.0, "q47": 63.0, "q48": 28.0, "q49": 40.0, "q50": 49.0, "q51": 45.0, "q52": 60.0, "q53": 64.0, "q54": 52.0, "q55": 67.0, "q56": 31.0, "q57": 32.0, "q58": 40.0, "q59": 46.0, "q60": 67.0, "q61": 64.0, "q62": 91.0, "q63": 73.0}, "datetime": {"datetime": "2019-11-27 04:11:01", "elapsed": 9571.224815, "delta": 174.849435}}
{"target": -0.005126490986820942, "params": {"q00": 17.0, "q01": 18.0, "q02": 21.0, "q03": 17.0, "q04": 23.0, "q05": 31.0, "q06": 36.0, "q07": 36.0, "q08": 18.0, "q09": 18.0, "q10": 24.0, "q11": 25.0, "q12": 23.0, "q13": 32.0, "q14": 26.0, "q15": 31.0, "q16": 18.0, "q17": 22.0, "q18": 26.0, "q19": 31.0, "q20": 27.0, "q21": 28.0, "q22": 45.0, "q23": 52.0, "q24": 20.0, "q25": 21.0, "q26": 27.0, "q27": 31.0, "q28": 32.0, "q29": 32.0, "q30": 49.0, "q31": 66.0, "q32": 22.0, "q33": 32.0, "q34": 32.0, "q35": 34.0, "q36": 39.0, "q37": 38.0, "q38": 45.0, "q39": 41.0, "q40": 30.0, "q41": 35.0, "q42": 44.0, "q43": 44.0, "q44": 45.0, "q45": 44.0, "q46": 48.0, "q47": 45.0, "q48": 32.0, "q49": 30.0, "q50": 48.0, "q51": 36.0, "q52": 44.0, "q53": 66.0, "q54": 69.0, "q55": 63.0, "q56": 35.0, "q57": 45.0, "q58": 50.0, "q59": 40.0, "q60": 62.0, "q61": 43.0, "q62": 78.0, "q63": 86.0}, "datetime": {"datetime": "2019-11-27 04:13:53", "elapsed": 9743.286215, "delta": 172.0614}}
{"target": -0.011825155829106593, "params": {"q00": 16.0, "q01": 18.0, "q02": 17.0, "q03": 24.0, "q04": 24.0, "q05": 24.0, "q06": 29.0, "q07": 37.0, "q08": 16.0, "q09": 21.0, "q10": 21.0, "q11": 25.0, "q12": 28.0, "q13": 35.0, "q14": 38.0, "q15": 32.0, "q16": 17.0, "q17": 21.0, "q18": 23.0, "q19": 24.0, "q20": 26.0, "q21": 37.0, "q22": 36.0, "q23": 49.0, "q24": 26.0, "q25": 25.0, "q26": 31.0, "q27": 30.0, "q28": 40.0, "q29": 47.0, "q30": 35.0, "q31": 36.0, "q32": 28.0, "q33": 29.0, "q34": 29.0, "q35": 32.0, "q36": 44.0, "q37": 34.0, "q38": 56.0, "q39": 52.0, "q40": 28.0, "q41": 31.0, "q42": 29.0, "q43": 33.0, "q44": 43.0, "q45": 57.0, "q46": 63.0, "q47": 72.0, "q48": 39.0, "q49": 26.0, "q50": 42.0, "q51": 49.0, "q52": 51.0, "q53": 64.0, "q54": 61.0, "q55": 48.0, "q56": 38.0, "q57": 36.0, "q58": 52.0, "q59": 58.0, "q60": 43.0, "q61": 67.0, "q62": 49.0, "q63": 90.0}, "datetime": {"datetime": "2019-11-27 04:16:47", "elapsed": 9916.974793, "delta": 173.688578}}
{"target": -0.005988491942527152, "params": {"q00": 18.0, "q01": 19.0, "q02": 21.0, "q03": 26.0, "q04": 25.0, "q05": 33.0, "q06": 32.0, "q07": 44.0, "q08": 18.0, "q09": 16.0, "q10": 25.0, "q11": 24.0, "q12": 23.0, "q13": 35.0, "q14": 43.0, "q15": 39.0, "q16": 16.0, "q17": 25.0, "q18": 26.0, "q19": 29.0, "q20": 31.0, "q21": 40.0, "q22": 44.0, "q23": 48.0, "q24": 18.0, "q25": 22.0, "q26": 29.0, "q27": 29.0, "q28": 39.0, "q29": 47.0, "q30": 35.0, "q31": 48.0, "q32": 27.0, "q33": 26.0, "q34": 33.0, "q35": 37.0, "q36": 41.0, "q37": 49.0, "q38": 46.0, "q39": 70.0, "q40": 26.0, "q41": 27.0, "q42": 30.0, "q43": 34.0, "q44": 36.0, "q45": 44.0, "q46": 50.0, "q47": 71.0, "q48": 35.0, "q49": 40.0, "q50": 33.0, "q51": 37.0, "q52": 59.0, "q53": 53.0, "q54": 73.0, "q55": 48.0, "q56": 32.0, "q57": 40.0, "q58": 45.0, "q59": 65.0, "q60": 44.0, "q61": 58.0, "q62": 92.0, "q63": 114.0}, "datetime": {"datetime": "2019-11-27 04:19:39", "elapsed": 10089.540596, "delta": 172.565803}}
{"target": -0.00536186131567995, "params": {"q00": 16.0, "q01": 17.0, "q02": 21.0, "q03": 26.0, "q04": 23.0, "q05": 25.0, "q06": 34.0, "q07": 37.0, "q08": 19.0, "q09": 19.0, "q10": 24.0, "q11": 23.0, "q12": 28.0, "q13": 27.0, "q14": 27.0, "q15": 44.0, "q16": 19.0, "q17": 20.0, "q18": 25.0, "q19": 29.0, "q20": 32.0, "q21": 27.0, "q22": 32.0, "q23": 33.0, "q24": 19.0, "q25": 26.0, "q26": 30.0, "q27": 27.0, "q28": 33.0, "q29": 46.0, "q30": 45.0, "q31": 39.0, "q32": 20.0, "q33": 23.0, "q34": 28.0, "q35": 34.0, "q36": 42.0, "q37": 50.0, "q38": 48.0, "q39": 53.0, "q40": 24.0, "q41": 28.0, "q42": 31.0, "q43": 41.0, "q44": 52.0, "q45": 40.0, "q46": 52.0, "q47": 52.0, "q48": 32.0, "q49": 36.0, "q50": 38.0, "q51": 35.0, "q52": 56.0, "q53": 54.0, "q54": 54.0, "q55": 88.0, "q56": 36.0, "q57": 32.0, "q58": 47.0, "q59": 41.0, "q60": 42.0, "q61": 73.0, "q62": 86.0, "q63": 106.0}, "datetime": {"datetime": "2019-11-27 04:22:34", "elapsed": 10263.659274, "delta": 174.118678}}
{"target": -0.012086589518717439, "params": {"q00": 17.0, "q01": 15.0, "q02": 19.0, "q03": 17.0, "q04": 23.0, "q05": 31.0, "q06": 24.0, "q07": 38.0, "q08": 18.0, "q09": 16.0, "q10": 24.0, "q11": 25.0, "q12": 29.0, "q13": 26.0, "q14": 44.0, "q15": 32.0, "q16": 22.0, "q17": 25.0, "q18": 23.0, "q19": 30.0, "q20": 26.0, "q21": 27.0, "q22": 42.0, "q23": 52.0, "q24": 23.0, "q25": 23.0, "q26": 23.0, "q27": 32.0, "q28": 38.0, "q29": 48.0, "q30": 52.0, "q31": 45.0, "q32": 27.0, "q33": 23.0, "q34": 31.0, "q35": 41.0, "q36": 43.0, "q37": 47.0, "q38": 45.0, "q39": 43.0, "q40": 29.0, "q41": 26.0, "q42": 45.0, "q43": 46.0, "q44": 36.0, "q45": 44.0, "q46": 51.0, "q47": 68.0, "q48": 30.0, "q49": 41.0, "q50": 41.0, "q51": 47.0, "q52": 56.0, "q53": 61.0, "q54": 68.0, "q55": 49.0, "q56": 36.0, "q57": 40.0, "q58": 40.0, "q59": 52.0, "q60": 52.0, "q61": 51.0, "q62": 66.0, "q63": 84.0}, "datetime": {"datetime": "2019-11-27 04:25:19", "elapsed": 10428.672943, "delta": 165.013669}}
{"target": -0.004925631770762329, "params": {"q00": 15.0, "q01": 16.0, "q02": 22.0, "q03": 22.0, "q04": 23.0, "q05": 26.0, "q06": 27.0, "q07": 29.0, "q08": 14.0, "q09": 21.0, "q10": 23.0, "q11": 26.0, "q12": 23.0, "q13": 30.0, "q14": 33.0, "q15": 46.0, "q16": 18.0, "q17": 23.0, "q18": 26.0, "q19": 27.0, "q20": 32.0, "q21": 27.0, "q22": 40.0, "q23": 39.0, "q24": 22.0, "q25": 26.0, "q26": 31.0, "q27": 33.0, "q28": 43.0, "q29": 38.0, "q30": 36.0, "q31": 39.0, "q32": 21.0, "q33": 26.0, "q34": 34.0, "q35": 33.0, "q36": 40.0, "q37": 49.0, "q38": 54.0, "q39": 61.0, "q40": 29.0, "q41": 33.0, "q42": 30.0, "q43": 40.0, "q44": 39.0, "q45": 52.0, "q46": 69.0, "q47": 77.0, "q48": 31.0, "q49": 45.0, "q50": 34.0, "q51": 40.0, "q52": 37.0, "q53": 66.0, "q54": 72.0, "q55": 91.0, "q56": 39.0, "q57": 36.0, "q58": 53.0, "q59": 59.0, "q60": 72.0, "q61": 62.0, "q62": 87.0, "q63": 100.0}, "datetime": {"datetime": "2019-11-27 04:28:11", "elapsed": 10601.198599, "delta": 172.525656}}
{"target": -0.01224839603557637, "params": {"q00": 14.0, "q01": 17.0, "q02": 18.0, "q03": 25.0, "q04": 27.0, "q05": 31.0, "q06": 36.0, "q07": 39.0, "q08": 19.0, "q09": 21.0, "q10": 18.0, "q11": 24.0, "q12": 28.0, "q13": 38.0, "q14": 45.0, "q15": 29.0, "q16": 22.0, "q17": 19.0, "q18": 23.0, "q19": 29.0, "q20": 29.0, "q21": 28.0, "q22": 33.0, "q23": 37.0, "q24": 17.0, "q25": 27.0, "q26": 31.0, "q27": 27.0, "q28": 37.0, "q29": 45.0, "q30": 53.0, "q31": 58.0, "q32": 28.0, "q33": 28.0, "q34": 28.0, "q35": 39.0, "q36": 34.0, "q37": 36.0, "q38": 42.0, "q39": 67.0, "q40": 31.0, "q41": 38.0, "q42": 45.0, "q43": 45.0, "q44": 52.0, "q45": 54.0, "q46": 47.0, "q47": 69.0, "q48": 37.0, "q49": 27.0, "q50": 39.0, "q51": 54.0, "q52": 50.0, "q53": 56.0, "q54": 76.0, "q55": 47.0, "q56": 27.0, "q57": 46.0, "q58": 34.0, "q59": 37.0, "q60": 44.0, "q61": 62.0, "q62": 91.0, "q63": 61.0}, "datetime": {"datetime": "2019-11-27 04:31:12", "elapsed": 10781.737799, "delta": 180.5392}}
{"target": -0.01101109374368292, "params": {"q00": 14.0, "q01": 19.0, "q02": 20.0, "q03": 19.0, "q04": 28.0, "q05": 29.0, "q06": 28.0, "q07": 37.0, "q08": 18.0, "q09": 17.0, "q10": 20.0, "q11": 27.0, "q12": 27.0, "q13": 27.0, "q14": 35.0, "q15": 31.0, "q16": 19.0, "q17": 17.0, "q18": 22.0, "q19": 31.0, "q20": 34.0, "q21": 36.0, "q22": 31.0, "q23": 43.0, "q24": 22.0, "q25": 26.0, "q26": 31.0, "q27": 31.0, "q28": 38.0, "q29": 48.0, "q30": 49.0, "q31": 62.0, "q32": 25.0, "q33": 29.0, "q34": 33.0, "q35": 34.0, "q36": 45.0, "q37": 43.0, "q38": 47.0, "q39": 61.0, "q40": 26.0, "q41": 31.0, "q42": 45.0, "q43": 38.0, "q44": 34.0, "q45": 49.0, "q46": 62.0, "q47": 50.0, "q48": 37.0, "q49": 35.0, "q50": 34.0, "q51": 35.0, "q52": 39.0, "q53": 63.0, "q54": 47.0, "q55": 85.0, "q56": 45.0, "q57": 33.0, "q58": 53.0, "q59": 41.0, "q60": 45.0, "q61": 65.0, "q62": 88.0, "q63": 97.0}, "datetime": {"datetime": "2019-11-27 04:34:14", "elapsed": 10964.252006, "delta": 182.514207}}
{"target": -0.004784551958156635, "params": {"q00": 18.0, "q01": 15.0, "q02": 22.0, "q03": 24.0, "q04": 24.0, "q05": 26.0, "q06": 27.0, "q07": 30.0, "q08": 16.0, "q09": 19.0, "q10": 25.0, "q11": 27.0, "q12": 25.0, "q13": 33.0, "q14": 38.0, "q15": 33.0, "q16": 19.0, "q17": 25.0, "q18": 26.0, "q19": 31.0, "q20": 30.0, "q21": 45.0, "q22": 32.0, "q23": 49.0, "q24": 25.0, "q25": 27.0, "q26": 28.0, "q27": 34.0, "q28": 37.0, "q29": 38.0, "q30": 44.0, "q31": 39.0, "q32": 26.0, "q33": 31.0, "q34": 36.0, "q35": 30.0, "q36": 34.0, "q37": 52.0, "q38": 58.0, "q39": 73.0, "q40": 33.0, "q41": 31.0, "q42": 44.0, "q43": 41.0, "q44": 44.0, "q45": 46.0, "q46": 53.0, "q47": 73.0, "q48": 33.0, "q49": 41.0, "q50": 40.0, "q51": 55.0, "q52": 48.0, "q53": 56.0, "q54": 72.0, "q55": 82.0, "q56": 32.0, "q57": 49.0, "q58": 36.0, "q59": 48.0, "q60": 68.0, "q61": 79.0, "q62": 80.0, "q63": 76.0}, "datetime": {"datetime": "2019-11-27 04:37:15", "elapsed": 11145.113301, "delta": 180.861295}}
{"target": -0.009574024853364338, "params": {"q00": 14.0, "q01": 19.0, "q02": 17.0, "q03": 17.0, "q04": 23.0, "q05": 32.0, "q06": 30.0, "q07": 39.0, "q08": 18.0, "q09": 22.0, "q10": 26.0, "q11": 22.0, "q12": 26.0, "q13": 27.0, "q14": 32.0, "q15": 40.0, "q16": 17.0, "q17": 18.0, "q18": 26.0, "q19": 23.0, "q20": 26.0, "q21": 44.0, "q22": 40.0, "q23": 36.0, "q24": 22.0, "q25": 23.0, "q26": 27.0, "q27": 29.0, "q28": 28.0, "q29": 40.0, "q30": 46.0, "q31": 53.0, "q32": 20.0, "q33": 24.0, "q34": 29.0, "q35": 33.0, "q36": 40.0, "q37": 34.0, "q38": 55.0, "q39": 73.0, "q40": 32.0, "q41": 32.0, "q42": 34.0, "q43": 44.0, "q44": 35.0, "q45": 45.0, "q46": 58.0, "q47": 77.0, "q48": 40.0, "q49": 29.0, "q50": 37.0, "q51": 34.0, "q52": 49.0, "q53": 49.0, "q54": 77.0, "q55": 92.0, "q56": 43.0, "q57": 49.0, "q58": 39.0, "q59": 42.0, "q60": 60.0, "q61": 51.0, "q62": 53.0, "q63": 80.0}, "datetime": {"datetime": "2019-11-27 04:40:18", "elapsed": 11327.910565, "delta": 182.797264}}
