{"target": 0.0021043307765458152, "params": {"q00": 19.0, "q01": 20.0, "q02": 31.0, "q03": 32.0, "q04": 44.0, "q05": 45.0, "q06": 59.0, "q07": 60.0, "q08": 20.0, "q09": 29.0, "q10": 32.0, "q11": 41.0, "q12": 48.0, "q13": 58.0, "q14": 66.0, "q15": 103.0, "q16": 25.0, "q17": 33.0, "q18": 41.0, "q19": 48.0, "q20": 58.0, "q21": 68.0, "q22": 100.0, "q23": 111.0, "q24": 34.0, "q25": 41.0, "q26": 49.0, "q27": 58.0, "q28": 71.0, "q29": 97.0, "q30": 112.0, "q31": 159.0, "q32": 34.0, "q33": 49.0, "q34": 56.0, "q35": 73.0, "q36": 96.0, "q37": 113.0, "q38": 152.0, "q39": 159.0, "q40": 52.0, "q41": 55.0, "q42": 74.0, "q43": 93.0, "q44": 120.0, "q45": 152.0, "q46": 171.0, "q47": 218.0, "q48": 54.0, "q49": 76.0, "q50": 91.0, "q51": 130.0, "q52": 142.0, "q53": 177.0, "q54": 216.0, "q55": 237.0, "q56": 81.0, "q57": 81.0, "q58": 141.0, "q59": 142.0, "q60": 179.0, "q61": 203.0, "q62": 251.0, "q63": 255.0}, "datetime": {"datetime": "2019-11-11 18:46:12", "elapsed": 0.0, "delta": 0.0}}
{"target": 0.004050572257754126, "params": {"q00": 36.0, "q01": 36.0, "q02": 46.0, "q03": 46.0, "q04": 58.0, "q05": 59.0, "q06": 78.0, "q07": 82.0, "q08": 43.0, "q09": 45.0, "q10": 47.0, "q11": 56.0, "q12": 59.0, "q13": 75.0, "q14": 82.0, "q15": 125.0, "q16": 43.0, "q17": 47.0, "q18": 55.0, "q19": 63.0, "q20": 74.0, "q21": 84.0, "q22": 119.0, "q23": 127.0, "q24": 49.0, "q25": 51.0, "q26": 68.0, "q27": 74.0, "q28": 86.0, "q29": 116.0, "q30": 130.0, "q31": 157.0, "q32": 50.0, "q33": 69.0, "q34": 73.0, "q35": 89.0, "q36": 114.0, "q37": 136.0, "q38": 153.0, "q39": 157.0, "q40": 69.0, "q41": 70.0, "q42": 91.0, "q43": 109.0, "q44": 138.0, "q45": 151.0, "q46": 160.0, "q47": 171.0, "q48": 70.0, "q49": 91.0, "q50": 107.0, "q51": 145.0, "q52": 151.0, "q53": 166.0, "q54": 171.0, "q55": 179.0, "q56": 99.0, "q57": 106.0, "q58": 146.0, "q59": 147.0, "q60": 170.0, "q61": 171.0, "q62": 211.0, "q63": 255.0}, "datetime": {"datetime": "2019-11-11 18:46:12", "elapsed": 0.001411, "delta": 0.001411}}
{"target": 0.0012928375460035113, "params": {"q00": 26.0, "q01": 26.0, "q02": 31.0, "q03": 31.0, "q04": 49.0, "q05": 50.0, "q06": 69.0, "q07": 70.0, "q08": 27.0, "q09": 29.0, "q10": 37.0, "q11": 44.0, "q12": 51.0, "q13": 69.0, "q14": 73.0, "q15": 96.0, "q16": 29.0, "q17": 39.0, "q18": 43.0, "q19": 53.0, "q20": 69.0, "q21": 73.0, "q22": 95.0, "q23": 97.0, "q24": 41.0, "q25": 43.0, "q26": 54.0, "q27": 68.0, "q28": 74.0, "q29": 90.0, "q30": 98.0, "q31": 127.0, "q32": 42.0, "q33": 54.0, "q34": 66.0, "q35": 75.0, "q36": 90.0, "q37": 102.0, "q38": 125.0, "q39": 129.0, "q40": 63.0, "q41": 64.0, "q42": 77.0, "q43": 89.0, "q44": 105.0, "q45": 122.0, "q46": 130.0, "q47": 151.0, "q48": 64.0, "q49": 81.0, "q50": 89.0, "q51": 106.0, "q52": 122.0, "q53": 140.0, "q54": 149.0, "q55": 177.0, "q56": 84.0, "q57": 85.0, "q58": 111.0, "q59": 112.0, "q60": 144.0, "q61": 146.0, "q62": 242.0, "q63": 255.0}, "datetime": {"datetime": "2019-11-11 18:46:12", "elapsed": 0.002626, "delta": 0.001215}}
{"target": -0.0031071937186549214, "params": {"q00": 33.0, "q01": 35.0, "q02": 39.0, "q03": 41.0, "q04": 51.0, "q05": 52.0, "q06": 62.0, "q07": 63.0, "q08": 38.0, "q09": 39.0, "q10": 44.0, "q11": 51.0, "q12": 53.0, "q13": 62.0, "q14": 63.0, "q15": 84.0, "q16": 39.0, "q17": 44.0, "q18": 49.0, "q19": 54.0, "q20": 60.0, "q21": 65.0, "q22": 83.0, "q23": 87.0, "q24": 45.0, "q25": 46.0, "q26": 54.0, "q27": 60.0, "q28": 68.0, "q29": 83.0, "q30": 88.0, "q31": 110.0, "q32": 45.0, "q33": 55.0, "q34": 59.0, "q35": 69.0, "q36": 82.0, "q37": 91.0, "q38": 110.0, "q39": 118.0, "q40": 56.0, "q41": 59.0, "q42": 71.0, "q43": 78.0, "q44": 97.0, "q45": 106.0, "q46": 120.0, "q47": 144.0, "q48": 59.0, "q49": 71.0, "q50": 77.0, "q51": 98.0, "q52": 104.0, "q53": 121.0, "q54": 143.0, "q55": 154.0, "q56": 73.0, "q57": 75.0, "q58": 101.0, "q59": 103.0, "q60": 124.0, "q61": 127.0, "q62": 156.0, "q63": 255.0}, "datetime": {"datetime": "2019-11-11 18:46:12", "elapsed": 0.003851, "delta": 0.001225}}
{"target": 0.0003576699273795114, "params": {"q00": 27.0, "q01": 28.0, "q02": 32.0, "q03": 34.0, "q04": 52.0, "q05": 53.0, "q06": 81.0, "q07": 81.0, "q08": 29.0, "q09": 31.0, "q10": 37.0, "q11": 51.0, "q12": 55.0, "q13": 80.0, "q14": 82.0, "q15": 137.0, "q16": 30.0, "q17": 37.0, "q18": 51.0, "q19": 58.0, "q20": 76.0, "q21": 96.0, "q22": 136.0, "q23": 138.0, "q24": 41.0, "q25": 47.0, "q26": 59.0, "q27": 75.0, "q28": 98.0, "q29": 133.0, "q30": 138.0, "q31": 173.0, "q32": 45.0, "q33": 60.0, "q34": 75.0, "q35": 99.0, "q36": 124.0, "q37": 139.0, "q38": 170.0, "q39": 173.0, "q40": 63.0, "q41": 74.0, "q42": 101.0, "q43": 120.0, "q44": 145.0, "q45": 166.0, "q46": 174.0, "q47": 231.0, "q48": 65.0, "q49": 104.0, "q50": 117.0, "q51": 145.0, "q52": 160.0, "q53": 194.0, "q54": 205.0, "q55": 236.0, "q56": 111.0, "q57": 114.0, "q58": 147.0, "q59": 150.0, "q60": 198.0, "q61": 201.0, "q62": 239.0, "q63": 255.0}, "datetime": {"datetime": "2019-11-11 18:46:12", "elapsed": 0.005112, "delta": 0.001261}}
{"target": 0.003841111441911571, "params": {"q00": 27.0, "q01": 29.0, "q02": 33.0, "q03": 34.0, "q04": 44.0, "q05": 45.0, "q06": 71.0, "q07": 73.0, "q08": 29.0, "q09": 33.0, "q10": 34.0, "q11": 42.0, "q12": 49.0, "q13": 69.0, "q14": 73.0, "q15": 94.0, "q16": 31.0, "q17": 38.0, "q18": 42.0, "q19": 51.0, "q20": 69.0, "q21": 73.0, "q22": 93.0, "q23": 95.0, "q24": 38.0, "q25": 41.0, "q26": 52.0, "q27": 69.0, "q28": 75.0, "q29": 90.0, "q30": 95.0, "q31": 131.0, "q32": 39.0, "q33": 55.0, "q34": 66.0, "q35": 77.0, "q36": 89.0, "q37": 96.0, "q38": 127.0, "q39": 134.0, "q40": 58.0, "q41": 59.0, "q42": 78.0, "q43": 89.0, "q44": 96.0, "q45": 119.0, "q46": 139.0, "q47": 181.0, "q48": 59.0, "q49": 80.0, "q50": 85.0, "q51": 97.0, "q52": 114.0, "q53": 148.0, "q54": 161.0, "q55": 206.0, "q56": 82.0, "q57": 82.0, "q58": 113.0, "q59": 113.0, "q60": 157.0, "q61": 158.0, "q62": 209.0, "q63": 255.0}, "datetime": {"datetime": "2019-11-11 18:46:12", "elapsed": 0.006411, "delta": 0.001299}}
{"target": 0.006194634209155503, "params": {"q00": 32.0, "q01": 36.0, "q02": 46.0, "q03": 48.0, "q04": 62.0, "q05": 66.0, "q06": 92.0, "q07": 92.0, "q08": 39.0, "q09": 44.0, "q10": 51.0, "q11": 62.0, "q12": 69.0, "q13": 91.0, "q14": 93.0, "q15": 129.0, "q16": 39.0, "q17": 53.0, "q18": 62.0, "q19": 70.0, "q20": 90.0, "q21": 105.0, "q22": 129.0, "q23": 130.0, "q24": 55.0, "q25": 61.0, "q26": 72.0, "q27": 89.0, "q28": 106.0, "q29": 126.0, "q30": 131.0, "q31": 160.0, "q32": 60.0, "q33": 75.0, "q34": 88.0, "q35": 111.0, "q36": 126.0, "q37": 134.0, "q38": 159.0, "q39": 164.0, "q40": 80.0, "q41": 84.0, "q42": 113.0, "q43": 124.0, "q44": 135.0, "q45": 157.0, "q46": 176.0, "q47": 211.0, "q48": 81.0, "q49": 117.0, "q50": 121.0, "q51": 138.0, "q52": 156.0, "q53": 191.0, "q54": 208.0, "q55": 213.0, "q56": 119.0, "q57": 121.0, "q58": 142.0, "q59": 153.0, "q60": 194.0, "q61": 200.0, "q62": 243.0, "q63": 255.0}, "datetime": {"datetime": "2019-11-11 18:46:12", "elapsed": 0.007724, "delta": 0.001313}}
{"target": 0.0009753181601486749, "params": {"q00": 31.0, "q01": 32.0, "q02": 38.0, "q03": 39.0, "q04": 54.0, "q05": 54.0, "q06": 79.0, "q07": 81.0, "q08": 32.0, "q09": 37.0, "q10": 40.0, "q11": 51.0, "q12": 56.0, "q13": 75.0, "q14": 83.0, "q15": 101.0, "q16": 35.0, "q17": 41.0, "q18": 50.0, "q19": 58.0, "q20": 73.0, "q21": 83.0, "q22": 101.0, "q23": 110.0, "q24": 43.0, "q25": 49.0, "q26": 60.0, "q27": 69.0, "q28": 85.0, "q29": 101.0, "q30": 114.0, "q31": 134.0, "q32": 47.0, "q33": 61.0, "q34": 69.0, "q35": 86.0, "q36": 100.0, "q37": 118.0, "q38": 134.0, "q39": 144.0, "q40": 61.0, "q41": 66.0, "q42": 86.0, "q43": 93.0, "q44": 121.0, "q45": 133.0, "q46": 151.0, "q47": 192.0, "q48": 63.0, "q49": 87.0, "q50": 90.0, "q51": 124.0, "q52": 132.0, "q53": 158.0, "q54": 190.0, "q55": 193.0, "q56": 89.0, "q57": 89.0, "q58": 128.0, "q59": 128.0, "q60": 172.0, "q61": 182.0, "q62": 200.0, "q63": 255.0}, "datetime": {"datetime": "2019-11-11 18:46:12", "elapsed": 0.008987, "delta": 0.001263}}
{"target": 0.010168159937605892, "params": {"q00": 32.0, "q01": 33.0, "q02": 43.0, "q03": 50.0, "q04": 74.0, "q05": 75.0, "q06": 90.0, "q07": 90.0, "q08": 33.0, "q09": 43.0, "q10": 51.0, "q11": 73.0, "q12": 79.0, "q13": 89.0, "q14": 96.0, "q15": 124.0, "q16": 42.0, "q17": 53.0, "q18": 65.0, "q19": 80.0, "q20": 86.0, "q21": 98.0, "q22": 121.0, "q23": 130.0, "q24": 53.0, "q25": 64.0, "q26": 82.0, "q27": 86.0, "q28": 102.0, "q29": 119.0, "q30": 131.0, "q31": 183.0, "q32": 60.0, "q33": 82.0, "q34": 85.0, "q35": 103.0, "q36": 119.0, "q37": 142.0, "q38": 164.0, "q39": 190.0, "q40": 82.0, "q41": 85.0, "q42": 103.0, "q43": 119.0, "q44": 145.0, "q45": 159.0, "q46": 192.0, "q47": 218.0, "q48": 84.0, "q49": 111.0, "q50": 116.0, "q51": 146.0, "q52": 150.0, "q53": 204.0, "q54": 206.0, "q55": 233.0, "q56": 112.0, "q57": 113.0, "q58": 147.0, "q59": 147.0, "q60": 205.0, "q61": 206.0, "q62": 252.0, "q63": 255.0}, "datetime": {"datetime": "2019-11-11 18:46:12", "elapsed": 0.010237, "delta": 0.00125}}
{"target": -0.000871030080415669, "params": {"q00": 26.0, "q01": 38.0, "q02": 44.0, "q03": 47.0, "q04": 65.0, "q05": 65.0, "q06": 92.0, "q07": 92.0, "q08": 38.0, "q09": 42.0, "q10": 51.0, "q11": 61.0, "q12": 65.0, "q13": 90.0, "q14": 92.0, "q15": 133.0, "q16": 39.0, "q17": 52.0, "q18": 59.0, "q19": 71.0, "q20": 87.0, "q21": 92.0, "q22": 129.0, "q23": 135.0, "q24": 54.0, "q25": 58.0, "q26": 72.0, "q27": 83.0, "q28": 95.0, "q29": 126.0, "q30": 138.0, "q31": 176.0, "q32": 56.0, "q33": 72.0, "q34": 80.0, "q35": 98.0, "q36": 123.0, "q37": 139.0, "q38": 170.0, "q39": 180.0, "q40": 76.0, "q41": 78.0, "q42": 101.0, "q43": 118.0, "q44": 142.0, "q45": 167.0, "q46": 182.0, "q47": 202.0, "q48": 77.0, "q49": 103.0, "q50": 117.0, "q51": 143.0, "q52": 166.0, "q53": 188.0, "q54": 200.0, "q55": 207.0, "q56": 116.0, "q57": 117.0, "q58": 150.0, "q59": 153.0, "q60": 188.0, "q61": 196.0, "q62": 208.0, "q63": 255.0}, "datetime": {"datetime": "2019-11-11 18:46:12", "elapsed": 0.011523, "delta": 0.001286}}
{"target": 0.013405564467106612, "params": {"q00": 32.0, "q01": 33.0, "q02": 46.0, "q03": 53.0, "q04": 65.0, "q05": 70.0, "q06": 94.0, "q07": 96.0, "q08": 42.0, "q09": 43.0, "q10": 54.0, "q11": 65.0, "q12": 72.0, "q13": 93.0, "q14": 97.0, "q15": 133.0, "q16": 42.0, "q17": 57.0, "q18": 63.0, "q19": 72.0, "q20": 89.0, "q21": 97.0, "q22": 128.0, "q23": 148.0, "q24": 61.0, "q25": 62.0, "q26": 73.0, "q27": 89.0, "q28": 97.0, "q29": 121.0, "q30": 153.0, "q31": 178.0, "q32": 61.0, "q33": 74.0, "q34": 81.0, "q35": 102.0, "q36": 119.0, "q37": 153.0, "q38": 173.0, "q39": 183.0, "q40": 75.0, "q41": 79.0, "q42": 102.0, "q43": 116.0, "q44": 158.0, "q45": 166.0, "q46": 221.0, "q47": 241.0, "q48": 77.0, "q49": 104.0, "q50": 112.0, "q51": 159.0, "q52": 166.0, "q53": 224.0, "q54": 235.0, "q55": 244.0, "q56": 109.0, "q57": 110.0, "q58": 164.0, "q59": 164.0, "q60": 226.0, "q61": 229.0, "q62": 253.0, "q63": 255.0}, "datetime": {"datetime": "2019-11-11 18:46:12", "elapsed": 0.012822, "delta": 0.001299}}
{"target": -0.0030010962591134893, "params": {"q00": 18.0, "q01": 22.0, "q02": 32.0, "q03": 33.0, "q04": 54.0, "q05": 54.0, "q06": 66.0, "q07": 67.0, "q08": 27.0, "q09": 30.0, "q10": 40.0, "q11": 53.0, "q12": 56.0, "q13": 65.0, "q14": 69.0, "q15": 102.0, "q16": 30.0, "q17": 47.0, "q18": 52.0, "q19": 57.0, "q20": 63.0, "q21": 71.0, "q22": 101.0, "q23": 104.0, "q24": 48.0, "q25": 51.0, "q26": 58.0, "q27": 63.0, "q28": 77.0, "q29": 100.0, "q30": 105.0, "q31": 145.0, "q32": 48.0, "q33": 58.0, "q34": 61.0, "q35": 79.0, "q36": 99.0, "q37": 106.0, "q38": 136.0, "q39": 150.0, "q40": 58.0, "q41": 61.0, "q42": 81.0, "q43": 99.0, "q44": 109.0, "q45": 130.0, "q46": 159.0, "q47": 199.0, "q48": 60.0, "q49": 82.0, "q50": 92.0, "q51": 112.0, "q52": 125.0, "q53": 179.0, "q54": 194.0, "q55": 225.0, "q56": 91.0, "q57": 92.0, "q58": 117.0, "q59": 125.0, "q60": 185.0, "q61": 192.0, "q62": 232.0, "q63": 255.0}, "datetime": {"datetime": "2019-11-11 18:46:12", "elapsed": 0.014124, "delta": 0.001302}}
{"target": -0.0018623783383091008, "params": {"q00": 28.0, "q01": 32.0, "q02": 43.0, "q03": 44.0, "q04": 61.0, "q05": 64.0, "q06": 102.0, "q07": 102.0, "q08": 37.0, "q09": 42.0, "q10": 45.0, "q11": 60.0, "q12": 66.0, "q13": 94.0, "q14": 102.0, "q15": 131.0, "q16": 40.0, "q17": 46.0, "q18": 56.0, "q19": 66.0, "q20": 89.0, "q21": 103.0, "q22": 129.0, "q23": 131.0, "q24": 47.0, "q25": 55.0, "q26": 67.0, "q27": 78.0, "q28": 104.0, "q29": 122.0, "q30": 135.0, "q31": 187.0, "q32": 49.0, "q33": 70.0, "q34": 78.0, "q35": 105.0, "q36": 121.0, "q37": 136.0, "q38": 175.0, "q39": 197.0, "q40": 70.0, "q41": 77.0, "q42": 105.0, "q43": 118.0, "q44": 137.0, "q45": 170.0, "q46": 203.0, "q47": 213.0, "q48": 72.0, "q49": 106.0, "q50": 118.0, "q51": 146.0, "q52": 169.0, "q53": 205.0, "q54": 213.0, "q55": 219.0, "q56": 110.0, "q57": 115.0, "q58": 156.0, "q59": 162.0, "q60": 207.0, "q61": 213.0, "q62": 241.0, "q63": 255.0}, "datetime": {"datetime": "2019-11-11 18:46:12", "elapsed": 0.015438, "delta": 0.001314}}
{"target": 0.0029303328144568708, "params": {"q00": 33.0, "q01": 39.0, "q02": 48.0, "q03": 48.0, "q04": 70.0, "q05": 72.0, "q06": 101.0, "q07": 102.0, "q08": 42.0, "q09": 45.0, "q10": 49.0, "q11": 69.0, "q12": 75.0, "q13": 100.0, "q14": 102.0, "q15": 124.0, "q16": 44.0, "q17": 51.0, "q18": 65.0, "q19": 79.0, "q20": 100.0, "q21": 102.0, "q22": 122.0, "q23": 125.0, "q24": 51.0, "q25": 57.0, "q26": 79.0, "q27": 98.0, "q28": 103.0, "q29": 120.0, "q30": 128.0, "q31": 158.0, "q32": 55.0, "q33": 85.0, "q34": 95.0, "q35": 106.0, "q36": 118.0, "q37": 133.0, "q38": 151.0, "q39": 165.0, "q40": 88.0, "q41": 93.0, "q42": 106.0, "q43": 116.0, "q44": 138.0, "q45": 146.0, "q46": 165.0, "q47": 210.0, "q48": 89.0, "q49": 107.0, "q50": 113.0, "q51": 142.0, "q52": 144.0, "q53": 167.0, "q54": 199.0, "q55": 226.0, "q56": 108.0, "q57": 110.0, "q58": 143.0, "q59": 143.0, "q60": 175.0, "q61": 192.0, "q62": 233.0, "q63": 255.0}, "datetime": {"datetime": "2019-11-11 18:46:12", "elapsed": 0.016762, "delta": 0.001324}}
{"target": 0.00020507040453765502, "params": {"q00": 29.0, "q01": 33.0, "q02": 38.0, "q03": 39.0, "q04": 47.0, "q05": 48.0, "q06": 63.0, "q07": 63.0, "q08": 33.0, "q09": 37.0, "q10": 39.0, "q11": 47.0, "q12": 48.0, "q13": 62.0, "q14": 67.0, "q15": 112.0, "q16": 35.0, "q17": 41.0, "q18": 45.0, "q19": 55.0, "q20": 62.0, "q21": 70.0, "q22": 108.0, "q23": 117.0, "q24": 42.0, "q25": 43.0, "q26": 56.0, "q27": 59.0, "q28": 73.0, "q29": 107.0, "q30": 118.0, "q31": 141.0, "q32": 42.0, "q33": 57.0, "q34": 59.0, "q35": 73.0, "q36": 92.0, "q37": 118.0, "q38": 140.0, "q39": 143.0, "q40": 57.0, "q41": 58.0, "q42": 74.0, "q43": 92.0, "q44": 119.0, "q45": 135.0, "q46": 143.0, "q47": 174.0, "q48": 58.0, "q49": 75.0, "q50": 87.0, "q51": 121.0, "q52": 133.0, "q53": 150.0, "q54": 162.0, "q55": 227.0, "q56": 82.0, "q57": 82.0, "q58": 129.0, "q59": 131.0, "q60": 152.0, "q61": 157.0, "q62": 237.0, "q63": 255.0}, "datetime": {"datetime": "2019-11-11 18:46:12", "elapsed": 0.018074, "delta": 0.001312}}
{"target": 0.006352387461044606, "params": {"q00": 31.0, "q01": 32.0, "q02": 35.0, "q03": 35.0, "q04": 51.0, "q05": 52.0, "q06": 80.0, "q07": 83.0, "q08": 32.0, "q09": 34.0, "q10": 36.0, "q11": 51.0, "q12": 53.0, "q13": 76.0, "q14": 89.0, "q15": 123.0, "q16": 33.0, "q17": 37.0, "q18": 50.0, "q19": 57.0, "q20": 76.0, "q21": 90.0, "q22": 121.0, "q23": 125.0, "q24": 39.0, "q25": 45.0, "q26": 57.0, "q27": 73.0, "q28": 90.0, "q29": 119.0, "q30": 125.0, "q31": 154.0, "q32": 43.0, "q33": 59.0, "q34": 72.0, "q35": 92.0, "q36": 117.0, "q37": 126.0, "q38": 151.0, "q39": 157.0, "q40": 61.0, "q41": 72.0, "q42": 96.0, "q43": 111.0, "q44": 127.0, "q45": 147.0, "q46": 159.0, "q47": 182.0, "q48": 72.0, "q49": 99.0, "q50": 110.0, "q51": 127.0, "q52": 141.0, "q53": 164.0, "q54": 180.0, "q55": 197.0, "q56": 99.0, "q57": 103.0, "q58": 130.0, "q59": 134.0, "q60": 167.0, "q61": 170.0, "q62": 224.0, "q63": 255.0}, "datetime": {"datetime": "2019-11-11 18:46:12", "elapsed": 0.019364, "delta": 0.00129}}
{"target": 0.006231859575056453, "params": {"q00": 24.0, "q01": 25.0, "q02": 31.0, "q03": 32.0, "q04": 46.0, "q05": 46.0, "q06": 72.0, "q07": 73.0, "q08": 27.0, "q09": 30.0, "q10": 33.0, "q11": 44.0, "q12": 48.0, "q13": 65.0, "q14": 73.0, "q15": 102.0, "q16": 28.0, "q17": 38.0, "q18": 40.0, "q19": 52.0, "q20": 65.0, "q21": 75.0, "q22": 94.0, "q23": 104.0, "q24": 38.0, "q25": 40.0, "q26": 55.0, "q27": 64.0, "q28": 80.0, "q29": 92.0, "q30": 108.0, "q31": 123.0, "q32": 39.0, "q33": 57.0, "q34": 62.0, "q35": 82.0, "q36": 91.0, "q37": 109.0, "q38": 123.0, "q39": 130.0, "q40": 57.0, "q41": 61.0, "q42": 83.0, "q43": 91.0, "q44": 111.0, "q45": 122.0, "q46": 135.0, "q47": 150.0, "q48": 60.0, "q49": 85.0, "q50": 90.0, "q51": 113.0, "q52": 120.0, "q53": 140.0, "q54": 147.0, "q55": 153.0, "q56": 87.0, "q57": 89.0, "q58": 114.0, "q59": 117.0, "q60": 142.0, "q61": 145.0, "q62": 166.0, "q63": 255.0}, "datetime": {"datetime": "2019-11-11 18:46:12", "elapsed": 0.020678, "delta": 0.001314}}
{"target": 0.0021800017806995475, "params": {"q00": 26.0, "q01": 29.0, "q02": 35.0, "q03": 39.0, "q04": 49.0, "q05": 50.0, "q06": 66.0, "q07": 70.0, "q08": 29.0, "q09": 33.0, "q10": 44.0, "q11": 48.0, "q12": 50.0, "q13": 65.0, "q14": 71.0, "q15": 97.0, "q16": 31.0, "q17": 44.0, "q18": 47.0, "q19": 52.0, "q20": 64.0, "q21": 75.0, "q22": 96.0, "q23": 101.0, "q24": 45.0, "q25": 47.0, "q26": 54.0, "q27": 60.0, "q28": 77.0, "q29": 93.0, "q30": 109.0, "q31": 140.0, "q32": 46.0, "q33": 55.0, "q34": 58.0, "q35": 78.0, "q36": 89.0, "q37": 109.0, "q38": 126.0, "q39": 142.0, "q40": 56.0, "q41": 58.0, "q42": 78.0, "q43": 87.0, "q44": 110.0, "q45": 121.0, "q46": 145.0, "q47": 186.0, "q48": 56.0, "q49": 79.0, "q50": 87.0, "q51": 111.0, "q52": 118.0, "q53": 158.0, "q54": 177.0, "q55": 187.0, "q56": 82.0, "q57": 83.0, "q58": 115.0, "q59": 115.0, "q60": 162.0, "q61": 168.0, "q62": 203.0, "q63": 255.0}, "datetime": {"datetime": "2019-11-11 18:46:12", "elapsed": 0.022025, "delta": 0.001347}}
{"target": 0.002136928985410236, "params": {"q00": 34.0, "q01": 37.0, "q02": 47.0, "q03": 50.0, "q04": 69.0, "q05": 74.0, "q06": 95.0, "q07": 95.0, "q08": 39.0, "q09": 41.0, "q10": 51.0, "q11": 67.0, "q12": 75.0, "q13": 94.0, "q14": 99.0, "q15": 130.0, "q16": 40.0, "q17": 53.0, "q18": 58.0, "q19": 75.0, "q20": 92.0, "q21": 100.0, "q22": 126.0, "q23": 137.0, "q24": 56.0, "q25": 56.0, "q26": 77.0, "q27": 91.0, "q28": 100.0, "q29": 113.0, "q30": 142.0, "q31": 179.0, "q32": 56.0, "q33": 77.0, "q34": 86.0, "q35": 101.0, "q36": 112.0, "q37": 144.0, "q38": 176.0, "q39": 183.0, "q40": 78.0, "q41": 84.0, "q42": 102.0, "q43": 109.0, "q44": 146.0, "q45": 168.0, "q46": 184.0, "q47": 221.0, "q48": 83.0, "q49": 102.0, "q50": 107.0, "q51": 150.0, "q52": 161.0, "q53": 193.0, "q54": 207.0, "q55": 230.0, "q56": 104.0, "q57": 105.0, "q58": 151.0, "q59": 160.0, "q60": 195.0, "q61": 196.0, "q62": 241.0, "q63": 255.0}, "datetime": {"datetime": "2019-11-11 18:46:12", "elapsed": 0.023374, "delta": 0.001349}}
{"target": 0.002692649635692934, "params": {"q00": 23.0, "q01": 25.0, "q02": 30.0, "q03": 31.0, "q04": 45.0, "q05": 48.0, "q06": 63.0, "q07": 67.0, "q08": 27.0, "q09": 28.0, "q10": 34.0, "q11": 44.0, "q12": 51.0, "q13": 63.0, "q14": 68.0, "q15": 111.0, "q16": 27.0, "q17": 34.0, "q18": 42.0, "q19": 54.0, "q20": 63.0, "q21": 72.0, "q22": 109.0, "q23": 111.0, "q24": 34.0, "q25": 38.0, "q26": 56.0, "q27": 61.0, "q28": 74.0, "q29": 108.0, "q30": 115.0, "q31": 145.0, "q32": 37.0, "q33": 57.0, "q34": 60.0, "q35": 79.0, "q36": 107.0, "q37": 118.0, "q38": 137.0, "q39": 151.0, "q40": 58.0, "q41": 60.0, "q42": 83.0, "q43": 103.0, "q44": 118.0, "q45": 136.0, "q46": 152.0, "q47": 215.0, "q48": 58.0, "q49": 85.0, "q50": 98.0, "q51": 120.0, "q52": 128.0, "q53": 168.0, "q54": 200.0, "q55": 216.0, "q56": 86.0, "q57": 94.0, "q58": 127.0, "q59": 127.0, "q60": 179.0, "q61": 185.0, "q62": 217.0, "q63": 255.0}, "datetime": {"datetime": "2019-11-11 18:46:12", "elapsed": 0.024756, "delta": 0.001382}}
{"target": -7.806655808267893e-05, "params": {"q00": 35.0, "q01": 39.0, "q02": 43.0, "q03": 43.0, "q04": 52.0, "q05": 52.0, "q06": 63.0, "q07": 64.0, "q08": 39.0, "q09": 42.0, "q10": 45.0, "q11": 52.0, "q12": 55.0, "q13": 62.0, "q14": 64.0, "q15": 91.0, "q16": 40.0, "q17": 46.0, "q18": 51.0, "q19": 55.0, "q20": 62.0, "q21": 65.0, "q22": 84.0, "q23": 92.0, "q24": 49.0, "q25": 49.0, "q26": 56.0, "q27": 60.0, "q28": 70.0, "q29": 83.0, "q30": 94.0, "q31": 122.0, "q32": 49.0, "q33": 57.0, "q34": 59.0, "q35": 70.0, "q36": 82.0, "q37": 97.0, "q38": 117.0, "q39": 123.0, "q40": 58.0, "q41": 59.0, "q42": 71.0, "q43": 78.0, "q44": 97.0, "q45": 108.0, "q46": 130.0, "q47": 169.0, "q48": 58.0, "q49": 72.0, "q50": 76.0, "q51": 98.0, "q52": 103.0, "q53": 138.0, "q54": 153.0, "q55": 171.0, "q56": 72.0, "q57": 74.0, "q58": 100.0, "q59": 102.0, "q60": 143.0, "q61": 148.0, "q62": 195.0, "q63": 255.0}, "datetime": {"datetime": "2019-11-11 18:46:12", "elapsed": 0.026139, "delta": 0.001383}}
{"target": 0.0011642821794549674, "params": {"q00": 28.0, "q01": 31.0, "q02": 39.0, "q03": 39.0, "q04": 49.0, "q05": 49.0, "q06": 69.0, "q07": 70.0, "q08": 36.0, "q09": 37.0, "q10": 41.0, "q11": 46.0, "q12": 51.0, "q13": 67.0, "q14": 71.0, "q15": 100.0, "q16": 37.0, "q17": 43.0, "q18": 45.0, "q19": 53.0, "q20": 66.0, "q21": 75.0, "q22": 99.0, "q23": 100.0, "q24": 43.0, "q25": 44.0, "q26": 54.0, "q27": 66.0, "q28": 77.0, "q29": 95.0, "q30": 103.0, "q31": 122.0, "q32": 44.0, "q33": 56.0, "q34": 63.0, "q35": 78.0, "q36": 95.0, "q37": 104.0, "q38": 122.0, "q39": 136.0, "q40": 62.0, "q41": 63.0, "q42": 79.0, "q43": 94.0, "q44": 105.0, "q45": 121.0, "q46": 153.0, "q47": 170.0, "q48": 63.0, "q49": 82.0, "q50": 93.0, "q51": 105.0, "q52": 116.0, "q53": 160.0, "q54": 170.0, "q55": 179.0, "q56": 83.0, "q57": 86.0, "q58": 110.0, "q59": 110.0, "q60": 165.0, "q61": 167.0, "q62": 211.0, "q63": 255.0}, "datetime": {"datetime": "2019-11-11 18:46:12", "elapsed": 0.027545, "delta": 0.001406}}
