{"target": -0.09844049208795314, "params": {"q00": 1.0, "q01": 1.0, "q02": 173.0, "q03": 168.0, "q04": 18.0, "q05": 47.0, "q06": 250.0, "q07": 69.0, "q08": 3.0, "q09": 5.0, "q10": 201.0, "q11": 46.0, "q12": 179.0, "q13": 104.0, "q14": 40.0, "q15": 191.0, "q16": 4.0, "q17": 19.0, "q18": 1.0, "q19": 22.0, "q20": 3.0, "q21": 27.0, "q22": 90.0, "q23": 19.0, "q24": 16.0, "q25": 4.0, "q26": 135.0, "q27": 38.0, "q28": 247.0, "q29": 210.0, "q30": 133.0, "q31": 7.0, "q32": 31.0, "q33": 175.0, "q34": 222.0, "q35": 74.0, "q36": 43.0, "q37": 158.0, "q38": 134.0, "q39": 162.0, "q40": 218.0, "q41": 188.0, "q42": 171.0, "q43": 113.0, "q44": 202.0, "q45": 8.0, "q46": 208.0, "q47": 118.0, "q48": 188.0, "q49": 194.0, "q50": 195.0, "q51": 212.0, "q52": 149.0, "q53": 40.0, "q54": 22.0, "q55": 49.0, "q56": 196.0, "q57": 42.0, "q58": 202.0, "q59": 202.0, "q60": 64.0, "q61": 138.0, "q62": 222.0, "q63": 64.0}, "datetime": {"datetime": "2019-11-11 18:46:14", "elapsed": 2.516658, "delta": 0.006338}}
{"target": -0.10500078241355976, "params": {"q00": 2.0, "q01": 22.0, "q02": 61.0, "q03": 104.0, "q04": 80.0, "q05": 29.0, "q06": 208.0, "q07": 42.0, "q08": 18.0, "q09": 26.0, "q10": 51.0, "q11": 184.0, "q12": 64.0, "q13": 6.0, "q14": 14.0, "q15": 166.0, "q16": 222.0, "q17": 106.0, "q18": 21.0, "q19": 64.0, "q20": 73.0, "q21": 185.0, "q22": 185.0, "q23": 235.0, "q24": 46.0, "q25": 135.0, "q26": 24.0, "q27": 2.0, "q28": 184.0, "q29": 249.0, "q30": 136.0, "q31": 21.0, "q32": 191.0, "q33": 193.0, "q34": 72.0, "q35": 232.0, "q36": 42.0, "q37": 236.0, "q38": 13.0, "q39": 39.0, "q40": 117.0, "q41": 26.0, "q42": 64.0, "q43": 82.0, "q44": 40.0, "q45": 154.0, "q46": 252.0, "q47": 231.0, "q48": 72.0, "q49": 162.0, "q50": 19.0, "q51": 76.0, "q52": 103.0, "q53": 79.0, "q54": 186.0, "q55": 147.0, "q56": 109.0, "q57": 224.0, "q58": 85.0, "q59": 51.0, "q60": 94.0, "q61": 189.0, "q62": 240.0, "q63": 44.0}, "datetime": {"datetime": "2019-11-11 18:46:14", "elapsed": 2.523061, "delta": 0.006403}}
{"target": -0.10014561563341812, "params": {"q00": 24.0, "q01": 63.0, "q02": 34.0, "q03": 242.0, "q04": 108.0, "q05": 200.0, "q06": 184.0, "q07": 203.0, "q08": 14.0, "q09": 19.0, "q10": 67.0, "q11": 41.0, "q12": 100.0, "q13": 98.0, "q14": 85.0, "q15": 4.0, "q16": 112.0, "q17": 7.0, "q18": 83.0, "q19": 22.0, "q20": 157.0, "q21": 134.0, "q22": 230.0, "q23": 224.0, "q24": 211.0, "q25": 231.0, "q26": 36.0, "q27": 5.0, "q28": 242.0, "q29": 252.0, "q30": 202.0, "q31": 47.0, "q32": 245.0, "q33": 163.0, "q34": 218.0, "q35": 21.0, "q36": 187.0, "q37": 222.0, "q38": 215.0, "q39": 243.0, "q40": 70.0, "q41": 89.0, "q42": 223.0, "q43": 37.0, "q44": 206.0, "q45": 208.0, "q46": 252.0, "q47": 103.0, "q48": 124.0, "q49": 57.0, "q50": 252.0, "q51": 20.0, "q52": 140.0, "q53": 101.0, "q54": 97.0, "q55": 224.0, "q56": 152.0, "q57": 236.0, "q58": 204.0, "q59": 186.0, "q60": 99.0, "q61": 29.0, "q62": 224.0, "q63": 113.0}, "datetime": {"datetime": "2019-11-11 18:46:14", "elapsed": 2.529517, "delta": 0.006456}}
{"target": -0.10945454407909883, "params": {"q00": 64.0, "q01": 13.0, "q02": 50.0, "q03": 126.0, "q04": 74.0, "q05": 230.0, "q06": 206.0, "q07": 197.0, "q08": 35.0, "q09": 66.0, "q10": 39.0, "q11": 164.0, "q12": 245.0, "q13": 9.0, "q14": 195.0, "q15": 37.0, "q16": 6.0, "q17": 2.0, "q18": 45.0, "q19": 1.0, "q20": 77.0, "q21": 2.0, "q22": 247.0, "q23": 245.0, "q24": 118.0, "q25": 2.0, "q26": 6.0, "q27": 55.0, "q28": 31.0, "q29": 217.0, "q30": 201.0, "q31": 52.0, "q32": 38.0, "q33": 62.0, "q34": 89.0, "q35": 15.0, "q36": 82.0, "q37": 129.0, "q38": 169.0, "q39": 4.0, "q40": 59.0, "q41": 26.0, "q42": 9.0, "q43": 179.0, "q44": 202.0, "q45": 85.0, "q46": 243.0, "q47": 158.0, "q48": 205.0, "q49": 171.0, "q50": 201.0, "q51": 184.0, "q52": 178.0, "q53": 4.0, "q54": 211.0, "q55": 99.0, "q56": 78.0, "q57": 134.0, "q58": 88.0, "q59": 90.0, "q60": 84.0, "q61": 162.0, "q62": 190.0, "q63": 173.0}, "datetime": {"datetime": "2019-11-11 18:46:14", "elapsed": 2.536052, "delta": 0.006535}}
{"target": -0.07812333437681479, "params": {"q00": 7.0, "q01": 8.0, "q02": 172.0, "q03": 95.0, "q04": 102.0, "q05": 24.0, "q06": 223.0, "q07": 29.0, "q08": 27.0, "q09": 45.0, "q10": 206.0, "q11": 8.0, "q12": 49.0, "q13": 149.0, "q14": 133.0, "q15": 232.0, "q16": 28.0, "q17": 19.0, "q18": 31.0, "q19": 90.0, "q20": 119.0, "q21": 96.0, "q22": 96.0, "q23": 109.0, "q24": 236.0, "q25": 41.0, "q26": 68.0, "q27": 211.0, "q28": 203.0, "q29": 234.0, "q30": 175.0, "q31": 61.0, "q32": 177.0, "q33": 251.0, "q34": 133.0, "q35": 127.0, "q36": 122.0, "q37": 53.0, "q38": 59.0, "q39": 60.0, "q40": 138.0, "q41": 13.0, "q42": 55.0, "q43": 99.0, "q44": 160.0, "q45": 34.0, "q46": 186.0, "q47": 221.0, "q48": 240.0, "q49": 75.0, "q50": 241.0, "q51": 215.0, "q52": 43.0, "q53": 247.0, "q54": 134.0, "q55": 42.0, "q56": 243.0, "q57": 157.0, "q58": 169.0, "q59": 168.0, "q60": 153.0, "q61": 17.0, "q62": 59.0, "q63": 249.0}, "datetime": {"datetime": "2019-11-11 18:46:14", "elapsed": 2.543294, "delta": 0.007242}}
{"target": -0.07854478364355727, "params": {"q00": 31.0, "q01": 36.0, "q02": 203.0, "q03": 233.0, "q04": 145.0, "q05": 162.0, "q06": 125.0, "q07": 171.0, "q08": 20.0, "q09": 15.0, "q10": 21.0, "q11": 177.0, "q12": 77.0, "q13": 70.0, "q14": 185.0, "q15": 197.0, "q16": 32.0, "q17": 14.0, "q18": 19.0, "q19": 14.0, "q20": 50.0, "q21": 19.0, "q22": 199.0, "q23": 175.0, "q24": 232.0, "q25": 147.0, "q26": 94.0, "q27": 39.0, "q28": 98.0, "q29": 253.0, "q30": 123.0, "q31": 102.0, "q32": 240.0, "q33": 233.0, "q34": 52.0, "q35": 106.0, "q36": 204.0, "q37": 236.0, "q38": 72.0, "q39": 207.0, "q40": 197.0, "q41": 183.0, "q42": 82.0, "q43": 36.0, "q44": 96.0, "q45": 69.0, "q46": 202.0, "q47": 159.0, "q48": 241.0, "q49": 221.0, "q50": 225.0, "q51": 29.0, "q52": 26.0, "q53": 43.0, "q54": 180.0, "q55": 15.0, "q56": 233.0, "q57": 133.0, "q58": 89.0, "q59": 91.0, "q60": 5.0, "q61": 242.0, "q62": 131.0, "q63": 82.0}, "datetime": {"datetime": "2019-11-11 18:46:14", "elapsed": 2.550293, "delta": 0.006999}}
{"target": -0.09590630340099304, "params": {"q00": 2.0, "q01": 53.0, "q02": 6.0, "q03": 99.0, "q04": 42.0, "q05": 155.0, "q06": 160.0, "q07": 66.0, "q08": 50.0, "q09": 32.0, "q10": 60.0, "q11": 140.0, "q12": 57.0, "q13": 134.0, "q14": 9.0, "q15": 208.0, "q16": 30.0, "q17": 35.0, "q18": 175.0, "q19": 14.0, "q20": 24.0, "q21": 40.0, "q22": 221.0, "q23": 241.0, "q24": 206.0, "q25": 63.0, "q26": 58.0, "q27": 104.0, "q28": 74.0, "q29": 108.0, "q30": 48.0, "q31": 54.0, "q32": 161.0, "q33": 157.0, "q34": 108.0, "q35": 176.0, "q36": 246.0, "q37": 45.0, "q38": 211.0, "q39": 111.0, "q40": 185.0, "q41": 47.0, "q42": 212.0, "q43": 14.0, "q44": 239.0, "q45": 153.0, "q46": 95.0, "q47": 57.0, "q48": 241.0, "q49": 210.0, "q50": 211.0, "q51": 20.0, "q52": 41.0, "q53": 228.0, "q54": 179.0, "q55": 204.0, "q56": 245.0, "q57": 5.0, "q58": 158.0, "q59": 43.0, "q60": 147.0, "q61": 20.0, "q62": 253.0, "q63": 202.0}, "datetime": {"datetime": "2019-11-11 18:46:14", "elapsed": 2.55732, "delta": 0.007027}}
{"target": -0.11995033759458501, "params": {"q00": 2.0, "q01": 43.0, "q02": 168.0, "q03": 146.0, "q04": 93.0, "q05": 86.0, "q06": 128.0, "q07": 41.0, "q08": 54.0, "q09": 16.0, "q10": 182.0, "q11": 12.0, "q12": 175.0, "q13": 241.0, "q14": 70.0, "q15": 162.0, "q16": 42.0, "q17": 17.0, "q18": 173.0, "q19": 50.0, "q20": 94.0, "q21": 108.0, "q22": 198.0, "q23": 229.0, "q24": 55.0, "q25": 149.0, "q26": 3.0, "q27": 138.0, "q28": 47.0, "q29": 70.0, "q30": 61.0, "q31": 145.0, "q32": 233.0, "q33": 27.0, "q34": 150.0, "q35": 34.0, "q36": 104.0, "q37": 18.0, "q38": 235.0, "q39": 180.0, "q40": 180.0, "q41": 80.0, "q42": 22.0, "q43": 116.0, "q44": 89.0, "q45": 252.0, "q46": 97.0, "q47": 25.0, "q48": 221.0, "q49": 27.0, "q50": 59.0, "q51": 20.0, "q52": 25.0, "q53": 35.0, "q54": 11.0, "q55": 199.0, "q56": 53.0, "q57": 254.0, "q58": 210.0, "q59": 27.0, "q60": 220.0, "q61": 115.0, "q62": 147.0, "q63": 211.0}, "datetime": {"datetime": "2019-11-11 18:46:14", "elapsed": 2.56434, "delta": 0.00702}}
{"target": -0.1139005726029626, "params": {"q00": 29.0, "q01": 16.0, "q02": 217.0, "q03": 215.0, "q04": 98.0, "q05": 79.0, "q06": 136.0, "q07": 98.0, "q08": 1.0, "q09": 59.0, "q10": 38.0, "q11": 102.0, "q12": 24.0, "q13": 68.0, "q14": 105.0, "q15": 252.0, "q16": 22.0, "q17": 11.0, "q18": 61.0, "q19": 16.0, "q20": 81.0, "q21": 228.0, "q22": 163.0, "q23": 182.0, "q24": 214.0, "q25": 208.0, "q26": 90.0, "q27": 185.0, "q28": 66.0, "q29": 183.0, "q30": 74.0, "q31": 194.0, "q32": 246.0, "q33": 42.0, "q34": 73.0, "q35": 68.0, "q36": 170.0, "q37": 121.0, "q38": 34.0, "q39": 28.0, "q40": 246.0, "q41": 224.0, "q42": 2.0, "q43": 9.0, "q44": 35.0, "q45": 163.0, "q46": 58.0, "q47": 177.0, "q48": 10.0, "q49": 90.0, "q50": 31.0, "q51": 159.0, "q52": 106.0, "q53": 153.0, "q54": 37.0, "q55": 85.0, "q56": 41.0, "q57": 138.0, "q58": 55.0, "q59": 26.0, "q60": 4.0, "q61": 83.0, "q62": 17.0, "q63": 152.0}, "datetime": {"datetime": "2019-11-11 18:46:14", "elapsed": 2.571358, "delta": 0.007018}}
{"target": -0.11831989999735604, "params": {"q00": 28.0, "q01": 9.0, "q02": 24.0, "q03": 210.0, "q04": 225.0, "q05": 192.0, "q06": 192.0, "q07": 51.0, "q08": 16.0, "q09": 130.0, "q10": 100.0, "q11": 21.0, "q12": 158.0, "q13": 128.0, "q14": 243.0, "q15": 128.0, "q16": 13.0, "q17": 46.0, "q18": 155.0, "q19": 12.0, "q20": 2.0, "q21": 133.0, "q22": 158.0, "q23": 23.0, "q24": 149.0, "q25": 225.0, "q26": 12.0, "q27": 103.0, "q28": 170.0, "q29": 113.0, "q30": 164.0, "q31": 100.0, "q32": 86.0, "q33": 131.0, "q34": 136.0, "q35": 242.0, "q36": 85.0, "q37": 5.0, "q38": 221.0, "q39": 14.0, "q40": 45.0, "q41": 221.0, "q42": 233.0, "q43": 66.0, "q44": 76.0, "q45": 67.0, "q46": 244.0, "q47": 157.0, "q48": 120.0, "q49": 170.0, "q50": 174.0, "q51": 27.0, "q52": 88.0, "q53": 198.0, "q54": 178.0, "q55": 182.0, "q56": 217.0, "q57": 25.0, "q58": 131.0, "q59": 117.0, "q60": 50.0, "q61": 171.0, "q62": 157.0, "q63": 217.0}, "datetime": {"datetime": "2019-11-11 18:46:14", "elapsed": 2.578288, "delta": 0.00693}}
{"target": -0.10211931084718767, "params": {"q00": 5.0, "q01": 24.0, "q02": 23.0, "q03": 219.0, "q04": 249.0, "q05": 55.0, "q06": 202.0, "q07": 58.0, "q08": 67.0, "q09": 18.0, "q10": 8.0, "q11": 66.0, "q12": 191.0, "q13": 24.0, "q14": 77.0, "q15": 232.0, "q16": 28.0, "q17": 89.0, "q18": 46.0, "q19": 229.0, "q20": 161.0, "q21": 173.0, "q22": 94.0, "q23": 235.0, "q24": 111.0, "q25": 64.0, "q26": 40.0, "q27": 122.0, "q28": 47.0, "q29": 210.0, "q30": 235.0, "q31": 157.0, "q32": 114.0, "q33": 79.0, "q34": 41.0, "q35": 243.0, "q36": 143.0, "q37": 209.0, "q38": 117.0, "q39": 154.0, "q40": 198.0, "q41": 109.0, "q42": 172.0, "q43": 68.0, "q44": 74.0, "q45": 97.0, "q46": 72.0, "q47": 81.0, "q48": 108.0, "q49": 223.0, "q50": 94.0, "q51": 151.0, "q52": 62.0, "q53": 82.0, "q54": 15.0, "q55": 143.0, "q56": 195.0, "q57": 162.0, "q58": 80.0, "q59": 205.0, "q60": 2.0, "q61": 114.0, "q62": 227.0, "q63": 252.0}, "datetime": {"datetime": "2019-11-11 18:46:14", "elapsed": 2.585401, "delta": 0.007113}}
{"target": -0.13011242946346308, "params": {"q00": 19.0, "q01": 83.0, "q02": 49.0, "q03": 23.0, "q04": 81.0, "q05": 192.0, "q06": 37.0, "q07": 200.0, "q08": 1.0, "q09": 3.0, "q10": 3.0, "q11": 88.0, "q12": 76.0, "q13": 24.0, "q14": 23.0, "q15": 220.0, "q16": 225.0, "q17": 24.0, "q18": 107.0, "q19": 62.0, "q20": 152.0, "q21": 231.0, "q22": 232.0, "q23": 41.0, "q24": 29.0, "q25": 128.0, "q26": 97.0, "q27": 211.0, "q28": 125.0, "q29": 245.0, "q30": 250.0, "q31": 208.0, "q32": 144.0, "q33": 115.0, "q34": 246.0, "q35": 220.0, "q36": 225.0, "q37": 70.0, "q38": 161.0, "q39": 10.0, "q40": 237.0, "q41": 52.0, "q42": 244.0, "q43": 223.0, "q44": 124.0, "q45": 165.0, "q46": 252.0, "q47": 123.0, "q48": 181.0, "q49": 33.0, "q50": 96.0, "q51": 204.0, "q52": 205.0, "q53": 54.0, "q54": 253.0, "q55": 129.0, "q56": 101.0, "q57": 133.0, "q58": 48.0, "q59": 178.0, "q60": 161.0, "q61": 96.0, "q62": 142.0, "q63": 184.0}, "datetime": {"datetime": "2019-11-11 18:46:14", "elapsed": 2.592609, "delta": 0.007208}}
{"target": -0.076392877928041, "params": {"q00": 28.0, "q01": 38.0, "q02": 83.0, "q03": 16.0, "q04": 4.0, "q05": 249.0, "q06": 186.0, "q07": 119.0, "q08": 12.0, "q09": 51.0, "q10": 129.0, "q11": 116.0, "q12": 41.0, "q13": 233.0, "q14": 116.0, "q15": 234.0, "q16": 8.0, "q17": 184.0, "q18": 78.0, "q19": 33.0, "q20": 30.0, "q21": 161.0, "q22": 124.0, "q23": 247.0, "q24": 141.0, "q25": 28.0, "q26": 17.0, "q27": 162.0, "q28": 254.0, "q29": 144.0, "q30": 248.0, "q31": 124.0, "q32": 209.0, "q33": 80.0, "q34": 35.0, "q35": 103.0, "q36": 229.0, "q37": 124.0, "q38": 160.0, "q39": 60.0, "q40": 46.0, "q41": 76.0, "q42": 162.0, "q43": 203.0, "q44": 87.0, "q45": 155.0, "q46": 21.0, "q47": 104.0, "q48": 118.0, "q49": 228.0, "q50": 237.0, "q51": 117.0, "q52": 80.0, "q53": 107.0, "q54": 104.0, "q55": 126.0, "q56": 108.0, "q57": 85.0, "q58": 250.0, "q59": 231.0, "q60": 149.0, "q61": 70.0, "q62": 171.0, "q63": 215.0}, "datetime": {"datetime": "2019-11-11 18:46:14", "elapsed": 2.599986, "delta": 0.007377}}
{"target": -0.05992303263653753, "params": {"q00": 12.0, "q01": 11.0, "q02": 16.0, "q03": 140.0, "q04": 47.0, "q05": 56.0, "q06": 85.0, "q07": 226.0, "q08": 50.0, "q09": 13.0, "q10": 125.0, "q11": 48.0, "q12": 146.0, "q13": 93.0, "q14": 54.0, "q15": 247.0, "q16": 161.0, "q17": 103.0, "q18": 69.0, "q19": 25.0, "q20": 251.0, "q21": 211.0, "q22": 61.0, "q23": 97.0, "q24": 73.0, "q25": 13.0, "q26": 46.0, "q27": 40.0, "q28": 127.0, "q29": 75.0, "q30": 53.0, "q31": 88.0, "q32": 188.0, "q33": 51.0, "q34": 90.0, "q35": 50.0, "q36": 222.0, "q37": 211.0, "q38": 167.0, "q39": 105.0, "q40": 98.0, "q41": 73.0, "q42": 206.0, "q43": 204.0, "q44": 143.0, "q45": 138.0, "q46": 118.0, "q47": 172.0, "q48": 233.0, "q49": 83.0, "q50": 165.0, "q51": 236.0, "q52": 128.0, "q53": 191.0, "q54": 231.0, "q55": 53.0, "q56": 214.0, "q57": 162.0, "q58": 213.0, "q59": 216.0, "q60": 162.0, "q61": 48.0, "q62": 192.0, "q63": 208.0}, "datetime": {"datetime": "2019-11-11 18:46:14", "elapsed": 2.607151, "delta": 0.007165}}
{"target": -0.11506203139577414, "params": {"q00": 41.0, "q01": 35.0, "q02": 253.0, "q03": 100.0, "q04": 24.0, "q05": 106.0, "q06": 77.0, "q07": 238.0, "q08": 1.0, "q09": 82.0, "q10": 50.0, "q11": 145.0, "q12": 156.0, "q13": 68.0, "q14": 62.0, "q15": 134.0, "q16": 24.0, "q17": 116.0, "q18": 27.0, "q19": 137.0, "q20": 226.0, "q21": 170.0, "q22": 197.0, "q23": 217.0, "q24": 48.0, "q25": 3.0, "q26": 38.0, "q27": 17.0, "q28": 229.0, "q29": 230.0, "q30": 28.0, "q31": 21.0, "q32": 74.0, "q33": 35.0, "q34": 75.0, "q35": 140.0, "q36": 53.0, "q37": 160.0, "q38": 218.0, "q39": 99.0, "q40": 154.0, "q41": 20.0, "q42": 217.0, "q43": 55.0, "q44": 64.0, "q45": 70.0, "q46": 144.0, "q47": 55.0, "q48": 109.0, "q49": 20.0, "q50": 12.0, "q51": 49.0, "q52": 64.0, "q53": 43.0, "q54": 63.0, "q55": 77.0, "q56": 70.0, "q57": 206.0, "q58": 108.0, "q59": 149.0, "q60": 164.0, "q61": 109.0, "q62": 137.0, "q63": 131.0}, "datetime": {"datetime": "2019-11-11 18:46:14", "elapsed": 2.614397, "delta": 0.007246}}
{"target": -0.08750857754541475, "params": {"q00": 3.0, "q01": 2.0, "q02": 33.0, "q03": 212.0, "q04": 125.0, "q05": 180.0, "q06": 204.0, "q07": 179.0, "q08": 14.0, "q09": 38.0, "q10": 23.0, "q11": 35.0, "q12": 236.0, "q13": 35.0, "q14": 129.0, "q15": 190.0, "q16": 106.0, "q17": 56.0, "q18": 57.0, "q19": 156.0, "q20": 186.0, "q21": 69.0, "q22": 146.0, "q23": 78.0, "q24": 10.0, "q25": 215.0, "q26": 24.0, "q27": 157.0, "q28": 114.0, "q29": 198.0, "q30": 86.0, "q31": 50.0, "q32": 154.0, "q33": 192.0, "q34": 224.0, "q35": 160.0, "q36": 64.0, "q37": 220.0, "q38": 225.0, "q39": 101.0, "q40": 4.0, "q41": 93.0, "q42": 8.0, "q43": 196.0, "q44": 198.0, "q45": 199.0, "q46": 147.0, "q47": 242.0, "q48": 178.0, "q49": 151.0, "q50": 118.0, "q51": 172.0, "q52": 244.0, "q53": 249.0, "q54": 121.0, "q55": 138.0, "q56": 156.0, "q57": 120.0, "q58": 167.0, "q59": 41.0, "q60": 254.0, "q61": 209.0, "q62": 248.0, "q63": 96.0}, "datetime": {"datetime": "2019-11-11 18:46:14", "elapsed": 2.621242, "delta": 0.006845}}
{"target": -0.08996043068437237, "params": {"q00": 6.0, "q01": 1.0, "q02": 3.0, "q03": 48.0, "q04": 217.0, "q05": 236.0, "q06": 107.0, "q07": 104.0, "q08": 10.0, "q09": 77.0, "q10": 40.0, "q11": 33.0, "q12": 228.0, "q13": 36.0, "q14": 77.0, "q15": 233.0, "q16": 14.0, "q17": 49.0, "q18": 24.0, "q19": 56.0, "q20": 108.0, "q21": 79.0, "q22": 240.0, "q23": 61.0, "q24": 168.0, "q25": 127.0, "q26": 211.0, "q27": 109.0, "q28": 213.0, "q29": 209.0, "q30": 78.0, "q31": 208.0, "q32": 182.0, "q33": 74.0, "q34": 142.0, "q35": 215.0, "q36": 140.0, "q37": 208.0, "q38": 149.0, "q39": 185.0, "q40": 116.0, "q41": 246.0, "q42": 91.0, "q43": 203.0, "q44": 246.0, "q45": 51.0, "q46": 163.0, "q47": 101.0, "q48": 17.0, "q49": 195.0, "q50": 218.0, "q51": 158.0, "q52": 16.0, "q53": 159.0, "q54": 234.0, "q55": 9.0, "q56": 90.0, "q57": 43.0, "q58": 66.0, "q59": 106.0, "q60": 237.0, "q61": 141.0, "q62": 235.0, "q63": 86.0}, "datetime": {"datetime": "2019-11-11 18:46:14", "elapsed": 2.627833, "delta": 0.006591}}
{"target": -0.08341405799424384, "params": {"q00": 15.0, "q01": 100.0, "q02": 114.0, "q03": 131.0, "q04": 29.0, "q05": 244.0, "q06": 210.0, "q07": 197.0, "q08": 16.0, "q09": 37.0, "q10": 106.0, "q11": 22.0, "q12": 183.0, "q13": 36.0, "q14": 97.0, "q15": 191.0, "q16": 44.0, "q17": 107.0, "q18": 14.0, "q19": 182.0, "q20": 162.0, "q21": 128.0, "q22": 245.0, "q23": 244.0, "q24": 194.0, "q25": 224.0, "q26": 248.0, "q27": 49.0, "q28": 247.0, "q29": 36.0, "q30": 148.0, "q31": 250.0, "q32": 79.0, "q33": 90.0, "q34": 34.0, "q35": 116.0, "q36": 231.0, "q37": 197.0, "q38": 201.0, "q39": 47.0, "q40": 113.0, "q41": 169.0, "q42": 249.0, "q43": 250.0, "q44": 99.0, "q45": 224.0, "q46": 193.0, "q47": 86.0, "q48": 177.0, "q49": 201.0, "q50": 192.0, "q51": 200.0, "q52": 54.0, "q53": 221.0, "q54": 129.0, "q55": 205.0, "q56": 164.0, "q57": 227.0, "q58": 225.0, "q59": 252.0, "q60": 189.0, "q61": 57.0, "q62": 155.0, "q63": 203.0}, "datetime": {"datetime": "2019-11-11 18:46:14", "elapsed": 2.634572, "delta": 0.006739}}
{"target": -0.11132143848212223, "params": {"q00": 68.0, "q01": 18.0, "q02": 16.0, "q03": 76.0, "q04": 46.0, "q05": 176.0, "q06": 79.0, "q07": 142.0, "q08": 57.0, "q09": 41.0, "q10": 6.0, "q11": 130.0, "q12": 6.0, "q13": 39.0, "q14": 93.0, "q15": 145.0, "q16": 1.0, "q17": 127.0, "q18": 24.0, "q19": 17.0, "q20": 21.0, "q21": 4.0, "q22": 86.0, "q23": 124.0, "q24": 43.0, "q25": 78.0, "q26": 145.0, "q27": 105.0, "q28": 125.0, "q29": 248.0, "q30": 97.0, "q31": 19.0, "q32": 98.0, "q33": 232.0, "q34": 250.0, "q35": 5.0, "q36": 218.0, "q37": 179.0, "q38": 76.0, "q39": 98.0, "q40": 182.0, "q41": 8.0, "q42": 187.0, "q43": 129.0, "q44": 138.0, "q45": 24.0, "q46": 163.0, "q47": 145.0, "q48": 171.0, "q49": 202.0, "q50": 204.0, "q51": 206.0, "q52": 126.0, "q53": 76.0, "q54": 160.0, "q55": 143.0, "q56": 151.0, "q57": 130.0, "q58": 247.0, "q59": 183.0, "q60": 77.0, "q61": 195.0, "q62": 176.0, "q63": 246.0}, "datetime": {"datetime": "2019-11-11 18:46:14", "elapsed": 2.641356, "delta": 0.006784}}
{"target": -0.14130240062785981, "params": {"q00": 15.0, "q01": 3.0, "q02": 49.0, "q03": 120.0, "q04": 216.0, "q05": 134.0, "q06": 126.0, "q07": 74.0, "q08": 42.0, "q09": 27.0, "q10": 167.0, "q11": 11.0, "q12": 100.0, "q13": 148.0, "q14": 93.0, "q15": 201.0, "q16": 121.0, "q17": 86.0, "q18": 146.0, "q19": 49.0, "q20": 158.0, "q21": 143.0, "q22": 194.0, "q23": 148.0, "q24": 212.0, "q25": 37.0, "q26": 47.0, "q27": 103.0, "q28": 171.0, "q29": 194.0, "q30": 108.0, "q31": 227.0, "q32": 236.0, "q33": 239.0, "q34": 247.0, "q35": 124.0, "q36": 199.0, "q37": 233.0, "q38": 252.0, "q39": 80.0, "q40": 184.0, "q41": 221.0, "q42": 177.0, "q43": 248.0, "q44": 147.0, "q45": 204.0, "q46": 150.0, "q47": 189.0, "q48": 184.0, "q49": 187.0, "q50": 212.0, "q51": 74.0, "q52": 181.0, "q53": 1.0, "q54": 190.0, "q55": 208.0, "q56": 249.0, "q57": 188.0, "q58": 41.0, "q59": 170.0, "q60": 160.0, "q61": 210.0, "q62": 8.0, "q63": 215.0}, "datetime": {"datetime": "2019-11-11 18:46:14", "elapsed": 2.648019, "delta": 0.006663}}
{"target": -0.11795563582908403, "params": {"q00": 10.0, "q01": 10.0, "q02": 216.0, "q03": 227.0, "q04": 214.0, "q05": 58.0, "q06": 203.0, "q07": 37.0, "q08": 70.0, "q09": 7.0, "q10": 39.0, "q11": 45.0, "q12": 160.0, "q13": 73.0, "q14": 223.0, "q15": 213.0, "q16": 83.0, "q17": 150.0, "q18": 68.0, "q19": 103.0, "q20": 192.0, "q21": 163.0, "q22": 143.0, "q23": 185.0, "q24": 59.0, "q25": 53.0, "q26": 96.0, "q27": 94.0, "q28": 235.0, "q29": 100.0, "q30": 5.0, "q31": 238.0, "q32": 252.0, "q33": 39.0, "q34": 44.0, "q35": 15.0, "q36": 211.0, "q37": 162.0, "q38": 73.0, "q39": 120.0, "q40": 57.0, "q41": 146.0, "q42": 178.0, "q43": 61.0, "q44": 55.0, "q45": 210.0, "q46": 102.0, "q47": 117.0, "q48": 185.0, "q49": 207.0, "q50": 163.0, "q51": 118.0, "q52": 147.0, "q53": 204.0, "q54": 76.0, "q55": 216.0, "q56": 244.0, "q57": 95.0, "q58": 36.0, "q59": 241.0, "q60": 245.0, "q61": 162.0, "q62": 186.0, "q63": 209.0}, "datetime": {"datetime": "2019-11-11 18:46:14", "elapsed": 2.654708, "delta": 0.006689}}
{"target": -0.10444957742813998, "params": {"q00": 24.0, "q01": 11.0, "q02": 54.0, "q03": 40.0, "q04": 135.0, "q05": 209.0, "q06": 158.0, "q07": 65.0, "q08": 31.0, "q09": 8.0, "q10": 62.0, "q11": 129.0, "q12": 241.0, "q13": 206.0, "q14": 253.0, "q15": 129.0, "q16": 141.0, "q17": 90.0, "q18": 53.0, "q19": 37.0, "q20": 84.0, "q21": 219.0, "q22": 247.0, "q23": 16.0, "q24": 63.0, "q25": 152.0, "q26": 73.0, "q27": 204.0, "q28": 121.0, "q29": 202.0, "q30": 82.0, "q31": 95.0, "q32": 149.0, "q33": 82.0, "q34": 233.0, "q35": 38.0, "q36": 177.0, "q37": 170.0, "q38": 119.0, "q39": 224.0, "q40": 244.0, "q41": 80.0, "q42": 55.0, "q43": 13.0, "q44": 5.0, "q45": 60.0, "q46": 91.0, "q47": 252.0, "q48": 11.0, "q49": 243.0, "q50": 9.0, "q51": 151.0, "q52": 4.0, "q53": 28.0, "q54": 142.0, "q55": 85.0, "q56": 169.0, "q57": 50.0, "q58": 131.0, "q59": 135.0, "q60": 127.0, "q61": 8.0, "q62": 170.0, "q63": 159.0}, "datetime": {"datetime": "2019-11-11 18:46:14", "elapsed": 2.662261, "delta": 0.007553}}
