{"target": -0.3156594766014304, "params": {"q00": 38.0, "q01": 236.0, "q02": 141.0, "q03": 73.0, "q04": 138.0, "q05": 204.0, "q06": 134.0, "q07": 80.0, "q08": 193.0, "q09": 145.0, "q10": 130.0, "q11": 205.0, "q12": 72.0, "q13": 238.0, "q14": 253.0, "q15": 135.0, "q16": 26.0, "q17": 179.0, "q18": 21.0, "q19": 102.0, "q20": 147.0, "q21": 213.0, "q22": 140.0, "q23": 253.0, "q24": 235.0, "q25": 157.0, "q26": 158.0, "q27": 143.0, "q28": 51.0, "q29": 69.0, "q30": 216.0, "q31": 216.0, "q32": 234.0, "q33": 242.0, "q34": 248.0, "q35": 223.0, "q36": 97.0, "q37": 87.0, "q38": 142.0, "q39": 234.0, "q40": 138.0, "q41": 8.0, "q42": 64.0, "q43": 62.0, "q44": 23.0, "q45": 58.0, "q46": 2.0, "q47": 129.0, "q48": 61.0, "q49": 210.0, "q50": 9.0, "q51": 217.0, "q52": 142.0, "q53": 116.0, "q54": 176.0, "q55": 235.0, "q56": 122.0, "q57": 201.0, "q58": 31.0, "q59": 72.0, "q60": 132.0, "q61": 199.0, "q62": 150.0, "q63": 50.0}, "datetime": {"datetime": "2019-11-11 18:46:15", "elapsed": 3.340288, "delta": 0.007873}}
{"target": -0.3558595261234613, "params": {"q00": 150.0, "q01": 195.0, "q02": 64.0, "q03": 55.0, "q04": 107.0, "q05": 226.0, "q06": 81.0, "q07": 65.0, "q08": 167.0, "q09": 11.0, "q10": 37.0, "q11": 181.0, "q12": 41.0, "q13": 180.0, "q14": 145.0, "q15": 187.0, "q16": 223.0, "q17": 219.0, "q18": 176.0, "q19": 120.0, "q20": 2.0, "q21": 127.0, "q22": 147.0, "q23": 66.0, "q24": 131.0, "q25": 230.0, "q26": 117.0, "q27": 197.0, "q28": 17.0, "q29": 89.0, "q30": 39.0, "q31": 191.0, "q32": 48.0, "q33": 229.0, "q34": 88.0, "q35": 233.0, "q36": 193.0, "q37": 170.0, "q38": 129.0, "q39": 197.0, "q40": 118.0, "q41": 13.0, "q42": 30.0, "q43": 176.0, "q44": 31.0, "q45": 222.0, "q46": 84.0, "q47": 107.0, "q48": 146.0, "q49": 59.0, "q50": 245.0, "q51": 120.0, "q52": 195.0, "q53": 68.0, "q54": 29.0, "q55": 194.0, "q56": 104.0, "q57": 73.0, "q58": 209.0, "q59": 165.0, "q60": 226.0, "q61": 50.0, "q62": 213.0, "q63": 25.0}, "datetime": {"datetime": "2019-11-11 18:46:15", "elapsed": 3.347851, "delta": 0.007563}}
{"target": -0.4006430684287951, "params": {"q00": 193.0, "q01": 206.0, "q02": 224.0, "q03": 188.0, "q04": 249.0, "q05": 56.0, "q06": 125.0, "q07": 212.0, "q08": 64.0, "q09": 236.0, "q10": 141.0, "q11": 125.0, "q12": 143.0, "q13": 44.0, "q14": 36.0, "q15": 127.0, "q16": 29.0, "q17": 78.0, "q18": 85.0, "q19": 176.0, "q20": 235.0, "q21": 203.0, "q22": 91.0, "q23": 74.0, "q24": 56.0, "q25": 79.0, "q26": 198.0, "q27": 85.0, "q28": 234.0, "q29": 157.0, "q30": 100.0, "q31": 171.0, "q32": 246.0, "q33": 50.0, "q34": 230.0, "q35": 45.0, "q36": 211.0, "q37": 242.0, "q38": 194.0, "q39": 132.0, "q40": 200.0, "q41": 233.0, "q42": 8.0, "q43": 1.0, "q44": 144.0, "q45": 32.0, "q46": 101.0, "q47": 239.0, "q48": 71.0, "q49": 131.0, "q50": 8.0, "q51": 238.0, "q52": 11.0, "q53": 21.0, "q54": 228.0, "q55": 113.0, "q56": 42.0, "q57": 93.0, "q58": 35.0, "q59": 47.0, "q60": 132.0, "q61": 47.0, "q62": 95.0, "q63": 247.0}, "datetime": {"datetime": "2019-11-11 18:46:15", "elapsed": 3.355678, "delta": 0.007827}}
{"target": -0.4072228746697417, "params": {"q00": 135.0, "q01": 96.0, "q02": 237.0, "q03": 123.0, "q04": 63.0, "q05": 103.0, "q06": 77.0, "q07": 5.0, "q08": 201.0, "q09": 153.0, "q10": 162.0, "q11": 175.0, "q12": 248.0, "q13": 92.0, "q14": 46.0, "q15": 178.0, "q16": 218.0, "q17": 210.0, "q18": 64.0, "q19": 128.0, "q20": 110.0, "q21": 197.0, "q22": 6.0, "q23": 7.0, "q24": 47.0, "q25": 232.0, "q26": 203.0, "q27": 146.0, "q28": 240.0, "q29": 144.0, "q30": 4.0, "q31": 189.0, "q32": 39.0, "q33": 210.0, "q34": 179.0, "q35": 233.0, "q36": 132.0, "q37": 152.0, "q38": 10.0, "q39": 57.0, "q40": 92.0, "q41": 116.0, "q42": 229.0, "q43": 126.0, "q44": 186.0, "q45": 85.0, "q46": 226.0, "q47": 223.0, "q48": 143.0, "q49": 9.0, "q50": 105.0, "q51": 143.0, "q52": 70.0, "q53": 208.0, "q54": 3.0, "q55": 164.0, "q56": 143.0, "q57": 207.0, "q58": 245.0, "q59": 253.0, "q60": 207.0, "q61": 193.0, "q62": 221.0, "q63": 195.0}, "datetime": {"datetime": "2019-11-11 18:46:15", "elapsed": 3.36408, "delta": 0.008402}}
{"target": -0.11733679892313792, "params": {"q00": 3.0, "q01": 7.0, "q02": 60.0, "q03": 100.0, "q04": 2.0, "q05": 85.0, "q06": 78.0, "q07": 160.0, "q08": 42.0, "q09": 41.0, "q10": 5.0, "q11": 155.0, "q12": 78.0, "q13": 4.0, "q14": 254.0, "q15": 243.0, "q16": 8.0, "q17": 128.0, "q18": 52.0, "q19": 76.0, "q20": 240.0, "q21": 108.0, "q22": 240.0, "q23": 223.0, "q24": 220.0, "q25": 235.0, "q26": 50.0, "q27": 146.0, "q28": 148.0, "q29": 10.0, "q30": 71.0, "q31": 134.0, "q32": 142.0, "q33": 244.0, "q34": 41.0, "q35": 37.0, "q36": 241.0, "q37": 28.0, "q38": 177.0, "q39": 16.0, "q40": 108.0, "q41": 11.0, "q42": 230.0, "q43": 3.0, "q44": 155.0, "q45": 196.0, "q46": 39.0, "q47": 186.0, "q48": 245.0, "q49": 166.0, "q50": 254.0, "q51": 108.0, "q52": 80.0, "q53": 150.0, "q54": 155.0, "q55": 59.0, "q56": 232.0, "q57": 110.0, "q58": 135.0, "q59": 52.0, "q60": 17.0, "q61": 76.0, "q62": 8.0, "q63": 63.0}, "datetime": {"datetime": "2019-11-11 18:46:15", "elapsed": 3.37235, "delta": 0.00827}}
{"target": -0.12513852206663595, "params": {"q00": 4.0, "q01": 17.0, "q02": 78.0, "q03": 238.0, "q04": 89.0, "q05": 226.0, "q06": 52.0, "q07": 99.0, "q08": 11.0, "q09": 4.0, "q10": 196.0, "q11": 28.0, "q12": 45.0, "q13": 57.0, "q14": 184.0, "q15": 170.0, "q16": 40.0, "q17": 36.0, "q18": 119.0, "q19": 102.0, "q20": 47.0, "q21": 234.0, "q22": 151.0, "q23": 218.0, "q24": 193.0, "q25": 172.0, "q26": 114.0, "q27": 17.0, "q28": 174.0, "q29": 168.0, "q30": 21.0, "q31": 1.0, "q32": 245.0, "q33": 19.0, "q34": 178.0, "q35": 8.0, "q36": 193.0, "q37": 16.0, "q38": 189.0, "q39": 106.0, "q40": 254.0, "q41": 211.0, "q42": 83.0, "q43": 49.0, "q44": 123.0, "q45": 75.0, "q46": 183.0, "q47": 80.0, "q48": 101.0, "q49": 128.0, "q50": 83.0, "q51": 173.0, "q52": 188.0, "q53": 219.0, "q54": 145.0, "q55": 74.0, "q56": 244.0, "q57": 116.0, "q58": 96.0, "q59": 185.0, "q60": 235.0, "q61": 51.0, "q62": 33.0, "q63": 221.0}, "datetime": {"datetime": "2019-11-11 18:46:15", "elapsed": 3.380708, "delta": 0.008358}}
{"target": -0.0844551429626903, "params": {"q00": 12.0, "q01": 3.0, "q02": 121.0, "q03": 85.0, "q04": 104.0, "q05": 6.0, "q06": 208.0, "q07": 141.0, "q08": 29.0, "q09": 3.0, "q10": 9.0, "q11": 73.0, "q12": 95.0, "q13": 40.0, "q14": 237.0, "q15": 71.0, "q16": 10.0, "q17": 33.0, "q18": 147.0, "q19": 54.0, "q20": 253.0, "q21": 185.0, "q22": 152.0, "q23": 205.0, "q24": 127.0, "q25": 14.0, "q26": 215.0, "q27": 144.0, "q28": 17.0, "q29": 227.0, "q30": 22.0, "q31": 223.0, "q32": 116.0, "q33": 217.0, "q34": 82.0, "q35": 16.0, "q36": 190.0, "q37": 85.0, "q38": 198.0, "q39": 188.0, "q40": 246.0, "q41": 155.0, "q42": 230.0, "q43": 243.0, "q44": 215.0, "q45": 144.0, "q46": 196.0, "q47": 127.0, "q48": 20.0, "q49": 168.0, "q50": 236.0, "q51": 171.0, "q52": 252.0, "q53": 151.0, "q54": 234.0, "q55": 198.0, "q56": 65.0, "q57": 7.0, "q58": 180.0, "q59": 99.0, "q60": 215.0, "q61": 161.0, "q62": 119.0, "q63": 150.0}, "datetime": {"datetime": "2019-11-11 18:46:15", "elapsed": 3.389266, "delta": 0.008558}}
{"target": -0.09388335354350874, "params": {"q00": 2.0, "q01": 13.0, "q02": 32.0, "q03": 237.0, "q04": 106.0, "q05": 1.0, "q06": 221.0, "q07": 225.0, "q08": 27.0, "q09": 14.0, "q10": 10.0, "q11": 106.0, "q12": 133.0, "q13": 207.0, "q14": 219.0, "q15": 238.0, "q16": 6.0, "q17": 156.0, "q18": 95.0, "q19": 14.0, "q20": 41.0, "q21": 163.0, "q22": 11.0, "q23": 32.0, "q24": 58.0, "q25": 46.0, "q26": 36.0, "q27": 92.0, "q28": 2.0, "q29": 247.0, "q30": 118.0, "q31": 24.0, "q32": 171.0, "q33": 150.0, "q34": 74.0, "q35": 180.0, "q36": 101.0, "q37": 227.0, "q38": 121.0, "q39": 161.0, "q40": 225.0, "q41": 202.0, "q42": 226.0, "q43": 157.0, "q44": 85.0, "q45": 177.0, "q46": 222.0, "q47": 213.0, "q48": 65.0, "q49": 253.0, "q50": 101.0, "q51": 211.0, "q52": 218.0, "q53": 57.0, "q54": 234.0, "q55": 230.0, "q56": 245.0, "q57": 35.0, "q58": 249.0, "q59": 16.0, "q60": 223.0, "q61": 93.0, "q62": 177.0, "q63": 218.0}, "datetime": {"datetime": "2019-11-11 18:46:15", "elapsed": 3.397672, "delta": 0.008406}}
{"target": -0.07908236565925697, "params": {"q00": 10.0, "q01": 56.0, "q02": 39.0, "q03": 5.0, "q04": 247.0, "q05": 119.0, "q06": 42.0, "q07": 98.0, "q08": 17.0, "q09": 89.0, "q10": 74.0, "q11": 2.0, "q12": 112.0, "q13": 55.0, "q14": 151.0, "q15": 13.0, "q16": 42.0, "q17": 32.0, "q18": 6.0, "q19": 181.0, "q20": 82.0, "q21": 160.0, "q22": 152.0, "q23": 251.0, "q24": 8.0, "q25": 28.0, "q26": 135.0, "q27": 79.0, "q28": 17.0, "q29": 75.0, "q30": 118.0, "q31": 195.0, "q32": 61.0, "q33": 173.0, "q34": 58.0, "q35": 80.0, "q36": 193.0, "q37": 141.0, "q38": 192.0, "q39": 100.0, "q40": 237.0, "q41": 106.0, "q42": 83.0, "q43": 246.0, "q44": 253.0, "q45": 24.0, "q46": 233.0, "q47": 96.0, "q48": 115.0, "q49": 74.0, "q50": 170.0, "q51": 160.0, "q52": 114.0, "q53": 163.0, "q54": 200.0, "q55": 157.0, "q56": 218.0, "q57": 216.0, "q58": 73.0, "q59": 163.0, "q60": 126.0, "q61": 156.0, "q62": 151.0, "q63": 150.0}, "datetime": {"datetime": "2019-11-11 18:46:15", "elapsed": 3.405976, "delta": 0.008304}}
{"target": -0.09384103406115574, "params": {"q00": 12.0, "q01": 6.0, "q02": 165.0, "q03": 132.0, "q04": 89.0, "q05": 166.0, "q06": 147.0, "q07": 154.0, "q08": 13.0, "q09": 13.0, "q10": 8.0, "q11": 29.0, "q12": 8.0, "q13": 166.0, "q14": 22.0, "q15": 208.0, "q16": 72.0, "q17": 4.0, "q18": 67.0, "q19": 253.0, "q20": 185.0, "q21": 154.0, "q22": 47.0, "q23": 126.0, "q24": 51.0, "q25": 140.0, "q26": 89.0, "q27": 16.0, "q28": 197.0, "q29": 25.0, "q30": 140.0, "q31": 167.0, "q32": 92.0, "q33": 221.0, "q34": 8.0, "q35": 231.0, "q36": 138.0, "q37": 188.0, "q38": 108.0, "q39": 114.0, "q40": 57.0, "q41": 11.0, "q42": 19.0, "q43": 66.0, "q44": 10.0, "q45": 73.0, "q46": 224.0, "q47": 141.0, "q48": 118.0, "q49": 252.0, "q50": 88.0, "q51": 52.0, "q52": 5.0, "q53": 90.0, "q54": 153.0, "q55": 178.0, "q56": 164.0, "q57": 147.0, "q58": 8.0, "q59": 52.0, "q60": 36.0, "q61": 196.0, "q62": 141.0, "q63": 147.0}, "datetime": {"datetime": "2019-11-11 18:46:15", "elapsed": 3.41444, "delta": 0.008464}}
{"target": -0.08421616785220382, "params": {"q00": 11.0, "q01": 20.0, "q02": 26.0, "q03": 22.0, "q04": 174.0, "q05": 178.0, "q06": 71.0, "q07": 176.0, "q08": 10.0, "q09": 87.0, "q10": 29.0, "q11": 66.0, "q12": 178.0, "q13": 85.0, "q14": 82.0, "q15": 111.0, "q16": 26.0, "q17": 83.0, "q18": 3.0, "q19": 136.0, "q20": 145.0, "q21": 103.0, "q22": 185.0, "q23": 215.0, "q24": 234.0, "q25": 55.0, "q26": 227.0, "q27": 202.0, "q28": 215.0, "q29": 78.0, "q30": 152.0, "q31": 59.0, "q32": 111.0, "q33": 14.0, "q34": 109.0, "q35": 220.0, "q36": 32.0, "q37": 236.0, "q38": 84.0, "q39": 138.0, "q40": 149.0, "q41": 26.0, "q42": 192.0, "q43": 185.0, "q44": 149.0, "q45": 88.0, "q46": 188.0, "q47": 188.0, "q48": 169.0, "q49": 7.0, "q50": 138.0, "q51": 237.0, "q52": 112.0, "q53": 48.0, "q54": 179.0, "q55": 251.0, "q56": 117.0, "q57": 222.0, "q58": 180.0, "q59": 200.0, "q60": 114.0, "q61": 183.0, "q62": 243.0, "q63": 70.0}, "datetime": {"datetime": "2019-11-11 18:46:15", "elapsed": 3.423371, "delta": 0.008931}}
{"target": -0.11976396295965136, "params": {"q00": 1.0, "q01": 9.0, "q02": 6.0, "q03": 125.0, "q04": 82.0, "q05": 237.0, "q06": 228.0, "q07": 25.0, "q08": 14.0, "q09": 97.0, "q10": 4.0, "q11": 7.0, "q12": 70.0, "q13": 216.0, "q14": 250.0, "q15": 106.0, "q16": 158.0, "q17": 87.0, "q18": 12.0, "q19": 151.0, "q20": 71.0, "q21": 176.0, "q22": 60.0, "q23": 182.0, "q24": 113.0, "q25": 239.0, "q26": 225.0, "q27": 19.0, "q28": 134.0, "q29": 146.0, "q30": 112.0, "q31": 64.0, "q32": 250.0, "q33": 46.0, "q34": 222.0, "q35": 47.0, "q36": 25.0, "q37": 40.0, "q38": 59.0, "q39": 63.0, "q40": 64.0, "q41": 208.0, "q42": 19.0, "q43": 48.0, "q44": 44.0, "q45": 180.0, "q46": 105.0, "q47": 5.0, "q48": 201.0, "q49": 133.0, "q50": 250.0, "q51": 125.0, "q52": 109.0, "q53": 3.0, "q54": 3.0, "q55": 122.0, "q56": 173.0, "q57": 247.0, "q58": 240.0, "q59": 107.0, "q60": 38.0, "q61": 170.0, "q62": 132.0, "q63": 116.0}, "datetime": {"datetime": "2019-11-11 18:46:15", "elapsed": 3.431622, "delta": 0.008251}}
{"target": -0.11509871310338016, "params": {"q00": 2.0, "q01": 11.0, "q02": 145.0, "q03": 21.0, "q04": 184.0, "q05": 124.0, "q06": 14.0, "q07": 183.0, "q08": 9.0, "q09": 12.0, "q10": 200.0, "q11": 47.0, "q12": 205.0, "q13": 197.0, "q14": 109.0, "q15": 56.0, "q16": 139.0, "q17": 53.0, "q18": 21.0, "q19": 76.0, "q20": 226.0, "q21": 22.0, "q22": 220.0, "q23": 221.0, "q24": 54.0, "q25": 137.0, "q26": 211.0, "q27": 24.0, "q28": 150.0, "q29": 2.0, "q30": 8.0, "q31": 200.0, "q32": 30.0, "q33": 19.0, "q34": 146.0, "q35": 94.0, "q36": 36.0, "q37": 180.0, "q38": 25.0, "q39": 138.0, "q40": 176.0, "q41": 130.0, "q42": 46.0, "q43": 171.0, "q44": 212.0, "q45": 96.0, "q46": 132.0, "q47": 29.0, "q48": 186.0, "q49": 75.0, "q50": 153.0, "q51": 11.0, "q52": 112.0, "q53": 161.0, "q54": 146.0, "q55": 154.0, "q56": 20.0, "q57": 232.0, "q58": 252.0, "q59": 241.0, "q60": 43.0, "q61": 248.0, "q62": 208.0, "q63": 185.0}, "datetime": {"datetime": "2019-11-11 18:46:15", "elapsed": 3.439812, "delta": 0.00819}}
{"target": -0.07544365999815711, "params": {"q00": 26.0, "q01": 33.0, "q02": 96.0, "q03": 185.0, "q04": 151.0, "q05": 92.0, "q06": 200.0, "q07": 187.0, "q08": 34.0, "q09": 10.0, "q10": 92.0, "q11": 61.0, "q12": 15.0, "q13": 19.0, "q14": 175.0, "q15": 92.0, "q16": 26.0, "q17": 5.0, "q18": 19.0, "q19": 165.0, "q20": 140.0, "q21": 239.0, "q22": 214.0, "q23": 254.0, "q24": 206.0, "q25": 53.0, "q26": 91.0, "q27": 75.0, "q28": 218.0, "q29": 241.0, "q30": 143.0, "q31": 103.0, "q32": 173.0, "q33": 188.0, "q34": 191.0, "q35": 155.0, "q36": 99.0, "q37": 105.0, "q38": 167.0, "q39": 36.0, "q40": 125.0, "q41": 184.0, "q42": 67.0, "q43": 104.0, "q44": 146.0, "q45": 47.0, "q46": 240.0, "q47": 212.0, "q48": 62.0, "q49": 88.0, "q50": 118.0, "q51": 97.0, "q52": 153.0, "q53": 108.0, "q54": 173.0, "q55": 167.0, "q56": 211.0, "q57": 20.0, "q58": 63.0, "q59": 20.0, "q60": 31.0, "q61": 203.0, "q62": 228.0, "q63": 179.0}, "datetime": {"datetime": "2019-11-11 18:46:15", "elapsed": 3.447804, "delta": 0.007992}}
