{"target": -0.12201867587263071, "params": {"q00": 68.0, "q01": 1.0, "q02": 107.0, "q03": 195.0, "q04": 140.0, "q05": 163.0, "q06": 137.0, "q07": 182.0, "q08": 24.0, "q09": 21.0, "q10": 61.0, "q11": 45.0, "q12": 243.0, "q13": 243.0, "q14": 218.0, "q15": 190.0, "q16": 44.0, "q17": 71.0, "q18": 3.0, "q19": 168.0, "q20": 11.0, "q21": 190.0, "q22": 164.0, "q23": 239.0, "q24": 233.0, "q25": 73.0, "q26": 146.0, "q27": 71.0, "q28": 234.0, "q29": 106.0, "q30": 176.0, "q31": 103.0, "q32": 59.0, "q33": 182.0, "q34": 131.0, "q35": 202.0, "q36": 253.0, "q37": 185.0, "q38": 114.0, "q39": 122.0, "q40": 174.0, "q41": 153.0, "q42": 110.0, "q43": 52.0, "q44": 227.0, "q45": 176.0, "q46": 232.0, "q47": 184.0, "q48": 236.0, "q49": 73.0, "q50": 80.0, "q51": 179.0, "q52": 235.0, "q53": 232.0, "q54": 134.0, "q55": 214.0, "q56": 247.0, "q57": 192.0, "q58": 86.0, "q59": 236.0, "q60": 82.0, "q61": 220.0, "q62": 88.0, "q63": 18.0}, "datetime": {"datetime": "2019-11-11 18:46:13", "elapsed": 0.985987, "delta": 0.005536}}
{"target": -0.13275938715776286, "params": {"q00": 88.0, "q01": 22.0, "q02": 73.0, "q03": 57.0, "q04": 206.0, "q05": 102.0, "q06": 56.0, "q07": 202.0, "q08": 30.0, "q09": 20.0, "q10": 77.0, "q11": 43.0, "q12": 61.0, "q13": 74.0, "q14": 231.0, "q15": 63.0, "q16": 28.0, "q17": 18.0, "q18": 159.0, "q19": 78.0, "q20": 20.0, "q21": 204.0, "q22": 144.0, "q23": 202.0, "q24": 43.0, "q25": 205.0, "q26": 136.0, "q27": 172.0, "q28": 219.0, "q29": 202.0, "q30": 198.0, "q31": 107.0, "q32": 209.0, "q33": 190.0, "q34": 36.0, "q35": 254.0, "q36": 246.0, "q37": 186.0, "q38": 104.0, "q39": 23.0, "q40": 29.0, "q41": 210.0, "q42": 211.0, "q43": 235.0, "q44": 117.0, "q45": 201.0, "q46": 190.0, "q47": 174.0, "q48": 149.0, "q49": 2.0, "q50": 183.0, "q51": 73.0, "q52": 52.0, "q53": 207.0, "q54": 228.0, "q55": 241.0, "q56": 244.0, "q57": 124.0, "q58": 172.0, "q59": 231.0, "q60": 151.0, "q61": 157.0, "q62": 124.0, "q63": 104.0}, "datetime": {"datetime": "2019-11-11 18:46:13", "elapsed": 0.991636, "delta": 0.005649}}
{"target": -0.08642800654625776, "params": {"q00": 4.0, "q01": 3.0, "q02": 175.0, "q03": 171.0, "q04": 234.0, "q05": 101.0, "q06": 217.0, "q07": 136.0, "q08": 21.0, "q09": 18.0, "q10": 40.0, "q11": 18.0, "q12": 52.0, "q13": 169.0, "q14": 168.0, "q15": 197.0, "q16": 75.0, "q17": 61.0, "q18": 78.0, "q19": 242.0, "q20": 132.0, "q21": 67.0, "q22": 11.0, "q23": 226.0, "q24": 196.0, "q25": 50.0, "q26": 63.0, "q27": 88.0, "q28": 201.0, "q29": 129.0, "q30": 182.0, "q31": 251.0, "q32": 166.0, "q33": 110.0, "q34": 99.0, "q35": 188.0, "q36": 72.0, "q37": 31.0, "q38": 129.0, "q39": 54.0, "q40": 79.0, "q41": 213.0, "q42": 172.0, "q43": 186.0, "q44": 16.0, "q45": 239.0, "q46": 224.0, "q47": 241.0, "q48": 139.0, "q49": 31.0, "q50": 52.0, "q51": 33.0, "q52": 144.0, "q53": 28.0, "q54": 184.0, "q55": 229.0, "q56": 132.0, "q57": 151.0, "q58": 161.0, "q59": 15.0, "q60": 181.0, "q61": 159.0, "q62": 210.0, "q63": 90.0}, "datetime": {"datetime": "2019-11-11 18:46:13", "elapsed": 0.997083, "delta": 0.005447}}
{"target": -0.12449363484075271, "params": {"q00": 30.0, "q01": 4.0, "q02": 116.0, "q03": 86.0, "q04": 71.0, "q05": 100.0, "q06": 7.0, "q07": 102.0, "q08": 6.0, "q09": 10.0, "q10": 141.0, "q11": 5.0, "q12": 236.0, "q13": 134.0, "q14": 12.0, "q15": 152.0, "q16": 173.0, "q17": 28.0, "q18": 135.0, "q19": 240.0, "q20": 154.0, "q21": 50.0, "q22": 78.0, "q23": 126.0, "q24": 124.0, "q25": 15.0, "q26": 188.0, "q27": 143.0, "q28": 45.0, "q29": 107.0, "q30": 231.0, "q31": 183.0, "q32": 120.0, "q33": 218.0, "q34": 142.0, "q35": 65.0, "q36": 7.0, "q37": 234.0, "q38": 175.0, "q39": 84.0, "q40": 50.0, "q41": 37.0, "q42": 233.0, "q43": 70.0, "q44": 242.0, "q45": 180.0, "q46": 254.0, "q47": 126.0, "q48": 68.0, "q49": 161.0, "q50": 54.0, "q51": 227.0, "q52": 102.0, "q53": 200.0, "q54": 113.0, "q55": 30.0, "q56": 74.0, "q57": 165.0, "q58": 137.0, "q59": 217.0, "q60": 244.0, "q61": 252.0, "q62": 229.0, "q63": 141.0}, "datetime": {"datetime": "2019-11-11 18:46:13", "elapsed": 1.002489, "delta": 0.005406}}
{"target": -0.11605094438147795, "params": {"q00": 21.0, "q01": 31.0, "q02": 127.0, "q03": 11.0, "q04": 156.0, "q05": 223.0, "q06": 119.0, "q07": 185.0, "q08": 5.0, "q09": 92.0, "q10": 14.0, "q11": 155.0, "q12": 230.0, "q13": 129.0, "q14": 230.0, "q15": 141.0, "q16": 3.0, "q17": 25.0, "q18": 83.0, "q19": 226.0, "q20": 164.0, "q21": 112.0, "q22": 96.0, "q23": 244.0, "q24": 122.0, "q25": 210.0, "q26": 101.0, "q27": 242.0, "q28": 107.0, "q29": 142.0, "q30": 79.0, "q31": 86.0, "q32": 180.0, "q33": 26.0, "q34": 52.0, "q35": 8.0, "q36": 244.0, "q37": 250.0, "q38": 30.0, "q39": 168.0, "q40": 118.0, "q41": 249.0, "q42": 232.0, "q43": 130.0, "q44": 232.0, "q45": 180.0, "q46": 127.0, "q47": 163.0, "q48": 10.0, "q49": 186.0, "q50": 183.0, "q51": 222.0, "q52": 232.0, "q53": 2.0, "q54": 17.0, "q55": 235.0, "q56": 191.0, "q57": 239.0, "q58": 233.0, "q59": 107.0, "q60": 248.0, "q61": 150.0, "q62": 160.0, "q63": 177.0}, "datetime": {"datetime": "2019-11-11 18:46:13", "elapsed": 1.007994, "delta": 0.005505}}
{"target": -0.10961699323191437, "params": {"q00": 7.0, "q01": 50.0, "q02": 53.0, "q03": 164.0, "q04": 154.0, "q05": 200.0, "q06": 167.0, "q07": 21.0, "q08": 3.0, "q09": 98.0, "q10": 41.0, "q11": 44.0, "q12": 4.0, "q13": 76.0, "q14": 148.0, "q15": 205.0, "q16": 35.0, "q17": 33.0, "q18": 72.0, "q19": 70.0, "q20": 49.0, "q21": 111.0, "q22": 60.0, "q23": 202.0, "q24": 69.0, "q25": 69.0, "q26": 27.0, "q27": 146.0, "q28": 177.0, "q29": 245.0, "q30": 176.0, "q31": 15.0, "q32": 82.0, "q33": 187.0, "q34": 2.0, "q35": 197.0, "q36": 78.0, "q37": 224.0, "q38": 224.0, "q39": 180.0, "q40": 193.0, "q41": 26.0, "q42": 35.0, "q43": 192.0, "q44": 187.0, "q45": 249.0, "q46": 159.0, "q47": 153.0, "q48": 103.0, "q49": 63.0, "q50": 2.0, "q51": 138.0, "q52": 183.0, "q53": 120.0, "q54": 216.0, "q55": 249.0, "q56": 160.0, "q57": 73.0, "q58": 237.0, "q59": 64.0, "q60": 236.0, "q61": 150.0, "q62": 108.0, "q63": 174.0}, "datetime": {"datetime": "2019-11-11 18:46:13", "elapsed": 1.013451, "delta": 0.005457}}
{"target": -0.07342263521716114, "params": {"q00": 38.0, "q01": 36.0, "q02": 239.0, "q03": 221.0, "q04": 240.0, "q05": 249.0, "q06": 172.0, "q07": 86.0, "q08": 12.0, "q09": 76.0, "q10": 49.0, "q11": 23.0, "q12": 32.0, "q13": 54.0, "q14": 196.0, "q15": 174.0, "q16": 25.0, "q17": 91.0, "q18": 43.0, "q19": 180.0, "q20": 13.0, "q21": 138.0, "q22": 201.0, "q23": 225.0, "q24": 185.0, "q25": 126.0, "q26": 70.0, "q27": 40.0, "q28": 253.0, "q29": 61.0, "q30": 80.0, "q31": 122.0, "q32": 102.0, "q33": 130.0, "q34": 37.0, "q35": 91.0, "q36": 50.0, "q37": 158.0, "q38": 53.0, "q39": 200.0, "q40": 75.0, "q41": 68.0, "q42": 18.0, "q43": 28.0, "q44": 46.0, "q45": 97.0, "q46": 215.0, "q47": 127.0, "q48": 41.0, "q49": 33.0, "q50": 29.0, "q51": 117.0, "q52": 29.0, "q53": 199.0, "q54": 68.0, "q55": 207.0, "q56": 61.0, "q57": 251.0, "q58": 110.0, "q59": 140.0, "q60": 188.0, "q61": 191.0, "q62": 221.0, "q63": 147.0}, "datetime": {"datetime": "2019-11-11 18:46:13", "elapsed": 1.018921, "delta": 0.00547}}
{"target": -0.1373963469457336, "params": {"q00": 23.0, "q01": 7.0, "q02": 198.0, "q03": 116.0, "q04": 103.0, "q05": 72.0, "q06": 136.0, "q07": 12.0, "q08": 16.0, "q09": 93.0, "q10": 107.0, "q11": 86.0, "q12": 4.0, "q13": 107.0, "q14": 199.0, "q15": 51.0, "q16": 144.0, "q17": 58.0, "q18": 15.0, "q19": 30.0, "q20": 28.0, "q21": 29.0, "q22": 18.0, "q23": 103.0, "q24": 248.0, "q25": 4.0, "q26": 80.0, "q27": 161.0, "q28": 165.0, "q29": 90.0, "q30": 228.0, "q31": 125.0, "q32": 185.0, "q33": 54.0, "q34": 149.0, "q35": 24.0, "q36": 31.0, "q37": 29.0, "q38": 53.0, "q39": 249.0, "q40": 76.0, "q41": 139.0, "q42": 175.0, "q43": 13.0, "q44": 9.0, "q45": 27.0, "q46": 55.0, "q47": 244.0, "q48": 37.0, "q49": 39.0, "q50": 84.0, "q51": 127.0, "q52": 2.0, "q53": 156.0, "q54": 47.0, "q55": 59.0, "q56": 126.0, "q57": 17.0, "q58": 172.0, "q59": 88.0, "q60": 45.0, "q61": 38.0, "q62": 25.0, "q63": 31.0}, "datetime": {"datetime": "2019-11-11 18:46:13", "elapsed": 1.024334, "delta": 0.005413}}
{"target": -0.08655388103663247, "params": {"q00": 23.0, "q01": 7.0, "q02": 65.0, "q03": 134.0, "q04": 89.0, "q05": 80.0, "q06": 53.0, "q07": 86.0, "q08": 10.0, "q09": 115.0, "q10": 110.0, "q11": 93.0, "q12": 91.0, "q13": 47.0, "q14": 115.0, "q15": 204.0, "q16": 49.0, "q17": 64.0, "q18": 55.0, "q19": 12.0, "q20": 94.0, "q21": 221.0, "q22": 94.0, "q23": 200.0, "q24": 134.0, "q25": 22.0, "q26": 129.0, "q27": 43.0, "q28": 23.0, "q29": 86.0, "q30": 190.0, "q31": 155.0, "q32": 28.0, "q33": 116.0, "q34": 81.0, "q35": 7.0, "q36": 97.0, "q37": 172.0, "q38": 92.0, "q39": 243.0, "q40": 6.0, "q41": 169.0, "q42": 26.0, "q43": 90.0, "q44": 126.0, "q45": 221.0, "q46": 211.0, "q47": 170.0, "q48": 208.0, "q49": 190.0, "q50": 229.0, "q51": 176.0, "q52": 212.0, "q53": 199.0, "q54": 149.0, "q55": 89.0, "q56": 82.0, "q57": 243.0, "q58": 191.0, "q59": 104.0, "q60": 16.0, "q61": 248.0, "q62": 200.0, "q63": 220.0}, "datetime": {"datetime": "2019-11-11 18:46:13", "elapsed": 1.029781, "delta": 0.005447}}
{"target": -0.10692607432281526, "params": {"q00": 4.0, "q01": 15.0, "q02": 19.0, "q03": 115.0, "q04": 23.0, "q05": 32.0, "q06": 179.0, "q07": 29.0, "q08": 22.0, "q09": 120.0, "q10": 6.0, "q11": 184.0, "q12": 14.0, "q13": 70.0, "q14": 119.0, "q15": 243.0, "q16": 50.0, "q17": 6.0, "q18": 169.0, "q19": 38.0, "q20": 92.0, "q21": 68.0, "q22": 115.0, "q23": 235.0, "q24": 104.0, "q25": 193.0, "q26": 161.0, "q27": 133.0, "q28": 198.0, "q29": 195.0, "q30": 119.0, "q31": 28.0, "q32": 145.0, "q33": 140.0, "q34": 105.0, "q35": 137.0, "q36": 100.0, "q37": 200.0, "q38": 81.0, "q39": 100.0, "q40": 94.0, "q41": 41.0, "q42": 231.0, "q43": 10.0, "q44": 167.0, "q45": 211.0, "q46": 30.0, "q47": 242.0, "q48": 139.0, "q49": 217.0, "q50": 14.0, "q51": 107.0, "q52": 4.0, "q53": 123.0, "q54": 165.0, "q55": 179.0, "q56": 238.0, "q57": 77.0, "q58": 126.0, "q59": 205.0, "q60": 78.0, "q61": 198.0, "q62": 125.0, "q63": 129.0}, "datetime": {"datetime": "2019-11-11 18:46:13", "elapsed": 1.035338, "delta": 0.005557}}
{"target": -0.15632395962065376, "params": {"q00": 49.0, "q01": 32.0, "q02": 71.0, "q03": 15.0, "q04": 23.0, "q05": 44.0, "q06": 43.0, "q07": 178.0, "q08": 5.0, "q09": 24.0, "q10": 195.0, "q11": 53.0, "q12": 14.0, "q13": 61.0, "q14": 247.0, "q15": 138.0, "q16": 216.0, "q17": 42.0, "q18": 217.0, "q19": 197.0, "q20": 9.0, "q21": 145.0, "q22": 51.0, "q23": 202.0, "q24": 103.0, "q25": 27.0, "q26": 159.0, "q27": 86.0, "q28": 112.0, "q29": 249.0, "q30": 232.0, "q31": 28.0, "q32": 177.0, "q33": 198.0, "q34": 82.0, "q35": 198.0, "q36": 157.0, "q37": 130.0, "q38": 178.0, "q39": 110.0, "q40": 70.0, "q41": 35.0, "q42": 206.0, "q43": 154.0, "q44": 101.0, "q45": 164.0, "q46": 209.0, "q47": 138.0, "q48": 199.0, "q49": 69.0, "q50": 226.0, "q51": 237.0, "q52": 46.0, "q53": 122.0, "q54": 217.0, "q55": 3.0, "q56": 156.0, "q57": 2.0, "q58": 180.0, "q59": 146.0, "q60": 227.0, "q61": 123.0, "q62": 250.0, "q63": 20.0}, "datetime": {"datetime": "2019-11-11 18:46:13", "elapsed": 1.041087, "delta": 0.005749}}
{"target": -0.10991681191845509, "params": {"q00": 61.0, "q01": 26.0, "q02": 1.0, "q03": 132.0, "q04": 154.0, "q05": 21.0, "q06": 9.0, "q07": 185.0, "q08": 10.0, "q09": 12.0, "q10": 39.0, "q11": 81.0, "q12": 159.0, "q13": 8.0, "q14": 158.0, "q15": 45.0, "q16": 32.0, "q17": 108.0, "q18": 27.0, "q19": 128.0, "q20": 136.0, "q21": 4.0, "q22": 134.0, "q23": 199.0, "q24": 222.0, "q25": 79.0, "q26": 15.0, "q27": 68.0, "q28": 2.0, "q29": 230.0, "q30": 134.0, "q31": 161.0, "q32": 68.0, "q33": 7.0, "q34": 65.0, "q35": 102.0, "q36": 249.0, "q37": 78.0, "q38": 34.0, "q39": 70.0, "q40": 108.0, "q41": 253.0, "q42": 230.0, "q43": 9.0, "q44": 120.0, "q45": 130.0, "q46": 235.0, "q47": 8.0, "q48": 101.0, "q49": 33.0, "q50": 84.0, "q51": 202.0, "q52": 35.0, "q53": 176.0, "q54": 235.0, "q55": 121.0, "q56": 67.0, "q57": 113.0, "q58": 62.0, "q59": 65.0, "q60": 22.0, "q61": 141.0, "q62": 207.0, "q63": 202.0}, "datetime": {"datetime": "2019-11-11 18:46:13", "elapsed": 1.046634, "delta": 0.005547}}
{"target": -0.10103558835775817, "params": {"q00": 8.0, "q01": 84.0, "q02": 11.0, "q03": 16.0, "q04": 88.0, "q05": 194.0, "q06": 72.0, "q07": 41.0, "q08": 16.0, "q09": 208.0, "q10": 143.0, "q11": 86.0, "q12": 65.0, "q13": 18.0, "q14": 223.0, "q15": 69.0, "q16": 36.0, "q17": 11.0, "q18": 26.0, "q19": 158.0, "q20": 24.0, "q21": 107.0, "q22": 212.0, "q23": 197.0, "q24": 169.0, "q25": 48.0, "q26": 131.0, "q27": 83.0, "q28": 197.0, "q29": 74.0, "q30": 201.0, "q31": 42.0, "q32": 121.0, "q33": 129.0, "q34": 145.0, "q35": 179.0, "q36": 232.0, "q37": 42.0, "q38": 40.0, "q39": 136.0, "q40": 46.0, "q41": 88.0, "q42": 101.0, "q43": 87.0, "q44": 145.0, "q45": 23.0, "q46": 163.0, "q47": 107.0, "q48": 225.0, "q49": 51.0, "q50": 225.0, "q51": 148.0, "q52": 104.0, "q53": 235.0, "q54": 146.0, "q55": 146.0, "q56": 149.0, "q57": 96.0, "q58": 76.0, "q59": 110.0, "q60": 136.0, "q61": 26.0, "q62": 165.0, "q63": 209.0}, "datetime": {"datetime": "2019-11-11 18:46:13", "elapsed": 1.052236, "delta": 0.005602}}
{"target": -0.1384482157067622, "params": {"q00": 38.0, "q01": 17.0, "q02": 207.0, "q03": 139.0, "q04": 67.0, "q05": 144.0, "q06": 167.0, "q07": 239.0, "q08": 3.0, "q09": 71.0, "q10": 79.0, "q11": 28.0, "q12": 115.0, "q13": 148.0, "q14": 214.0, "q15": 50.0, "q16": 92.0, "q17": 98.0, "q18": 105.0, "q19": 183.0, "q20": 41.0, "q21": 136.0, "q22": 138.0, "q23": 207.0, "q24": 2.0, "q25": 198.0, "q26": 98.0, "q27": 107.0, "q28": 172.0, "q29": 164.0, "q30": 251.0, "q31": 153.0, "q32": 126.0, "q33": 175.0, "q34": 211.0, "q35": 109.0, "q36": 103.0, "q37": 77.0, "q38": 192.0, "q39": 203.0, "q40": 27.0, "q41": 112.0, "q42": 75.0, "q43": 162.0, "q44": 112.0, "q45": 247.0, "q46": 225.0, "q47": 240.0, "q48": 46.0, "q49": 66.0, "q50": 126.0, "q51": 137.0, "q52": 166.0, "q53": 243.0, "q54": 227.0, "q55": 147.0, "q56": 110.0, "q57": 124.0, "q58": 132.0, "q59": 201.0, "q60": 222.0, "q61": 241.0, "q62": 240.0, "q63": 249.0}, "datetime": {"datetime": "2019-11-11 18:46:13", "elapsed": 1.057773, "delta": 0.005537}}
{"target": -0.09905323024288126, "params": {"q00": 18.0, "q01": 4.0, "q02": 106.0, "q03": 143.0, "q04": 43.0, "q05": 254.0, "q06": 110.0, "q07": 60.0, "q08": 12.0, "q09": 28.0, "q10": 128.0, "q11": 66.0, "q12": 42.0, "q13": 144.0, "q14": 40.0, "q15": 169.0, "q16": 65.0, "q17": 17.0, "q18": 61.0, "q19": 248.0, "q20": 2.0, "q21": 32.0, "q22": 158.0, "q23": 232.0, "q24": 210.0, "q25": 77.0, "q26": 195.0, "q27": 15.0, "q28": 166.0, "q29": 153.0, "q30": 19.0, "q31": 227.0, "q32": 188.0, "q33": 76.0, "q34": 16.0, "q35": 165.0, "q36": 43.0, "q37": 5.0, "q38": 73.0, "q39": 214.0, "q40": 52.0, "q41": 233.0, "q42": 84.0, "q43": 70.0, "q44": 171.0, "q45": 23.0, "q46": 96.0, "q47": 100.0, "q48": 72.0, "q49": 146.0, "q50": 124.0, "q51": 190.0, "q52": 174.0, "q53": 83.0, "q54": 215.0, "q55": 95.0, "q56": 202.0, "q57": 130.0, "q58": 186.0, "q59": 221.0, "q60": 90.0, "q61": 61.0, "q62": 206.0, "q63": 131.0}, "datetime": {"datetime": "2019-11-11 18:46:13", "elapsed": 1.063339, "delta": 0.005566}}
{"target": -0.09566995801584693, "params": {"q00": 5.0, "q01": 41.0, "q02": 41.0, "q03": 228.0, "q04": 99.0, "q05": 35.0, "q06": 46.0, "q07": 4.0, "q08": 33.0, "q09": 46.0, "q10": 71.0, "q11": 5.0, "q12": 249.0, "q13": 106.0, "q14": 26.0, "q15": 236.0, "q16": 88.0, "q17": 90.0, "q18": 103.0, "q19": 34.0, "q20": 193.0, "q21": 120.0, "q22": 102.0, "q23": 239.0, "q24": 16.0, "q25": 35.0, "q26": 158.0, "q27": 19.0, "q28": 206.0, "q29": 44.0, "q30": 232.0, "q31": 205.0, "q32": 207.0, "q33": 191.0, "q34": 167.0, "q35": 138.0, "q36": 95.0, "q37": 156.0, "q38": 144.0, "q39": 144.0, "q40": 157.0, "q41": 146.0, "q42": 137.0, "q43": 154.0, "q44": 83.0, "q45": 69.0, "q46": 234.0, "q47": 99.0, "q48": 245.0, "q49": 100.0, "q50": 174.0, "q51": 210.0, "q52": 193.0, "q53": 36.0, "q54": 97.0, "q55": 229.0, "q56": 32.0, "q57": 82.0, "q58": 251.0, "q59": 212.0, "q60": 55.0, "q61": 34.0, "q62": 190.0, "q63": 245.0}, "datetime": {"datetime": "2019-11-11 18:46:13", "elapsed": 1.068859, "delta": 0.00552}}
{"target": -0.13747979010512434, "params": {"q00": 3.0, "q01": 10.0, "q02": 24.0, "q03": 9.0, "q04": 141.0, "q05": 13.0, "q06": 100.0, "q07": 8.0, "q08": 19.0, "q09": 137.0, "q10": 71.0, "q11": 117.0, "q12": 56.0, "q13": 19.0, "q14": 178.0, "q15": 212.0, "q16": 86.0, "q17": 207.0, "q18": 84.0, "q19": 215.0, "q20": 204.0, "q21": 78.0, "q22": 89.0, "q23": 253.0, "q24": 138.0, "q25": 225.0, "q26": 52.0, "q27": 141.0, "q28": 87.0, "q29": 90.0, "q30": 145.0, "q31": 110.0, "q32": 14.0, "q33": 184.0, "q34": 139.0, "q35": 233.0, "q36": 236.0, "q37": 189.0, "q38": 74.0, "q39": 56.0, "q40": 178.0, "q41": 71.0, "q42": 127.0, "q43": 150.0, "q44": 214.0, "q45": 246.0, "q46": 190.0, "q47": 108.0, "q48": 228.0, "q49": 200.0, "q50": 42.0, "q51": 159.0, "q52": 17.0, "q53": 247.0, "q54": 165.0, "q55": 6.0, "q56": 202.0, "q57": 131.0, "q58": 43.0, "q59": 148.0, "q60": 204.0, "q61": 47.0, "q62": 150.0, "q63": 205.0}, "datetime": {"datetime": "2019-11-11 18:46:13", "elapsed": 1.07443, "delta": 0.005571}}
{"target": -0.13085206975616015, "params": {"q00": 36.0, "q01": 3.0, "q02": 11.0, "q03": 210.0, "q04": 223.0, "q05": 91.0, "q06": 185.0, "q07": 41.0, "q08": 3.0, "q09": 15.0, "q10": 99.0, "q11": 159.0, "q12": 175.0, "q13": 77.0, "q14": 99.0, "q15": 235.0, "q16": 64.0, "q17": 212.0, "q18": 37.0, "q19": 65.0, "q20": 61.0, "q21": 132.0, "q22": 132.0, "q23": 232.0, "q24": 1.0, "q25": 227.0, "q26": 190.0, "q27": 117.0, "q28": 102.0, "q29": 111.0, "q30": 106.0, "q31": 13.0, "q32": 249.0, "q33": 205.0, "q34": 68.0, "q35": 156.0, "q36": 104.0, "q37": 240.0, "q38": 175.0, "q39": 11.0, "q40": 216.0, "q41": 214.0, "q42": 53.0, "q43": 81.0, "q44": 76.0, "q45": 133.0, "q46": 237.0, "q47": 48.0, "q48": 80.0, "q49": 5.0, "q50": 205.0, "q51": 170.0, "q52": 73.0, "q53": 163.0, "q54": 182.0, "q55": 195.0, "q56": 7.0, "q57": 82.0, "q58": 18.0, "q59": 149.0, "q60": 191.0, "q61": 19.0, "q62": 37.0, "q63": 251.0}, "datetime": {"datetime": "2019-11-11 18:46:13", "elapsed": 1.079981, "delta": 0.005551}}
{"target": -0.12008795559389995, "params": {"q00": 31.0, "q01": 4.0, "q02": 76.0, "q03": 207.0, "q04": 221.0, "q05": 87.0, "q06": 178.0, "q07": 79.0, "q08": 91.0, "q09": 25.0, "q10": 56.0, "q11": 1.0, "q12": 104.0, "q13": 214.0, "q14": 90.0, "q15": 212.0, "q16": 118.0, "q17": 18.0, "q18": 23.0, "q19": 99.0, "q20": 4.0, "q21": 20.0, "q22": 78.0, "q23": 251.0, "q24": 4.0, "q25": 61.0, "q26": 103.0, "q27": 120.0, "q28": 96.0, "q29": 69.0, "q30": 172.0, "q31": 195.0, "q32": 9.0, "q33": 148.0, "q34": 106.0, "q35": 122.0, "q36": 113.0, "q37": 100.0, "q38": 91.0, "q39": 226.0, "q40": 181.0, "q41": 95.0, "q42": 61.0, "q43": 210.0, "q44": 189.0, "q45": 246.0, "q46": 160.0, "q47": 149.0, "q48": 232.0, "q49": 83.0, "q50": 246.0, "q51": 213.0, "q52": 103.0, "q53": 68.0, "q54": 186.0, "q55": 25.0, "q56": 172.0, "q57": 29.0, "q58": 152.0, "q59": 24.0, "q60": 196.0, "q61": 57.0, "q62": 228.0, "q63": 250.0}, "datetime": {"datetime": "2019-11-11 18:46:13", "elapsed": 1.085486, "delta": 0.005505}}
{"target": -0.11216658071630137, "params": {"q00": 1.0, "q01": 10.0, "q02": 30.0, "q03": 118.0, "q04": 217.0, "q05": 19.0, "q06": 14.0, "q07": 181.0, "q08": 60.0, "q09": 57.0, "q10": 96.0, "q11": 45.0, "q12": 51.0, "q13": 54.0, "q14": 56.0, "q15": 102.0, "q16": 32.0, "q17": 225.0, "q18": 45.0, "q19": 131.0, "q20": 1.0, "q21": 65.0, "q22": 241.0, "q23": 228.0, "q24": 123.0, "q25": 173.0, "q26": 37.0, "q27": 84.0, "q28": 20.0, "q29": 123.0, "q30": 247.0, "q31": 184.0, "q32": 149.0, "q33": 160.0, "q34": 150.0, "q35": 14.0, "q36": 27.0, "q37": 247.0, "q38": 98.0, "q39": 90.0, "q40": 62.0, "q41": 137.0, "q42": 179.0, "q43": 247.0, "q44": 199.0, "q45": 217.0, "q46": 187.0, "q47": 207.0, "q48": 202.0, "q49": 189.0, "q50": 156.0, "q51": 212.0, "q52": 234.0, "q53": 225.0, "q54": 253.0, "q55": 87.0, "q56": 181.0, "q57": 97.0, "q58": 106.0, "q59": 126.0, "q60": 141.0, "q61": 84.0, "q62": 222.0, "q63": 224.0}, "datetime": {"datetime": "2019-11-11 18:46:13", "elapsed": 1.091073, "delta": 0.005587}}
{"target": -0.10379012777106761, "params": {"q00": 15.0, "q01": 17.0, "q02": 3.0, "q03": 243.0, "q04": 177.0, "q05": 65.0, "q06": 69.0, "q07": 40.0, "q08": 21.0, "q09": 4.0, "q10": 250.0, "q11": 45.0, "q12": 145.0, "q13": 180.0, "q14": 70.0, "q15": 154.0, "q16": 8.0, "q17": 196.0, "q18": 13.0, "q19": 34.0, "q20": 7.0, "q21": 118.0, "q22": 207.0, "q23": 139.0, "q24": 32.0, "q25": 211.0, "q26": 185.0, "q27": 151.0, "q28": 237.0, "q29": 254.0, "q30": 231.0, "q31": 129.0, "q32": 102.0, "q33": 67.0, "q34": 105.0, "q35": 236.0, "q36": 50.0, "q37": 42.0, "q38": 69.0, "q39": 100.0, "q40": 240.0, "q41": 180.0, "q42": 234.0, "q43": 230.0, "q44": 106.0, "q45": 64.0, "q46": 152.0, "q47": 30.0, "q48": 22.0, "q49": 184.0, "q50": 110.0, "q51": 43.0, "q52": 70.0, "q53": 3.0, "q54": 51.0, "q55": 32.0, "q56": 22.0, "q57": 59.0, "q58": 15.0, "q59": 154.0, "q60": 33.0, "q61": 163.0, "q62": 249.0, "q63": 220.0}, "datetime": {"datetime": "2019-11-11 18:46:13", "elapsed": 1.096641, "delta": 0.005568}}
{"target": -0.13645777471751386, "params": {"q00": 10.0, "q01": 30.0, "q02": 36.0, "q03": 133.0, "q04": 219.0, "q05": 20.0, "q06": 52.0, "q07": 154.0, "q08": 20.0, "q09": 92.0, "q10": 138.0, "q11": 5.0, "q12": 248.0, "q13": 236.0, "q14": 232.0, "q15": 39.0, "q16": 33.0, "q17": 100.0, "q18": 164.0, "q19": 160.0, "q20": 122.0, "q21": 95.0, "q22": 127.0, "q23": 158.0, "q24": 139.0, "q25": 121.0, "q26": 232.0, "q27": 92.0, "q28": 228.0, "q29": 160.0, "q30": 50.0, "q31": 40.0, "q32": 69.0, "q33": 168.0, "q34": 75.0, "q35": 83.0, "q36": 250.0, "q37": 149.0, "q38": 18.0, "q39": 72.0, "q40": 206.0, "q41": 44.0, "q42": 237.0, "q43": 138.0, "q44": 73.0, "q45": 151.0, "q46": 197.0, "q47": 115.0, "q48": 236.0, "q49": 148.0, "q50": 251.0, "q51": 87.0, "q52": 60.0, "q53": 235.0, "q54": 229.0, "q55": 252.0, "q56": 202.0, "q57": 254.0, "q58": 21.0, "q59": 3.0, "q60": 127.0, "q61": 197.0, "q62": 200.0, "q63": 131.0}, "datetime": {"datetime": "2019-11-11 18:46:13", "elapsed": 1.102369, "delta": 0.005728}}
