{"target": -0.09816885147365595, "params": {"q00": 13.0, "q01": 6.0, "q02": 128.0, "q03": 114.0, "q04": 1.0, "q05": 160.0, "q06": 121.0, "q07": 207.0, "q08": 24.0, "q09": 13.0, "q10": 12.0, "q11": 234.0, "q12": 218.0, "q13": 155.0, "q14": 173.0, "q15": 100.0, "q16": 10.0, "q17": 12.0, "q18": 237.0, "q19": 247.0, "q20": 98.0, "q21": 114.0, "q22": 27.0, "q23": 232.0, "q24": 154.0, "q25": 68.0, "q26": 75.0, "q27": 8.0, "q28": 210.0, "q29": 40.0, "q30": 125.0, "q31": 148.0, "q32": 167.0, "q33": 242.0, "q34": 16.0, "q35": 140.0, "q36": 208.0, "q37": 55.0, "q38": 19.0, "q39": 33.0, "q40": 185.0, "q41": 16.0, "q42": 32.0, "q43": 138.0, "q44": 178.0, "q45": 215.0, "q46": 242.0, "q47": 124.0, "q48": 90.0, "q49": 199.0, "q50": 63.0, "q51": 77.0, "q52": 14.0, "q53": 168.0, "q54": 219.0, "q55": 101.0, "q56": 236.0, "q57": 25.0, "q58": 176.0, "q59": 47.0, "q60": 225.0, "q61": 82.0, "q62": 199.0, "q63": 121.0}, "datetime": {"datetime": "2019-11-11 18:46:12", "elapsed": 0.302663, "delta": 0.003071}}
{"target": -0.08834372246811523, "params": {"q00": 52.0, "q01": 15.0, "q02": 3.0, "q03": 251.0, "q04": 198.0, "q05": 127.0, "q06": 73.0, "q07": 49.0, "q08": 14.0, "q09": 45.0, "q10": 106.0, "q11": 88.0, "q12": 240.0, "q13": 151.0, "q14": 63.0, "q15": 136.0, "q16": 20.0, "q17": 7.0, "q18": 15.0, "q19": 246.0, "q20": 223.0, "q21": 147.0, "q22": 198.0, "q23": 183.0, "q24": 204.0, "q25": 21.0, "q26": 45.0, "q27": 50.0, "q28": 22.0, "q29": 12.0, "q30": 29.0, "q31": 180.0, "q32": 234.0, "q33": 42.0, "q34": 39.0, "q35": 61.0, "q36": 109.0, "q37": 108.0, "q38": 80.0, "q39": 5.0, "q40": 8.0, "q41": 203.0, "q42": 122.0, "q43": 188.0, "q44": 124.0, "q45": 160.0, "q46": 248.0, "q47": 46.0, "q48": 29.0, "q49": 55.0, "q50": 81.0, "q51": 169.0, "q52": 28.0, "q53": 242.0, "q54": 38.0, "q55": 211.0, "q56": 78.0, "q57": 173.0, "q58": 233.0, "q59": 190.0, "q60": 37.0, "q61": 217.0, "q62": 192.0, "q63": 50.0}, "datetime": {"datetime": "2019-11-11 18:46:12", "elapsed": 0.305663, "delta": 0.003}}
{"target": -0.1272614624396633, "params": {"q00": 50.0, "q01": 8.0, "q02": 67.0, "q03": 99.0, "q04": 85.0, "q05": 43.0, "q06": 31.0, "q07": 154.0, "q08": 45.0, "q09": 171.0, "q10": 8.0, "q11": 180.0, "q12": 29.0, "q13": 37.0, "q14": 153.0, "q15": 165.0, "q16": 77.0, "q17": 39.0, "q18": 20.0, "q19": 99.0, "q20": 32.0, "q21": 129.0, "q22": 74.0, "q23": 61.0, "q24": 29.0, "q25": 12.0, "q26": 48.0, "q27": 115.0, "q28": 113.0, "q29": 202.0, "q30": 157.0, "q31": 152.0, "q32": 203.0, "q33": 179.0, "q34": 66.0, "q35": 26.0, "q36": 77.0, "q37": 1.0, "q38": 7.0, "q39": 31.0, "q40": 53.0, "q41": 251.0, "q42": 53.0, "q43": 216.0, "q44": 10.0, "q45": 163.0, "q46": 27.0, "q47": 207.0, "q48": 206.0, "q49": 201.0, "q50": 136.0, "q51": 200.0, "q52": 78.0, "q53": 177.0, "q54": 196.0, "q55": 161.0, "q56": 106.0, "q57": 39.0, "q58": 168.0, "q59": 242.0, "q60": 206.0, "q61": 173.0, "q62": 197.0, "q63": 221.0}, "datetime": {"datetime": "2019-11-11 18:46:12", "elapsed": 0.308631, "delta": 0.002968}}
{"target": -0.11181379155591198, "params": {"q00": 1.0, "q01": 26.0, "q02": 124.0, "q03": 197.0, "q04": 24.0, "q05": 41.0, "q06": 198.0, "q07": 153.0, "q08": 19.0, "q09": 149.0, "q10": 24.0, "q11": 215.0, "q12": 8.0, "q13": 220.0, "q14": 128.0, "q15": 55.0, "q16": 52.0, "q17": 7.0, "q18": 40.0, "q19": 76.0, "q20": 28.0, "q21": 236.0, "q22": 140.0, "q23": 234.0, "q24": 74.0, "q25": 3.0, "q26": 225.0, "q27": 129.0, "q28": 193.0, "q29": 101.0, "q30": 113.0, "q31": 48.0, "q32": 18.0, "q33": 218.0, "q34": 191.0, "q35": 55.0, "q36": 132.0, "q37": 79.0, "q38": 152.0, "q39": 69.0, "q40": 207.0, "q41": 75.0, "q42": 63.0, "q43": 98.0, "q44": 177.0, "q45": 114.0, "q46": 190.0, "q47": 194.0, "q48": 65.0, "q49": 99.0, "q50": 73.0, "q51": 142.0, "q52": 118.0, "q53": 150.0, "q54": 176.0, "q55": 240.0, "q56": 247.0, "q57": 93.0, "q58": 100.0, "q59": 70.0, "q60": 198.0, "q61": 61.0, "q62": 208.0, "q63": 182.0}, "datetime": {"datetime": "2019-11-11 18:46:12", "elapsed": 0.311652, "delta": 0.003021}}
{"target": -0.159913232219762, "params": {"q00": 65.0, "q01": 32.0, "q02": 135.0, "q03": 201.0, "q04": 125.0, "q05": 17.0, "q06": 32.0, "q07": 105.0, "q08": 1.0, "q09": 98.0, "q10": 199.0, "q11": 46.0, "q12": 108.0, "q13": 162.0, "q14": 123.0, "q15": 141.0, "q16": 14.0, "q17": 16.0, "q18": 249.0, "q19": 64.0, "q20": 36.0, "q21": 18.0, "q22": 129.0, "q23": 143.0, "q24": 228.0, "q25": 160.0, "q26": 64.0, "q27": 175.0, "q28": 32.0, "q29": 42.0, "q30": 183.0, "q31": 77.0, "q32": 182.0, "q33": 225.0, "q34": 89.0, "q35": 90.0, "q36": 216.0, "q37": 217.0, "q38": 130.0, "q39": 99.0, "q40": 38.0, "q41": 173.0, "q42": 178.0, "q43": 155.0, "q44": 92.0, "q45": 50.0, "q46": 191.0, "q47": 229.0, "q48": 121.0, "q49": 55.0, "q50": 3.0, "q51": 229.0, "q52": 31.0, "q53": 126.0, "q54": 242.0, "q55": 31.0, "q56": 254.0, "q57": 44.0, "q58": 45.0, "q59": 209.0, "q60": 223.0, "q61": 142.0, "q62": 220.0, "q63": 116.0}, "datetime": {"datetime": "2019-11-11 18:46:12", "elapsed": 0.314694, "delta": 0.003042}}
{"target": -0.10099490321397009, "params": {"q00": 1.0, "q01": 1.0, "q02": 6.0, "q03": 7.0, "q04": 182.0, "q05": 4.0, "q06": 100.0, "q07": 22.0, "q08": 2.0, "q09": 65.0, "q10": 128.0, "q11": 92.0, "q12": 26.0, "q13": 55.0, "q14": 46.0, "q15": 118.0, "q16": 8.0, "q17": 4.0, "q18": 136.0, "q19": 140.0, "q20": 21.0, "q21": 80.0, "q22": 124.0, "q23": 225.0, "q24": 232.0, "q25": 166.0, "q26": 251.0, "q27": 93.0, "q28": 215.0, "q29": 242.0, "q30": 216.0, "q31": 147.0, "q32": 21.0, "q33": 235.0, "q34": 57.0, "q35": 10.0, "q36": 13.0, "q37": 184.0, "q38": 17.0, "q39": 151.0, "q40": 159.0, "q41": 101.0, "q42": 248.0, "q43": 182.0, "q44": 52.0, "q45": 195.0, "q46": 112.0, "q47": 178.0, "q48": 226.0, "q49": 211.0, "q50": 13.0, "q51": 103.0, "q52": 23.0, "q53": 10.0, "q54": 101.0, "q55": 34.0, "q56": 15.0, "q57": 236.0, "q58": 188.0, "q59": 66.0, "q60": 20.0, "q61": 46.0, "q62": 241.0, "q63": 189.0}, "datetime": {"datetime": "2019-11-11 18:46:12", "elapsed": 0.317748, "delta": 0.003054}}
{"target": -0.15805501200364158, "params": {"q00": 73.0, "q01": 77.0, "q02": 124.0, "q03": 213.0, "q04": 166.0, "q05": 132.0, "q06": 105.0, "q07": 105.0, "q08": 19.0, "q09": 85.0, "q10": 41.0, "q11": 123.0, "q12": 242.0, "q13": 193.0, "q14": 106.0, "q15": 237.0, "q16": 27.0, "q17": 72.0, "q18": 66.0, "q19": 121.0, "q20": 44.0, "q21": 99.0, "q22": 67.0, "q23": 232.0, "q24": 217.0, "q25": 23.0, "q26": 65.0, "q27": 39.0, "q28": 161.0, "q29": 63.0, "q30": 141.0, "q31": 195.0, "q32": 1.0, "q33": 40.0, "q34": 179.0, "q35": 49.0, "q36": 208.0, "q37": 101.0, "q38": 250.0, "q39": 222.0, "q40": 11.0, "q41": 21.0, "q42": 166.0, "q43": 152.0, "q44": 237.0, "q45": 104.0, "q46": 204.0, "q47": 185.0, "q48": 216.0, "q49": 157.0, "q50": 26.0, "q51": 185.0, "q52": 12.0, "q53": 153.0, "q54": 216.0, "q55": 18.0, "q56": 248.0, "q57": 45.0, "q58": 254.0, "q59": 42.0, "q60": 202.0, "q61": 101.0, "q62": 219.0, "q63": 196.0}, "datetime": {"datetime": "2019-11-11 18:46:12", "elapsed": 0.321031, "delta": 0.003283}}
{"target": -0.08678453420566046, "params": {"q00": 5.0, "q01": 18.0, "q02": 14.0, "q03": 47.0, "q04": 198.0, "q05": 102.0, "q06": 39.0, "q07": 20.0, "q08": 19.0, "q09": 87.0, "q10": 220.0, "q11": 68.0, "q12": 72.0, "q13": 55.0, "q14": 43.0, "q15": 186.0, "q16": 40.0, "q17": 7.0, "q18": 163.0, "q19": 36.0, "q20": 92.0, "q21": 34.0, "q22": 131.0, "q23": 213.0, "q24": 21.0, "q25": 176.0, "q26": 193.0, "q27": 181.0, "q28": 161.0, "q29": 30.0, "q30": 127.0, "q31": 90.0, "q32": 194.0, "q33": 180.0, "q34": 193.0, "q35": 102.0, "q36": 104.0, "q37": 139.0, "q38": 105.0, "q39": 55.0, "q40": 30.0, "q41": 190.0, "q42": 153.0, "q43": 183.0, "q44": 228.0, "q45": 216.0, "q46": 70.0, "q47": 163.0, "q48": 217.0, "q49": 47.0, "q50": 168.0, "q51": 206.0, "q52": 55.0, "q53": 37.0, "q54": 16.0, "q55": 159.0, "q56": 109.0, "q57": 151.0, "q58": 157.0, "q59": 181.0, "q60": 184.0, "q61": 113.0, "q62": 202.0, "q63": 181.0}, "datetime": {"datetime": "2019-11-11 18:46:12", "elapsed": 0.324277, "delta": 0.003246}}
{"target": -0.106632604305673, "params": {"q00": 7.0, "q01": 74.0, "q02": 216.0, "q03": 123.0, "q04": 40.0, "q05": 114.0, "q06": 42.0, "q07": 90.0, "q08": 55.0, "q09": 16.0, "q10": 107.0, "q11": 182.0, "q12": 172.0, "q13": 16.0, "q14": 106.0, "q15": 128.0, "q16": 91.0, "q17": 42.0, "q18": 50.0, "q19": 126.0, "q20": 91.0, "q21": 160.0, "q22": 133.0, "q23": 200.0, "q24": 175.0, "q25": 76.0, "q26": 211.0, "q27": 44.0, "q28": 73.0, "q29": 229.0, "q30": 215.0, "q31": 95.0, "q32": 19.0, "q33": 87.0, "q34": 126.0, "q35": 118.0, "q36": 180.0, "q37": 181.0, "q38": 14.0, "q39": 40.0, "q40": 140.0, "q41": 198.0, "q42": 201.0, "q43": 148.0, "q44": 208.0, "q45": 245.0, "q46": 39.0, "q47": 233.0, "q48": 204.0, "q49": 36.0, "q50": 59.0, "q51": 105.0, "q52": 90.0, "q53": 207.0, "q54": 121.0, "q55": 230.0, "q56": 82.0, "q57": 202.0, "q58": 253.0, "q59": 223.0, "q60": 209.0, "q61": 109.0, "q62": 179.0, "q63": 134.0}, "datetime": {"datetime": "2019-11-11 18:46:12", "elapsed": 0.327456, "delta": 0.003179}}
{"target": -0.13755084526820338, "params": {"q00": 65.0, "q01": 14.0, "q02": 212.0, "q03": 97.0, "q04": 112.0, "q05": 15.0, "q06": 34.0, "q07": 125.0, "q08": 6.0, "q09": 4.0, "q10": 140.0, "q11": 175.0, "q12": 71.0, "q13": 151.0, "q14": 32.0, "q15": 82.0, "q16": 154.0, "q17": 18.0, "q18": 33.0, "q19": 188.0, "q20": 45.0, "q21": 26.0, "q22": 180.0, "q23": 249.0, "q24": 227.0, "q25": 92.0, "q26": 165.0, "q27": 150.0, "q28": 175.0, "q29": 84.0, "q30": 230.0, "q31": 247.0, "q32": 158.0, "q33": 90.0, "q34": 27.0, "q35": 25.0, "q36": 240.0, "q37": 106.0, "q38": 226.0, "q39": 10.0, "q40": 85.0, "q41": 124.0, "q42": 162.0, "q43": 60.0, "q44": 176.0, "q45": 242.0, "q46": 211.0, "q47": 138.0, "q48": 80.0, "q49": 12.0, "q50": 97.0, "q51": 249.0, "q52": 24.0, "q53": 84.0, "q54": 202.0, "q55": 24.0, "q56": 50.0, "q57": 205.0, "q58": 63.0, "q59": 102.0, "q60": 216.0, "q61": 195.0, "q62": 170.0, "q63": 163.0}, "datetime": {"datetime": "2019-11-11 18:46:12", "elapsed": 0.330562, "delta": 0.003106}}
{"target": -0.12573672575580874, "params": {"q00": 11.0, "q01": 100.0, "q02": 102.0, "q03": 116.0, "q04": 140.0, "q05": 58.0, "q06": 102.0, "q07": 44.0, "q08": 26.0, "q09": 147.0, "q10": 91.0, "q11": 26.0, "q12": 159.0, "q13": 164.0, "q14": 218.0, "q15": 217.0, "q16": 77.0, "q17": 21.0, "q18": 28.0, "q19": 41.0, "q20": 174.0, "q21": 31.0, "q22": 47.0, "q23": 232.0, "q24": 49.0, "q25": 108.0, "q26": 198.0, "q27": 204.0, "q28": 77.0, "q29": 35.0, "q30": 183.0, "q31": 133.0, "q32": 2.0, "q33": 102.0, "q34": 217.0, "q35": 208.0, "q36": 90.0, "q37": 91.0, "q38": 210.0, "q39": 192.0, "q40": 124.0, "q41": 19.0, "q42": 77.0, "q43": 176.0, "q44": 246.0, "q45": 217.0, "q46": 235.0, "q47": 182.0, "q48": 164.0, "q49": 132.0, "q50": 100.0, "q51": 145.0, "q52": 107.0, "q53": 123.0, "q54": 172.0, "q55": 246.0, "q56": 188.0, "q57": 112.0, "q58": 223.0, "q59": 230.0, "q60": 146.0, "q61": 138.0, "q62": 240.0, "q63": 234.0}, "datetime": {"datetime": "2019-11-11 18:46:12", "elapsed": 0.333723, "delta": 0.003161}}
{"target": -0.12914618114442006, "params": {"q00": 4.0, "q01": 53.0, "q02": 52.0, "q03": 84.0, "q04": 4.0, "q05": 58.0, "q06": 194.0, "q07": 50.0, "q08": 129.0, "q09": 5.0, "q10": 44.0, "q11": 217.0, "q12": 87.0, "q13": 66.0, "q14": 61.0, "q15": 215.0, "q16": 42.0, "q17": 82.0, "q18": 138.0, "q19": 233.0, "q20": 187.0, "q21": 124.0, "q22": 139.0, "q23": 203.0, "q24": 121.0, "q25": 30.0, "q26": 168.0, "q27": 164.0, "q28": 87.0, "q29": 57.0, "q30": 245.0, "q31": 83.0, "q32": 68.0, "q33": 183.0, "q34": 19.0, "q35": 48.0, "q36": 199.0, "q37": 238.0, "q38": 96.0, "q39": 99.0, "q40": 105.0, "q41": 27.0, "q42": 34.0, "q43": 215.0, "q44": 220.0, "q45": 65.0, "q46": 111.0, "q47": 161.0, "q48": 31.0, "q49": 104.0, "q50": 155.0, "q51": 137.0, "q52": 49.0, "q53": 17.0, "q54": 135.0, "q55": 151.0, "q56": 151.0, "q57": 95.0, "q58": 253.0, "q59": 16.0, "q60": 212.0, "q61": 122.0, "q62": 240.0, "q63": 137.0}, "datetime": {"datetime": "2019-11-11 18:46:12", "elapsed": 0.336874, "delta": 0.003151}}
{"target": -0.14332375097814293, "params": {"q00": 21.0, "q01": 3.0, "q02": 23.0, "q03": 144.0, "q04": 26.0, "q05": 109.0, "q06": 68.0, "q07": 184.0, "q08": 9.0, "q09": 135.0, "q10": 174.0, "q11": 227.0, "q12": 215.0, "q13": 38.0, "q14": 67.0, "q15": 73.0, "q16": 70.0, "q17": 9.0, "q18": 180.0, "q19": 213.0, "q20": 185.0, "q21": 91.0, "q22": 128.0, "q23": 253.0, "q24": 251.0, "q25": 41.0, "q26": 98.0, "q27": 3.0, "q28": 189.0, "q29": 150.0, "q30": 223.0, "q31": 85.0, "q32": 22.0, "q33": 54.0, "q34": 174.0, "q35": 40.0, "q36": 99.0, "q37": 20.0, "q38": 105.0, "q39": 156.0, "q40": 221.0, "q41": 210.0, "q42": 234.0, "q43": 195.0, "q44": 190.0, "q45": 209.0, "q46": 159.0, "q47": 52.0, "q48": 170.0, "q49": 192.0, "q50": 151.0, "q51": 249.0, "q52": 224.0, "q53": 157.0, "q54": 230.0, "q55": 253.0, "q56": 152.0, "q57": 3.0, "q58": 84.0, "q59": 31.0, "q60": 158.0, "q61": 233.0, "q62": 185.0, "q63": 239.0}, "datetime": {"datetime": "2019-11-11 18:46:12", "elapsed": 0.34004, "delta": 0.003166}}
{"target": -0.11865498511935563, "params": {"q00": 11.0, "q01": 1.0, "q02": 15.0, "q03": 172.0, "q04": 63.0, "q05": 24.0, "q06": 183.0, "q07": 50.0, "q08": 23.0, "q09": 151.0, "q10": 21.0, "q11": 39.0, "q12": 168.0, "q13": 45.0, "q14": 182.0, "q15": 240.0, "q16": 11.0, "q17": 65.0, "q18": 251.0, "q19": 232.0, "q20": 71.0, "q21": 67.0, "q22": 91.0, "q23": 121.0, "q24": 78.0, "q25": 60.0, "q26": 189.0, "q27": 30.0, "q28": 5.0, "q29": 77.0, "q30": 150.0, "q31": 93.0, "q32": 24.0, "q33": 207.0, "q34": 57.0, "q35": 104.0, "q36": 62.0, "q37": 208.0, "q38": 164.0, "q39": 14.0, "q40": 59.0, "q41": 175.0, "q42": 237.0, "q43": 181.0, "q44": 97.0, "q45": 108.0, "q46": 123.0, "q47": 168.0, "q48": 201.0, "q49": 222.0, "q50": 59.0, "q51": 150.0, "q52": 53.0, "q53": 13.0, "q54": 222.0, "q55": 248.0, "q56": 218.0, "q57": 147.0, "q58": 145.0, "q59": 192.0, "q60": 2.0, "q61": 139.0, "q62": 163.0, "q63": 225.0}, "datetime": {"datetime": "2019-11-11 18:46:12", "elapsed": 0.34322, "delta": 0.00318}}
{"target": -0.17019821378176808, "params": {"q00": 2.0, "q01": 1.0, "q02": 7.0, "q03": 128.0, "q04": 56.0, "q05": 8.0, "q06": 41.0, "q07": 95.0, "q08": 102.0, "q09": 149.0, "q10": 98.0, "q11": 60.0, "q12": 200.0, "q13": 86.0, "q14": 183.0, "q15": 123.0, "q16": 20.0, "q17": 107.0, "q18": 167.0, "q19": 226.0, "q20": 179.0, "q21": 205.0, "q22": 247.0, "q23": 247.0, "q24": 126.0, "q25": 5.0, "q26": 74.0, "q27": 105.0, "q28": 227.0, "q29": 149.0, "q30": 117.0, "q31": 211.0, "q32": 142.0, "q33": 132.0, "q34": 251.0, "q35": 51.0, "q36": 178.0, "q37": 34.0, "q38": 154.0, "q39": 89.0, "q40": 205.0, "q41": 189.0, "q42": 56.0, "q43": 192.0, "q44": 203.0, "q45": 248.0, "q46": 222.0, "q47": 161.0, "q48": 5.0, "q49": 86.0, "q50": 125.0, "q51": 248.0, "q52": 74.0, "q53": 219.0, "q54": 37.0, "q55": 132.0, "q56": 39.0, "q57": 53.0, "q58": 180.0, "q59": 155.0, "q60": 57.0, "q61": 66.0, "q62": 218.0, "q63": 225.0}, "datetime": {"datetime": "2019-11-11 18:46:12", "elapsed": 0.346405, "delta": 0.003185}}
{"target": -0.10230990839430698, "params": {"q00": 51.0, "q01": 32.0, "q02": 32.0, "q03": 220.0, "q04": 2.0, "q05": 11.0, "q06": 104.0, "q07": 80.0, "q08": 34.0, "q09": 8.0, "q10": 7.0, "q11": 233.0, "q12": 14.0, "q13": 36.0, "q14": 56.0, "q15": 109.0, "q16": 4.0, "q17": 86.0, "q18": 52.0, "q19": 247.0, "q20": 81.0, "q21": 151.0, "q22": 224.0, "q23": 55.0, "q24": 78.0, "q25": 53.0, "q26": 131.0, "q27": 64.0, "q28": 230.0, "q29": 37.0, "q30": 139.0, "q31": 158.0, "q32": 134.0, "q33": 146.0, "q34": 121.0, "q35": 120.0, "q36": 147.0, "q37": 27.0, "q38": 122.0, "q39": 149.0, "q40": 122.0, "q41": 144.0, "q42": 110.0, "q43": 14.0, "q44": 178.0, "q45": 219.0, "q46": 81.0, "q47": 27.0, "q48": 208.0, "q49": 113.0, "q50": 146.0, "q51": 70.0, "q52": 44.0, "q53": 16.0, "q54": 11.0, "q55": 64.0, "q56": 133.0, "q57": 79.0, "q58": 108.0, "q59": 139.0, "q60": 84.0, "q61": 149.0, "q62": 179.0, "q63": 227.0}, "datetime": {"datetime": "2019-11-11 18:46:12", "elapsed": 0.349573, "delta": 0.003168}}
{"target": -0.0998447837828087, "params": {"q00": 5.0, "q01": 16.0, "q02": 126.0, "q03": 63.0, "q04": 53.0, "q05": 202.0, "q06": 21.0, "q07": 121.0, "q08": 35.0, "q09": 65.0, "q10": 6.0, "q11": 35.0, "q12": 252.0, "q13": 89.0, "q14": 97.0, "q15": 187.0, "q16": 8.0, "q17": 148.0, "q18": 175.0, "q19": 115.0, "q20": 91.0, "q21": 57.0, "q22": 231.0, "q23": 220.0, "q24": 191.0, "q25": 131.0, "q26": 22.0, "q27": 75.0, "q28": 139.0, "q29": 208.0, "q30": 155.0, "q31": 158.0, "q32": 197.0, "q33": 244.0, "q34": 59.0, "q35": 156.0, "q36": 108.0, "q37": 35.0, "q38": 200.0, "q39": 113.0, "q40": 13.0, "q41": 232.0, "q42": 103.0, "q43": 49.0, "q44": 192.0, "q45": 111.0, "q46": 163.0, "q47": 80.0, "q48": 57.0, "q49": 177.0, "q50": 26.0, "q51": 246.0, "q52": 89.0, "q53": 88.0, "q54": 14.0, "q55": 178.0, "q56": 47.0, "q57": 156.0, "q58": 241.0, "q59": 62.0, "q60": 179.0, "q61": 198.0, "q62": 224.0, "q63": 146.0}, "datetime": {"datetime": "2019-11-11 18:46:12", "elapsed": 0.352824, "delta": 0.003251}}
{"target": -0.1648372679245898, "params": {"q00": 65.0, "q01": 2.0, "q02": 168.0, "q03": 251.0, "q04": 150.0, "q05": 207.0, "q06": 99.0, "q07": 196.0, "q08": 2.0, "q09": 2.0, "q10": 96.0, "q11": 80.0, "q12": 225.0, "q13": 135.0, "q14": 27.0, "q15": 105.0, "q16": 27.0, "q17": 10.0, "q18": 212.0, "q19": 126.0, "q20": 27.0, "q21": 178.0, "q22": 179.0, "q23": 106.0, "q24": 41.0, "q25": 254.0, "q26": 250.0, "q27": 61.0, "q28": 108.0, "q29": 66.0, "q30": 202.0, "q31": 189.0, "q32": 138.0, "q33": 89.0, "q34": 5.0, "q35": 33.0, "q36": 23.0, "q37": 42.0, "q38": 159.0, "q39": 209.0, "q40": 170.0, "q41": 229.0, "q42": 27.0, "q43": 166.0, "q44": 101.0, "q45": 228.0, "q46": 232.0, "q47": 74.0, "q48": 234.0, "q49": 228.0, "q50": 252.0, "q51": 245.0, "q52": 1.0, "q53": 30.0, "q54": 245.0, "q55": 220.0, "q56": 244.0, "q57": 2.0, "q58": 234.0, "q59": 233.0, "q60": 206.0, "q61": 237.0, "q62": 246.0, "q63": 219.0}, "datetime": {"datetime": "2019-11-11 18:46:12", "elapsed": 0.356082, "delta": 0.003258}}
{"target": -0.14103016510408994, "params": {"q00": 6.0, "q01": 76.0, "q02": 23.0, "q03": 49.0, "q04": 11.0, "q05": 94.0, "q06": 50.0, "q07": 65.0, "q08": 8.0, "q09": 58.0, "q10": 147.0, "q11": 228.0, "q12": 175.0, "q13": 95.0, "q14": 1.0, "q15": 93.0, "q16": 132.0, "q17": 2.0, "q18": 72.0, "q19": 101.0, "q20": 11.0, "q21": 41.0, "q22": 121.0, "q23": 216.0, "q24": 10.0, "q25": 104.0, "q26": 110.0, "q27": 230.0, "q28": 197.0, "q29": 50.0, "q30": 7.0, "q31": 138.0, "q32": 226.0, "q33": 210.0, "q34": 205.0, "q35": 63.0, "q36": 181.0, "q37": 178.0, "q38": 125.0, "q39": 123.0, "q40": 203.0, "q41": 81.0, "q42": 144.0, "q43": 26.0, "q44": 107.0, "q45": 145.0, "q46": 194.0, "q47": 224.0, "q48": 140.0, "q49": 27.0, "q50": 51.0, "q51": 114.0, "q52": 210.0, "q53": 26.0, "q54": 107.0, "q55": 38.0, "q56": 231.0, "q57": 122.0, "q58": 243.0, "q59": 139.0, "q60": 72.0, "q61": 104.0, "q62": 159.0, "q63": 90.0}, "datetime": {"datetime": "2019-11-11 18:46:12", "elapsed": 0.359335, "delta": 0.003253}}
{"target": -0.1079425860385883, "params": {"q00": 49.0, "q01": 6.0, "q02": 105.0, "q03": 110.0, "q04": 54.0, "q05": 17.0, "q06": 149.0, "q07": 158.0, "q08": 31.0, "q09": 44.0, "q10": 41.0, "q11": 66.0, "q12": 47.0, "q13": 162.0, "q14": 192.0, "q15": 121.0, "q16": 38.0, "q17": 61.0, "q18": 108.0, "q19": 82.0, "q20": 202.0, "q21": 173.0, "q22": 178.0, "q23": 194.0, "q24": 127.0, "q25": 233.0, "q26": 245.0, "q27": 207.0, "q28": 50.0, "q29": 47.0, "q30": 251.0, "q31": 114.0, "q32": 126.0, "q33": 58.0, "q34": 247.0, "q35": 36.0, "q36": 182.0, "q37": 197.0, "q38": 143.0, "q39": 53.0, "q40": 32.0, "q41": 242.0, "q42": 180.0, "q43": 185.0, "q44": 218.0, "q45": 245.0, "q46": 233.0, "q47": 101.0, "q48": 140.0, "q49": 3.0, "q50": 86.0, "q51": 154.0, "q52": 101.0, "q53": 153.0, "q54": 208.0, "q55": 189.0, "q56": 83.0, "q57": 91.0, "q58": 202.0, "q59": 76.0, "q60": 213.0, "q61": 78.0, "q62": 198.0, "q63": 97.0}, "datetime": {"datetime": "2019-11-11 18:46:12", "elapsed": 0.362811, "delta": 0.003476}}
{"target": -0.1084061614861842, "params": {"q00": 29.0, "q01": 36.0, "q02": 45.0, "q03": 111.0, "q04": 15.0, "q05": 16.0, "q06": 141.0, "q07": 85.0, "q08": 62.0, "q09": 17.0, "q10": 243.0, "q11": 139.0, "q12": 206.0, "q13": 69.0, "q14": 12.0, "q15": 184.0, "q16": 97.0, "q17": 10.0, "q18": 37.0, "q19": 196.0, "q20": 45.0, "q21": 104.0, "q22": 29.0, "q23": 193.0, "q24": 221.0, "q25": 54.0, "q26": 53.0, "q27": 180.0, "q28": 103.0, "q29": 24.0, "q30": 216.0, "q31": 190.0, "q32": 218.0, "q33": 152.0, "q34": 143.0, "q35": 7.0, "q36": 235.0, "q37": 51.0, "q38": 228.0, "q39": 141.0, "q40": 7.0, "q41": 186.0, "q42": 161.0, "q43": 78.0, "q44": 189.0, "q45": 68.0, "q46": 250.0, "q47": 60.0, "q48": 229.0, "q49": 106.0, "q50": 244.0, "q51": 205.0, "q52": 122.0, "q53": 18.0, "q54": 97.0, "q55": 151.0, "q56": 83.0, "q57": 135.0, "q58": 103.0, "q59": 62.0, "q60": 15.0, "q61": 176.0, "q62": 243.0, "q63": 166.0}, "datetime": {"datetime": "2019-11-11 18:46:12", "elapsed": 0.366132, "delta": 0.003321}}
{"target": -0.11312536472913043, "params": {"q00": 11.0, "q01": 4.0, "q02": 33.0, "q03": 209.0, "q04": 23.0, "q05": 116.0, "q06": 194.0, "q07": 49.0, "q08": 38.0, "q09": 20.0, "q10": 205.0, "q11": 194.0, "q12": 163.0, "q13": 138.0, "q14": 220.0, "q15": 252.0, "q16": 11.0, "q17": 5.0, "q18": 58.0, "q19": 119.0, "q20": 55.0, "q21": 93.0, "q22": 219.0, "q23": 216.0, "q24": 179.0, "q25": 114.0, "q26": 143.0, "q27": 2.0, "q28": 185.0, "q29": 103.0, "q30": 143.0, "q31": 171.0, "q32": 98.0, "q33": 151.0, "q34": 142.0, "q35": 222.0, "q36": 250.0, "q37": 18.0, "q38": 93.0, "q39": 217.0, "q40": 89.0, "q41": 214.0, "q42": 247.0, "q43": 129.0, "q44": 208.0, "q45": 74.0, "q46": 53.0, "q47": 125.0, "q48": 240.0, "q49": 5.0, "q50": 176.0, "q51": 86.0, "q52": 103.0, "q53": 112.0, "q54": 184.0, "q55": 116.0, "q56": 54.0, "q57": 17.0, "q58": 27.0, "q59": 64.0, "q60": 150.0, "q61": 118.0, "q62": 230.0, "q63": 153.0}, "datetime": {"datetime": "2019-11-11 18:46:12", "elapsed": 0.369441, "delta": 0.003309}}
