{"target": -0.013400504336384511, "params": {"q00": 16.0, "q01": 19.0, "q02": 22.0, "q03": 24.0, "q04": 23.0, "q05": 29.0, "q06": 32.0, "q07": 32.0, "q08": 14.0, "q09": 22.0, "q10": 18.0, "q11": 21.0, "q12": 32.0, "q13": 26.0, "q14": 31.0, "q15": 45.0, "q16": 21.0, "q17": 18.0, "q18": 21.0, "q19": 26.0, "q20": 30.0, "q21": 44.0, "q22": 37.0, "q23": 55.0, "q24": 23.0, "q25": 25.0, "q26": 28.0, "q27": 29.0, "q28": 40.0, "q29": 44.0, "q30": 45.0, "q31": 63.0, "q32": 26.0, "q33": 29.0, "q34": 28.0, "q35": 35.0, "q36": 40.0, "q37": 46.0, "q38": 56.0, "q39": 43.0, "q40": 24.0, "q41": 29.0, "q42": 35.0, "q43": 34.0, "q44": 46.0, "q45": 50.0, "q46": 49.0, "q47": 60.0, "q48": 38.0, "q49": 43.0, "q50": 49.0, "q51": 48.0, "q52": 41.0, "q53": 54.0, "q54": 52.0, "q55": 83.0, "q56": 29.0, "q57": 45.0, "q58": 45.0, "q59": 37.0, "q60": 63.0, "q61": 49.0, "q62": 92.0, "q63": 100.0}, "datetime": {"datetime": "2019-11-27 04:43:21", "elapsed": 11511.291467, "delta": 183.380902}}
{"target": -0.007822832829358362, "params": {"q00": 16.0, "q01": 14.0, "q02": 18.0, "q03": 22.0, "q04": 22.0, "q05": 29.0, "q06": 24.0, "q07": 30.0, "q08": 15.0, "q09": 21.0, "q10": 25.0, "q11": 23.0, "q12": 31.0, "q13": 31.0, "q14": 39.0, "q15": 32.0, "q16": 22.0, "q17": 22.0, "q18": 22.0, "q19": 30.0, "q20": 28.0, "q21": 33.0, "q22": 37.0, "q23": 33.0, "q24": 21.0, "q25": 24.0, "q26": 25.0, "q27": 28.0, "q28": 42.0, "q29": 33.0, "q30": 53.0, "q31": 52.0, "q32": 25.0, "q33": 25.0, "q34": 28.0, "q35": 35.0, "q36": 41.0, "q37": 41.0, "q38": 39.0, "q39": 63.0, "q40": 28.0, "q41": 30.0, "q42": 35.0, "q43": 48.0, "q44": 41.0, "q45": 40.0, "q46": 66.0, "q47": 50.0, "q48": 34.0, "q49": 30.0, "q50": 38.0, "q51": 43.0, "q52": 50.0, "q53": 49.0, "q54": 77.0, "q55": 59.0, "q56": 43.0, "q57": 36.0, "q58": 41.0, "q59": 38.0, "q60": 55.0, "q61": 77.0, "q62": 56.0, "q63": 68.0}, "datetime": {"datetime": "2019-11-27 04:46:25", "elapsed": 11695.369706, "delta": 184.078239}}
{"target": -0.015488891471862942, "params": {"q00": 15.0, "q01": 14.0, "q02": 18.0, "q03": 26.0, "q04": 23.0, "q05": 30.0, "q06": 39.0, "q07": 39.0, "q08": 14.0, "q09": 20.0, "q10": 21.0, "q11": 23.0, "q12": 27.0, "q13": 30.0, "q14": 42.0, "q15": 36.0, "q16": 22.0, "q17": 25.0, "q18": 25.0, "q19": 27.0, "q20": 28.0, "q21": 42.0, "q22": 36.0, "q23": 55.0, "q24": 26.0, "q25": 25.0, "q26": 25.0, "q27": 27.0, "q28": 33.0, "q29": 35.0, "q30": 35.0, "q31": 49.0, "q32": 21.0, "q33": 24.0, "q34": 28.0, "q35": 33.0, "q36": 43.0, "q37": 43.0, "q38": 55.0, "q39": 61.0, "q40": 33.0, "q41": 25.0, "q42": 29.0, "q43": 39.0, "q44": 40.0, "q45": 40.0, "q46": 43.0, "q47": 73.0, "q48": 26.0, "q49": 31.0, "q50": 31.0, "q51": 48.0, "q52": 41.0, "q53": 52.0, "q54": 61.0, "q55": 69.0, "q56": 38.0, "q57": 32.0, "q58": 48.0, "q59": 53.0, "q60": 55.0, "q61": 78.0, "q62": 53.0, "q63": 87.0}, "datetime": {"datetime": "2019-11-27 04:49:26", "elapsed": 11876.562466, "delta": 181.19276}}
{"target": -0.005903705819769511, "params": {"q00": 18.0, "q01": 18.0, "q02": 16.0, "q03": 21.0, "q04": 22.0, "q05": 23.0, "q06": 39.0, "q07": 38.0, "q08": 19.0, "q09": 21.0, "q10": 19.0, "q11": 22.0, "q12": 28.0, "q13": 36.0, "q14": 45.0, "q15": 29.0, "q16": 19.0, "q17": 20.0, "q18": 25.0, "q19": 29.0, "q20": 32.0, "q21": 34.0, "q22": 37.0, "q23": 53.0, "q24": 18.0, "q25": 24.0, "q26": 25.0, "q27": 27.0, "q28": 28.0, "q29": 41.0, "q30": 50.0, "q31": 43.0, "q32": 20.0, "q33": 24.0, "q34": 36.0, "q35": 38.0, "q36": 35.0, "q37": 39.0, "q38": 38.0, "q39": 48.0, "q40": 33.0, "q41": 31.0, "q42": 30.0, "q43": 32.0, "q44": 39.0, "q45": 57.0, "q46": 69.0, "q47": 60.0, "q48": 38.0, "q49": 32.0, "q50": 45.0, "q51": 50.0, "q52": 49.0, "q53": 55.0, "q54": 73.0, "q55": 61.0, "q56": 39.0, "q57": 39.0, "q58": 35.0, "q59": 38.0, "q60": 47.0, "q61": 66.0, "q62": 59.0, "q63": 63.0}, "datetime": {"datetime": "2019-11-27 04:52:28", "elapsed": 12057.620968, "delta": 181.058502}}
{"target": -0.006792552883794323, "params": {"q00": 14.0, "q01": 16.0, "q02": 18.0, "q03": 21.0, "q04": 20.0, "q05": 33.0, "q06": 29.0, "q07": 37.0, "q08": 19.0, "q09": 21.0, "q10": 23.0, "q11": 21.0, "q12": 29.0, "q13": 34.0, "q14": 38.0, "q15": 43.0, "q16": 21.0, "q17": 22.0, "q18": 26.0, "q19": 24.0, "q20": 28.0, "q21": 30.0, "q22": 33.0, "q23": 46.0, "q24": 19.0, "q25": 22.0, "q26": 30.0, "q27": 33.0, "q28": 32.0, "q29": 36.0, "q30": 41.0, "q31": 55.0, "q32": 23.0, "q33": 25.0, "q34": 28.0, "q35": 27.0, "q36": 44.0, "q37": 38.0, "q38": 45.0, "q39": 72.0, "q40": 30.0, "q41": 25.0, "q42": 37.0, "q43": 43.0, "q44": 39.0, "q45": 39.0, "q46": 47.0, "q47": 49.0, "q48": 38.0, "q49": 35.0, "q50": 35.0, "q51": 45.0, "q52": 55.0, "q53": 46.0, "q54": 48.0, "q55": 81.0, "q56": 37.0, "q57": 47.0, "q58": 45.0, "q59": 59.0, "q60": 46.0, "q61": 43.0, "q62": 47.0, "q63": 57.0}, "datetime": {"datetime": "2019-11-27 04:55:30", "elapsed": 12239.659219, "delta": 182.038251}}
{"target": -0.005867325539339885, "params": {"q00": 16.0, "q01": 19.0, "q02": 22.0, "q03": 18.0, "q04": 26.0, "q05": 33.0, "q06": 40.0, "q07": 44.0, "q08": 14.0, "q09": 16.0, "q10": 24.0, "q11": 21.0, "q12": 31.0, "q13": 26.0, "q14": 38.0, "q15": 37.0, "q16": 20.0, "q17": 22.0, "q18": 26.0, "q19": 25.0, "q20": 34.0, "q21": 44.0, "q22": 48.0, "q23": 51.0, "q24": 22.0, "q25": 27.0, "q26": 28.0, "q27": 27.0, "q28": 31.0, "q29": 46.0, "q30": 45.0, "q31": 65.0, "q32": 23.0, "q33": 24.0, "q34": 29.0, "q35": 32.0, "q36": 33.0, "q37": 50.0, "q38": 40.0, "q39": 57.0, "q40": 28.0, "q41": 38.0, "q42": 39.0, "q43": 32.0, "q44": 53.0, "q45": 46.0, "q46": 64.0, "q47": 47.0, "q48": 34.0, "q49": 30.0, "q50": 38.0, "q51": 53.0, "q52": 42.0, "q53": 58.0, "q54": 79.0, "q55": 79.0, "q56": 32.0, "q57": 31.0, "q58": 41.0, "q59": 40.0, "q60": 62.0, "q61": 46.0, "q62": 58.0, "q63": 72.0}, "datetime": {"datetime": "2019-11-27 04:58:32", "elapsed": 12422.486895, "delta": 182.827676}}
{"target": -0.00794366712190453, "params": {"q00": 17.0, "q01": 17.0, "q02": 22.0, "q03": 17.0, "q04": 24.0, "q05": 26.0, "q06": 32.0, "q07": 31.0, "q08": 16.0, "q09": 21.0, "q10": 18.0, "q11": 23.0, "q12": 28.0, "q13": 37.0, "q14": 36.0, "q15": 41.0, "q16": 18.0, "q17": 23.0, "q18": 21.0, "q19": 31.0, "q20": 28.0, "q21": 34.0, "q22": 33.0, "q23": 41.0, "q24": 26.0, "q25": 21.0, "q26": 24.0, "q27": 31.0, "q28": 38.0, "q29": 36.0, "q30": 40.0, "q31": 63.0, "q32": 21.0, "q33": 26.0, "q34": 30.0, "q35": 33.0, "q36": 41.0, "q37": 41.0, "q38": 59.0, "q39": 52.0, "q40": 33.0, "q41": 32.0, "q42": 44.0, "q43": 46.0, "q44": 47.0, "q45": 51.0, "q46": 49.0, "q47": 74.0, "q48": 38.0, "q49": 39.0, "q50": 32.0, "q51": 54.0, "q52": 59.0, "q53": 45.0, "q54": 65.0, "q55": 70.0, "q56": 31.0, "q57": 45.0, "q58": 36.0, "q59": 42.0, "q60": 57.0, "q61": 47.0, "q62": 62.0, "q63": 100.0}, "datetime": {"datetime": "2019-11-27 05:01:34", "elapsed": 12604.14407, "delta": 181.657175}}
{"target": -0.001911931765756214, "params": {"q00": 16.0, "q01": 18.0, "q02": 23.0, "q03": 21.0, "q04": 23.0, "q05": 29.0, "q06": 33.0, "q07": 26.0, "q08": 17.0, "q09": 16.0, "q10": 24.0, "q11": 22.0, "q12": 32.0, "q13": 35.0, "q14": 30.0, "q15": 36.0, "q16": 17.0, "q17": 21.0, "q18": 23.0, "q19": 25.0, "q20": 34.0, "q21": 45.0, "q22": 36.0, "q23": 43.0, "q24": 17.0, "q25": 25.0, "q26": 26.0, "q27": 32.0, "q28": 31.0, "q29": 33.0, "q30": 55.0, "q31": 51.0, "q32": 23.0, "q33": 29.0, "q34": 31.0, "q35": 35.0, "q36": 47.0, "q37": 43.0, "q38": 38.0, "q39": 55.0, "q40": 27.0, "q41": 31.0, "q42": 42.0, "q43": 40.0, "q44": 46.0, "q45": 52.0, "q46": 71.0, "q47": 57.0, "q48": 27.0, "q49": 42.0, "q50": 40.0, "q51": 35.0, "q52": 39.0, "q53": 67.0, "q54": 62.0, "q55": 61.0, "q56": 45.0, "q57": 39.0, "q58": 42.0, "q59": 62.0, "q60": 55.0, "q61": 69.0, "q62": 90.0, "q63": 68.0}, "datetime": {"datetime": "2019-11-27 05:04:36", "elapsed": 12786.432172, "delta": 182.288102}}
{"target": -0.00720403830676597, "params": {"q00": 15.0, "q01": 14.0, "q02": 23.0, "q03": 20.0, "q04": 20.0, "q05": 28.0, "q06": 27.0, "q07": 26.0, "q08": 14.0, "q09": 20.0, "q10": 21.0, "q11": 24.0, "q12": 26.0, "q13": 38.0, "q14": 30.0, "q15": 43.0, "q16": 21.0, "q17": 21.0, "q18": 26.0, "q19": 25.0, "q20": 35.0, "q21": 37.0, "q22": 41.0, "q23": 52.0, "q24": 26.0, "q25": 27.0, "q26": 27.0, "q27": 35.0, "q28": 35.0, "q29": 33.0, "q30": 46.0, "q31": 53.0, "q32": 26.0, "q33": 26.0, "q34": 29.0, "q35": 34.0, "q36": 48.0, "q37": 45.0, "q38": 46.0, "q39": 47.0, "q40": 23.0, "q41": 31.0, "q42": 32.0, "q43": 43.0, "q44": 44.0, "q45": 39.0, "q46": 61.0, "q47": 71.0, "q48": 28.0, "q49": 36.0, "q50": 48.0, "q51": 55.0, "q52": 47.0, "q53": 58.0, "q54": 70.0, "q55": 73.0, "q56": 30.0, "q57": 36.0, "q58": 37.0, "q59": 54.0, "q60": 53.0, "q61": 62.0, "q62": 91.0, "q63": 76.0}, "datetime": {"datetime": "2019-11-27 05:07:40", "elapsed": 12970.468347, "delta": 184.036175}}
{"target": -0.013024804460812889, "params": {"q00": 18.0, "q01": 18.0, "q02": 17.0, "q03": 23.0, "q04": 23.0, "q05": 28.0, "q06": 34.0, "q07": 30.0, "q08": 16.0, "q09": 20.0, "q10": 20.0, "q11": 21.0, "q12": 31.0, "q13": 38.0, "q14": 26.0, "q15": 35.0, "q16": 16.0, "q17": 22.0, "q18": 27.0, "q19": 30.0, "q20": 28.0, "q21": 43.0, "q22": 45.0, "q23": 38.0, "q24": 24.0, "q25": 25.0, "q26": 30.0, "q27": 32.0, "q28": 30.0, "q29": 48.0, "q30": 53.0, "q31": 41.0, "q32": 21.0, "q33": 31.0, "q34": 32.0, "q35": 43.0, "q36": 35.0, "q37": 51.0, "q38": 44.0, "q39": 59.0, "q40": 33.0, "q41": 33.0, "q42": 43.0, "q43": 39.0, "q44": 48.0, "q45": 41.0, "q46": 61.0, "q47": 59.0, "q48": 35.0, "q49": 41.0, "q50": 42.0, "q51": 47.0, "q52": 50.0, "q53": 49.0, "q54": 46.0, "q55": 54.0, "q56": 38.0, "q57": 45.0, "q58": 42.0, "q59": 55.0, "q60": 59.0, "q61": 43.0, "q62": 61.0, "q63": 61.0}, "datetime": {"datetime": "2019-11-27 05:10:42", "elapsed": 13152.103124, "delta": 181.634777}}
{"target": -0.0034389021421104005, "params": {"q00": 16.0, "q01": 16.0, "q02": 19.0, "q03": 22.0, "q04": 22.0, "q05": 30.0, "q06": 34.0, "q07": 27.0, "q08": 17.0, "q09": 20.0, "q10": 23.0, "q11": 25.0, "q12": 31.0, "q13": 33.0, "q14": 40.0, "q15": 44.0, "q16": 22.0, "q17": 20.0, "q18": 22.0, "q19": 28.0, "q20": 36.0, "q21": 40.0, "q22": 44.0, "q23": 34.0, "q24": 25.0, "q25": 26.0, "q26": 29.0, "q27": 33.0, "q28": 42.0, "q29": 47.0, "q30": 50.0, "q31": 65.0, "q32": 23.0, "q33": 23.0, "q34": 28.0, "q35": 34.0, "q36": 36.0, "q37": 34.0, "q38": 55.0, "q39": 46.0, "q40": 31.0, "q41": 28.0, "q42": 39.0, "q43": 47.0, "q44": 51.0, "q45": 47.0, "q46": 46.0, "q47": 44.0, "q48": 26.0, "q49": 28.0, "q50": 37.0, "q51": 36.0, "q52": 50.0, "q53": 69.0, "q54": 63.0, "q55": 80.0, "q56": 34.0, "q57": 38.0, "q58": 45.0, "q59": 40.0, "q60": 50.0, "q61": 52.0, "q62": 60.0, "q63": 64.0}, "datetime": {"datetime": "2019-11-27 05:13:46", "elapsed": 13335.898221, "delta": 183.795097}}
{"target": -0.0058695476671527524, "params": {"q00": 14.0, "q01": 16.0, "q02": 17.0, "q03": 26.0, "q04": 20.0, "q05": 32.0, "q06": 35.0, "q07": 27.0, "q08": 14.0, "q09": 19.0, "q10": 26.0, "q11": 25.0, "q12": 27.0, "q13": 32.0, "q14": 37.0, "q15": 49.0, "q16": 23.0, "q17": 21.0, "q18": 21.0, "q19": 31.0, "q20": 33.0, "q21": 26.0, "q22": 32.0, "q23": 48.0, "q24": 26.0, "q25": 27.0, "q26": 24.0, "q27": 33.0, "q28": 28.0, "q29": 37.0, "q30": 38.0, "q31": 47.0, "q32": 28.0, "q33": 28.0, "q34": 34.0, "q35": 30.0, "q36": 38.0, "q37": 43.0, "q38": 54.0, "q39": 53.0, "q40": 28.0, "q41": 29.0, "q42": 44.0, "q43": 33.0, "q44": 43.0, "q45": 54.0, "q46": 43.0, "q47": 49.0, "q48": 26.0, "q49": 32.0, "q50": 40.0, "q51": 40.0, "q52": 56.0, "q53": 50.0, "q54": 68.0, "q55": 82.0, "q56": 41.0, "q57": 40.0, "q58": 53.0, "q59": 63.0, "q60": 71.0, "q61": 76.0, "q62": 56.0, "q63": 101.0}, "datetime": {"datetime": "2019-11-27 05:16:50", "elapsed": 13520.589839, "delta": 184.691618}}
{"target": -0.013130258569667097, "params": {"q00": 14.0, "q01": 14.0, "q02": 18.0, "q03": 24.0, "q04": 21.0, "q05": 23.0, "q06": 36.0, "q07": 32.0, "q08": 19.0, "q09": 20.0, "q10": 22.0, "q11": 26.0, "q12": 26.0, "q13": 29.0, "q14": 45.0, "q15": 40.0, "q16": 23.0, "q17": 21.0, "q18": 26.0, "q19": 29.0, "q20": 36.0, "q21": 40.0, "q22": 35.0, "q23": 37.0, "q24": 19.0, "q25": 23.0, "q26": 23.0, "q27": 29.0, "q28": 37.0, "q29": 39.0, "q30": 41.0, "q31": 65.0, "q32": 24.0, "q33": 30.0, "q34": 32.0, "q35": 43.0, "q36": 34.0, "q37": 51.0, "q38": 47.0, "q39": 66.0, "q40": 24.0, "q41": 36.0, "q42": 40.0, "q43": 43.0, "q44": 43.0, "q45": 40.0, "q46": 67.0, "q47": 68.0, "q48": 37.0, "q49": 39.0, "q50": 31.0, "q51": 39.0, "q52": 43.0, "q53": 65.0, "q54": 75.0, "q55": 66.0, "q56": 27.0, "q57": 39.0, "q58": 43.0, "q59": 50.0, "q60": 60.0, "q61": 65.0, "q62": 62.0, "q63": 71.0}, "datetime": {"datetime": "2019-11-27 05:19:54", "elapsed": 13704.565401, "delta": 183.975562}}
{"target": -0.005931858312398508, "params": {"q00": 17.0, "q01": 18.0, "q02": 17.0, "q03": 25.0, "q04": 22.0, "q05": 23.0, "q06": 31.0, "q07": 32.0, "q08": 17.0, "q09": 16.0, "q10": 26.0, "q11": 25.0, "q12": 23.0, "q13": 27.0, "q14": 37.0, "q15": 47.0, "q16": 22.0, "q17": 18.0, "q18": 21.0, "q19": 31.0, "q20": 28.0, "q21": 33.0, "q22": 43.0, "q23": 38.0, "q24": 24.0, "q25": 26.0, "q26": 25.0, "q27": 35.0, "q28": 42.0, "q29": 39.0, "q30": 47.0, "q31": 50.0, "q32": 25.0, "q33": 26.0, "q34": 35.0, "q35": 32.0, "q36": 41.0, "q37": 39.0, "q38": 52.0, "q39": 43.0, "q40": 28.0, "q41": 31.0, "q42": 35.0, "q43": 43.0, "q44": 44.0, "q45": 57.0, "q46": 49.0, "q47": 56.0, "q48": 31.0, "q49": 28.0, "q50": 39.0, "q51": 54.0, "q52": 61.0, "q53": 60.0, "q54": 52.0, "q55": 79.0, "q56": 28.0, "q57": 41.0, "q58": 55.0, "q59": 35.0, "q60": 73.0, "q61": 69.0, "q62": 62.0, "q63": 107.0}, "datetime": {"datetime": "2019-11-27 05:23:00", "elapsed": 13890.118006, "delta": 185.552605}}
{"target": -0.006430596731332838, "params": {"q00": 17.0, "q01": 14.0, "q02": 22.0, "q03": 19.0, "q04": 25.0, "q05": 27.0, "q06": 40.0, "q07": 32.0, "q08": 14.0, "q09": 22.0, "q10": 17.0, "q11": 26.0, "q12": 27.0, "q13": 32.0, "q14": 29.0, "q15": 34.0, "q16": 20.0, "q17": 19.0, "q18": 22.0, "q19": 25.0, "q20": 27.0, "q21": 44.0, "q22": 40.0, "q23": 37.0, "q24": 21.0, "q25": 25.0, "q26": 23.0, "q27": 34.0, "q28": 28.0, "q29": 41.0, "q30": 48.0, "q31": 57.0, "q32": 25.0, "q33": 28.0, "q34": 36.0, "q35": 30.0, "q36": 34.0, "q37": 37.0, "q38": 49.0, "q39": 61.0, "q40": 32.0, "q41": 26.0, "q42": 28.0, "q43": 47.0, "q44": 37.0, "q45": 52.0, "q46": 56.0, "q47": 57.0, "q48": 30.0, "q49": 44.0, "q50": 47.0, "q51": 55.0, "q52": 53.0, "q53": 44.0, "q54": 67.0, "q55": 69.0, "q56": 42.0, "q57": 32.0, "q58": 38.0, "q59": 63.0, "q60": 55.0, "q61": 59.0, "q62": 73.0, "q63": 57.0}, "datetime": {"datetime": "2019-11-27 05:26:05", "elapsed": 14075.578243, "delta": 185.460237}}
{"target": -0.008795821432450168, "params": {"q00": 16.0, "q01": 18.0, "q02": 20.0, "q03": 22.0, "q04": 20.0, "q05": 24.0, "q06": 31.0, "q07": 35.0, "q08": 15.0, "q09": 20.0, "q10": 25.0, "q11": 23.0, "q12": 31.0, "q13": 37.0, "q14": 34.0, "q15": 31.0, "q16": 18.0, "q17": 18.0, "q18": 23.0, "q19": 26.0, "q20": 32.0, "q21": 38.0, "q22": 46.0, "q23": 37.0, "q24": 21.0, "q25": 26.0, "q26": 29.0, "q27": 28.0, "q28": 39.0, "q29": 45.0, "q30": 35.0, "q31": 55.0, "q32": 25.0, "q33": 30.0, "q34": 28.0, "q35": 42.0, "q36": 39.0, "q37": 52.0, "q38": 55.0, "q39": 68.0, "q40": 27.0, "q41": 27.0, "q42": 35.0, "q43": 33.0, "q44": 38.0, "q45": 54.0, "q46": 49.0, "q47": 58.0, "q48": 35.0, "q49": 44.0, "q50": 48.0, "q51": 40.0, "q52": 59.0, "q53": 53.0, "q54": 51.0, "q55": 88.0, "q56": 40.0, "q57": 45.0, "q58": 48.0, "q59": 35.0, "q60": 44.0, "q61": 78.0, "q62": 68.0, "q63": 79.0}, "datetime": {"datetime": "2019-11-27 05:29:11", "elapsed": 14261.055853, "delta": 185.47761}}
{"target": -0.007459864423626006, "params": {"q00": 17.0, "q01": 15.0, "q02": 18.0, "q03": 23.0, "q04": 20.0, "q05": 26.0, "q06": 32.0, "q07": 38.0, "q08": 15.0, "q09": 17.0, "q10": 24.0, "q11": 26.0, "q12": 31.0, "q13": 30.0, "q14": 37.0, "q15": 35.0, "q16": 19.0, "q17": 19.0, "q18": 24.0, "q19": 28.0, "q20": 35.0, "q21": 44.0, "q22": 44.0, "q23": 55.0, "q24": 23.0, "q25": 23.0, "q26": 25.0, "q27": 32.0, "q28": 35.0, "q29": 39.0, "q30": 40.0, "q31": 47.0, "q32": 20.0, "q33": 29.0, "q34": 30.0, "q35": 31.0, "q36": 48.0, "q37": 38.0, "q38": 48.0, "q39": 53.0, "q40": 25.0, "q41": 37.0, "q42": 45.0, "q43": 34.0, "q44": 48.0, "q45": 60.0, "q46": 66.0, "q47": 55.0, "q48": 30.0, "q49": 30.0, "q50": 44.0, "q51": 48.0, "q52": 61.0, "q53": 63.0, "q54": 53.0, "q55": 77.0, "q56": 38.0, "q57": 40.0, "q58": 51.0, "q59": 43.0, "q60": 45.0, "q61": 73.0, "q62": 62.0, "q63": 105.0}, "datetime": {"datetime": "2019-11-27 05:32:17", "elapsed": 14446.747971, "delta": 185.692118}}
{"target": -0.006864934846304904, "params": {"q00": 16.0, "q01": 17.0, "q02": 20.0, "q03": 18.0, "q04": 26.0, "q05": 25.0, "q06": 30.0, "q07": 30.0, "q08": 15.0, "q09": 17.0, "q10": 20.0, "q11": 27.0, "q12": 32.0, "q13": 28.0, "q14": 28.0, "q15": 39.0, "q16": 22.0, "q17": 23.0, "q18": 25.0, "q19": 30.0, "q20": 33.0, "q21": 35.0, "q22": 39.0, "q23": 46.0, "q24": 25.0, "q25": 22.0, "q26": 28.0, "q27": 31.0, "q28": 34.0, "q29": 39.0, "q30": 41.0, "q31": 42.0, "q32": 28.0, "q33": 24.0, "q34": 36.0, "q35": 38.0, "q36": 48.0, "q37": 39.0, "q38": 58.0, "q39": 66.0, "q40": 33.0, "q41": 26.0, "q42": 45.0, "q43": 33.0, "q44": 40.0, "q45": 42.0, "q46": 53.0, "q47": 67.0, "q48": 39.0, "q49": 37.0, "q50": 44.0, "q51": 37.0, "q52": 60.0, "q53": 65.0, "q54": 48.0, "q55": 62.0, "q56": 31.0, "q57": 41.0, "q58": 46.0, "q59": 58.0, "q60": 70.0, "q61": 59.0, "q62": 64.0, "q63": 60.0}, "datetime": {"datetime": "2019-11-27 05:35:22", "elapsed": 14632.407831, "delta": 185.65986}}
{"target": -0.004711106003942311, "params": {"q00": 15.0, "q01": 15.0, "q02": 16.0, "q03": 21.0, "q04": 26.0, "q05": 24.0, "q06": 29.0, "q07": 45.0, "q08": 19.0, "q09": 20.0, "q10": 17.0, "q11": 22.0, "q12": 31.0, "q13": 28.0, "q14": 45.0, "q15": 47.0, "q16": 20.0, "q17": 26.0, "q18": 25.0, "q19": 29.0, "q20": 26.0, "q21": 36.0, "q22": 45.0, "q23": 47.0, "q24": 25.0, "q25": 21.0, "q26": 26.0, "q27": 31.0, "q28": 28.0, "q29": 37.0, "q30": 41.0, "q31": 47.0, "q32": 23.0, "q33": 26.0, "q34": 33.0, "q35": 40.0, "q36": 48.0, "q37": 42.0, "q38": 51.0, "q39": 41.0, "q40": 31.0, "q41": 32.0, "q42": 29.0, "q43": 46.0, "q44": 49.0, "q45": 51.0, "q46": 51.0, "q47": 59.0, "q48": 27.0, "q49": 36.0, "q50": 45.0, "q51": 52.0, "q52": 60.0, "q53": 56.0, "q54": 61.0, "q55": 72.0, "q56": 36.0, "q57": 47.0, "q58": 46.0, "q59": 58.0, "q60": 43.0, "q61": 79.0, "q62": 84.0, "q63": 93.0}, "datetime": {"datetime": "2019-11-27 05:38:28", "elapsed": 14818.543486, "delta": 186.135655}}
{"target": -0.004713134065537861, "params": {"q00": 15.0, "q01": 16.0, "q02": 19.0, "q03": 20.0, "q04": 24.0, "q05": 33.0, "q06": 32.0, "q07": 41.0, "q08": 16.0, "q09": 20.0, "q10": 22.0, "q11": 23.0, "q12": 28.0, "q13": 25.0, "q14": 37.0, "q15": 45.0, "q16": 22.0, "q17": 21.0, "q18": 25.0, "q19": 30.0, "q20": 29.0, "q21": 31.0, "q22": 42.0, "q23": 48.0, "q24": 21.0, "q25": 25.0, "q26": 31.0, "q27": 27.0, "q28": 31.0, "q29": 34.0, "q30": 47.0, "q31": 53.0, "q32": 23.0, "q33": 29.0, "q34": 26.0, "q35": 36.0, "q36": 38.0, "q37": 46.0, "q38": 38.0, "q39": 45.0, "q40": 28.0, "q41": 30.0, "q42": 26.0, "q43": 46.0, "q44": 40.0, "q45": 52.0, "q46": 46.0, "q47": 55.0, "q48": 27.0, "q49": 37.0, "q50": 44.0, "q51": 37.0, "q52": 50.0, "q53": 44.0, "q54": 52.0, "q55": 75.0, "q56": 36.0, "q57": 44.0, "q58": 42.0, "q59": 64.0, "q60": 54.0, "q61": 80.0, "q62": 48.0, "q63": 108.0}, "datetime": {"datetime": "2019-11-27 05:41:35", "elapsed": 15004.758045, "delta": 186.214559}}
{"target": -0.00848770955042033, "params": {"q00": 18.0, "q01": 17.0, "q02": 23.0, "q03": 24.0, "q04": 27.0, "q05": 32.0, "q06": 40.0, "q07": 33.0, "q08": 17.0, "q09": 20.0, "q10": 22.0, "q11": 27.0, "q12": 28.0, "q13": 38.0, "q14": 44.0, "q15": 29.0, "q16": 23.0, "q17": 17.0, "q18": 24.0, "q19": 28.0, "q20": 34.0, "q21": 44.0, "q22": 42.0, "q23": 46.0, "q24": 17.0, "q25": 27.0, "q26": 27.0, "q27": 28.0, "q28": 33.0, "q29": 41.0, "q30": 40.0, "q31": 41.0, "q32": 26.0, "q33": 25.0, "q34": 35.0, "q35": 31.0, "q36": 47.0, "q37": 50.0, "q38": 51.0, "q39": 67.0, "q40": 23.0, "q41": 35.0, "q42": 32.0, "q43": 40.0, "q44": 34.0, "q45": 41.0, "q46": 51.0, "q47": 43.0, "q48": 33.0, "q49": 28.0, "q50": 32.0, "q51": 45.0, "q52": 37.0, "q53": 47.0, "q54": 73.0, "q55": 76.0, "q56": 27.0, "q57": 38.0, "q58": 48.0, "q59": 59.0, "q60": 64.0, "q61": 69.0, "q62": 80.0, "q63": 76.0}, "datetime": {"datetime": "2019-11-27 05:44:41", "elapsed": 15191.269775, "delta": 186.51173}}
{"target": -0.011856976416700027, "params": {"q00": 14.0, "q01": 16.0, "q02": 22.0, "q03": 26.0, "q04": 26.0, "q05": 29.0, "q06": 34.0, "q07": 33.0, "q08": 18.0, "q09": 22.0, "q10": 20.0, "q11": 21.0, "q12": 28.0, "q13": 31.0, "q14": 26.0, "q15": 45.0, "q16": 21.0, "q17": 24.0, "q18": 24.0, "q19": 28.0, "q20": 30.0, "q21": 43.0, "q22": 33.0, "q23": 51.0, "q24": 18.0, "q25": 25.0, "q26": 31.0, "q27": 31.0, "q28": 40.0, "q29": 32.0, "q30": 45.0, "q31": 49.0, "q32": 27.0, "q33": 30.0, "q34": 36.0, "q35": 42.0, "q36": 43.0, "q37": 51.0, "q38": 51.0, "q39": 67.0, "q40": 28.0, "q41": 27.0, "q42": 37.0, "q43": 35.0, "q44": 49.0, "q45": 52.0, "q46": 69.0, "q47": 67.0, "q48": 33.0, "q49": 32.0, "q50": 37.0, "q51": 47.0, "q52": 51.0, "q53": 44.0, "q54": 67.0, "q55": 61.0, "q56": 26.0, "q57": 39.0, "q58": 53.0, "q59": 58.0, "q60": 69.0, "q61": 70.0, "q62": 84.0, "q63": 69.0}, "datetime": {"datetime": "2019-11-27 05:47:47", "elapsed": 15377.583017, "delta": 186.313242}}
