{"target": -0.02287568335565182, "params": {"q00": 9.0, "q01": 3.0, "q02": 11.0, "q03": 15.0, "q04": 28.0, "q05": 47.0, "q06": 54.0, "q07": 69.0, "q08": 6.0, "q09": 9.0, "q10": 7.0, "q11": 21.0, "q12": 33.0, "q13": 61.0, "q14": 57.0, "q15": 54.0, "q16": 12.0, "q17": 10.0, "q18": 6.0, "q19": 31.0, "q20": 39.0, "q21": 54.0, "q22": 60.0, "q23": 49.0, "q24": 15.0, "q25": 14.0, "q26": 30.0, "q27": 37.0, "q28": 42.0, "q29": 79.0, "q30": 72.0, "q31": 69.0, "q32": 19.0, "q33": 30.0, "q34": 38.0, "q35": 57.0, "q36": 77.0, "q37": 102.0, "q38": 112.0, "q39": 67.0, "q40": 33.0, "q41": 42.0, "q42": 45.0, "q43": 57.0, "q44": 88.0, "q45": 99.0, "q46": 114.0, "q47": 87.0, "q48": 48.0, "q49": 68.0, "q50": 78.0, "q51": 77.0, "q52": 99.0, "q53": 121.0, "q54": 118.0, "q55": 109.0, "q56": 70.0, "q57": 87.0, "q58": 101.0, "q59": 103.0, "q60": 110.0, "q61": 100.0, "q62": 111.0, "q63": 99.0}, "datetime": {"datetime": "2019-11-22 11:18:26", "elapsed": 3918.358931, "delta": 177.48247}}
{"target": -0.014320491463734264, "params": {"q00": 14.0, "q01": 5.0, "q02": 17.0, "q03": 24.0, "q04": 31.0, "q05": 44.0, "q06": 54.0, "q07": 67.0, "q08": 19.0, "q09": 18.0, "q10": 21.0, "q11": 28.0, "q12": 30.0, "q13": 58.0, "q14": 54.0, "q15": 52.0, "q16": 6.0, "q17": 12.0, "q18": 9.0, "q19": 32.0, "q20": 43.0, "q21": 58.0, "q22": 72.0, "q23": 48.0, "q24": 21.0, "q25": 9.0, "q26": 31.0, "q27": 22.0, "q28": 60.0, "q29": 79.0, "q30": 80.0, "q31": 60.0, "q32": 19.0, "q33": 29.0, "q34": 31.0, "q35": 60.0, "q36": 61.0, "q37": 107.0, "q38": 104.0, "q39": 70.0, "q40": 22.0, "q41": 42.0, "q42": 64.0, "q43": 68.0, "q44": 71.0, "q45": 96.0, "q46": 122.0, "q47": 100.0, "q48": 55.0, "q49": 64.0, "q50": 82.0, "q51": 92.0, "q52": 98.0, "q53": 119.0, "q54": 116.0, "q55": 110.0, "q56": 74.0, "q57": 83.0, "q58": 89.0, "q59": 106.0, "q60": 106.0, "q61": 106.0, "q62": 107.0, "q63": 101.0}, "datetime": {"datetime": "2019-11-22 11:21:24", "elapsed": 4096.565016, "delta": 178.206085}}
{"target": -0.017031987097016588, "params": {"q00": 9.0, "q01": 8.0, "q02": 14.0, "q03": 6.0, "q04": 17.0, "q05": 41.0, "q06": 49.0, "q07": 53.0, "q08": 3.0, "q09": 16.0, "q10": 7.0, "q11": 10.0, "q12": 18.0, "q13": 56.0, "q14": 65.0, "q15": 58.0, "q16": 14.0, "q17": 19.0, "q18": 21.0, "q19": 24.0, "q20": 42.0, "q21": 48.0, "q22": 59.0, "q23": 49.0, "q24": 21.0, "q25": 7.0, "q26": 18.0, "q27": 22.0, "q28": 51.0, "q29": 82.0, "q30": 71.0, "q31": 56.0, "q32": 17.0, "q33": 26.0, "q34": 27.0, "q35": 53.0, "q36": 69.0, "q37": 112.0, "q38": 98.0, "q39": 77.0, "q40": 17.0, "q41": 32.0, "q42": 58.0, "q43": 59.0, "q44": 87.0, "q45": 105.0, "q46": 117.0, "q47": 89.0, "q48": 50.0, "q49": 54.0, "q50": 82.0, "q51": 91.0, "q52": 94.0, "q53": 125.0, "q54": 110.0, "q55": 105.0, "q56": 64.0, "q57": 85.0, "q58": 92.0, "q59": 95.0, "q60": 109.0, "q61": 106.0, "q62": 95.0, "q63": 94.0}, "datetime": {"datetime": "2019-11-22 11:24:21", "elapsed": 4273.932918, "delta": 177.367902}}
{"target": -0.014099387669901597, "params": {"q00": 12.0, "q01": 19.0, "q02": 19.0, "q03": 21.0, "q04": 28.0, "q05": 38.0, "q06": 54.0, "q07": 63.0, "q08": 7.0, "q09": 13.0, "q10": 19.0, "q11": 23.0, "q12": 33.0, "q13": 50.0, "q14": 56.0, "q15": 55.0, "q16": 9.0, "q17": 14.0, "q18": 18.0, "q19": 20.0, "q20": 38.0, "q21": 59.0, "q22": 73.0, "q23": 60.0, "q24": 22.0, "q25": 14.0, "q26": 30.0, "q27": 28.0, "q28": 55.0, "q29": 78.0, "q30": 85.0, "q31": 61.0, "q32": 20.0, "q33": 25.0, "q34": 31.0, "q35": 53.0, "q36": 63.0, "q37": 105.0, "q38": 104.0, "q39": 68.0, "q40": 33.0, "q41": 41.0, "q42": 58.0, "q43": 62.0, "q44": 73.0, "q45": 94.0, "q46": 118.0, "q47": 101.0, "q48": 43.0, "q49": 61.0, "q50": 69.0, "q51": 85.0, "q52": 101.0, "q53": 111.0, "q54": 116.0, "q55": 91.0, "q56": 69.0, "q57": 88.0, "q58": 102.0, "q59": 106.0, "q60": 108.0, "q61": 93.0, "q62": 103.0, "q63": 107.0}, "datetime": {"datetime": "2019-11-22 11:27:18", "elapsed": 4450.6772, "delta": 176.744282}}
{"target": -0.028730220389019845, "params": {"q00": 22.0, "q01": 18.0, "q02": 11.0, "q03": 20.0, "q04": 24.0, "q05": 36.0, "q06": 49.0, "q07": 53.0, "q08": 3.0, "q09": 2.0, "q10": 16.0, "q11": 15.0, "q12": 21.0, "q13": 53.0, "q14": 64.0, "q15": 45.0, "q16": 9.0, "q17": 10.0, "q18": 11.0, "q19": 30.0, "q20": 34.0, "q21": 47.0, "q22": 72.0, "q23": 52.0, "q24": 4.0, "q25": 12.0, "q26": 27.0, "q27": 24.0, "q28": 42.0, "q29": 77.0, "q30": 82.0, "q31": 68.0, "q32": 8.0, "q33": 13.0, "q34": 46.0, "q35": 62.0, "q36": 67.0, "q37": 111.0, "q38": 103.0, "q39": 84.0, "q40": 28.0, "q41": 32.0, "q42": 57.0, "q43": 61.0, "q44": 77.0, "q45": 112.0, "q46": 103.0, "q47": 92.0, "q48": 51.0, "q49": 59.0, "q50": 79.0, "q51": 92.0, "q52": 95.0, "q53": 125.0, "q54": 116.0, "q55": 101.0, "q56": 63.0, "q57": 85.0, "q58": 94.0, "q59": 95.0, "q60": 108.0, "q61": 99.0, "q62": 93.0, "q63": 107.0}, "datetime": {"datetime": "2019-11-22 11:30:19", "elapsed": 4631.151474, "delta": 180.474274}}
{"target": -0.020476887223259688, "params": {"q00": 7.0, "q01": 5.0, "q02": 12.0, "q03": 12.0, "q04": 33.0, "q05": 36.0, "q06": 54.0, "q07": 67.0, "q08": 4.0, "q09": 17.0, "q10": 6.0, "q11": 16.0, "q12": 26.0, "q13": 65.0, "q14": 68.0, "q15": 47.0, "q16": 13.0, "q17": 3.0, "q18": 13.0, "q19": 19.0, "q20": 38.0, "q21": 56.0, "q22": 60.0, "q23": 57.0, "q24": 6.0, "q25": 15.0, "q26": 24.0, "q27": 30.0, "q28": 49.0, "q29": 79.0, "q30": 88.0, "q31": 61.0, "q32": 10.0, "q33": 27.0, "q34": 29.0, "q35": 62.0, "q36": 75.0, "q37": 100.0, "q38": 104.0, "q39": 68.0, "q40": 31.0, "q41": 25.0, "q42": 56.0, "q43": 59.0, "q44": 85.0, "q45": 105.0, "q46": 115.0, "q47": 98.0, "q48": 43.0, "q49": 71.0, "q50": 82.0, "q51": 86.0, "q52": 112.0, "q53": 111.0, "q54": 117.0, "q55": 91.0, "q56": 76.0, "q57": 98.0, "q58": 90.0, "q59": 104.0, "q60": 106.0, "q61": 96.0, "q62": 100.0, "q63": 98.0}, "datetime": {"datetime": "2019-11-22 11:33:16", "elapsed": 4808.798547, "delta": 177.647073}}
{"target": -0.02278405706959974, "params": {"q00": 8.0, "q01": 3.0, "q02": 4.0, "q03": 19.0, "q04": 16.0, "q05": 33.0, "q06": 41.0, "q07": 53.0, "q08": 8.0, "q09": 18.0, "q10": 9.0, "q11": 26.0, "q12": 22.0, "q13": 66.0, "q14": 64.0, "q15": 50.0, "q16": 4.0, "q17": 12.0, "q18": 7.0, "q19": 31.0, "q20": 43.0, "q21": 50.0, "q22": 68.0, "q23": 58.0, "q24": 16.0, "q25": 20.0, "q26": 21.0, "q27": 25.0, "q28": 54.0, "q29": 91.0, "q30": 77.0, "q31": 59.0, "q32": 10.0, "q33": 12.0, "q34": 36.0, "q35": 60.0, "q36": 71.0, "q37": 116.0, "q38": 102.0, "q39": 77.0, "q40": 20.0, "q41": 27.0, "q42": 58.0, "q43": 68.0, "q44": 71.0, "q45": 104.0, "q46": 121.0, "q47": 101.0, "q48": 49.0, "q49": 58.0, "q50": 79.0, "q51": 95.0, "q52": 99.0, "q53": 115.0, "q54": 125.0, "q55": 98.0, "q56": 78.0, "q57": 96.0, "q58": 90.0, "q59": 91.0, "q60": 110.0, "q61": 108.0, "q62": 107.0, "q63": 105.0}, "datetime": {"datetime": "2019-11-22 11:36:14", "elapsed": 4986.259304, "delta": 177.460757}}
{"target": -0.015263021877588101, "params": {"q00": 18.0, "q01": 6.0, "q02": 19.0, "q03": 18.0, "q04": 24.0, "q05": 38.0, "q06": 52.0, "q07": 59.0, "q08": 17.0, "q09": 7.0, "q10": 9.0, "q11": 25.0, "q12": 33.0, "q13": 52.0, "q14": 63.0, "q15": 63.0, "q16": 22.0, "q17": 10.0, "q18": 23.0, "q19": 19.0, "q20": 49.0, "q21": 55.0, "q22": 74.0, "q23": 50.0, "q24": 20.0, "q25": 7.0, "q26": 22.0, "q27": 24.0, "q28": 48.0, "q29": 91.0, "q30": 80.0, "q31": 66.0, "q32": 13.0, "q33": 24.0, "q34": 42.0, "q35": 51.0, "q36": 70.0, "q37": 114.0, "q38": 102.0, "q39": 74.0, "q40": 16.0, "q41": 39.0, "q42": 56.0, "q43": 56.0, "q44": 75.0, "q45": 110.0, "q46": 118.0, "q47": 87.0, "q48": 42.0, "q49": 54.0, "q50": 68.0, "q51": 94.0, "q52": 107.0, "q53": 114.0, "q54": 127.0, "q55": 94.0, "q56": 76.0, "q57": 100.0, "q58": 89.0, "q59": 102.0, "q60": 120.0, "q61": 100.0, "q62": 99.0, "q63": 90.0}, "datetime": {"datetime": "2019-11-22 11:39:11", "elapsed": 5164.017812, "delta": 177.758508}}
{"target": -0.019777152689798738, "params": {"q00": 16.0, "q01": 18.0, "q02": 18.0, "q03": 14.0, "q04": 26.0, "q05": 34.0, "q06": 56.0, "q07": 67.0, "q08": 5.0, "q09": 3.0, "q10": 11.0, "q11": 24.0, "q12": 35.0, "q13": 55.0, "q14": 56.0, "q15": 54.0, "q16": 23.0, "q17": 17.0, "q18": 6.0, "q19": 25.0, "q20": 32.0, "q21": 54.0, "q22": 70.0, "q23": 56.0, "q24": 18.0, "q25": 24.0, "q26": 14.0, "q27": 25.0, "q28": 54.0, "q29": 84.0, "q30": 84.0, "q31": 61.0, "q32": 8.0, "q33": 30.0, "q34": 30.0, "q35": 46.0, "q36": 58.0, "q37": 118.0, "q38": 95.0, "q39": 68.0, "q40": 31.0, "q41": 29.0, "q42": 61.0, "q43": 55.0, "q44": 74.0, "q45": 97.0, "q46": 110.0, "q47": 88.0, "q48": 47.0, "q49": 68.0, "q50": 78.0, "q51": 80.0, "q52": 110.0, "q53": 115.0, "q54": 112.0, "q55": 105.0, "q56": 76.0, "q57": 99.0, "q58": 92.0, "q59": 95.0, "q60": 108.0, "q61": 93.0, "q62": 112.0, "q63": 99.0}, "datetime": {"datetime": "2019-11-22 11:55:15", "elapsed": 6127.410048, "delta": 963.392236}}
{"target": -0.011536633020007514, "params": {"q00": 8.0, "q01": 6.0, "q02": 16.0, "q03": 13.0, "q04": 21.0, "q05": 32.0, "q06": 51.0, "q07": 57.0, "q08": 21.0, "q09": 14.0, "q10": 17.0, "q11": 11.0, "q12": 25.0, "q13": 62.0, "q14": 69.0, "q15": 63.0, "q16": 19.0, "q17": 20.0, "q18": 13.0, "q19": 25.0, "q20": 44.0, "q21": 56.0, "q22": 60.0, "q23": 59.0, "q24": 21.0, "q25": 18.0, "q26": 25.0, "q27": 38.0, "q28": 44.0, "q29": 91.0, "q30": 87.0, "q31": 64.0, "q32": 23.0, "q33": 28.0, "q34": 34.0, "q35": 48.0, "q36": 59.0, "q37": 109.0, "q38": 105.0, "q39": 68.0, "q40": 15.0, "q41": 39.0, "q42": 47.0, "q43": 60.0, "q44": 86.0, "q45": 100.0, "q46": 109.0, "q47": 94.0, "q48": 54.0, "q49": 68.0, "q50": 73.0, "q51": 94.0, "q52": 104.0, "q53": 111.0, "q54": 122.0, "q55": 104.0, "q56": 62.0, "q57": 97.0, "q58": 99.0, "q59": 103.0, "q60": 119.0, "q61": 106.0, "q62": 101.0, "q63": 98.0}, "datetime": {"datetime": "2019-11-22 12:13:44", "elapsed": 7236.382699, "delta": 1108.972651}}
{"target": -0.012667945637780287, "params": {"q00": 7.0, "q01": 5.0, "q02": 14.0, "q03": 24.0, "q04": 16.0, "q05": 47.0, "q06": 57.0, "q07": 70.0, "q08": 7.0, "q09": 11.0, "q10": 23.0, "q11": 28.0, "q12": 31.0, "q13": 58.0, "q14": 65.0, "q15": 47.0, "q16": 20.0, "q17": 9.0, "q18": 22.0, "q19": 14.0, "q20": 42.0, "q21": 64.0, "q22": 72.0, "q23": 49.0, "q24": 22.0, "q25": 11.0, "q26": 26.0, "q27": 33.0, "q28": 49.0, "q29": 93.0, "q30": 71.0, "q31": 54.0, "q32": 18.0, "q33": 16.0, "q34": 34.0, "q35": 46.0, "q36": 69.0, "q37": 110.0, "q38": 104.0, "q39": 80.0, "q40": 16.0, "q41": 44.0, "q42": 53.0, "q43": 67.0, "q44": 75.0, "q45": 101.0, "q46": 107.0, "q47": 90.0, "q48": 39.0, "q49": 61.0, "q50": 76.0, "q51": 86.0, "q52": 102.0, "q53": 113.0, "q54": 119.0, "q55": 105.0, "q56": 64.0, "q57": 92.0, "q58": 92.0, "q59": 103.0, "q60": 105.0, "q61": 105.0, "q62": 107.0, "q63": 101.0}, "datetime": {"datetime": "2019-11-22 12:34:14", "elapsed": 8466.637287, "delta": 1230.254588}}
{"target": -0.013202027912284753, "params": {"q00": 16.0, "q01": 20.0, "q02": 10.0, "q03": 19.0, "q04": 18.0, "q05": 40.0, "q06": 59.0, "q07": 61.0, "q08": 20.0, "q09": 13.0, "q10": 5.0, "q11": 21.0, "q12": 29.0, "q13": 52.0, "q14": 58.0, "q15": 55.0, "q16": 18.0, "q17": 19.0, "q18": 12.0, "q19": 33.0, "q20": 46.0, "q21": 61.0, "q22": 66.0, "q23": 65.0, "q24": 5.0, "q25": 9.0, "q26": 28.0, "q27": 22.0, "q28": 48.0, "q29": 81.0, "q30": 73.0, "q31": 60.0, "q32": 12.0, "q33": 24.0, "q34": 30.0, "q35": 46.0, "q36": 61.0, "q37": 100.0, "q38": 95.0, "q39": 69.0, "q40": 17.0, "q41": 38.0, "q42": 64.0, "q43": 57.0, "q44": 75.0, "q45": 96.0, "q46": 122.0, "q47": 93.0, "q48": 46.0, "q49": 70.0, "q50": 78.0, "q51": 90.0, "q52": 111.0, "q53": 122.0, "q54": 120.0, "q55": 94.0, "q56": 67.0, "q57": 92.0, "q58": 86.0, "q59": 105.0, "q60": 106.0, "q61": 108.0, "q62": 97.0, "q63": 94.0}, "datetime": {"datetime": "2019-11-22 12:55:21", "elapsed": 9733.999854, "delta": 1267.362567}}
{"target": -0.016803023063196476, "params": {"q00": 17.0, "q01": 16.0, "q02": 10.0, "q03": 19.0, "q04": 31.0, "q05": 47.0, "q06": 54.0, "q07": 63.0, "q08": 21.0, "q09": 10.0, "q10": 5.0, "q11": 13.0, "q12": 31.0, "q13": 67.0, "q14": 68.0, "q15": 63.0, "q16": 17.0, "q17": 11.0, "q18": 7.0, "q19": 15.0, "q20": 41.0, "q21": 51.0, "q22": 65.0, "q23": 61.0, "q24": 22.0, "q25": 19.0, "q26": 12.0, "q27": 19.0, "q28": 41.0, "q29": 84.0, "q30": 76.0, "q31": 53.0, "q32": 10.0, "q33": 25.0, "q34": 41.0, "q35": 56.0, "q36": 58.0, "q37": 114.0, "q38": 108.0, "q39": 77.0, "q40": 15.0, "q41": 27.0, "q42": 61.0, "q43": 72.0, "q44": 71.0, "q45": 95.0, "q46": 109.0, "q47": 97.0, "q48": 43.0, "q49": 54.0, "q50": 74.0, "q51": 81.0, "q52": 103.0, "q53": 112.0, "q54": 123.0, "q55": 97.0, "q56": 70.0, "q57": 85.0, "q58": 95.0, "q59": 88.0, "q60": 115.0, "q61": 100.0, "q62": 94.0, "q63": 105.0}, "datetime": {"datetime": "2019-11-22 13:16:56", "elapsed": 11028.492706, "delta": 1294.492852}}
{"target": -0.012677740614082333, "params": {"q00": 23.0, "q01": 4.0, "q02": 17.0, "q03": 16.0, "q04": 19.0, "q05": 43.0, "q06": 41.0, "q07": 67.0, "q08": 21.0, "q09": 7.0, "q10": 8.0, "q11": 19.0, "q12": 20.0, "q13": 51.0, "q14": 63.0, "q15": 59.0, "q16": 13.0, "q17": 10.0, "q18": 12.0, "q19": 31.0, "q20": 46.0, "q21": 64.0, "q22": 62.0, "q23": 46.0, "q24": 17.0, "q25": 10.0, "q26": 25.0, "q27": 31.0, "q28": 50.0, "q29": 80.0, "q30": 76.0, "q31": 61.0, "q32": 12.0, "q33": 21.0, "q34": 38.0, "q35": 64.0, "q36": 60.0, "q37": 117.0, "q38": 96.0, "q39": 72.0, "q40": 28.0, "q41": 25.0, "q42": 53.0, "q43": 57.0, "q44": 87.0, "q45": 105.0, "q46": 104.0, "q47": 88.0, "q48": 43.0, "q49": 69.0, "q50": 71.0, "q51": 87.0, "q52": 104.0, "q53": 111.0, "q54": 116.0, "q55": 94.0, "q56": 80.0, "q57": 97.0, "q58": 102.0, "q59": 93.0, "q60": 104.0, "q61": 102.0, "q62": 96.0, "q63": 105.0}, "datetime": {"datetime": "2019-11-22 13:38:21", "elapsed": 12313.538078, "delta": 1285.045372}}
{"target": -0.013341032135852804, "params": {"q00": 21.0, "q01": 14.0, "q02": 4.0, "q03": 13.0, "q04": 27.0, "q05": 40.0, "q06": 59.0, "q07": 68.0, "q08": 18.0, "q09": 14.0, "q10": 7.0, "q11": 11.0, "q12": 32.0, "q13": 67.0, "q14": 53.0, "q15": 62.0, "q16": 9.0, "q17": 20.0, "q18": 11.0, "q19": 21.0, "q20": 35.0, "q21": 51.0, "q22": 64.0, "q23": 55.0, "q24": 19.0, "q25": 25.0, "q26": 31.0, "q27": 22.0, "q28": 58.0, "q29": 83.0, "q30": 71.0, "q31": 54.0, "q32": 21.0, "q33": 30.0, "q34": 35.0, "q35": 50.0, "q36": 63.0, "q37": 100.0, "q38": 100.0, "q39": 81.0, "q40": 31.0, "q41": 36.0, "q42": 55.0, "q43": 56.0, "q44": 84.0, "q45": 102.0, "q46": 110.0, "q47": 101.0, "q48": 41.0, "q49": 70.0, "q50": 70.0, "q51": 90.0, "q52": 103.0, "q53": 112.0, "q54": 129.0, "q55": 105.0, "q56": 62.0, "q57": 89.0, "q58": 98.0, "q59": 107.0, "q60": 107.0, "q61": 103.0, "q62": 107.0, "q63": 105.0}, "datetime": {"datetime": "2019-11-22 14:00:25", "elapsed": 13637.21228, "delta": 1323.674202}}
{"target": -0.017266293836429636, "params": {"q00": 9.0, "q01": 2.0, "q02": 19.0, "q03": 14.0, "q04": 14.0, "q05": 44.0, "q06": 56.0, "q07": 51.0, "q08": 21.0, "q09": 20.0, "q10": 15.0, "q11": 22.0, "q12": 16.0, "q13": 54.0, "q14": 50.0, "q15": 56.0, "q16": 15.0, "q17": 9.0, "q18": 22.0, "q19": 29.0, "q20": 30.0, "q21": 66.0, "q22": 71.0, "q23": 48.0, "q24": 7.0, "q25": 8.0, "q26": 24.0, "q27": 32.0, "q28": 44.0, "q29": 95.0, "q30": 78.0, "q31": 63.0, "q32": 12.0, "q33": 21.0, "q34": 29.0, "q35": 47.0, "q36": 75.0, "q37": 105.0, "q38": 98.0, "q39": 70.0, "q40": 24.0, "q41": 33.0, "q42": 47.0, "q43": 73.0, "q44": 72.0, "q45": 107.0, "q46": 118.0, "q47": 89.0, "q48": 40.0, "q49": 63.0, "q50": 85.0, "q51": 96.0, "q52": 97.0, "q53": 127.0, "q54": 127.0, "q55": 93.0, "q56": 76.0, "q57": 85.0, "q58": 88.0, "q59": 102.0, "q60": 113.0, "q61": 93.0, "q62": 94.0, "q63": 108.0}, "datetime": {"datetime": "2019-11-22 14:17:05", "elapsed": 14637.762068, "delta": 1000.549788}}
{"target": -0.02267571581422334, "params": {"q00": 12.0, "q01": 3.0, "q02": 4.0, "q03": 22.0, "q04": 33.0, "q05": 32.0, "q06": 53.0, "q07": 66.0, "q08": 21.0, "q09": 2.0, "q10": 23.0, "q11": 22.0, "q12": 26.0, "q13": 48.0, "q14": 56.0, "q15": 60.0, "q16": 11.0, "q17": 3.0, "q18": 16.0, "q19": 14.0, "q20": 37.0, "q21": 48.0, "q22": 63.0, "q23": 50.0, "q24": 19.0, "q25": 19.0, "q26": 12.0, "q27": 26.0, "q28": 46.0, "q29": 82.0, "q30": 70.0, "q31": 52.0, "q32": 13.0, "q33": 14.0, "q34": 33.0, "q35": 46.0, "q36": 72.0, "q37": 114.0, "q38": 109.0, "q39": 67.0, "q40": 15.0, "q41": 34.0, "q42": 57.0, "q43": 67.0, "q44": 75.0, "q45": 103.0, "q46": 122.0, "q47": 101.0, "q48": 46.0, "q49": 71.0, "q50": 80.0, "q51": 78.0, "q52": 107.0, "q53": 119.0, "q54": 121.0, "q55": 108.0, "q56": 71.0, "q57": 97.0, "q58": 88.0, "q59": 89.0, "q60": 107.0, "q61": 108.0, "q62": 93.0, "q63": 95.0}, "datetime": {"datetime": "2019-11-22 14:34:16", "elapsed": 15668.556729, "delta": 1030.794661}}
{"target": -0.01197904731269095, "params": {"q00": 10.0, "q01": 20.0, "q02": 5.0, "q03": 20.0, "q04": 15.0, "q05": 49.0, "q06": 47.0, "q07": 60.0, "q08": 18.0, "q09": 12.0, "q10": 10.0, "q11": 20.0, "q12": 30.0, "q13": 59.0, "q14": 68.0, "q15": 56.0, "q16": 4.0, "q17": 20.0, "q18": 6.0, "q19": 14.0, "q20": 30.0, "q21": 60.0, "q22": 74.0, "q23": 53.0, "q24": 21.0, "q25": 9.0, "q26": 20.0, "q27": 32.0, "q28": 49.0, "q29": 80.0, "q30": 89.0, "q31": 63.0, "q32": 12.0, "q33": 16.0, "q34": 36.0, "q35": 51.0, "q36": 76.0, "q37": 108.0, "q38": 102.0, "q39": 86.0, "q40": 17.0, "q41": 33.0, "q42": 49.0, "q43": 62.0, "q44": 75.0, "q45": 95.0, "q46": 112.0, "q47": 91.0, "q48": 44.0, "q49": 66.0, "q50": 85.0, "q51": 82.0, "q52": 97.0, "q53": 111.0, "q54": 110.0, "q55": 98.0, "q56": 77.0, "q57": 98.0, "q58": 96.0, "q59": 107.0, "q60": 113.0, "q61": 107.0, "q62": 100.0, "q63": 103.0}, "datetime": {"datetime": "2019-11-22 14:51:12", "elapsed": 16684.316547, "delta": 1015.759818}}
{"target": -0.011844697282179295, "params": {"q00": 8.0, "q01": 9.0, "q02": 18.0, "q03": 10.0, "q04": 22.0, "q05": 45.0, "q06": 59.0, "q07": 62.0, "q08": 16.0, "q09": 16.0, "q10": 14.0, "q11": 18.0, "q12": 23.0, "q13": 60.0, "q14": 61.0, "q15": 64.0, "q16": 7.0, "q17": 15.0, "q18": 6.0, "q19": 24.0, "q20": 30.0, "q21": 57.0, "q22": 64.0, "q23": 52.0, "q24": 21.0, "q25": 23.0, "q26": 20.0, "q27": 37.0, "q28": 50.0, "q29": 88.0, "q30": 85.0, "q31": 58.0, "q32": 10.0, "q33": 24.0, "q34": 39.0, "q35": 65.0, "q36": 74.0, "q37": 107.0, "q38": 96.0, "q39": 75.0, "q40": 27.0, "q41": 25.0, "q42": 53.0, "q43": 64.0, "q44": 84.0, "q45": 113.0, "q46": 121.0, "q47": 101.0, "q48": 40.0, "q49": 56.0, "q50": 78.0, "q51": 81.0, "q52": 110.0, "q53": 126.0, "q54": 120.0, "q55": 109.0, "q56": 67.0, "q57": 101.0, "q58": 97.0, "q59": 103.0, "q60": 110.0, "q61": 101.0, "q62": 99.0, "q63": 89.0}, "datetime": {"datetime": "2019-11-22 15:07:41", "elapsed": 17673.374801, "delta": 989.058254}}
{"target": -0.0059686806014302984, "params": {"q00": 18.0, "q01": 20.0, "q02": 14.0, "q03": 10.0, "q04": 14.0, "q05": 41.0, "q06": 50.0, "q07": 69.0, "q08": 17.0, "q09": 19.0, "q10": 22.0, "q11": 16.0, "q12": 32.0, "q13": 54.0, "q14": 69.0, "q15": 64.0, "q16": 4.0, "q17": 22.0, "q18": 10.0, "q19": 15.0, "q20": 31.0, "q21": 51.0, "q22": 74.0, "q23": 53.0, "q24": 23.0, "q25": 10.0, "q26": 22.0, "q27": 36.0, "q28": 54.0, "q29": 93.0, "q30": 73.0, "q31": 66.0, "q32": 26.0, "q33": 25.0, "q34": 30.0, "q35": 64.0, "q36": 65.0, "q37": 106.0, "q38": 104.0, "q39": 71.0, "q40": 18.0, "q41": 38.0, "q42": 57.0, "q43": 70.0, "q44": 80.0, "q45": 111.0, "q46": 122.0, "q47": 96.0, "q48": 40.0, "q49": 71.0, "q50": 68.0, "q51": 94.0, "q52": 98.0, "q53": 116.0, "q54": 112.0, "q55": 104.0, "q56": 77.0, "q57": 95.0, "q58": 104.0, "q59": 104.0, "q60": 104.0, "q61": 100.0, "q62": 102.0, "q63": 96.0}, "datetime": {"datetime": "2019-11-22 15:20:52", "elapsed": 18464.260342, "delta": 790.885541}}
{"target": -0.00900411272892676, "params": {"q00": 23.0, "q01": 18.0, "q02": 13.0, "q03": 17.0, "q04": 14.0, "q05": 49.0, "q06": 59.0, "q07": 67.0, "q08": 20.0, "q09": 14.0, "q10": 14.0, "q11": 15.0, "q12": 31.0, "q13": 54.0, "q14": 59.0, "q15": 53.0, "q16": 9.0, "q17": 7.0, "q18": 8.0, "q19": 29.0, "q20": 38.0, "q21": 65.0, "q22": 78.0, "q23": 48.0, "q24": 20.0, "q25": 21.0, "q26": 17.0, "q27": 27.0, "q28": 58.0, "q29": 94.0, "q30": 70.0, "q31": 64.0, "q32": 10.0, "q33": 18.0, "q34": 28.0, "q35": 56.0, "q36": 64.0, "q37": 102.0, "q38": 99.0, "q39": 82.0, "q40": 16.0, "q41": 29.0, "q42": 63.0, "q43": 69.0, "q44": 72.0, "q45": 94.0, "q46": 107.0, "q47": 90.0, "q48": 42.0, "q49": 64.0, "q50": 72.0, "q51": 93.0, "q52": 110.0, "q53": 119.0, "q54": 113.0, "q55": 104.0, "q56": 76.0, "q57": 101.0, "q58": 104.0, "q59": 97.0, "q60": 109.0, "q61": 109.0, "q62": 97.0, "q63": 106.0}, "datetime": {"datetime": "2019-11-22 15:30:18", "elapsed": 19030.674455, "delta": 566.414113}}
{"target": -0.008242394623576899, "params": {"q00": 19.0, "q01": 5.0, "q02": 18.0, "q03": 16.0, "q04": 15.0, "q05": 44.0, "q06": 53.0, "q07": 63.0, "q08": 12.0, "q09": 20.0, "q10": 17.0, "q11": 18.0, "q12": 33.0, "q13": 48.0, "q14": 63.0, "q15": 45.0, "q16": 20.0, "q17": 18.0, "q18": 15.0, "q19": 17.0, "q20": 40.0, "q21": 47.0, "q22": 69.0, "q23": 63.0, "q24": 18.0, "q25": 21.0, "q26": 31.0, "q27": 32.0, "q28": 53.0, "q29": 86.0, "q30": 76.0, "q31": 61.0, "q32": 11.0, "q33": 27.0, "q34": 30.0, "q35": 47.0, "q36": 58.0, "q37": 107.0, "q38": 95.0, "q39": 82.0, "q40": 20.0, "q41": 40.0, "q42": 63.0, "q43": 65.0, "q44": 72.0, "q45": 95.0, "q46": 108.0, "q47": 98.0, "q48": 39.0, "q49": 56.0, "q50": 76.0, "q51": 96.0, "q52": 95.0, "q53": 114.0, "q54": 112.0, "q55": 94.0, "q56": 63.0, "q57": 100.0, "q58": 99.0, "q59": 103.0, "q60": 113.0, "q61": 96.0, "q62": 101.0, "q63": 93.0}, "datetime": {"datetime": "2019-11-22 15:39:37", "elapsed": 19589.450604, "delta": 558.776149}}
