{"target": 0.005412583439048491, "params": {"q00": 24.0, "q01": 25.0, "q02": 28.0, "q03": 32.0, "q04": 44.0, "q05": 45.0, "q06": 59.0, "q07": 61.0, "q08": 26.0, "q09": 27.0, "q10": 34.0, "q11": 43.0, "q12": 46.0, "q13": 59.0, "q14": 66.0, "q15": 89.0, "q16": 26.0, "q17": 35.0, "q18": 41.0, "q19": 46.0, "q20": 57.0, "q21": 67.0, "q22": 88.0, "q23": 90.0, "q24": 37.0, "q25": 40.0, "q26": 46.0, "q27": 56.0, "q28": 69.0, "q29": 87.0, "q30": 90.0, "q31": 117.0, "q32": 39.0, "q33": 50.0, "q34": 56.0, "q35": 72.0, "q36": 87.0, "q37": 92.0, "q38": 108.0, "q39": 120.0, "q40": 52.0, "q41": 54.0, "q42": 73.0, "q43": 86.0, "q44": 94.0, "q45": 105.0, "q46": 123.0, "q47": 155.0, "q48": 53.0, "q49": 77.0, "q50": 85.0, "q51": 97.0, "q52": 103.0, "q53": 127.0, "q54": 147.0, "q55": 158.0, "q56": 79.0, "q57": 84.0, "q58": 97.0, "q59": 99.0, "q60": 141.0, "q61": 141.0, "q62": 190.0, "q63": 255.0}, "datetime": {"datetime": "2019-11-11 18:46:12", "elapsed": 0.028903, "delta": 0.001358}}
{"target": -0.00024556495312832993, "params": {"q00": 27.0, "q01": 31.0, "q02": 38.0, "q03": 40.0, "q04": 54.0, "q05": 56.0, "q06": 73.0, "q07": 73.0, "q08": 34.0, "q09": 37.0, "q10": 43.0, "q11": 53.0, "q12": 57.0, "q13": 72.0, "q14": 78.0, "q15": 104.0, "q16": 35.0, "q17": 43.0, "q18": 49.0, "q19": 58.0, "q20": 70.0, "q21": 78.0, "q22": 99.0, "q23": 111.0, "q24": 44.0, "q25": 47.0, "q26": 61.0, "q27": 66.0, "q28": 80.0, "q29": 99.0, "q30": 116.0, "q31": 144.0, "q32": 45.0, "q33": 61.0, "q34": 65.0, "q35": 87.0, "q36": 96.0, "q37": 117.0, "q38": 131.0, "q39": 146.0, "q40": 64.0, "q41": 65.0, "q42": 87.0, "q43": 94.0, "q44": 119.0, "q45": 129.0, "q46": 149.0, "q47": 170.0, "q48": 64.0, "q49": 88.0, "q50": 93.0, "q51": 119.0, "q52": 124.0, "q53": 149.0, "q54": 168.0, "q55": 235.0, "q56": 90.0, "q57": 93.0, "q58": 120.0, "q59": 122.0, "q60": 156.0, "q61": 166.0, "q62": 240.0, "q63": 255.0}, "datetime": {"datetime": "2019-11-11 18:46:12", "elapsed": 0.03026, "delta": 0.001357}}
{"target": 0.006144339655185904, "params": {"q00": 29.0, "q01": 32.0, "q02": 35.0, "q03": 37.0, "q04": 45.0, "q05": 46.0, "q06": 85.0, "q07": 86.0, "q08": 33.0, "q09": 34.0, "q10": 38.0, "q11": 44.0, "q12": 48.0, "q13": 82.0, "q14": 86.0, "q15": 120.0, "q16": 33.0, "q17": 40.0, "q18": 42.0, "q19": 56.0, "q20": 82.0, "q21": 88.0, "q22": 119.0, "q23": 121.0, "q24": 41.0, "q25": 41.0, "q26": 56.0, "q27": 77.0, "q28": 96.0, "q29": 118.0, "q30": 122.0, "q31": 142.0, "q32": 41.0, "q33": 57.0, "q34": 77.0, "q35": 97.0, "q36": 118.0, "q37": 122.0, "q38": 140.0, "q39": 143.0, "q40": 64.0, "q41": 77.0, "q42": 100.0, "q43": 116.0, "q44": 124.0, "q45": 136.0, "q46": 144.0, "q47": 210.0, "q48": 69.0, "q49": 103.0, "q50": 114.0, "q51": 126.0, "q52": 133.0, "q53": 145.0, "q54": 193.0, "q55": 213.0, "q56": 109.0, "q57": 112.0, "q58": 127.0, "q59": 133.0, "q60": 165.0, "q61": 176.0, "q62": 229.0, "q63": 255.0}, "datetime": {"datetime": "2019-11-11 18:46:12", "elapsed": 0.031616, "delta": 0.001356}}
{"target": 0.001408019755744172, "params": {"q00": 37.0, "q01": 38.0, "q02": 48.0, "q03": 50.0, "q04": 62.0, "q05": 64.0, "q06": 94.0, "q07": 95.0, "q08": 41.0, "q09": 46.0, "q10": 52.0, "q11": 61.0, "q12": 65.0, "q13": 91.0, "q14": 98.0, "q15": 123.0, "q16": 41.0, "q17": 54.0, "q18": 60.0, "q19": 67.0, "q20": 86.0, "q21": 98.0, "q22": 122.0, "q23": 124.0, "q24": 58.0, "q25": 60.0, "q26": 69.0, "q27": 83.0, "q28": 100.0, "q29": 118.0, "q30": 125.0, "q31": 170.0, "q32": 59.0, "q33": 74.0, "q34": 83.0, "q35": 101.0, "q36": 113.0, "q37": 125.0, "q38": 165.0, "q39": 176.0, "q40": 77.0, "q41": 83.0, "q42": 102.0, "q43": 111.0, "q44": 129.0, "q45": 157.0, "q46": 192.0, "q47": 245.0, "q48": 82.0, "q49": 102.0, "q50": 111.0, "q51": 134.0, "q52": 144.0, "q53": 201.0, "q54": 241.0, "q55": 247.0, "q56": 104.0, "q57": 107.0, "q58": 138.0, "q59": 141.0, "q60": 211.0, "q61": 214.0, "q62": 253.0, "q63": 255.0}, "datetime": {"datetime": "2019-11-11 18:46:12", "elapsed": 0.033158, "delta": 0.001542}}
{"target": 0.004295493739802869, "params": {"q00": 26.0, "q01": 27.0, "q02": 32.0, "q03": 35.0, "q04": 50.0, "q05": 50.0, "q06": 70.0, "q07": 84.0, "q08": 29.0, "q09": 30.0, "q10": 35.0, "q11": 50.0, "q12": 52.0, "q13": 68.0, "q14": 85.0, "q15": 119.0, "q16": 30.0, "q17": 37.0, "q18": 44.0, "q19": 53.0, "q20": 68.0, "q21": 85.0, "q22": 116.0, "q23": 122.0, "q24": 39.0, "q25": 43.0, "q26": 53.0, "q27": 67.0, "q28": 88.0, "q29": 114.0, "q30": 124.0, "q31": 148.0, "q32": 43.0, "q33": 54.0, "q34": 67.0, "q35": 94.0, "q36": 112.0, "q37": 125.0, "q38": 144.0, "q39": 153.0, "q40": 62.0, "q41": 64.0, "q42": 95.0, "q43": 111.0, "q44": 130.0, "q45": 142.0, "q46": 165.0, "q47": 209.0, "q48": 64.0, "q49": 98.0, "q50": 110.0, "q51": 131.0, "q52": 142.0, "q53": 166.0, "q54": 201.0, "q55": 217.0, "q56": 109.0, "q57": 110.0, "q58": 133.0, "q59": 140.0, "q60": 170.0, "q61": 181.0, "q62": 232.0, "q63": 255.0}, "datetime": {"datetime": "2019-11-11 18:46:12", "elapsed": 0.034616, "delta": 0.001458}}
{"target": 0.005168703334307689, "params": {"q00": 34.0, "q01": 37.0, "q02": 41.0, "q03": 41.0, "q04": 50.0, "q05": 51.0, "q06": 86.0, "q07": 88.0, "q08": 38.0, "q09": 40.0, "q10": 44.0, "q11": 50.0, "q12": 56.0, "q13": 82.0, "q14": 88.0, "q15": 116.0, "q16": 39.0, "q17": 45.0, "q18": 49.0, "q19": 60.0, "q20": 81.0, "q21": 89.0, "q22": 114.0, "q23": 119.0, "q24": 45.0, "q25": 47.0, "q26": 63.0, "q27": 77.0, "q28": 89.0, "q29": 109.0, "q30": 120.0, "q31": 145.0, "q32": 46.0, "q33": 66.0, "q34": 75.0, "q35": 89.0, "q36": 103.0, "q37": 121.0, "q38": 140.0, "q39": 149.0, "q40": 69.0, "q41": 74.0, "q42": 95.0, "q43": 102.0, "q44": 123.0, "q45": 138.0, "q46": 162.0, "q47": 192.0, "q48": 73.0, "q49": 96.0, "q50": 102.0, "q51": 125.0, "q52": 133.0, "q53": 168.0, "q54": 177.0, "q55": 196.0, "q56": 97.0, "q57": 101.0, "q58": 125.0, "q59": 131.0, "q60": 174.0, "q61": 176.0, "q62": 197.0, "q63": 255.0}, "datetime": {"datetime": "2019-11-11 18:46:12", "elapsed": 0.036027, "delta": 0.001411}}
{"target": -0.005378594210448173, "params": {"q00": 10.0, "q01": 13.0, "q02": 24.0, "q03": 26.0, "q04": 41.0, "q05": 41.0, "q06": 61.0, "q07": 62.0, "q08": 16.0, "q09": 23.0, "q10": 27.0, "q11": 40.0, "q12": 41.0, "q13": 58.0, "q14": 68.0, "q15": 91.0, "q16": 22.0, "q17": 27.0, "q18": 35.0, "q19": 42.0, "q20": 57.0, "q21": 71.0, "q22": 90.0, "q23": 91.0, "q24": 28.0, "q25": 30.0, "q26": 42.0, "q27": 56.0, "q28": 72.0, "q29": 89.0, "q30": 92.0, "q31": 146.0, "q32": 29.0, "q33": 43.0, "q34": 52.0, "q35": 74.0, "q36": 87.0, "q37": 99.0, "q38": 141.0, "q39": 154.0, "q40": 50.0, "q41": 52.0, "q42": 75.0, "q43": 87.0, "q44": 100.0, "q45": 129.0, "q46": 156.0, "q47": 213.0, "q48": 51.0, "q49": 81.0, "q50": 86.0, "q51": 102.0, "q52": 121.0, "q53": 161.0, "q54": 204.0, "q55": 232.0, "q56": 81.0, "q57": 83.0, "q58": 104.0, "q59": 120.0, "q60": 172.0, "q61": 177.0, "q62": 233.0, "q63": 255.0}, "datetime": {"datetime": "2019-11-11 18:46:12", "elapsed": 0.037441, "delta": 0.001414}}
{"target": -0.002772870549045736, "params": {"q00": 31.0, "q01": 32.0, "q02": 38.0, "q03": 40.0, "q04": 56.0, "q05": 57.0, "q06": 81.0, "q07": 81.0, "q08": 35.0, "q09": 38.0, "q10": 42.0, "q11": 55.0, "q12": 59.0, "q13": 77.0, "q14": 86.0, "q15": 104.0, "q16": 37.0, "q17": 42.0, "q18": 50.0, "q19": 60.0, "q20": 75.0, "q21": 86.0, "q22": 104.0, "q23": 106.0, "q24": 44.0, "q25": 50.0, "q26": 61.0, "q27": 75.0, "q28": 88.0, "q29": 103.0, "q30": 107.0, "q31": 141.0, "q32": 49.0, "q33": 61.0, "q34": 73.0, "q35": 90.0, "q36": 103.0, "q37": 108.0, "q38": 129.0, "q39": 145.0, "q40": 62.0, "q41": 66.0, "q42": 90.0, "q43": 98.0, "q44": 109.0, "q45": 128.0, "q46": 152.0, "q47": 194.0, "q48": 65.0, "q49": 92.0, "q50": 98.0, "q51": 114.0, "q52": 127.0, "q53": 168.0, "q54": 189.0, "q55": 196.0, "q56": 94.0, "q57": 95.0, "q58": 114.0, "q59": 123.0, "q60": 169.0, "q61": 174.0, "q62": 221.0, "q63": 255.0}, "datetime": {"datetime": "2019-11-11 18:46:12", "elapsed": 0.038904, "delta": 0.001463}}
{"target": -0.0009283797103529778, "params": {"q00": 28.0, "q01": 28.0, "q02": 33.0, "q03": 34.0, "q04": 46.0, "q05": 47.0, "q06": 83.0, "q07": 85.0, "q08": 29.0, "q09": 32.0, "q10": 35.0, "q11": 44.0, "q12": 48.0, "q13": 78.0, "q14": 86.0, "q15": 119.0, "q16": 31.0, "q17": 35.0, "q18": 44.0, "q19": 48.0, "q20": 75.0, "q21": 87.0, "q22": 118.0, "q23": 120.0, "q24": 36.0, "q25": 42.0, "q26": 53.0, "q27": 73.0, "q28": 90.0, "q29": 117.0, "q30": 121.0, "q31": 151.0, "q32": 37.0, "q33": 56.0, "q34": 69.0, "q35": 93.0, "q36": 116.0, "q37": 130.0, "q38": 144.0, "q39": 152.0, "q40": 62.0, "q41": 67.0, "q42": 93.0, "q43": 114.0, "q44": 130.0, "q45": 143.0, "q46": 153.0, "q47": 175.0, "q48": 66.0, "q49": 97.0, "q50": 111.0, "q51": 132.0, "q52": 142.0, "q53": 154.0, "q54": 169.0, "q55": 181.0, "q56": 102.0, "q57": 110.0, "q58": 133.0, "q59": 141.0, "q60": 157.0, "q61": 162.0, "q62": 201.0, "q63": 255.0}, "datetime": {"datetime": "2019-11-11 18:46:12", "elapsed": 0.040263, "delta": 0.001359}}
{"target": -0.002581759410275164, "params": {"q00": 20.0, "q01": 20.0, "q02": 25.0, "q03": 25.0, "q04": 47.0, "q05": 47.0, "q06": 70.0, "q07": 73.0, "q08": 21.0, "q09": 24.0, "q10": 29.0, "q11": 46.0, "q12": 49.0, "q13": 69.0, "q14": 75.0, "q15": 103.0, "q16": 21.0, "q17": 34.0, "q18": 45.0, "q19": 50.0, "q20": 68.0, "q21": 79.0, "q22": 101.0, "q23": 107.0, "q24": 37.0, "q25": 44.0, "q26": 50.0, "q27": 63.0, "q28": 82.0, "q29": 99.0, "q30": 117.0, "q31": 152.0, "q32": 43.0, "q33": 52.0, "q34": 56.0, "q35": 82.0, "q36": 98.0, "q37": 120.0, "q38": 149.0, "q39": 154.0, "q40": 53.0, "q41": 55.0, "q42": 85.0, "q43": 96.0, "q44": 126.0, "q45": 147.0, "q46": 156.0, "q47": 208.0, "q48": 53.0, "q49": 86.0, "q50": 92.0, "q51": 129.0, "q52": 136.0, "q53": 159.0, "q54": 196.0, "q55": 212.0, "q56": 86.0, "q57": 91.0, "q58": 130.0, "q59": 132.0, "q60": 167.0, "q61": 176.0, "q62": 222.0, "q63": 255.0}, "datetime": {"datetime": "2019-11-11 18:46:12", "elapsed": 0.041643, "delta": 0.00138}}
{"target": -0.001446203486665909, "params": {"q00": 28.0, "q01": 30.0, "q02": 48.0, "q03": 50.0, "q04": 59.0, "q05": 62.0, "q06": 81.0, "q07": 82.0, "q08": 35.0, "q09": 44.0, "q10": 51.0, "q11": 57.0, "q12": 62.0, "q13": 81.0, "q14": 84.0, "q15": 100.0, "q16": 37.0, "q17": 54.0, "q18": 56.0, "q19": 65.0, "q20": 81.0, "q21": 84.0, "q22": 99.0, "q23": 100.0, "q24": 54.0, "q25": 56.0, "q26": 66.0, "q27": 77.0, "q28": 85.0, "q29": 99.0, "q30": 102.0, "q31": 133.0, "q32": 55.0, "q33": 67.0, "q34": 73.0, "q35": 85.0, "q36": 99.0, "q37": 106.0, "q38": 130.0, "q39": 135.0, "q40": 71.0, "q41": 73.0, "q42": 86.0, "q43": 96.0, "q44": 106.0, "q45": 128.0, "q46": 135.0, "q47": 156.0, "q48": 73.0, "q49": 91.0, "q50": 96.0, "q51": 106.0, "q52": 118.0, "q53": 140.0, "q54": 153.0, "q55": 189.0, "q56": 91.0, "q57": 96.0, "q58": 115.0, "q59": 116.0, "q60": 141.0, "q61": 143.0, "q62": 207.0, "q63": 255.0}, "datetime": {"datetime": "2019-11-11 18:46:12", "elapsed": 0.043059, "delta": 0.001416}}
{"target": 0.00642310527560086, "params": {"q00": 36.0, "q01": 42.0, "q02": 51.0, "q03": 52.0, "q04": 76.0, "q05": 78.0, "q06": 89.0, "q07": 89.0, "q08": 42.0, "q09": 45.0, "q10": 53.0, "q11": 71.0, "q12": 78.0, "q13": 89.0, "q14": 101.0, "q15": 148.0, "q16": 45.0, "q17": 54.0, "q18": 65.0, "q19": 79.0, "q20": 89.0, "q21": 107.0, "q22": 147.0, "q23": 151.0, "q24": 55.0, "q25": 58.0, "q26": 80.0, "q27": 87.0, "q28": 111.0, "q29": 147.0, "q30": 154.0, "q31": 168.0, "q32": 58.0, "q33": 82.0, "q34": 87.0, "q35": 111.0, "q36": 144.0, "q37": 154.0, "q38": 167.0, "q39": 168.0, "q40": 84.0, "q41": 85.0, "q42": 119.0, "q43": 143.0, "q44": 156.0, "q45": 165.0, "q46": 168.0, "q47": 224.0, "q48": 85.0, "q49": 119.0, "q50": 141.0, "q51": 159.0, "q52": 163.0, "q53": 182.0, "q54": 219.0, "q55": 238.0, "q56": 125.0, "q57": 129.0, "q58": 163.0, "q59": 163.0, "q60": 187.0, "q61": 189.0, "q62": 254.0, "q63": 255.0}, "datetime": {"datetime": "2019-11-11 18:46:12", "elapsed": 0.044484, "delta": 0.001425}}
{"target": -0.0013693292848424576, "params": {"q00": 18.0, "q01": 18.0, "q02": 20.0, "q03": 20.0, "q04": 23.0, "q05": 23.0, "q06": 28.0, "q07": 28.0, "q08": 18.0, "q09": 20.0, "q10": 20.0, "q11": 23.0, "q12": 23.0, "q13": 27.0, "q14": 28.0, "q15": 38.0, "q16": 19.0, "q17": 20.0, "q18": 23.0, "q19": 24.0, "q20": 27.0, "q21": 29.0, "q22": 37.0, "q23": 38.0, "q24": 21.0, "q25": 23.0, "q26": 24.0, "q27": 26.0, "q28": 29.0, "q29": 36.0, "q30": 38.0, "q31": 45.0, "q32": 21.0, "q33": 24.0, "q34": 26.0, "q35": 30.0, "q36": 35.0, "q37": 39.0, "q38": 43.0, "q39": 46.0, "q40": 25.0, "q41": 26.0, "q42": 31.0, "q43": 34.0, "q44": 39.0, "q45": 41.0, "q46": 47.0, "q47": 52.0, "q48": 25.0, "q49": 32.0, "q50": 33.0, "q51": 40.0, "q52": 40.0, "q53": 48.0, "q54": 51.0, "q55": 54.0, "q56": 32.0, "q57": 32.0, "q58": 40.0, "q59": 40.0, "q60": 48.0, "q61": 48.0, "q62": 57.0, "q63": 59.0}, "datetime": {"datetime": "2019-11-11 18:46:12", "elapsed": 0.045929, "delta": 0.001445}}
{"target": -0.0016697798309484035, "params": {"q00": 6.0, "q01": 6.0, "q02": 9.0, "q03": 9.0, "q04": 13.0, "q05": 14.0, "q06": 19.0, "q07": 19.0, "q08": 7.0, "q09": 7.0, "q10": 10.0, "q11": 13.0, "q12": 15.0, "q13": 19.0, "q14": 19.0, "q15": 26.0, "q16": 7.0, "q17": 10.0, "q18": 12.0, "q19": 16.0, "q20": 19.0, "q21": 19.0, "q22": 25.0, "q23": 27.0, "q24": 11.0, "q25": 12.0, "q26": 16.0, "q27": 18.0, "q28": 19.0, "q29": 25.0, "q30": 27.0, "q31": 35.0, "q32": 11.0, "q33": 16.0, "q34": 18.0, "q35": 19.0, "q36": 25.0, "q37": 27.0, "q38": 34.0, "q39": 39.0, "q40": 17.0, "q41": 18.0, "q42": 19.0, "q43": 23.0, "q44": 28.0, "q45": 32.0, "q46": 41.0, "q47": 46.0, "q48": 17.0, "q49": 20.0, "q50": 22.0, "q51": 30.0, "q52": 31.0, "q53": 43.0, "q54": 44.0, "q55": 47.0, "q56": 20.0, "q57": 21.0, "q58": 30.0, "q59": 31.0, "q60": 43.0, "q61": 43.0, "q62": 52.0, "q63": 53.0}, "datetime": {"datetime": "2019-11-11 18:46:12", "elapsed": 0.047379, "delta": 0.00145}}
{"target": -0.005888133943713014, "params": {"q00": 15.0, "q01": 15.0, "q02": 23.0, "q03": 24.0, "q04": 28.0, "q05": 28.0, "q06": 38.0, "q07": 38.0, "q08": 16.0, "q09": 22.0, "q10": 25.0, "q11": 27.0, "q12": 28.0, "q13": 37.0, "q14": 39.0, "q15": 44.0, "q16": 17.0, "q17": 26.0, "q18": 27.0, "q19": 28.0, "q20": 36.0, "q21": 39.0, "q22": 44.0, "q23": 45.0, "q24": 26.0, "q25": 26.0, "q26": 28.0, "q27": 34.0, "q28": 39.0, "q29": 43.0, "q30": 46.0, "q31": 63.0, "q32": 26.0, "q33": 28.0, "q34": 33.0, "q35": 39.0, "q36": 43.0, "q37": 49.0, "q38": 59.0, "q39": 64.0, "q40": 29.0, "q41": 32.0, "q42": 40.0, "q43": 42.0, "q44": 49.0, "q45": 56.0, "q46": 65.0, "q47": 72.0, "q48": 29.0, "q49": 40.0, "q50": 41.0, "q51": 51.0, "q52": 54.0, "q53": 65.0, "q54": 70.0, "q55": 72.0, "q56": 41.0, "q57": 41.0, "q58": 52.0, "q59": 54.0, "q60": 69.0, "q61": 69.0, "q62": 83.0, "q63": 83.0}, "datetime": {"datetime": "2019-11-11 18:46:12", "elapsed": 0.048838, "delta": 0.001459}}
{"target": 0.00035313334937081553, "params": {"q00": 11.0, "q01": 11.0, "q02": 13.0, "q03": 13.0, "q04": 15.0, "q05": 16.0, "q06": 20.0, "q07": 21.0, "q08": 12.0, "q09": 12.0, "q10": 13.0, "q11": 15.0, "q12": 17.0, "q13": 19.0, "q14": 21.0, "q15": 26.0, "q16": 12.0, "q17": 14.0, "q18": 15.0, "q19": 17.0, "q20": 18.0, "q21": 21.0, "q22": 25.0, "q23": 26.0, "q24": 14.0, "q25": 14.0, "q26": 17.0, "q27": 18.0, "q28": 21.0, "q29": 25.0, "q30": 27.0, "q31": 33.0, "q32": 14.0, "q33": 17.0, "q34": 18.0, "q35": 22.0, "q36": 25.0, "q37": 27.0, "q38": 31.0, "q39": 34.0, "q40": 17.0, "q41": 17.0, "q42": 22.0, "q43": 24.0, "q44": 27.0, "q45": 30.0, "q46": 35.0, "q47": 42.0, "q48": 17.0, "q49": 22.0, "q50": 23.0, "q51": 27.0, "q52": 30.0, "q53": 35.0, "q54": 38.0, "q55": 45.0, "q56": 23.0, "q57": 23.0, "q58": 28.0, "q59": 29.0, "q60": 36.0, "q61": 37.0, "q62": 45.0, "q63": 55.0}, "datetime": {"datetime": "2019-11-11 18:46:12", "elapsed": 0.050299, "delta": 0.001461}}
{"target": -0.0038246131687756924, "params": {"q00": 20.0, "q01": 22.0, "q02": 26.0, "q03": 28.0, "q04": 36.0, "q05": 38.0, "q06": 53.0, "q07": 54.0, "q08": 22.0, "q09": 25.0, "q10": 28.0, "q11": 33.0, "q12": 38.0, "q13": 53.0, "q14": 55.0, "q15": 65.0, "q16": 23.0, "q17": 28.0, "q18": 32.0, "q19": 40.0, "q20": 52.0, "q21": 56.0, "q22": 64.0, "q23": 65.0, "q24": 28.0, "q25": 30.0, "q26": 41.0, "q27": 51.0, "q28": 56.0, "q29": 64.0, "q30": 66.0, "q31": 80.0, "q32": 29.0, "q33": 42.0, "q34": 51.0, "q35": 57.0, "q36": 64.0, "q37": 67.0, "q38": 79.0, "q39": 84.0, "q40": 45.0, "q41": 51.0, "q42": 57.0, "q43": 63.0, "q44": 68.0, "q45": 73.0, "q46": 86.0, "q47": 119.0, "q48": 49.0, "q49": 57.0, "q50": 63.0, "q51": 69.0, "q52": 71.0, "q53": 94.0, "q54": 104.0, "q55": 121.0, "q56": 59.0, "q57": 60.0, "q58": 70.0, "q59": 70.0, "q60": 99.0, "q61": 99.0, "q62": 126.0, "q63": 140.0}, "datetime": {"datetime": "2019-11-11 18:46:12", "elapsed": 0.051726, "delta": 0.001427}}
{"target": -0.007047758950124328, "params": {"q00": 25.0, "q01": 25.0, "q02": 26.0, "q03": 26.0, "q04": 31.0, "q05": 31.0, "q06": 41.0, "q07": 41.0, "q08": 25.0, "q09": 25.0, "q10": 27.0, "q11": 30.0, "q12": 32.0, "q13": 40.0, "q14": 41.0, "q15": 46.0, "q16": 25.0, "q17": 27.0, "q18": 29.0, "q19": 33.0, "q20": 37.0, "q21": 42.0, "q22": 46.0, "q23": 46.0, "q24": 28.0, "q25": 29.0, "q26": 33.0, "q27": 37.0, "q28": 42.0, "q29": 46.0, "q30": 47.0, "q31": 59.0, "q32": 29.0, "q33": 34.0, "q34": 37.0, "q35": 42.0, "q36": 45.0, "q37": 47.0, "q38": 58.0, "q39": 60.0, "q40": 34.0, "q41": 36.0, "q42": 43.0, "q43": 45.0, "q44": 50.0, "q45": 57.0, "q46": 64.0, "q47": 82.0, "q48": 34.0, "q49": 44.0, "q50": 45.0, "q51": 50.0, "q52": 54.0, "q53": 66.0, "q54": 74.0, "q55": 84.0, "q56": 44.0, "q57": 44.0, "q58": 52.0, "q59": 54.0, "q60": 68.0, "q61": 70.0, "q62": 84.0, "q63": 91.0}, "datetime": {"datetime": "2019-11-11 18:46:12", "elapsed": 0.053209, "delta": 0.001483}}
{"target": -0.001006625744401135, "params": {"q00": 8.0, "q01": 8.0, "q02": 10.0, "q03": 10.0, "q04": 14.0, "q05": 14.0, "q06": 22.0, "q07": 22.0, "q08": 9.0, "q09": 9.0, "q10": 10.0, "q11": 14.0, "q12": 15.0, "q13": 21.0, "q14": 22.0, "q15": 27.0, "q16": 9.0, "q17": 11.0, "q18": 13.0, "q19": 15.0, "q20": 19.0, "q21": 22.0, "q22": 27.0, "q23": 27.0, "q24": 12.0, "q25": 13.0, "q26": 16.0, "q27": 19.0, "q28": 23.0, "q29": 26.0, "q30": 27.0, "q31": 35.0, "q32": 13.0, "q33": 17.0, "q34": 19.0, "q35": 23.0, "q36": 26.0, "q37": 27.0, "q38": 35.0, "q39": 38.0, "q40": 17.0, "q41": 18.0, "q42": 24.0, "q43": 25.0, "q44": 29.0, "q45": 35.0, "q46": 40.0, "q47": 55.0, "q48": 18.0, "q49": 25.0, "q50": 25.0, "q51": 30.0, "q52": 31.0, "q53": 40.0, "q54": 53.0, "q55": 58.0, "q56": 25.0, "q57": 25.0, "q58": 30.0, "q59": 30.0, "q60": 40.0, "q61": 52.0, "q62": 60.0, "q63": 64.0}, "datetime": {"datetime": "2019-11-11 18:46:12", "elapsed": 0.054672, "delta": 0.001463}}
{"target": -0.001851424946990421, "params": {"q00": 16.0, "q01": 18.0, "q02": 21.0, "q03": 21.0, "q04": 24.0, "q05": 25.0, "q06": 33.0, "q07": 35.0, "q08": 18.0, "q09": 20.0, "q10": 21.0, "q11": 24.0, "q12": 25.0, "q13": 32.0, "q14": 36.0, "q15": 42.0, "q16": 18.0, "q17": 22.0, "q18": 23.0, "q19": 26.0, "q20": 32.0, "q21": 37.0, "q22": 42.0, "q23": 42.0, "q24": 22.0, "q25": 22.0, "q26": 26.0, "q27": 30.0, "q28": 37.0, "q29": 41.0, "q30": 44.0, "q31": 50.0, "q32": 22.0, "q33": 26.0, "q34": 28.0, "q35": 37.0, "q36": 40.0, "q37": 44.0, "q38": 50.0, "q39": 51.0, "q40": 26.0, "q41": 27.0, "q42": 37.0, "q43": 40.0, "q44": 45.0, "q45": 49.0, "q46": 51.0, "q47": 57.0, "q48": 26.0, "q49": 39.0, "q50": 40.0, "q51": 46.0, "q52": 48.0, "q53": 52.0, "q54": 57.0, "q55": 60.0, "q56": 39.0, "q57": 40.0, "q58": 46.0, "q59": 47.0, "q60": 52.0, "q61": 54.0, "q62": 62.0, "q63": 108.0}, "datetime": {"datetime": "2019-11-11 18:46:12", "elapsed": 0.056148, "delta": 0.001476}}
{"target": -0.0024080967710333745, "params": {"q00": 11.0, "q01": 12.0, "q02": 12.0, "q03": 12.0, "q04": 15.0, "q05": 15.0, "q06": 23.0, "q07": 23.0, "q08": 12.0, "q09": 12.0, "q10": 13.0, "q11": 14.0, "q12": 15.0, "q13": 22.0, "q14": 23.0, "q15": 28.0, "q16": 12.0, "q17": 13.0, "q18": 14.0, "q19": 16.0, "q20": 21.0, "q21": 24.0, "q22": 28.0, "q23": 28.0, "q24": 13.0, "q25": 13.0, "q26": 16.0, "q27": 20.0, "q28": 24.0, "q29": 28.0, "q30": 28.0, "q31": 37.0, "q32": 13.0, "q33": 17.0, "q34": 20.0, "q35": 25.0, "q36": 28.0, "q37": 29.0, "q38": 36.0, "q39": 38.0, "q40": 18.0, "q41": 20.0, "q42": 25.0, "q43": 28.0, "q44": 29.0, "q45": 35.0, "q46": 40.0, "q47": 51.0, "q48": 19.0, "q49": 25.0, "q50": 27.0, "q51": 30.0, "q52": 34.0, "q53": 41.0, "q54": 47.0, "q55": 55.0, "q56": 25.0, "q57": 26.0, "q58": 32.0, "q59": 33.0, "q60": 43.0, "q61": 46.0, "q62": 58.0, "q63": 60.0}, "datetime": {"datetime": "2019-11-11 18:46:12", "elapsed": 0.057629, "delta": 0.001481}}
{"target": 0.0006955098557429595, "params": {"q00": 16.0, "q01": 17.0, "q02": 17.0, "q03": 18.0, "q04": 22.0, "q05": 22.0, "q06": 26.0, "q07": 26.0, "q08": 17.0, "q09": 17.0, "q10": 19.0, "q11": 22.0, "q12": 22.0, "q13": 26.0, "q14": 26.0, "q15": 31.0, "q16": 17.0, "q17": 19.0, "q18": 21.0, "q19": 22.0, "q20": 25.0, "q21": 27.0, "q22": 30.0, "q23": 32.0, "q24": 19.0, "q25": 20.0, "q26": 23.0, "q27": 25.0, "q28": 27.0, "q29": 30.0, "q30": 33.0, "q31": 38.0, "q32": 19.0, "q33": 23.0, "q34": 24.0, "q35": 27.0, "q36": 29.0, "q37": 33.0, "q38": 37.0, "q39": 39.0, "q40": 23.0, "q41": 24.0, "q42": 27.0, "q43": 29.0, "q44": 33.0, "q45": 36.0, "q46": 42.0, "q47": 48.0, "q48": 24.0, "q49": 28.0, "q50": 28.0, "q51": 34.0, "q52": 35.0, "q53": 42.0, "q54": 47.0, "q55": 55.0, "q56": 28.0, "q57": 28.0, "q58": 34.0, "q59": 35.0, "q60": 43.0, "q61": 46.0, "q62": 61.0, "q63": 87.0}, "datetime": {"datetime": "2019-11-11 18:46:12", "elapsed": 0.059113, "delta": 0.001484}}
