{"target": -0.07764269679379421, "params": {"q00": 33.0, "q01": 27.0, "q02": 83.0, "q03": 12.0, "q04": 170.0, "q05": 112.0, "q06": 92.0, "q07": 23.0, "q08": 12.0, "q09": 16.0, "q10": 241.0, "q11": 41.0, "q12": 219.0, "q13": 139.0, "q14": 45.0, "q15": 120.0, "q16": 66.0, "q17": 135.0, "q18": 104.0, "q19": 26.0, "q20": 239.0, "q21": 162.0, "q22": 159.0, "q23": 227.0, "q24": 106.0, "q25": 68.0, "q26": 159.0, "q27": 105.0, "q28": 214.0, "q29": 181.0, "q30": 192.0, "q31": 126.0, "q32": 188.0, "q33": 187.0, "q34": 100.0, "q35": 129.0, "q36": 162.0, "q37": 197.0, "q38": 85.0, "q39": 184.0, "q40": 105.0, "q41": 91.0, "q42": 250.0, "q43": 128.0, "q44": 253.0, "q45": 125.0, "q46": 241.0, "q47": 186.0, "q48": 68.0, "q49": 207.0, "q50": 224.0, "q51": 66.0, "q52": 132.0, "q53": 250.0, "q54": 47.0, "q55": 220.0, "q56": 238.0, "q57": 46.0, "q58": 241.0, "q59": 28.0, "q60": 217.0, "q61": 62.0, "q62": 180.0, "q63": 236.0}, "datetime": {"datetime": "2019-11-11 18:46:15", "elapsed": 3.158081, "delta": 0.007482}}
{"target": -0.1376456789177784, "params": {"q00": 32.0, "q01": 53.0, "q02": 27.0, "q03": 41.0, "q04": 24.0, "q05": 242.0, "q06": 237.0, "q07": 67.0, "q08": 68.0, "q09": 13.0, "q10": 244.0, "q11": 18.0, "q12": 105.0, "q13": 77.0, "q14": 50.0, "q15": 164.0, "q16": 9.0, "q17": 141.0, "q18": 61.0, "q19": 74.0, "q20": 210.0, "q21": 140.0, "q22": 224.0, "q23": 246.0, "q24": 231.0, "q25": 69.0, "q26": 48.0, "q27": 139.0, "q28": 241.0, "q29": 1.0, "q30": 108.0, "q31": 39.0, "q32": 205.0, "q33": 184.0, "q34": 68.0, "q35": 24.0, "q36": 229.0, "q37": 251.0, "q38": 15.0, "q39": 247.0, "q40": 108.0, "q41": 31.0, "q42": 178.0, "q43": 69.0, "q44": 119.0, "q45": 35.0, "q46": 65.0, "q47": 133.0, "q48": 46.0, "q49": 158.0, "q50": 138.0, "q51": 122.0, "q52": 93.0, "q53": 202.0, "q54": 13.0, "q55": 16.0, "q56": 94.0, "q57": 209.0, "q58": 253.0, "q59": 141.0, "q60": 81.0, "q61": 25.0, "q62": 132.0, "q63": 248.0}, "datetime": {"datetime": "2019-11-11 18:46:15", "elapsed": 3.172548, "delta": 0.014467}}
{"target": -0.16058525644293042, "params": {"q00": 9.0, "q01": 98.0, "q02": 29.0, "q03": 247.0, "q04": 159.0, "q05": 40.0, "q06": 163.0, "q07": 29.0, "q08": 27.0, "q09": 86.0, "q10": 218.0, "q11": 112.0, "q12": 252.0, "q13": 229.0, "q14": 16.0, "q15": 146.0, "q16": 7.0, "q17": 84.0, "q18": 42.0, "q19": 19.0, "q20": 1.0, "q21": 126.0, "q22": 181.0, "q23": 236.0, "q24": 129.0, "q25": 230.0, "q26": 95.0, "q27": 110.0, "q28": 212.0, "q29": 13.0, "q30": 232.0, "q31": 117.0, "q32": 188.0, "q33": 179.0, "q34": 57.0, "q35": 249.0, "q36": 17.0, "q37": 74.0, "q38": 25.0, "q39": 208.0, "q40": 204.0, "q41": 117.0, "q42": 112.0, "q43": 59.0, "q44": 202.0, "q45": 241.0, "q46": 214.0, "q47": 83.0, "q48": 219.0, "q49": 1.0, "q50": 68.0, "q51": 46.0, "q52": 172.0, "q53": 122.0, "q54": 153.0, "q55": 207.0, "q56": 191.0, "q57": 26.0, "q58": 43.0, "q59": 12.0, "q60": 21.0, "q61": 117.0, "q62": 171.0, "q63": 240.0}, "datetime": {"datetime": "2019-11-11 18:46:15", "elapsed": 3.181465, "delta": 0.008917}}
{"target": -0.10733860706162163, "params": {"q00": 6.0, "q01": 7.0, "q02": 132.0, "q03": 82.0, "q04": 41.0, "q05": 128.0, "q06": 182.0, "q07": 178.0, "q08": 31.0, "q09": 43.0, "q10": 60.0, "q11": 34.0, "q12": 194.0, "q13": 248.0, "q14": 234.0, "q15": 198.0, "q16": 9.0, "q17": 169.0, "q18": 89.0, "q19": 207.0, "q20": 128.0, "q21": 187.0, "q22": 108.0, "q23": 90.0, "q24": 33.0, "q25": 226.0, "q26": 20.0, "q27": 86.0, "q28": 248.0, "q29": 14.0, "q30": 173.0, "q31": 54.0, "q32": 216.0, "q33": 200.0, "q34": 245.0, "q35": 18.0, "q36": 216.0, "q37": 210.0, "q38": 173.0, "q39": 62.0, "q40": 237.0, "q41": 10.0, "q42": 139.0, "q43": 222.0, "q44": 117.0, "q45": 244.0, "q46": 242.0, "q47": 235.0, "q48": 130.0, "q49": 249.0, "q50": 145.0, "q51": 79.0, "q52": 110.0, "q53": 155.0, "q54": 110.0, "q55": 204.0, "q56": 162.0, "q57": 42.0, "q58": 107.0, "q59": 33.0, "q60": 115.0, "q61": 146.0, "q62": 88.0, "q63": 2.0}, "datetime": {"datetime": "2019-11-11 18:46:15", "elapsed": 3.189315, "delta": 0.00785}}
{"target": -0.07299711397999686, "params": {"q00": 10.0, "q01": 13.0, "q02": 3.0, "q03": 54.0, "q04": 243.0, "q05": 192.0, "q06": 108.0, "q07": 46.0, "q08": 11.0, "q09": 24.0, "q10": 36.0, "q11": 41.0, "q12": 254.0, "q13": 189.0, "q14": 39.0, "q15": 155.0, "q16": 26.0, "q17": 51.0, "q18": 25.0, "q19": 37.0, "q20": 93.0, "q21": 249.0, "q22": 133.0, "q23": 197.0, "q24": 249.0, "q25": 35.0, "q26": 175.0, "q27": 198.0, "q28": 51.0, "q29": 220.0, "q30": 10.0, "q31": 56.0, "q32": 26.0, "q33": 222.0, "q34": 97.0, "q35": 80.0, "q36": 94.0, "q37": 5.0, "q38": 60.0, "q39": 48.0, "q40": 187.0, "q41": 230.0, "q42": 127.0, "q43": 224.0, "q44": 108.0, "q45": 233.0, "q46": 136.0, "q47": 116.0, "q48": 249.0, "q49": 220.0, "q50": 136.0, "q51": 55.0, "q52": 157.0, "q53": 100.0, "q54": 94.0, "q55": 102.0, "q56": 51.0, "q57": 109.0, "q58": 247.0, "q59": 219.0, "q60": 211.0, "q61": 80.0, "q62": 89.0, "q63": 246.0}, "datetime": {"datetime": "2019-11-11 18:46:15", "elapsed": 3.197124, "delta": 0.007809}}
{"target": -0.14382452159657022, "params": {"q00": 68.0, "q01": 11.0, "q02": 113.0, "q03": 185.0, "q04": 64.0, "q05": 97.0, "q06": 253.0, "q07": 241.0, "q08": 55.0, "q09": 15.0, "q10": 213.0, "q11": 184.0, "q12": 27.0, "q13": 10.0, "q14": 103.0, "q15": 98.0, "q16": 55.0, "q17": 54.0, "q18": 26.0, "q19": 14.0, "q20": 44.0, "q21": 54.0, "q22": 252.0, "q23": 119.0, "q24": 65.0, "q25": 93.0, "q26": 135.0, "q27": 77.0, "q28": 224.0, "q29": 165.0, "q30": 160.0, "q31": 202.0, "q32": 129.0, "q33": 231.0, "q34": 32.0, "q35": 15.0, "q36": 10.0, "q37": 106.0, "q38": 59.0, "q39": 187.0, "q40": 99.0, "q41": 215.0, "q42": 198.0, "q43": 71.0, "q44": 11.0, "q45": 2.0, "q46": 100.0, "q47": 78.0, "q48": 192.0, "q49": 240.0, "q50": 84.0, "q51": 34.0, "q52": 78.0, "q53": 93.0, "q54": 76.0, "q55": 165.0, "q56": 18.0, "q57": 76.0, "q58": 24.0, "q59": 56.0, "q60": 4.0, "q61": 81.0, "q62": 234.0, "q63": 102.0}, "datetime": {"datetime": "2019-11-11 18:46:15", "elapsed": 3.204701, "delta": 0.007577}}
{"target": -0.15595603753140286, "params": {"q00": 16.0, "q01": 114.0, "q02": 233.0, "q03": 39.0, "q04": 74.0, "q05": 111.0, "q06": 65.0, "q07": 57.0, "q08": 41.0, "q09": 6.0, "q10": 145.0, "q11": 3.0, "q12": 53.0, "q13": 4.0, "q14": 63.0, "q15": 159.0, "q16": 18.0, "q17": 147.0, "q18": 170.0, "q19": 19.0, "q20": 60.0, "q21": 20.0, "q22": 119.0, "q23": 125.0, "q24": 66.0, "q25": 28.0, "q26": 141.0, "q27": 14.0, "q28": 40.0, "q29": 104.0, "q30": 27.0, "q31": 23.0, "q32": 209.0, "q33": 35.0, "q34": 191.0, "q35": 188.0, "q36": 179.0, "q37": 216.0, "q38": 163.0, "q39": 123.0, "q40": 53.0, "q41": 3.0, "q42": 133.0, "q43": 56.0, "q44": 61.0, "q45": 72.0, "q46": 198.0, "q47": 174.0, "q48": 250.0, "q49": 163.0, "q50": 89.0, "q51": 44.0, "q52": 223.0, "q53": 145.0, "q54": 204.0, "q55": 111.0, "q56": 28.0, "q57": 143.0, "q58": 160.0, "q59": 208.0, "q60": 252.0, "q61": 241.0, "q62": 224.0, "q63": 182.0}, "datetime": {"datetime": "2019-11-11 18:46:15", "elapsed": 3.212122, "delta": 0.007421}}
{"target": -0.13136113508455233, "params": {"q00": 113.0, "q01": 6.0, "q02": 176.0, "q03": 17.0, "q04": 29.0, "q05": 86.0, "q06": 124.0, "q07": 175.0, "q08": 6.0, "q09": 22.0, "q10": 21.0, "q11": 93.0, "q12": 162.0, "q13": 6.0, "q14": 102.0, "q15": 232.0, "q16": 26.0, "q17": 21.0, "q18": 113.0, "q19": 76.0, "q20": 184.0, "q21": 53.0, "q22": 184.0, "q23": 136.0, "q24": 171.0, "q25": 221.0, "q26": 206.0, "q27": 36.0, "q28": 167.0, "q29": 202.0, "q30": 119.0, "q31": 141.0, "q32": 246.0, "q33": 42.0, "q34": 171.0, "q35": 146.0, "q36": 225.0, "q37": 252.0, "q38": 185.0, "q39": 206.0, "q40": 176.0, "q41": 129.0, "q42": 215.0, "q43": 144.0, "q44": 254.0, "q45": 127.0, "q46": 182.0, "q47": 249.0, "q48": 170.0, "q49": 78.0, "q50": 231.0, "q51": 135.0, "q52": 148.0, "q53": 208.0, "q54": 164.0, "q55": 70.0, "q56": 173.0, "q57": 135.0, "q58": 158.0, "q59": 90.0, "q60": 193.0, "q61": 58.0, "q62": 215.0, "q63": 156.0}, "datetime": {"datetime": "2019-11-11 18:46:15", "elapsed": 3.219583, "delta": 0.007461}}
{"target": -0.11517404682788868, "params": {"q00": 7.0, "q01": 56.0, "q02": 3.0, "q03": 163.0, "q04": 53.0, "q05": 16.0, "q06": 206.0, "q07": 248.0, "q08": 49.0, "q09": 47.0, "q10": 13.0, "q11": 72.0, "q12": 28.0, "q13": 7.0, "q14": 127.0, "q15": 251.0, "q16": 57.0, "q17": 94.0, "q18": 93.0, "q19": 53.0, "q20": 21.0, "q21": 180.0, "q22": 45.0, "q23": 9.0, "q24": 163.0, "q25": 158.0, "q26": 100.0, "q27": 56.0, "q28": 229.0, "q29": 17.0, "q30": 52.0, "q31": 22.0, "q32": 235.0, "q33": 147.0, "q34": 69.0, "q35": 157.0, "q36": 181.0, "q37": 174.0, "q38": 249.0, "q39": 246.0, "q40": 228.0, "q41": 83.0, "q42": 241.0, "q43": 121.0, "q44": 138.0, "q45": 24.0, "q46": 231.0, "q47": 126.0, "q48": 109.0, "q49": 128.0, "q50": 49.0, "q51": 160.0, "q52": 4.0, "q53": 24.0, "q54": 159.0, "q55": 245.0, "q56": 29.0, "q57": 181.0, "q58": 10.0, "q59": 71.0, "q60": 125.0, "q61": 70.0, "q62": 164.0, "q63": 53.0}, "datetime": {"datetime": "2019-11-11 18:46:15", "elapsed": 3.227033, "delta": 0.00745}}
{"target": -0.1278470647681098, "params": {"q00": 7.0, "q01": 9.0, "q02": 129.0, "q03": 48.0, "q04": 76.0, "q05": 84.0, "q06": 217.0, "q07": 12.0, "q08": 5.0, "q09": 12.0, "q10": 95.0, "q11": 30.0, "q12": 165.0, "q13": 26.0, "q14": 80.0, "q15": 30.0, "q16": 108.0, "q17": 120.0, "q18": 124.0, "q19": 1.0, "q20": 63.0, "q21": 41.0, "q22": 130.0, "q23": 225.0, "q24": 240.0, "q25": 70.0, "q26": 185.0, "q27": 209.0, "q28": 225.0, "q29": 120.0, "q30": 135.0, "q31": 151.0, "q32": 21.0, "q33": 210.0, "q34": 51.0, "q35": 222.0, "q36": 181.0, "q37": 94.0, "q38": 121.0, "q39": 106.0, "q40": 130.0, "q41": 15.0, "q42": 38.0, "q43": 14.0, "q44": 204.0, "q45": 139.0, "q46": 78.0, "q47": 47.0, "q48": 217.0, "q49": 21.0, "q50": 138.0, "q51": 218.0, "q52": 83.0, "q53": 86.0, "q54": 185.0, "q55": 32.0, "q56": 147.0, "q57": 130.0, "q58": 159.0, "q59": 114.0, "q60": 24.0, "q61": 67.0, "q62": 241.0, "q63": 212.0}, "datetime": {"datetime": "2019-11-11 18:46:15", "elapsed": 3.234514, "delta": 0.007481}}
{"target": -0.11572400467420646, "params": {"q00": 19.0, "q01": 6.0, "q02": 27.0, "q03": 238.0, "q04": 241.0, "q05": 128.0, "q06": 54.0, "q07": 53.0, "q08": 89.0, "q09": 60.0, "q10": 32.0, "q11": 30.0, "q12": 244.0, "q13": 18.0, "q14": 27.0, "q15": 116.0, "q16": 4.0, "q17": 62.0, "q18": 196.0, "q19": 48.0, "q20": 1.0, "q21": 72.0, "q22": 241.0, "q23": 188.0, "q24": 132.0, "q25": 18.0, "q26": 15.0, "q27": 20.0, "q28": 254.0, "q29": 24.0, "q30": 241.0, "q31": 224.0, "q32": 164.0, "q33": 217.0, "q34": 184.0, "q35": 201.0, "q36": 192.0, "q37": 123.0, "q38": 72.0, "q39": 3.0, "q40": 204.0, "q41": 141.0, "q42": 198.0, "q43": 4.0, "q44": 234.0, "q45": 64.0, "q46": 41.0, "q47": 11.0, "q48": 233.0, "q49": 58.0, "q50": 53.0, "q51": 133.0, "q52": 182.0, "q53": 227.0, "q54": 138.0, "q55": 82.0, "q56": 103.0, "q57": 239.0, "q58": 34.0, "q59": 236.0, "q60": 23.0, "q61": 187.0, "q62": 190.0, "q63": 124.0}, "datetime": {"datetime": "2019-11-11 18:46:15", "elapsed": 3.242614, "delta": 0.0081}}
{"target": -0.14138785538976012, "params": {"q00": 37.0, "q01": 14.0, "q02": 78.0, "q03": 11.0, "q04": 253.0, "q05": 5.0, "q06": 146.0, "q07": 2.0, "q08": 168.0, "q09": 3.0, "q10": 22.0, "q11": 41.0, "q12": 139.0, "q13": 176.0, "q14": 226.0, "q15": 244.0, "q16": 4.0, "q17": 17.0, "q18": 13.0, "q19": 233.0, "q20": 233.0, "q21": 114.0, "q22": 43.0, "q23": 254.0, "q24": 251.0, "q25": 138.0, "q26": 5.0, "q27": 19.0, "q28": 112.0, "q29": 213.0, "q30": 157.0, "q31": 148.0, "q32": 192.0, "q33": 121.0, "q34": 213.0, "q35": 195.0, "q36": 170.0, "q37": 52.0, "q38": 58.0, "q39": 56.0, "q40": 31.0, "q41": 9.0, "q42": 238.0, "q43": 217.0, "q44": 84.0, "q45": 21.0, "q46": 223.0, "q47": 80.0, "q48": 72.0, "q49": 66.0, "q50": 16.0, "q51": 181.0, "q52": 13.0, "q53": 105.0, "q54": 51.0, "q55": 120.0, "q56": 188.0, "q57": 230.0, "q58": 42.0, "q59": 37.0, "q60": 89.0, "q61": 50.0, "q62": 84.0, "q63": 50.0}, "datetime": {"datetime": "2019-11-11 18:46:15", "elapsed": 3.250618, "delta": 0.008004}}
{"target": -0.12430344421132605, "params": {"q00": 8.0, "q01": 27.0, "q02": 46.0, "q03": 106.0, "q04": 15.0, "q05": 126.0, "q06": 201.0, "q07": 27.0, "q08": 1.0, "q09": 74.0, "q10": 57.0, "q11": 220.0, "q12": 30.0, "q13": 254.0, "q14": 201.0, "q15": 228.0, "q16": 8.0, "q17": 63.0, "q18": 202.0, "q19": 109.0, "q20": 126.0, "q21": 87.0, "q22": 132.0, "q23": 209.0, "q24": 22.0, "q25": 21.0, "q26": 173.0, "q27": 109.0, "q28": 159.0, "q29": 187.0, "q30": 3.0, "q31": 109.0, "q32": 208.0, "q33": 126.0, "q34": 228.0, "q35": 163.0, "q36": 241.0, "q37": 22.0, "q38": 2.0, "q39": 141.0, "q40": 186.0, "q41": 111.0, "q42": 237.0, "q43": 183.0, "q44": 91.0, "q45": 87.0, "q46": 19.0, "q47": 19.0, "q48": 210.0, "q49": 82.0, "q50": 208.0, "q51": 213.0, "q52": 172.0, "q53": 186.0, "q54": 135.0, "q55": 157.0, "q56": 223.0, "q57": 229.0, "q58": 61.0, "q59": 227.0, "q60": 205.0, "q61": 38.0, "q62": 182.0, "q63": 216.0}, "datetime": {"datetime": "2019-11-11 18:46:15", "elapsed": 3.258696, "delta": 0.008078}}
{"target": -0.110419560899433, "params": {"q00": 7.0, "q01": 17.0, "q02": 149.0, "q03": 157.0, "q04": 8.0, "q05": 219.0, "q06": 105.0, "q07": 209.0, "q08": 23.0, "q09": 34.0, "q10": 8.0, "q11": 104.0, "q12": 14.0, "q13": 83.0, "q14": 102.0, "q15": 224.0, "q16": 57.0, "q17": 228.0, "q18": 71.0, "q19": 160.0, "q20": 191.0, "q21": 176.0, "q22": 46.0, "q23": 98.0, "q24": 13.0, "q25": 9.0, "q26": 91.0, "q27": 28.0, "q28": 160.0, "q29": 18.0, "q30": 103.0, "q31": 43.0, "q32": 220.0, "q33": 66.0, "q34": 118.0, "q35": 202.0, "q36": 139.0, "q37": 38.0, "q38": 2.0, "q39": 32.0, "q40": 24.0, "q41": 21.0, "q42": 45.0, "q43": 91.0, "q44": 78.0, "q45": 170.0, "q46": 178.0, "q47": 101.0, "q48": 243.0, "q49": 14.0, "q50": 118.0, "q51": 247.0, "q52": 75.0, "q53": 173.0, "q54": 27.0, "q55": 124.0, "q56": 14.0, "q57": 179.0, "q58": 155.0, "q59": 121.0, "q60": 177.0, "q61": 61.0, "q62": 61.0, "q63": 183.0}, "datetime": {"datetime": "2019-11-11 18:46:15", "elapsed": 3.267008, "delta": 0.008312}}
{"target": -0.13073496559390668, "params": {"q00": 28.0, "q01": 28.0, "q02": 112.0, "q03": 37.0, "q04": 239.0, "q05": 18.0, "q06": 89.0, "q07": 4.0, "q08": 68.0, "q09": 18.0, "q10": 168.0, "q11": 62.0, "q12": 12.0, "q13": 96.0, "q14": 228.0, "q15": 29.0, "q16": 107.0, "q17": 37.0, "q18": 7.0, "q19": 27.0, "q20": 251.0, "q21": 207.0, "q22": 76.0, "q23": 201.0, "q24": 204.0, "q25": 106.0, "q26": 50.0, "q27": 4.0, "q28": 154.0, "q29": 242.0, "q30": 220.0, "q31": 95.0, "q32": 10.0, "q33": 5.0, "q34": 100.0, "q35": 141.0, "q36": 215.0, "q37": 55.0, "q38": 153.0, "q39": 36.0, "q40": 67.0, "q41": 115.0, "q42": 135.0, "q43": 144.0, "q44": 168.0, "q45": 11.0, "q46": 217.0, "q47": 156.0, "q48": 161.0, "q49": 140.0, "q50": 1.0, "q51": 105.0, "q52": 91.0, "q53": 101.0, "q54": 229.0, "q55": 81.0, "q56": 132.0, "q57": 27.0, "q58": 66.0, "q59": 227.0, "q60": 237.0, "q61": 131.0, "q62": 239.0, "q63": 230.0}, "datetime": {"datetime": "2019-11-11 18:46:15", "elapsed": 3.275115, "delta": 0.008107}}
{"target": -0.1211006078057596, "params": {"q00": 2.0, "q01": 9.0, "q02": 41.0, "q03": 95.0, "q04": 134.0, "q05": 20.0, "q06": 239.0, "q07": 63.0, "q08": 79.0, "q09": 47.0, "q10": 14.0, "q11": 162.0, "q12": 62.0, "q13": 103.0, "q14": 158.0, "q15": 91.0, "q16": 80.0, "q17": 202.0, "q18": 245.0, "q19": 16.0, "q20": 105.0, "q21": 207.0, "q22": 7.0, "q23": 239.0, "q24": 6.0, "q25": 15.0, "q26": 22.0, "q27": 51.0, "q28": 67.0, "q29": 65.0, "q30": 62.0, "q31": 26.0, "q32": 251.0, "q33": 243.0, "q34": 77.0, "q35": 77.0, "q36": 195.0, "q37": 109.0, "q38": 36.0, "q39": 22.0, "q40": 129.0, "q41": 2.0, "q42": 9.0, "q43": 34.0, "q44": 5.0, "q45": 42.0, "q46": 26.0, "q47": 162.0, "q48": 44.0, "q49": 44.0, "q50": 28.0, "q51": 110.0, "q52": 81.0, "q53": 206.0, "q54": 214.0, "q55": 249.0, "q56": 167.0, "q57": 211.0, "q58": 195.0, "q59": 109.0, "q60": 193.0, "q61": 212.0, "q62": 140.0, "q63": 250.0}, "datetime": {"datetime": "2019-11-11 18:46:15", "elapsed": 3.283268, "delta": 0.008153}}
{"target": -0.12999332698842553, "params": {"q00": 39.0, "q01": 46.0, "q02": 149.0, "q03": 118.0, "q04": 201.0, "q05": 187.0, "q06": 248.0, "q07": 3.0, "q08": 47.0, "q09": 50.0, "q10": 9.0, "q11": 23.0, "q12": 120.0, "q13": 221.0, "q14": 160.0, "q15": 87.0, "q16": 55.0, "q17": 73.0, "q18": 4.0, "q19": 127.0, "q20": 14.0, "q21": 89.0, "q22": 246.0, "q23": 222.0, "q24": 209.0, "q25": 39.0, "q26": 224.0, "q27": 221.0, "q28": 229.0, "q29": 192.0, "q30": 109.0, "q31": 17.0, "q32": 28.0, "q33": 109.0, "q34": 62.0, "q35": 250.0, "q36": 155.0, "q37": 78.0, "q38": 51.0, "q39": 2.0, "q40": 49.0, "q41": 192.0, "q42": 214.0, "q43": 35.0, "q44": 169.0, "q45": 37.0, "q46": 172.0, "q47": 89.0, "q48": 173.0, "q49": 241.0, "q50": 116.0, "q51": 138.0, "q52": 65.0, "q53": 222.0, "q54": 47.0, "q55": 237.0, "q56": 244.0, "q57": 196.0, "q58": 179.0, "q59": 225.0, "q60": 157.0, "q61": 65.0, "q62": 198.0, "q63": 147.0}, "datetime": {"datetime": "2019-11-11 18:46:15", "elapsed": 3.29134, "delta": 0.008072}}
{"target": -0.1047452220534405, "params": {"q00": 32.0, "q01": 12.0, "q02": 67.0, "q03": 2.0, "q04": 235.0, "q05": 241.0, "q06": 139.0, "q07": 200.0, "q08": 73.0, "q09": 4.0, "q10": 95.0, "q11": 65.0, "q12": 85.0, "q13": 147.0, "q14": 190.0, "q15": 153.0, "q16": 5.0, "q17": 37.0, "q18": 54.0, "q19": 55.0, "q20": 106.0, "q21": 141.0, "q22": 190.0, "q23": 150.0, "q24": 59.0, "q25": 106.0, "q26": 66.0, "q27": 21.0, "q28": 237.0, "q29": 3.0, "q30": 211.0, "q31": 79.0, "q32": 228.0, "q33": 198.0, "q34": 19.0, "q35": 105.0, "q36": 1.0, "q37": 123.0, "q38": 139.0, "q39": 113.0, "q40": 200.0, "q41": 189.0, "q42": 135.0, "q43": 4.0, "q44": 7.0, "q45": 15.0, "q46": 27.0, "q47": 30.0, "q48": 148.0, "q49": 79.0, "q50": 50.0, "q51": 45.0, "q52": 71.0, "q53": 60.0, "q54": 134.0, "q55": 89.0, "q56": 231.0, "q57": 48.0, "q58": 154.0, "q59": 155.0, "q60": 235.0, "q61": 10.0, "q62": 247.0, "q63": 253.0}, "datetime": {"datetime": "2019-11-11 18:46:15", "elapsed": 3.299453, "delta": 0.008113}}
{"target": -0.09261068904292685, "params": {"q00": 27.0, "q01": 14.0, "q02": 16.0, "q03": 109.0, "q04": 13.0, "q05": 218.0, "q06": 27.0, "q07": 2.0, "q08": 3.0, "q09": 38.0, "q10": 79.0, "q11": 209.0, "q12": 47.0, "q13": 136.0, "q14": 74.0, "q15": 112.0, "q16": 40.0, "q17": 40.0, "q18": 55.0, "q19": 251.0, "q20": 185.0, "q21": 153.0, "q22": 188.0, "q23": 212.0, "q24": 187.0, "q25": 36.0, "q26": 113.0, "q27": 129.0, "q28": 194.0, "q29": 138.0, "q30": 101.0, "q31": 122.0, "q32": 38.0, "q33": 167.0, "q34": 49.0, "q35": 166.0, "q36": 15.0, "q37": 145.0, "q38": 118.0, "q39": 127.0, "q40": 249.0, "q41": 224.0, "q42": 137.0, "q43": 130.0, "q44": 226.0, "q45": 144.0, "q46": 172.0, "q47": 69.0, "q48": 164.0, "q49": 237.0, "q50": 196.0, "q51": 17.0, "q52": 95.0, "q53": 252.0, "q54": 250.0, "q55": 8.0, "q56": 83.0, "q57": 29.0, "q58": 252.0, "q59": 35.0, "q60": 19.0, "q61": 149.0, "q62": 217.0, "q63": 132.0}, "datetime": {"datetime": "2019-11-11 18:46:15", "elapsed": 3.307962, "delta": 0.008509}}
{"target": -0.10448616289892265, "params": {"q00": 8.0, "q01": 9.0, "q02": 51.0, "q03": 27.0, "q04": 131.0, "q05": 124.0, "q06": 159.0, "q07": 242.0, "q08": 101.0, "q09": 37.0, "q10": 9.0, "q11": 183.0, "q12": 121.0, "q13": 150.0, "q14": 136.0, "q15": 174.0, "q16": 8.0, "q17": 38.0, "q18": 18.0, "q19": 155.0, "q20": 39.0, "q21": 12.0, "q22": 132.0, "q23": 157.0, "q24": 243.0, "q25": 1.0, "q26": 187.0, "q27": 74.0, "q28": 138.0, "q29": 106.0, "q30": 29.0, "q31": 87.0, "q32": 96.0, "q33": 215.0, "q34": 118.0, "q35": 136.0, "q36": 190.0, "q37": 164.0, "q38": 141.0, "q39": 94.0, "q40": 248.0, "q41": 163.0, "q42": 179.0, "q43": 211.0, "q44": 109.0, "q45": 165.0, "q46": 144.0, "q47": 213.0, "q48": 33.0, "q49": 86.0, "q50": 133.0, "q51": 165.0, "q52": 37.0, "q53": 243.0, "q54": 167.0, "q55": 112.0, "q56": 51.0, "q57": 107.0, "q58": 168.0, "q59": 92.0, "q60": 242.0, "q61": 37.0, "q62": 74.0, "q63": 222.0}, "datetime": {"datetime": "2019-11-11 18:46:15", "elapsed": 3.315988, "delta": 0.008026}}
{"target": -0.14339140863469224, "params": {"q00": 1.0, "q01": 3.0, "q02": 10.0, "q03": 214.0, "q04": 243.0, "q05": 235.0, "q06": 119.0, "q07": 135.0, "q08": 58.0, "q09": 118.0, "q10": 153.0, "q11": 8.0, "q12": 87.0, "q13": 51.0, "q14": 1.0, "q15": 174.0, "q16": 11.0, "q17": 72.0, "q18": 29.0, "q19": 105.0, "q20": 179.0, "q21": 239.0, "q22": 182.0, "q23": 22.0, "q24": 33.0, "q25": 217.0, "q26": 237.0, "q27": 101.0, "q28": 241.0, "q29": 241.0, "q30": 234.0, "q31": 31.0, "q32": 172.0, "q33": 217.0, "q34": 121.0, "q35": 61.0, "q36": 60.0, "q37": 21.0, "q38": 143.0, "q39": 202.0, "q40": 219.0, "q41": 27.0, "q42": 244.0, "q43": 13.0, "q44": 158.0, "q45": 83.0, "q46": 133.0, "q47": 170.0, "q48": 92.0, "q49": 144.0, "q50": 179.0, "q51": 76.0, "q52": 155.0, "q53": 32.0, "q54": 44.0, "q55": 50.0, "q56": 131.0, "q57": 230.0, "q58": 62.0, "q59": 148.0, "q60": 60.0, "q61": 84.0, "q62": 111.0, "q63": 209.0}, "datetime": {"datetime": "2019-11-11 18:46:15", "elapsed": 3.324222, "delta": 0.008234}}
{"target": -0.09722856583941936, "params": {"q00": 10.0, "q01": 22.0, "q02": 10.0, "q03": 10.0, "q04": 252.0, "q05": 250.0, "q06": 224.0, "q07": 177.0, "q08": 51.0, "q09": 24.0, "q10": 127.0, "q11": 6.0, "q12": 245.0, "q13": 175.0, "q14": 232.0, "q15": 176.0, "q16": 36.0, "q17": 36.0, "q18": 139.0, "q19": 170.0, "q20": 21.0, "q21": 180.0, "q22": 116.0, "q23": 252.0, "q24": 110.0, "q25": 204.0, "q26": 130.0, "q27": 56.0, "q28": 42.0, "q29": 26.0, "q30": 191.0, "q31": 245.0, "q32": 141.0, "q33": 112.0, "q34": 88.0, "q35": 89.0, "q36": 230.0, "q37": 209.0, "q38": 204.0, "q39": 171.0, "q40": 95.0, "q41": 60.0, "q42": 116.0, "q43": 124.0, "q44": 70.0, "q45": 13.0, "q46": 17.0, "q47": 148.0, "q48": 245.0, "q49": 154.0, "q50": 6.0, "q51": 139.0, "q52": 236.0, "q53": 4.0, "q54": 10.0, "q55": 47.0, "q56": 167.0, "q57": 224.0, "q58": 105.0, "q59": 49.0, "q60": 72.0, "q61": 155.0, "q62": 73.0, "q63": 170.0}, "datetime": {"datetime": "2019-11-11 18:46:15", "elapsed": 3.332415, "delta": 0.008193}}
