{"target": -0.01025103957285678, "params": {"q00": 14.0, "q01": 19.0, "q02": 16.0, "q03": 22.0, "q04": 23.0, "q05": 27.0, "q06": 26.0, "q07": 33.0, "q08": 17.0, "q09": 16.0, "q10": 20.0, "q11": 25.0, "q12": 31.0, "q13": 32.0, "q14": 37.0, "q15": 34.0, "q16": 16.0, "q17": 19.0, "q18": 25.0, "q19": 28.0, "q20": 32.0, "q21": 29.0, "q22": 44.0, "q23": 54.0, "q24": 21.0, "q25": 26.0, "q26": 28.0, "q27": 27.0, "q28": 34.0, "q29": 39.0, "q30": 46.0, "q31": 65.0, "q32": 28.0, "q33": 28.0, "q34": 35.0, "q35": 39.0, "q36": 34.0, "q37": 52.0, "q38": 55.0, "q39": 51.0, "q40": 32.0, "q41": 28.0, "q42": 34.0, "q43": 46.0, "q44": 39.0, "q45": 41.0, "q46": 43.0, "q47": 59.0, "q48": 24.0, "q49": 42.0, "q50": 48.0, "q51": 45.0, "q52": 57.0, "q53": 60.0, "q54": 73.0, "q55": 47.0, "q56": 37.0, "q57": 43.0, "q58": 39.0, "q59": 62.0, "q60": 72.0, "q61": 70.0, "q62": 82.0, "q63": 86.0}, "datetime": {"datetime": "2019-11-27 05:50:54", "elapsed": 15564.257622, "delta": 186.674605}}
{"target": -0.0071108479426880145, "params": {"q00": 18.0, "q01": 14.0, "q02": 21.0, "q03": 18.0, "q04": 20.0, "q05": 26.0, "q06": 27.0, "q07": 31.0, "q08": 15.0, "q09": 16.0, "q10": 17.0, "q11": 23.0, "q12": 25.0, "q13": 30.0, "q14": 38.0, "q15": 49.0, "q16": 16.0, "q17": 17.0, "q18": 25.0, "q19": 26.0, "q20": 34.0, "q21": 29.0, "q22": 39.0, "q23": 43.0, "q24": 20.0, "q25": 24.0, "q26": 25.0, "q27": 33.0, "q28": 43.0, "q29": 35.0, "q30": 55.0, "q31": 43.0, "q32": 25.0, "q33": 29.0, "q34": 31.0, "q35": 31.0, "q36": 45.0, "q37": 53.0, "q38": 59.0, "q39": 61.0, "q40": 31.0, "q41": 38.0, "q42": 26.0, "q43": 33.0, "q44": 39.0, "q45": 57.0, "q46": 43.0, "q47": 49.0, "q48": 27.0, "q49": 43.0, "q50": 35.0, "q51": 46.0, "q52": 59.0, "q53": 61.0, "q54": 60.0, "q55": 51.0, "q56": 43.0, "q57": 37.0, "q58": 50.0, "q59": 52.0, "q60": 43.0, "q61": 75.0, "q62": 55.0, "q63": 89.0}, "datetime": {"datetime": "2019-11-27 05:53:59", "elapsed": 15749.471657, "delta": 185.214035}}
{"target": -0.012004455756974397, "params": {"q00": 16.0, "q01": 19.0, "q02": 23.0, "q03": 26.0, "q04": 21.0, "q05": 31.0, "q06": 32.0, "q07": 35.0, "q08": 14.0, "q09": 18.0, "q10": 26.0, "q11": 21.0, "q12": 32.0, "q13": 28.0, "q14": 38.0, "q15": 41.0, "q16": 19.0, "q17": 22.0, "q18": 22.0, "q19": 29.0, "q20": 35.0, "q21": 38.0, "q22": 34.0, "q23": 54.0, "q24": 17.0, "q25": 24.0, "q26": 27.0, "q27": 33.0, "q28": 42.0, "q29": 39.0, "q30": 38.0, "q31": 36.0, "q32": 27.0, "q33": 25.0, "q34": 28.0, "q35": 40.0, "q36": 37.0, "q37": 39.0, "q38": 52.0, "q39": 46.0, "q40": 28.0, "q41": 27.0, "q42": 37.0, "q43": 48.0, "q44": 42.0, "q45": 60.0, "q46": 47.0, "q47": 53.0, "q48": 36.0, "q49": 38.0, "q50": 33.0, "q51": 55.0, "q52": 43.0, "q53": 63.0, "q54": 46.0, "q55": 80.0, "q56": 31.0, "q57": 45.0, "q58": 45.0, "q59": 42.0, "q60": 70.0, "q61": 65.0, "q62": 64.0, "q63": 89.0}, "datetime": {"datetime": "2019-11-27 05:57:04", "elapsed": 15934.400094, "delta": 184.928437}}
{"target": -0.006122247290086813, "params": {"q00": 15.0, "q01": 14.0, "q02": 22.0, "q03": 18.0, "q04": 25.0, "q05": 23.0, "q06": 36.0, "q07": 41.0, "q08": 18.0, "q09": 16.0, "q10": 19.0, "q11": 24.0, "q12": 31.0, "q13": 33.0, "q14": 35.0, "q15": 40.0, "q16": 20.0, "q17": 17.0, "q18": 24.0, "q19": 23.0, "q20": 27.0, "q21": 45.0, "q22": 32.0, "q23": 43.0, "q24": 26.0, "q25": 22.0, "q26": 26.0, "q27": 32.0, "q28": 41.0, "q29": 40.0, "q30": 35.0, "q31": 42.0, "q32": 28.0, "q33": 24.0, "q34": 31.0, "q35": 36.0, "q36": 37.0, "q37": 51.0, "q38": 54.0, "q39": 45.0, "q40": 30.0, "q41": 35.0, "q42": 29.0, "q43": 35.0, "q44": 53.0, "q45": 39.0, "q46": 49.0, "q47": 63.0, "q48": 28.0, "q49": 29.0, "q50": 34.0, "q51": 41.0, "q52": 39.0, "q53": 71.0, "q54": 79.0, "q55": 55.0, "q56": 29.0, "q57": 33.0, "q58": 39.0, "q59": 42.0, "q60": 48.0, "q61": 46.0, "q62": 76.0, "q63": 87.0}, "datetime": {"datetime": "2019-11-27 06:00:10", "elapsed": 16119.644906, "delta": 185.244812}}
{"target": -0.006435241609638931, "params": {"q00": 15.0, "q01": 19.0, "q02": 17.0, "q03": 21.0, "q04": 24.0, "q05": 30.0, "q06": 37.0, "q07": 36.0, "q08": 15.0, "q09": 20.0, "q10": 19.0, "q11": 21.0, "q12": 28.0, "q13": 34.0, "q14": 42.0, "q15": 37.0, "q16": 21.0, "q17": 19.0, "q18": 25.0, "q19": 29.0, "q20": 30.0, "q21": 40.0, "q22": 36.0, "q23": 45.0, "q24": 17.0, "q25": 24.0, "q26": 26.0, "q27": 31.0, "q28": 41.0, "q29": 35.0, "q30": 44.0, "q31": 62.0, "q32": 27.0, "q33": 31.0, "q34": 31.0, "q35": 38.0, "q36": 38.0, "q37": 42.0, "q38": 38.0, "q39": 57.0, "q40": 33.0, "q41": 26.0, "q42": 27.0, "q43": 47.0, "q44": 45.0, "q45": 59.0, "q46": 71.0, "q47": 56.0, "q48": 31.0, "q49": 41.0, "q50": 33.0, "q51": 53.0, "q52": 52.0, "q53": 58.0, "q54": 72.0, "q55": 58.0, "q56": 37.0, "q57": 43.0, "q58": 52.0, "q59": 60.0, "q60": 70.0, "q61": 47.0, "q62": 90.0, "q63": 106.0}, "datetime": {"datetime": "2019-11-27 06:03:15", "elapsed": 16304.911959, "delta": 185.267053}}
{"target": -0.013259922612110175, "params": {"q00": 14.0, "q01": 19.0, "q02": 18.0, "q03": 20.0, "q04": 27.0, "q05": 31.0, "q06": 33.0, "q07": 33.0, "q08": 17.0, "q09": 20.0, "q10": 26.0, "q11": 24.0, "q12": 31.0, "q13": 25.0, "q14": 35.0, "q15": 30.0, "q16": 17.0, "q17": 23.0, "q18": 24.0, "q19": 28.0, "q20": 30.0, "q21": 43.0, "q22": 31.0, "q23": 37.0, "q24": 25.0, "q25": 23.0, "q26": 27.0, "q27": 32.0, "q28": 42.0, "q29": 43.0, "q30": 40.0, "q31": 62.0, "q32": 23.0, "q33": 28.0, "q34": 30.0, "q35": 31.0, "q36": 35.0, "q37": 44.0, "q38": 41.0, "q39": 67.0, "q40": 28.0, "q41": 37.0, "q42": 36.0, "q43": 42.0, "q44": 50.0, "q45": 60.0, "q46": 47.0, "q47": 59.0, "q48": 25.0, "q49": 26.0, "q50": 44.0, "q51": 54.0, "q52": 50.0, "q53": 45.0, "q54": 70.0, "q55": 71.0, "q56": 38.0, "q57": 46.0, "q58": 37.0, "q59": 41.0, "q60": 56.0, "q61": 64.0, "q62": 72.0, "q63": 76.0}, "datetime": {"datetime": "2019-11-27 06:06:20", "elapsed": 16490.502952, "delta": 185.590993}}
{"target": -0.009353795495034012, "params": {"q00": 16.0, "q01": 15.0, "q02": 18.0, "q03": 17.0, "q04": 27.0, "q05": 27.0, "q06": 24.0, "q07": 36.0, "q08": 17.0, "q09": 17.0, "q10": 24.0, "q11": 26.0, "q12": 23.0, "q13": 26.0, "q14": 39.0, "q15": 32.0, "q16": 23.0, "q17": 23.0, "q18": 22.0, "q19": 29.0, "q20": 36.0, "q21": 38.0, "q22": 48.0, "q23": 49.0, "q24": 24.0, "q25": 25.0, "q26": 26.0, "q27": 31.0, "q28": 29.0, "q29": 34.0, "q30": 46.0, "q31": 40.0, "q32": 27.0, "q33": 28.0, "q34": 27.0, "q35": 38.0, "q36": 39.0, "q37": 41.0, "q38": 58.0, "q39": 56.0, "q40": 24.0, "q41": 27.0, "q42": 41.0, "q43": 39.0, "q44": 39.0, "q45": 42.0, "q46": 64.0, "q47": 77.0, "q48": 37.0, "q49": 31.0, "q50": 46.0, "q51": 39.0, "q52": 59.0, "q53": 44.0, "q54": 78.0, "q55": 59.0, "q56": 35.0, "q57": 31.0, "q58": 38.0, "q59": 52.0, "q60": 71.0, "q61": 76.0, "q62": 60.0, "q63": 59.0}, "datetime": {"datetime": "2019-11-27 06:09:25", "elapsed": 16675.241495, "delta": 184.738543}}
{"target": -0.007673157327097724, "params": {"q00": 15.0, "q01": 16.0, "q02": 19.0, "q03": 24.0, "q04": 27.0, "q05": 28.0, "q06": 33.0, "q07": 32.0, "q08": 16.0, "q09": 17.0, "q10": 21.0, "q11": 24.0, "q12": 30.0, "q13": 38.0, "q14": 27.0, "q15": 38.0, "q16": 21.0, "q17": 18.0, "q18": 22.0, "q19": 24.0, "q20": 30.0, "q21": 32.0, "q22": 39.0, "q23": 39.0, "q24": 22.0, "q25": 25.0, "q26": 27.0, "q27": 35.0, "q28": 35.0, "q29": 45.0, "q30": 51.0, "q31": 56.0, "q32": 22.0, "q33": 28.0, "q34": 31.0, "q35": 32.0, "q36": 37.0, "q37": 48.0, "q38": 44.0, "q39": 66.0, "q40": 29.0, "q41": 26.0, "q42": 44.0, "q43": 33.0, "q44": 48.0, "q45": 56.0, "q46": 47.0, "q47": 60.0, "q48": 30.0, "q49": 29.0, "q50": 39.0, "q51": 52.0, "q52": 56.0, "q53": 62.0, "q54": 65.0, "q55": 89.0, "q56": 38.0, "q57": 32.0, "q58": 41.0, "q59": 48.0, "q60": 47.0, "q61": 73.0, "q62": 63.0, "q63": 82.0}, "datetime": {"datetime": "2019-11-27 06:12:29", "elapsed": 16859.154326, "delta": 183.912831}}
{"target": -0.006321524532198253, "params": {"q00": 17.0, "q01": 14.0, "q02": 17.0, "q03": 17.0, "q04": 22.0, "q05": 26.0, "q06": 24.0, "q07": 28.0, "q08": 17.0, "q09": 19.0, "q10": 25.0, "q11": 22.0, "q12": 27.0, "q13": 34.0, "q14": 31.0, "q15": 36.0, "q16": 23.0, "q17": 23.0, "q18": 21.0, "q19": 30.0, "q20": 35.0, "q21": 27.0, "q22": 49.0, "q23": 34.0, "q24": 22.0, "q25": 24.0, "q26": 25.0, "q27": 29.0, "q28": 41.0, "q29": 47.0, "q30": 52.0, "q31": 46.0, "q32": 22.0, "q33": 25.0, "q34": 26.0, "q35": 28.0, "q36": 36.0, "q37": 49.0, "q38": 60.0, "q39": 55.0, "q40": 30.0, "q41": 25.0, "q42": 39.0, "q43": 35.0, "q44": 52.0, "q45": 47.0, "q46": 55.0, "q47": 72.0, "q48": 27.0, "q49": 26.0, "q50": 36.0, "q51": 41.0, "q52": 62.0, "q53": 65.0, "q54": 55.0, "q55": 72.0, "q56": 26.0, "q57": 41.0, "q58": 35.0, "q59": 50.0, "q60": 50.0, "q61": 75.0, "q62": 49.0, "q63": 61.0}, "datetime": {"datetime": "2019-11-27 06:15:35", "elapsed": 17044.690144, "delta": 185.535818}}
{"target": -0.007469930012924286, "params": {"q00": 18.0, "q01": 18.0, "q02": 18.0, "q03": 17.0, "q04": 22.0, "q05": 24.0, "q06": 24.0, "q07": 42.0, "q08": 18.0, "q09": 22.0, "q10": 25.0, "q11": 26.0, "q12": 30.0, "q13": 32.0, "q14": 42.0, "q15": 44.0, "q16": 18.0, "q17": 19.0, "q18": 21.0, "q19": 25.0, "q20": 32.0, "q21": 30.0, "q22": 46.0, "q23": 53.0, "q24": 25.0, "q25": 23.0, "q26": 23.0, "q27": 35.0, "q28": 27.0, "q29": 44.0, "q30": 54.0, "q31": 60.0, "q32": 25.0, "q33": 32.0, "q34": 33.0, "q35": 43.0, "q36": 45.0, "q37": 38.0, "q38": 59.0, "q39": 71.0, "q40": 25.0, "q41": 28.0, "q42": 32.0, "q43": 33.0, "q44": 46.0, "q45": 52.0, "q46": 53.0, "q47": 78.0, "q48": 26.0, "q49": 32.0, "q50": 32.0, "q51": 45.0, "q52": 56.0, "q53": 66.0, "q54": 65.0, "q55": 67.0, "q56": 32.0, "q57": 41.0, "q58": 35.0, "q59": 60.0, "q60": 62.0, "q61": 74.0, "q62": 91.0, "q63": 69.0}, "datetime": {"datetime": "2019-11-27 06:18:41", "elapsed": 17230.68874, "delta": 185.998596}}
{"target": -0.006596740588236449, "params": {"q00": 14.0, "q01": 18.0, "q02": 16.0, "q03": 18.0, "q04": 22.0, "q05": 25.0, "q06": 32.0, "q07": 40.0, "q08": 15.0, "q09": 20.0, "q10": 17.0, "q11": 26.0, "q12": 24.0, "q13": 28.0, "q14": 44.0, "q15": 30.0, "q16": 22.0, "q17": 17.0, "q18": 22.0, "q19": 29.0, "q20": 27.0, "q21": 31.0, "q22": 34.0, "q23": 44.0, "q24": 18.0, "q25": 23.0, "q26": 30.0, "q27": 30.0, "q28": 33.0, "q29": 44.0, "q30": 42.0, "q31": 52.0, "q32": 28.0, "q33": 31.0, "q34": 35.0, "q35": 30.0, "q36": 46.0, "q37": 46.0, "q38": 62.0, "q39": 49.0, "q40": 23.0, "q41": 34.0, "q42": 39.0, "q43": 42.0, "q44": 52.0, "q45": 39.0, "q46": 59.0, "q47": 61.0, "q48": 28.0, "q49": 41.0, "q50": 35.0, "q51": 37.0, "q52": 53.0, "q53": 57.0, "q54": 47.0, "q55": 60.0, "q56": 29.0, "q57": 49.0, "q58": 53.0, "q59": 56.0, "q60": 45.0, "q61": 47.0, "q62": 68.0, "q63": 83.0}, "datetime": {"datetime": "2019-11-27 06:21:45", "elapsed": 17415.007504, "delta": 184.318764}}
{"target": -0.005394820733790273, "params": {"q00": 17.0, "q01": 19.0, "q02": 20.0, "q03": 20.0, "q04": 21.0, "q05": 31.0, "q06": 36.0, "q07": 28.0, "q08": 19.0, "q09": 20.0, "q10": 19.0, "q11": 25.0, "q12": 31.0, "q13": 31.0, "q14": 42.0, "q15": 44.0, "q16": 19.0, "q17": 20.0, "q18": 27.0, "q19": 26.0, "q20": 29.0, "q21": 41.0, "q22": 48.0, "q23": 54.0, "q24": 19.0, "q25": 24.0, "q26": 25.0, "q27": 31.0, "q28": 35.0, "q29": 46.0, "q30": 34.0, "q31": 58.0, "q32": 20.0, "q33": 32.0, "q34": 32.0, "q35": 38.0, "q36": 37.0, "q37": 43.0, "q38": 58.0, "q39": 42.0, "q40": 27.0, "q41": 33.0, "q42": 28.0, "q43": 39.0, "q44": 48.0, "q45": 57.0, "q46": 46.0, "q47": 52.0, "q48": 36.0, "q49": 42.0, "q50": 36.0, "q51": 47.0, "q52": 57.0, "q53": 56.0, "q54": 80.0, "q55": 58.0, "q56": 33.0, "q57": 34.0, "q58": 46.0, "q59": 48.0, "q60": 66.0, "q61": 61.0, "q62": 48.0, "q63": 94.0}, "datetime": {"datetime": "2019-11-27 06:24:50", "elapsed": 17599.986016, "delta": 184.978512}}
