{"target": -0.008577247709598335, "params": {"q00": 17.0, "q01": 18.0, "q02": 16.0, "q03": 26.0, "q04": 25.0, "q05": 23.0, "q06": 40.0, "q07": 27.0, "q08": 18.0, "q09": 21.0, "q10": 23.0, "q11": 22.0, "q12": 25.0, "q13": 29.0, "q14": 31.0, "q15": 47.0, "q16": 20.0, "q17": 19.0, "q18": 25.0, "q19": 30.0, "q20": 33.0, "q21": 35.0, "q22": 48.0, "q23": 33.0, "q24": 23.0, "q25": 26.0, "q26": 30.0, "q27": 33.0, "q28": 28.0, "q29": 32.0, "q30": 51.0, "q31": 43.0, "q32": 28.0, "q33": 26.0, "q34": 36.0, "q35": 35.0, "q36": 47.0, "q37": 41.0, "q38": 40.0, "q39": 47.0, "q40": 28.0, "q41": 26.0, "q42": 29.0, "q43": 36.0, "q44": 51.0, "q45": 50.0, "q46": 55.0, "q47": 69.0, "q48": 40.0, "q49": 39.0, "q50": 40.0, "q51": 52.0, "q52": 52.0, "q53": 43.0, "q54": 50.0, "q55": 72.0, "q56": 41.0, "q57": 31.0, "q58": 40.0, "q59": 61.0, "q60": 66.0, "q61": 65.0, "q62": 56.0, "q63": 60.0}, "datetime": {"datetime": "2019-11-27 01:31:30", "elapsed": 0.0, "delta": 0.0}}
{"target": -0.007500024941759609, "params": {"q00": 18.0, "q01": 17.0, "q02": 21.0, "q03": 26.0, "q04": 23.0, "q05": 29.0, "q06": 32.0, "q07": 26.0, "q08": 16.0, "q09": 18.0, "q10": 24.0, "q11": 22.0, "q12": 30.0, "q13": 28.0, "q14": 36.0, "q15": 43.0, "q16": 16.0, "q17": 25.0, "q18": 22.0, "q19": 24.0, "q20": 29.0, "q21": 26.0, "q22": 44.0, "q23": 39.0, "q24": 21.0, "q25": 26.0, "q26": 29.0, "q27": 29.0, "q28": 39.0, "q29": 43.0, "q30": 41.0, "q31": 48.0, "q32": 28.0, "q33": 27.0, "q34": 30.0, "q35": 34.0, "q36": 40.0, "q37": 47.0, "q38": 41.0, "q39": 59.0, "q40": 23.0, "q41": 38.0, "q42": 36.0, "q43": 39.0, "q44": 44.0, "q45": 59.0, "q46": 43.0, "q47": 55.0, "q48": 25.0, "q49": 35.0, "q50": 49.0, "q51": 53.0, "q52": 38.0, "q53": 45.0, "q54": 74.0, "q55": 86.0, "q56": 28.0, "q57": 39.0, "q58": 55.0, "q59": 35.0, "q60": 59.0, "q61": 65.0, "q62": 53.0, "q63": 59.0}, "datetime": {"datetime": "2019-11-27 01:34:12", "elapsed": 162.073036, "delta": 162.073036}}
{"target": -0.008883237273926481, "params": {"q00": 14.0, "q01": 19.0, "q02": 17.0, "q03": 21.0, "q04": 26.0, "q05": 23.0, "q06": 29.0, "q07": 39.0, "q08": 15.0, "q09": 18.0, "q10": 18.0, "q11": 26.0, "q12": 27.0, "q13": 35.0, "q14": 26.0, "q15": 36.0, "q16": 16.0, "q17": 26.0, "q18": 24.0, "q19": 24.0, "q20": 30.0, "q21": 37.0, "q22": 37.0, "q23": 46.0, "q24": 25.0, "q25": 24.0, "q26": 31.0, "q27": 29.0, "q28": 34.0, "q29": 37.0, "q30": 38.0, "q31": 40.0, "q32": 28.0, "q33": 28.0, "q34": 34.0, "q35": 40.0, "q36": 44.0, "q37": 51.0, "q38": 54.0, "q39": 54.0, "q40": 31.0, "q41": 38.0, "q42": 42.0, "q43": 42.0, "q44": 47.0, "q45": 42.0, "q46": 63.0, "q47": 45.0, "q48": 38.0, "q49": 40.0, "q50": 31.0, "q51": 45.0, "q52": 40.0, "q53": 64.0, "q54": 75.0, "q55": 80.0, "q56": 28.0, "q57": 49.0, "q58": 52.0, "q59": 51.0, "q60": 73.0, "q61": 71.0, "q62": 65.0, "q63": 88.0}, "datetime": {"datetime": "2019-11-27 01:37:05", "elapsed": 335.441473, "delta": 173.368437}}
{"target": -0.0086997943138446, "params": {"q00": 18.0, "q01": 16.0, "q02": 16.0, "q03": 20.0, "q04": 20.0, "q05": 31.0, "q06": 37.0, "q07": 44.0, "q08": 15.0, "q09": 16.0, "q10": 20.0, "q11": 21.0, "q12": 24.0, "q13": 35.0, "q14": 38.0, "q15": 44.0, "q16": 22.0, "q17": 20.0, "q18": 24.0, "q19": 29.0, "q20": 33.0, "q21": 29.0, "q22": 46.0, "q23": 47.0, "q24": 20.0, "q25": 23.0, "q26": 27.0, "q27": 31.0, "q28": 27.0, "q29": 35.0, "q30": 53.0, "q31": 40.0, "q32": 26.0, "q33": 30.0, "q34": 31.0, "q35": 42.0, "q36": 48.0, "q37": 51.0, "q38": 60.0, "q39": 73.0, "q40": 33.0, "q41": 35.0, "q42": 28.0, "q43": 34.0, "q44": 51.0, "q45": 43.0, "q46": 43.0, "q47": 57.0, "q48": 31.0, "q49": 29.0, "q50": 48.0, "q51": 40.0, "q52": 46.0, "q53": 53.0, "q54": 59.0, "q55": 53.0, "q56": 32.0, "q57": 45.0, "q58": 49.0, "q59": 53.0, "q60": 41.0, "q61": 65.0, "q62": 63.0, "q63": 76.0}, "datetime": {"datetime": "2019-11-27 01:39:59", "elapsed": 509.196094, "delta": 173.754621}}
{"target": -0.0061620903149574024, "params": {"q00": 15.0, "q01": 14.0, "q02": 20.0, "q03": 20.0, "q04": 24.0, "q05": 30.0, "q06": 38.0, "q07": 40.0, "q08": 18.0, "q09": 19.0, "q10": 25.0, "q11": 21.0, "q12": 23.0, "q13": 31.0, "q14": 41.0, "q15": 36.0, "q16": 20.0, "q17": 26.0, "q18": 26.0, "q19": 27.0, "q20": 35.0, "q21": 44.0, "q22": 45.0, "q23": 45.0, "q24": 22.0, "q25": 27.0, "q26": 29.0, "q27": 35.0, "q28": 39.0, "q29": 39.0, "q30": 41.0, "q31": 64.0, "q32": 22.0, "q33": 29.0, "q34": 26.0, "q35": 32.0, "q36": 35.0, "q37": 35.0, "q38": 48.0, "q39": 67.0, "q40": 31.0, "q41": 30.0, "q42": 35.0, "q43": 43.0, "q44": 35.0, "q45": 57.0, "q46": 43.0, "q47": 69.0, "q48": 31.0, "q49": 26.0, "q50": 33.0, "q51": 54.0, "q52": 40.0, "q53": 49.0, "q54": 58.0, "q55": 86.0, "q56": 32.0, "q57": 48.0, "q58": 48.0, "q59": 51.0, "q60": 47.0, "q61": 56.0, "q62": 83.0, "q63": 80.0}, "datetime": {"datetime": "2019-11-27 01:42:52", "elapsed": 682.149443, "delta": 172.953349}}
{"target": -0.006778003003200417, "params": {"q00": 16.0, "q01": 16.0, "q02": 20.0, "q03": 26.0, "q04": 25.0, "q05": 32.0, "q06": 33.0, "q07": 39.0, "q08": 19.0, "q09": 20.0, "q10": 19.0, "q11": 23.0, "q12": 32.0, "q13": 29.0, "q14": 42.0, "q15": 45.0, "q16": 22.0, "q17": 20.0, "q18": 23.0, "q19": 27.0, "q20": 35.0, "q21": 29.0, "q22": 40.0, "q23": 50.0, "q24": 19.0, "q25": 26.0, "q26": 27.0, "q27": 27.0, "q28": 35.0, "q29": 34.0, "q30": 37.0, "q31": 48.0, "q32": 24.0, "q33": 27.0, "q34": 34.0, "q35": 28.0, "q36": 39.0, "q37": 53.0, "q38": 51.0, "q39": 66.0, "q40": 30.0, "q41": 25.0, "q42": 31.0, "q43": 34.0, "q44": 36.0, "q45": 53.0, "q46": 54.0, "q47": 69.0, "q48": 32.0, "q49": 42.0, "q50": 36.0, "q51": 43.0, "q52": 50.0, "q53": 51.0, "q54": 57.0, "q55": 69.0, "q56": 32.0, "q57": 29.0, "q58": 47.0, "q59": 39.0, "q60": 64.0, "q61": 54.0, "q62": 82.0, "q63": 89.0}, "datetime": {"datetime": "2019-11-27 01:45:45", "elapsed": 855.537916, "delta": 173.388473}}
{"target": -0.0018911273732422629, "params": {"q00": 17.0, "q01": 15.0, "q02": 22.0, "q03": 17.0, "q04": 26.0, "q05": 24.0, "q06": 30.0, "q07": 30.0, "q08": 16.0, "q09": 19.0, "q10": 22.0, "q11": 25.0, "q12": 29.0, "q13": 27.0, "q14": 44.0, "q15": 43.0, "q16": 23.0, "q17": 22.0, "q18": 21.0, "q19": 30.0, "q20": 36.0, "q21": 40.0, "q22": 39.0, "q23": 41.0, "q24": 25.0, "q25": 21.0, "q26": 30.0, "q27": 29.0, "q28": 27.0, "q29": 39.0, "q30": 46.0, "q31": 52.0, "q32": 21.0, "q33": 32.0, "q34": 31.0, "q35": 32.0, "q36": 42.0, "q37": 44.0, "q38": 59.0, "q39": 55.0, "q40": 30.0, "q41": 35.0, "q42": 43.0, "q43": 42.0, "q44": 42.0, "q45": 55.0, "q46": 64.0, "q47": 62.0, "q48": 36.0, "q49": 39.0, "q50": 47.0, "q51": 38.0, "q52": 61.0, "q53": 65.0, "q54": 73.0, "q55": 51.0, "q56": 29.0, "q57": 41.0, "q58": 35.0, "q59": 47.0, "q60": 73.0, "q61": 75.0, "q62": 62.0, "q63": 93.0}, "datetime": {"datetime": "2019-11-27 01:48:40", "elapsed": 1029.725421, "delta": 174.187505}}
{"target": -0.007224579246801088, "params": {"q00": 16.0, "q01": 16.0, "q02": 20.0, "q03": 19.0, "q04": 25.0, "q05": 23.0, "q06": 24.0, "q07": 37.0, "q08": 18.0, "q09": 19.0, "q10": 20.0, "q11": 25.0, "q12": 31.0, "q13": 30.0, "q14": 45.0, "q15": 42.0, "q16": 17.0, "q17": 21.0, "q18": 25.0, "q19": 26.0, "q20": 28.0, "q21": 28.0, "q22": 41.0, "q23": 47.0, "q24": 19.0, "q25": 27.0, "q26": 29.0, "q27": 27.0, "q28": 32.0, "q29": 38.0, "q30": 55.0, "q31": 43.0, "q32": 28.0, "q33": 28.0, "q34": 31.0, "q35": 34.0, "q36": 47.0, "q37": 39.0, "q38": 46.0, "q39": 55.0, "q40": 24.0, "q41": 36.0, "q42": 45.0, "q43": 45.0, "q44": 45.0, "q45": 53.0, "q46": 52.0, "q47": 46.0, "q48": 27.0, "q49": 29.0, "q50": 32.0, "q51": 37.0, "q52": 53.0, "q53": 71.0, "q54": 46.0, "q55": 84.0, "q56": 44.0, "q57": 43.0, "q58": 40.0, "q59": 41.0, "q60": 69.0, "q61": 53.0, "q62": 79.0, "q63": 103.0}, "datetime": {"datetime": "2019-11-27 01:51:34", "elapsed": 1204.248072, "delta": 174.522651}}
{"target": -0.0055325626866465916, "params": {"q00": 17.0, "q01": 19.0, "q02": 18.0, "q03": 21.0, "q04": 28.0, "q05": 30.0, "q06": 31.0, "q07": 36.0, "q08": 18.0, "q09": 17.0, "q10": 24.0, "q11": 24.0, "q12": 30.0, "q13": 37.0, "q14": 45.0, "q15": 48.0, "q16": 16.0, "q17": 23.0, "q18": 24.0, "q19": 23.0, "q20": 32.0, "q21": 31.0, "q22": 40.0, "q23": 55.0, "q24": 21.0, "q25": 26.0, "q26": 29.0, "q27": 33.0, "q28": 29.0, "q29": 45.0, "q30": 45.0, "q31": 54.0, "q32": 26.0, "q33": 30.0, "q34": 26.0, "q35": 38.0, "q36": 36.0, "q37": 49.0, "q38": 43.0, "q39": 65.0, "q40": 33.0, "q41": 31.0, "q42": 37.0, "q43": 37.0, "q44": 35.0, "q45": 54.0, "q46": 62.0, "q47": 77.0, "q48": 37.0, "q49": 45.0, "q50": 41.0, "q51": 47.0, "q52": 44.0, "q53": 61.0, "q54": 62.0, "q55": 64.0, "q56": 37.0, "q57": 35.0, "q58": 33.0, "q59": 51.0, "q60": 59.0, "q61": 50.0, "q62": 61.0, "q63": 93.0}, "datetime": {"datetime": "2019-11-27 01:54:28", "elapsed": 1378.42447, "delta": 174.176398}}
{"target": -0.007757735056681869, "params": {"q00": 16.0, "q01": 14.0, "q02": 17.0, "q03": 17.0, "q04": 28.0, "q05": 28.0, "q06": 26.0, "q07": 30.0, "q08": 17.0, "q09": 16.0, "q10": 23.0, "q11": 23.0, "q12": 24.0, "q13": 36.0, "q14": 37.0, "q15": 49.0, "q16": 20.0, "q17": 21.0, "q18": 26.0, "q19": 23.0, "q20": 35.0, "q21": 34.0, "q22": 38.0, "q23": 40.0, "q24": 23.0, "q25": 22.0, "q26": 30.0, "q27": 29.0, "q28": 31.0, "q29": 37.0, "q30": 41.0, "q31": 53.0, "q32": 20.0, "q33": 28.0, "q34": 28.0, "q35": 34.0, "q36": 45.0, "q37": 49.0, "q38": 62.0, "q39": 42.0, "q40": 27.0, "q41": 31.0, "q42": 32.0, "q43": 33.0, "q44": 35.0, "q45": 60.0, "q46": 60.0, "q47": 81.0, "q48": 35.0, "q49": 44.0, "q50": 34.0, "q51": 53.0, "q52": 39.0, "q53": 46.0, "q54": 78.0, "q55": 57.0, "q56": 26.0, "q57": 30.0, "q58": 38.0, "q59": 35.0, "q60": 49.0, "q61": 67.0, "q62": 63.0, "q63": 89.0}, "datetime": {"datetime": "2019-11-27 01:57:24", "elapsed": 1554.254559, "delta": 175.830089}}
{"target": -0.0071308051293549335, "params": {"q00": 14.0, "q01": 15.0, "q02": 16.0, "q03": 22.0, "q04": 23.0, "q05": 27.0, "q06": 24.0, "q07": 39.0, "q08": 14.0, "q09": 22.0, "q10": 20.0, "q11": 23.0, "q12": 32.0, "q13": 34.0, "q14": 26.0, "q15": 37.0, "q16": 17.0, "q17": 23.0, "q18": 27.0, "q19": 24.0, "q20": 29.0, "q21": 33.0, "q22": 44.0, "q23": 36.0, "q24": 19.0, "q25": 26.0, "q26": 26.0, "q27": 27.0, "q28": 35.0, "q29": 34.0, "q30": 34.0, "q31": 52.0, "q32": 23.0, "q33": 32.0, "q34": 30.0, "q35": 35.0, "q36": 41.0, "q37": 48.0, "q38": 55.0, "q39": 45.0, "q40": 32.0, "q41": 37.0, "q42": 26.0, "q43": 42.0, "q44": 35.0, "q45": 45.0, "q46": 48.0, "q47": 76.0, "q48": 33.0, "q49": 33.0, "q50": 36.0, "q51": 40.0, "q52": 60.0, "q53": 65.0, "q54": 77.0, "q55": 84.0, "q56": 32.0, "q57": 33.0, "q58": 35.0, "q59": 45.0, "q60": 61.0, "q61": 43.0, "q62": 63.0, "q63": 87.0}, "datetime": {"datetime": "2019-11-27 02:00:19", "elapsed": 1729.4484, "delta": 175.193841}}
{"target": -0.013272117773557413, "params": {"q00": 17.0, "q01": 18.0, "q02": 22.0, "q03": 22.0, "q04": 20.0, "q05": 26.0, "q06": 29.0, "q07": 43.0, "q08": 16.0, "q09": 19.0, "q10": 18.0, "q11": 21.0, "q12": 27.0, "q13": 32.0, "q14": 26.0, "q15": 44.0, "q16": 17.0, "q17": 24.0, "q18": 22.0, "q19": 28.0, "q20": 30.0, "q21": 38.0, "q22": 49.0, "q23": 38.0, "q24": 20.0, "q25": 25.0, "q26": 26.0, "q27": 32.0, "q28": 28.0, "q29": 44.0, "q30": 43.0, "q31": 46.0, "q32": 27.0, "q33": 30.0, "q34": 26.0, "q35": 42.0, "q36": 45.0, "q37": 42.0, "q38": 43.0, "q39": 73.0, "q40": 33.0, "q41": 29.0, "q42": 32.0, "q43": 33.0, "q44": 50.0, "q45": 59.0, "q46": 68.0, "q47": 62.0, "q48": 24.0, "q49": 36.0, "q50": 46.0, "q51": 55.0, "q52": 38.0, "q53": 44.0, "q54": 71.0, "q55": 85.0, "q56": 38.0, "q57": 45.0, "q58": 51.0, "q59": 48.0, "q60": 54.0, "q61": 67.0, "q62": 91.0, "q63": 83.0}, "datetime": {"datetime": "2019-11-27 02:03:14", "elapsed": 1903.634582, "delta": 174.186182}}
{"target": -0.008377241024954074, "params": {"q00": 17.0, "q01": 16.0, "q02": 23.0, "q03": 22.0, "q04": 26.0, "q05": 23.0, "q06": 28.0, "q07": 28.0, "q08": 17.0, "q09": 22.0, "q10": 18.0, "q11": 21.0, "q12": 28.0, "q13": 32.0, "q14": 42.0, "q15": 47.0, "q16": 18.0, "q17": 17.0, "q18": 24.0, "q19": 28.0, "q20": 27.0, "q21": 27.0, "q22": 49.0, "q23": 50.0, "q24": 18.0, "q25": 23.0, "q26": 30.0, "q27": 32.0, "q28": 41.0, "q29": 44.0, "q30": 43.0, "q31": 39.0, "q32": 27.0, "q33": 26.0, "q34": 31.0, "q35": 27.0, "q36": 35.0, "q37": 35.0, "q38": 57.0, "q39": 55.0, "q40": 32.0, "q41": 29.0, "q42": 45.0, "q43": 40.0, "q44": 47.0, "q45": 51.0, "q46": 57.0, "q47": 54.0, "q48": 32.0, "q49": 36.0, "q50": 49.0, "q51": 52.0, "q52": 42.0, "q53": 58.0, "q54": 67.0, "q55": 56.0, "q56": 36.0, "q57": 42.0, "q58": 51.0, "q59": 58.0, "q60": 72.0, "q61": 76.0, "q62": 61.0, "q63": 114.0}, "datetime": {"datetime": "2019-11-27 02:06:06", "elapsed": 2076.612293, "delta": 172.977711}}
{"target": -0.006878288273172273, "params": {"q00": 14.0, "q01": 15.0, "q02": 16.0, "q03": 18.0, "q04": 26.0, "q05": 25.0, "q06": 25.0, "q07": 34.0, "q08": 17.0, "q09": 16.0, "q10": 24.0, "q11": 26.0, "q12": 23.0, "q13": 25.0, "q14": 36.0, "q15": 36.0, "q16": 19.0, "q17": 26.0, "q18": 24.0, "q19": 28.0, "q20": 36.0, "q21": 28.0, "q22": 32.0, "q23": 44.0, "q24": 19.0, "q25": 23.0, "q26": 28.0, "q27": 30.0, "q28": 38.0, "q29": 35.0, "q30": 35.0, "q31": 48.0, "q32": 28.0, "q33": 24.0, "q34": 34.0, "q35": 33.0, "q36": 37.0, "q37": 40.0, "q38": 49.0, "q39": 50.0, "q40": 28.0, "q41": 29.0, "q42": 33.0, "q43": 43.0, "q44": 36.0, "q45": 39.0, "q46": 57.0, "q47": 54.0, "q48": 36.0, "q49": 26.0, "q50": 36.0, "q51": 49.0, "q52": 46.0, "q53": 69.0, "q54": 66.0, "q55": 62.0, "q56": 27.0, "q57": 49.0, "q58": 38.0, "q59": 37.0, "q60": 66.0, "q61": 71.0, "q62": 66.0, "q63": 100.0}, "datetime": {"datetime": "2019-11-27 02:08:59", "elapsed": 2249.471926, "delta": 172.859633}}
{"target": -0.00918720393165362, "params": {"q00": 15.0, "q01": 19.0, "q02": 21.0, "q03": 18.0, "q04": 21.0, "q05": 30.0, "q06": 24.0, "q07": 33.0, "q08": 19.0, "q09": 20.0, "q10": 21.0, "q11": 24.0, "q12": 25.0, "q13": 32.0, "q14": 34.0, "q15": 34.0, "q16": 18.0, "q17": 21.0, "q18": 22.0, "q19": 25.0, "q20": 28.0, "q21": 45.0, "q22": 44.0, "q23": 38.0, "q24": 26.0, "q25": 27.0, "q26": 27.0, "q27": 27.0, "q28": 35.0, "q29": 42.0, "q30": 53.0, "q31": 64.0, "q32": 22.0, "q33": 26.0, "q34": 34.0, "q35": 27.0, "q36": 35.0, "q37": 53.0, "q38": 59.0, "q39": 51.0, "q40": 27.0, "q41": 34.0, "q42": 33.0, "q43": 38.0, "q44": 37.0, "q45": 57.0, "q46": 55.0, "q47": 52.0, "q48": 34.0, "q49": 27.0, "q50": 41.0, "q51": 40.0, "q52": 46.0, "q53": 47.0, "q54": 69.0, "q55": 55.0, "q56": 44.0, "q57": 39.0, "q58": 54.0, "q59": 38.0, "q60": 55.0, "q61": 63.0, "q62": 90.0, "q63": 78.0}, "datetime": {"datetime": "2019-11-27 02:11:53", "elapsed": 2422.699712, "delta": 173.227786}}
{"target": -0.0044852248498699065, "params": {"q00": 15.0, "q01": 16.0, "q02": 18.0, "q03": 21.0, "q04": 20.0, "q05": 33.0, "q06": 37.0, "q07": 36.0, "q08": 17.0, "q09": 19.0, "q10": 22.0, "q11": 23.0, "q12": 29.0, "q13": 37.0, "q14": 44.0, "q15": 37.0, "q16": 22.0, "q17": 17.0, "q18": 26.0, "q19": 25.0, "q20": 32.0, "q21": 37.0, "q22": 43.0, "q23": 37.0, "q24": 26.0, "q25": 21.0, "q26": 26.0, "q27": 32.0, "q28": 29.0, "q29": 32.0, "q30": 41.0, "q31": 60.0, "q32": 28.0, "q33": 24.0, "q34": 30.0, "q35": 33.0, "q36": 45.0, "q37": 35.0, "q38": 59.0, "q39": 50.0, "q40": 26.0, "q41": 29.0, "q42": 29.0, "q43": 45.0, "q44": 53.0, "q45": 43.0, "q46": 58.0, "q47": 54.0, "q48": 28.0, "q49": 38.0, "q50": 37.0, "q51": 53.0, "q52": 53.0, "q53": 58.0, "q54": 56.0, "q55": 53.0, "q56": 30.0, "q57": 32.0, "q58": 33.0, "q59": 41.0, "q60": 59.0, "q61": 74.0, "q62": 88.0, "q63": 107.0}, "datetime": {"datetime": "2019-11-27 02:14:45", "elapsed": 2595.431041, "delta": 172.731329}}
{"target": -0.005356038438389277, "params": {"q00": 15.0, "q01": 14.0, "q02": 18.0, "q03": 18.0, "q04": 22.0, "q05": 27.0, "q06": 24.0, "q07": 32.0, "q08": 19.0, "q09": 20.0, "q10": 17.0, "q11": 24.0, "q12": 23.0, "q13": 35.0, "q14": 44.0, "q15": 49.0, "q16": 18.0, "q17": 18.0, "q18": 26.0, "q19": 31.0, "q20": 28.0, "q21": 44.0, "q22": 37.0, "q23": 54.0, "q24": 18.0, "q25": 27.0, "q26": 25.0, "q27": 34.0, "q28": 33.0, "q29": 36.0, "q30": 39.0, "q31": 64.0, "q32": 27.0, "q33": 25.0, "q34": 29.0, "q35": 31.0, "q36": 34.0, "q37": 47.0, "q38": 47.0, "q39": 67.0, "q40": 24.0, "q41": 25.0, "q42": 34.0, "q43": 40.0, "q44": 48.0, "q45": 43.0, "q46": 61.0, "q47": 64.0, "q48": 31.0, "q49": 36.0, "q50": 44.0, "q51": 45.0, "q52": 47.0, "q53": 53.0, "q54": 70.0, "q55": 71.0, "q56": 41.0, "q57": 33.0, "q58": 44.0, "q59": 62.0, "q60": 54.0, "q61": 49.0, "q62": 49.0, "q63": 60.0}, "datetime": {"datetime": "2019-11-27 02:17:40", "elapsed": 2770.484973, "delta": 175.053932}}
{"target": -0.0033821570665152345, "params": {"q00": 16.0, "q01": 18.0, "q02": 20.0, "q03": 20.0, "q04": 25.0, "q05": 25.0, "q06": 30.0, "q07": 39.0, "q08": 15.0, "q09": 22.0, "q10": 17.0, "q11": 25.0, "q12": 30.0, "q13": 28.0, "q14": 33.0, "q15": 35.0, "q16": 21.0, "q17": 17.0, "q18": 23.0, "q19": 26.0, "q20": 28.0, "q21": 41.0, "q22": 32.0, "q23": 40.0, "q24": 26.0, "q25": 21.0, "q26": 30.0, "q27": 30.0, "q28": 28.0, "q29": 39.0, "q30": 37.0, "q31": 64.0, "q32": 27.0, "q33": 32.0, "q34": 29.0, "q35": 35.0, "q36": 43.0, "q37": 41.0, "q38": 41.0, "q39": 71.0, "q40": 32.0, "q41": 33.0, "q42": 40.0, "q43": 32.0, "q44": 53.0, "q45": 58.0, "q46": 64.0, "q47": 70.0, "q48": 25.0, "q49": 34.0, "q50": 45.0, "q51": 44.0, "q52": 58.0, "q53": 58.0, "q54": 64.0, "q55": 50.0, "q56": 29.0, "q57": 36.0, "q58": 55.0, "q59": 59.0, "q60": 51.0, "q61": 51.0, "q62": 78.0, "q63": 69.0}, "datetime": {"datetime": "2019-11-27 02:20:35", "elapsed": 2945.008002, "delta": 174.523029}}
{"target": -0.0031988255252227704, "params": {"q00": 16.0, "q01": 14.0, "q02": 21.0, "q03": 24.0, "q04": 22.0, "q05": 26.0, "q06": 40.0, "q07": 36.0, "q08": 18.0, "q09": 16.0, "q10": 25.0, "q11": 27.0, "q12": 32.0, "q13": 35.0, "q14": 28.0, "q15": 42.0, "q16": 23.0, "q17": 24.0, "q18": 21.0, "q19": 26.0, "q20": 30.0, "q21": 42.0, "q22": 46.0, "q23": 47.0, "q24": 24.0, "q25": 22.0, "q26": 31.0, "q27": 34.0, "q28": 42.0, "q29": 35.0, "q30": 43.0, "q31": 49.0, "q32": 24.0, "q33": 25.0, "q34": 35.0, "q35": 27.0, "q36": 34.0, "q37": 36.0, "q38": 50.0, "q39": 52.0, "q40": 33.0, "q41": 33.0, "q42": 45.0, "q43": 43.0, "q44": 43.0, "q45": 54.0, "q46": 56.0, "q47": 74.0, "q48": 30.0, "q49": 41.0, "q50": 40.0, "q51": 48.0, "q52": 61.0, "q53": 61.0, "q54": 79.0, "q55": 85.0, "q56": 37.0, "q57": 49.0, "q58": 47.0, "q59": 44.0, "q60": 44.0, "q61": 60.0, "q62": 62.0, "q63": 60.0}, "datetime": {"datetime": "2019-11-27 02:23:31", "elapsed": 3120.636022, "delta": 175.62802}}
{"target": -0.006847887432993249, "params": {"q00": 16.0, "q01": 19.0, "q02": 20.0, "q03": 26.0, "q04": 26.0, "q05": 31.0, "q06": 38.0, "q07": 41.0, "q08": 18.0, "q09": 16.0, "q10": 20.0, "q11": 22.0, "q12": 26.0, "q13": 33.0, "q14": 44.0, "q15": 49.0, "q16": 22.0, "q17": 23.0, "q18": 25.0, "q19": 30.0, "q20": 31.0, "q21": 31.0, "q22": 35.0, "q23": 47.0, "q24": 24.0, "q25": 23.0, "q26": 31.0, "q27": 28.0, "q28": 28.0, "q29": 45.0, "q30": 55.0, "q31": 50.0, "q32": 21.0, "q33": 31.0, "q34": 27.0, "q35": 38.0, "q36": 44.0, "q37": 36.0, "q38": 39.0, "q39": 73.0, "q40": 33.0, "q41": 28.0, "q42": 45.0, "q43": 39.0, "q44": 37.0, "q45": 54.0, "q46": 71.0, "q47": 55.0, "q48": 38.0, "q49": 32.0, "q50": 36.0, "q51": 36.0, "q52": 60.0, "q53": 64.0, "q54": 56.0, "q55": 62.0, "q56": 40.0, "q57": 30.0, "q58": 53.0, "q59": 46.0, "q60": 53.0, "q61": 69.0, "q62": 65.0, "q63": 102.0}, "datetime": {"datetime": "2019-11-27 02:26:27", "elapsed": 3297.192134, "delta": 176.556112}}
{"target": -0.009063831742221473, "params": {"q00": 15.0, "q01": 18.0, "q02": 20.0, "q03": 24.0, "q04": 26.0, "q05": 27.0, "q06": 25.0, "q07": 45.0, "q08": 17.0, "q09": 22.0, "q10": 17.0, "q11": 27.0, "q12": 24.0, "q13": 29.0, "q14": 38.0, "q15": 45.0, "q16": 16.0, "q17": 19.0, "q18": 25.0, "q19": 31.0, "q20": 33.0, "q21": 29.0, "q22": 32.0, "q23": 43.0, "q24": 17.0, "q25": 26.0, "q26": 30.0, "q27": 28.0, "q28": 37.0, "q29": 46.0, "q30": 38.0, "q31": 53.0, "q32": 21.0, "q33": 26.0, "q34": 27.0, "q35": 34.0, "q36": 45.0, "q37": 41.0, "q38": 37.0, "q39": 43.0, "q40": 33.0, "q41": 28.0, "q42": 30.0, "q43": 48.0, "q44": 47.0, "q45": 43.0, "q46": 63.0, "q47": 63.0, "q48": 28.0, "q49": 28.0, "q50": 49.0, "q51": 38.0, "q52": 49.0, "q53": 46.0, "q54": 78.0, "q55": 52.0, "q56": 27.0, "q57": 29.0, "q58": 42.0, "q59": 66.0, "q60": 65.0, "q61": 81.0, "q62": 58.0, "q63": 101.0}, "datetime": {"datetime": "2019-11-27 02:29:23", "elapsed": 3473.075499, "delta": 175.883365}}
{"target": -0.009931614973317293, "params": {"q00": 17.0, "q01": 14.0, "q02": 16.0, "q03": 17.0, "q04": 24.0, "q05": 31.0, "q06": 35.0, "q07": 45.0, "q08": 16.0, "q09": 22.0, "q10": 18.0, "q11": 23.0, "q12": 30.0, "q13": 31.0, "q14": 33.0, "q15": 44.0, "q16": 20.0, "q17": 20.0, "q18": 21.0, "q19": 26.0, "q20": 29.0, "q21": 41.0, "q22": 34.0, "q23": 50.0, "q24": 19.0, "q25": 26.0, "q26": 23.0, "q27": 30.0, "q28": 39.0, "q29": 32.0, "q30": 54.0, "q31": 36.0, "q32": 24.0, "q33": 29.0, "q34": 34.0, "q35": 41.0, "q36": 45.0, "q37": 45.0, "q38": 45.0, "q39": 73.0, "q40": 23.0, "q41": 31.0, "q42": 39.0, "q43": 35.0, "q44": 41.0, "q45": 53.0, "q46": 60.0, "q47": 72.0, "q48": 40.0, "q49": 40.0, "q50": 44.0, "q51": 53.0, "q52": 52.0, "q53": 44.0, "q54": 71.0, "q55": 81.0, "q56": 27.0, "q57": 32.0, "q58": 47.0, "q59": 42.0, "q60": 73.0, "q61": 46.0, "q62": 50.0, "q63": 88.0}, "datetime": {"datetime": "2019-11-27 02:32:17", "elapsed": 3647.080787, "delta": 174.005288}}
