{"target": -0.05459997138244865, "params": {"q00": 24.0, "q01": 50.0, "q02": 44.0, "q03": 154.0, "q04": 196.0, "q05": 139.0, "q06": 118.0, "q07": 137.0, "q08": 11.0, "q09": 53.0, "q10": 15.0, "q11": 20.0, "q12": 25.0, "q13": 74.0, "q14": 59.0, "q15": 78.0, "q16": 31.0, "q17": 133.0, "q18": 85.0, "q19": 241.0, "q20": 74.0, "q21": 247.0, "q22": 186.0, "q23": 230.0, "q24": 34.0, "q25": 80.0, "q26": 228.0, "q27": 165.0, "q28": 193.0, "q29": 80.0, "q30": 227.0, "q31": 144.0, "q32": 146.0, "q33": 85.0, "q34": 89.0, "q35": 37.0, "q36": 235.0, "q37": 212.0, "q38": 27.0, "q39": 97.0, "q40": 219.0, "q41": 197.0, "q42": 185.0, "q43": 91.0, "q44": 72.0, "q45": 153.0, "q46": 229.0, "q47": 213.0, "q48": 205.0, "q49": 87.0, "q50": 55.0, "q51": 221.0, "q52": 34.0, "q53": 253.0, "q54": 149.0, "q55": 224.0, "q56": 211.0, "q57": 59.0, "q58": 65.0, "q59": 247.0, "q60": 187.0, "q61": 154.0, "q62": 154.0, "q63": 234.0}, "datetime": {"datetime": "2019-11-11 18:46:13", "elapsed": 0.876093, "delta": 0.004235}}
{"target": -0.1286462179983281, "params": {"q00": 85.0, "q01": 3.0, "q02": 57.0, "q03": 238.0, "q04": 93.0, "q05": 198.0, "q06": 70.0, "q07": 195.0, "q08": 2.0, "q09": 55.0, "q10": 24.0, "q11": 22.0, "q12": 44.0, "q13": 30.0, "q14": 136.0, "q15": 218.0, "q16": 36.0, "q17": 20.0, "q18": 2.0, "q19": 230.0, "q20": 155.0, "q21": 194.0, "q22": 173.0, "q23": 55.0, "q24": 117.0, "q25": 97.0, "q26": 3.0, "q27": 32.0, "q28": 152.0, "q29": 240.0, "q30": 245.0, "q31": 85.0, "q32": 161.0, "q33": 153.0, "q34": 228.0, "q35": 113.0, "q36": 175.0, "q37": 211.0, "q38": 24.0, "q39": 53.0, "q40": 190.0, "q41": 235.0, "q42": 209.0, "q43": 142.0, "q44": 49.0, "q45": 192.0, "q46": 225.0, "q47": 99.0, "q48": 19.0, "q49": 252.0, "q50": 239.0, "q51": 200.0, "q52": 72.0, "q53": 248.0, "q54": 75.0, "q55": 167.0, "q56": 133.0, "q57": 165.0, "q58": 69.0, "q59": 250.0, "q60": 117.0, "q61": 194.0, "q62": 187.0, "q63": 199.0}, "datetime": {"datetime": "2019-11-11 18:46:13", "elapsed": 0.880317, "delta": 0.004224}}
{"target": -0.12657243168148685, "params": {"q00": 5.0, "q01": 28.0, "q02": 85.0, "q03": 226.0, "q04": 35.0, "q05": 254.0, "q06": 110.0, "q07": 23.0, "q08": 37.0, "q09": 119.0, "q10": 37.0, "q11": 180.0, "q12": 189.0, "q13": 12.0, "q14": 179.0, "q15": 123.0, "q16": 49.0, "q17": 38.0, "q18": 14.0, "q19": 169.0, "q20": 102.0, "q21": 113.0, "q22": 164.0, "q23": 99.0, "q24": 232.0, "q25": 116.0, "q26": 159.0, "q27": 204.0, "q28": 180.0, "q29": 243.0, "q30": 164.0, "q31": 89.0, "q32": 161.0, "q33": 114.0, "q34": 248.0, "q35": 155.0, "q36": 209.0, "q37": 78.0, "q38": 3.0, "q39": 112.0, "q40": 164.0, "q41": 14.0, "q42": 235.0, "q43": 183.0, "q44": 27.0, "q45": 196.0, "q46": 150.0, "q47": 71.0, "q48": 54.0, "q49": 207.0, "q50": 171.0, "q51": 224.0, "q52": 103.0, "q53": 212.0, "q54": 33.0, "q55": 104.0, "q56": 161.0, "q57": 146.0, "q58": 155.0, "q59": 86.0, "q60": 207.0, "q61": 147.0, "q62": 112.0, "q63": 21.0}, "datetime": {"datetime": "2019-11-11 18:46:13", "elapsed": 0.884272, "delta": 0.003955}}
{"target": -0.11599569242793645, "params": {"q00": 13.0, "q01": 2.0, "q02": 8.0, "q03": 173.0, "q04": 187.0, "q05": 76.0, "q06": 114.0, "q07": 13.0, "q08": 77.0, "q09": 40.0, "q10": 7.0, "q11": 121.0, "q12": 149.0, "q13": 15.0, "q14": 244.0, "q15": 236.0, "q16": 131.0, "q17": 90.0, "q18": 143.0, "q19": 253.0, "q20": 138.0, "q21": 240.0, "q22": 176.0, "q23": 250.0, "q24": 154.0, "q25": 90.0, "q26": 41.0, "q27": 66.0, "q28": 246.0, "q29": 130.0, "q30": 211.0, "q31": 15.0, "q32": 209.0, "q33": 225.0, "q34": 32.0, "q35": 235.0, "q36": 70.0, "q37": 74.0, "q38": 162.0, "q39": 54.0, "q40": 208.0, "q41": 146.0, "q42": 137.0, "q43": 208.0, "q44": 242.0, "q45": 125.0, "q46": 210.0, "q47": 156.0, "q48": 173.0, "q49": 136.0, "q50": 236.0, "q51": 175.0, "q52": 70.0, "q53": 245.0, "q54": 166.0, "q55": 254.0, "q56": 229.0, "q57": 85.0, "q58": 113.0, "q59": 42.0, "q60": 208.0, "q61": 34.0, "q62": 38.0, "q63": 51.0}, "datetime": {"datetime": "2019-11-11 18:46:13", "elapsed": 0.888231, "delta": 0.003959}}
{"target": -0.10277125423683875, "params": {"q00": 1.0, "q01": 18.0, "q02": 158.0, "q03": 173.0, "q04": 29.0, "q05": 50.0, "q06": 216.0, "q07": 112.0, "q08": 8.0, "q09": 17.0, "q10": 129.0, "q11": 60.0, "q12": 7.0, "q13": 80.0, "q14": 88.0, "q15": 206.0, "q16": 15.0, "q17": 33.0, "q18": 2.0, "q19": 129.0, "q20": 146.0, "q21": 71.0, "q22": 13.0, "q23": 182.0, "q24": 63.0, "q25": 111.0, "q26": 48.0, "q27": 57.0, "q28": 244.0, "q29": 189.0, "q30": 214.0, "q31": 130.0, "q32": 204.0, "q33": 15.0, "q34": 202.0, "q35": 148.0, "q36": 194.0, "q37": 85.0, "q38": 120.0, "q39": 87.0, "q40": 244.0, "q41": 243.0, "q42": 224.0, "q43": 36.0, "q44": 164.0, "q45": 113.0, "q46": 62.0, "q47": 17.0, "q48": 148.0, "q49": 60.0, "q50": 65.0, "q51": 186.0, "q52": 132.0, "q53": 117.0, "q54": 113.0, "q55": 209.0, "q56": 247.0, "q57": 224.0, "q58": 219.0, "q59": 235.0, "q60": 41.0, "q61": 23.0, "q62": 211.0, "q63": 205.0}, "datetime": {"datetime": "2019-11-11 18:46:13", "elapsed": 0.892225, "delta": 0.003994}}
{"target": -0.1199952590042197, "params": {"q00": 5.0, "q01": 5.0, "q02": 92.0, "q03": 109.0, "q04": 55.0, "q05": 82.0, "q06": 51.0, "q07": 3.0, "q08": 6.0, "q09": 34.0, "q10": 54.0, "q11": 57.0, "q12": 33.0, "q13": 96.0, "q14": 177.0, "q15": 149.0, "q16": 31.0, "q17": 174.0, "q18": 83.0, "q19": 239.0, "q20": 45.0, "q21": 206.0, "q22": 151.0, "q23": 159.0, "q24": 224.0, "q25": 113.0, "q26": 24.0, "q27": 112.0, "q28": 80.0, "q29": 224.0, "q30": 91.0, "q31": 64.0, "q32": 30.0, "q33": 190.0, "q34": 91.0, "q35": 61.0, "q36": 253.0, "q37": 36.0, "q38": 90.0, "q39": 5.0, "q40": 45.0, "q41": 29.0, "q42": 203.0, "q43": 37.0, "q44": 113.0, "q45": 3.0, "q46": 122.0, "q47": 245.0, "q48": 92.0, "q49": 181.0, "q50": 116.0, "q51": 218.0, "q52": 136.0, "q53": 236.0, "q54": 102.0, "q55": 170.0, "q56": 97.0, "q57": 183.0, "q58": 208.0, "q59": 175.0, "q60": 44.0, "q61": 186.0, "q62": 170.0, "q63": 168.0}, "datetime": {"datetime": "2019-11-11 18:46:13", "elapsed": 0.896229, "delta": 0.004004}}
{"target": -0.09121083323845924, "params": {"q00": 34.0, "q01": 63.0, "q02": 18.0, "q03": 189.0, "q04": 237.0, "q05": 121.0, "q06": 72.0, "q07": 75.0, "q08": 28.0, "q09": 28.0, "q10": 3.0, "q11": 60.0, "q12": 248.0, "q13": 20.0, "q14": 71.0, "q15": 233.0, "q16": 16.0, "q17": 3.0, "q18": 31.0, "q19": 184.0, "q20": 38.0, "q21": 109.0, "q22": 159.0, "q23": 118.0, "q24": 110.0, "q25": 10.0, "q26": 109.0, "q27": 45.0, "q28": 117.0, "q29": 180.0, "q30": 233.0, "q31": 73.0, "q32": 224.0, "q33": 1.0, "q34": 26.0, "q35": 55.0, "q36": 208.0, "q37": 215.0, "q38": 89.0, "q39": 129.0, "q40": 156.0, "q41": 69.0, "q42": 173.0, "q43": 20.0, "q44": 146.0, "q45": 18.0, "q46": 242.0, "q47": 205.0, "q48": 218.0, "q49": 149.0, "q50": 128.0, "q51": 121.0, "q52": 104.0, "q53": 41.0, "q54": 69.0, "q55": 51.0, "q56": 182.0, "q57": 70.0, "q58": 95.0, "q59": 60.0, "q60": 173.0, "q61": 152.0, "q62": 119.0, "q63": 41.0}, "datetime": {"datetime": "2019-11-11 18:46:13", "elapsed": 0.900322, "delta": 0.004093}}
{"target": -0.1181623679003343, "params": {"q00": 23.0, "q01": 20.0, "q02": 107.0, "q03": 174.0, "q04": 17.0, "q05": 114.0, "q06": 26.0, "q07": 52.0, "q08": 44.0, "q09": 39.0, "q10": 42.0, "q11": 63.0, "q12": 31.0, "q13": 41.0, "q14": 127.0, "q15": 7.0, "q16": 59.0, "q17": 131.0, "q18": 223.0, "q19": 185.0, "q20": 102.0, "q21": 64.0, "q22": 160.0, "q23": 233.0, "q24": 213.0, "q25": 163.0, "q26": 59.0, "q27": 124.0, "q28": 246.0, "q29": 22.0, "q30": 220.0, "q31": 210.0, "q32": 175.0, "q33": 98.0, "q34": 64.0, "q35": 51.0, "q36": 244.0, "q37": 177.0, "q38": 201.0, "q39": 94.0, "q40": 23.0, "q41": 201.0, "q42": 219.0, "q43": 203.0, "q44": 32.0, "q45": 153.0, "q46": 200.0, "q47": 53.0, "q48": 219.0, "q49": 252.0, "q50": 13.0, "q51": 183.0, "q52": 98.0, "q53": 249.0, "q54": 112.0, "q55": 196.0, "q56": 119.0, "q57": 238.0, "q58": 5.0, "q59": 147.0, "q60": 50.0, "q61": 78.0, "q62": 222.0, "q63": 129.0}, "datetime": {"datetime": "2019-11-11 18:46:13", "elapsed": 0.904356, "delta": 0.004034}}
{"target": -0.14256015515384507, "params": {"q00": 1.0, "q01": 114.0, "q02": 73.0, "q03": 15.0, "q04": 48.0, "q05": 46.0, "q06": 64.0, "q07": 154.0, "q08": 42.0, "q09": 96.0, "q10": 45.0, "q11": 81.0, "q12": 154.0, "q13": 101.0, "q14": 113.0, "q15": 103.0, "q16": 41.0, "q17": 114.0, "q18": 82.0, "q19": 188.0, "q20": 148.0, "q21": 53.0, "q22": 188.0, "q23": 229.0, "q24": 204.0, "q25": 212.0, "q26": 162.0, "q27": 141.0, "q28": 237.0, "q29": 135.0, "q30": 79.0, "q31": 88.0, "q32": 248.0, "q33": 244.0, "q34": 89.0, "q35": 110.0, "q36": 180.0, "q37": 167.0, "q38": 146.0, "q39": 145.0, "q40": 126.0, "q41": 120.0, "q42": 10.0, "q43": 233.0, "q44": 127.0, "q45": 215.0, "q46": 227.0, "q47": 145.0, "q48": 201.0, "q49": 14.0, "q50": 29.0, "q51": 205.0, "q52": 212.0, "q53": 158.0, "q54": 144.0, "q55": 224.0, "q56": 215.0, "q57": 167.0, "q58": 186.0, "q59": 236.0, "q60": 246.0, "q61": 181.0, "q62": 252.0, "q63": 148.0}, "datetime": {"datetime": "2019-11-11 18:46:13", "elapsed": 0.908375, "delta": 0.004019}}
{"target": -0.08717610499475748, "params": {"q00": 11.0, "q01": 17.0, "q02": 71.0, "q03": 64.0, "q04": 135.0, "q05": 129.0, "q06": 143.0, "q07": 133.0, "q08": 41.0, "q09": 23.0, "q10": 29.0, "q11": 42.0, "q12": 106.0, "q13": 211.0, "q14": 186.0, "q15": 33.0, "q16": 119.0, "q17": 25.0, "q18": 14.0, "q19": 128.0, "q20": 72.0, "q21": 164.0, "q22": 23.0, "q23": 141.0, "q24": 204.0, "q25": 217.0, "q26": 78.0, "q27": 76.0, "q28": 246.0, "q29": 15.0, "q30": 126.0, "q31": 169.0, "q32": 3.0, "q33": 235.0, "q34": 18.0, "q35": 152.0, "q36": 96.0, "q37": 137.0, "q38": 119.0, "q39": 44.0, "q40": 153.0, "q41": 130.0, "q42": 176.0, "q43": 244.0, "q44": 133.0, "q45": 90.0, "q46": 231.0, "q47": 16.0, "q48": 191.0, "q49": 139.0, "q50": 9.0, "q51": 116.0, "q52": 64.0, "q53": 193.0, "q54": 80.0, "q55": 189.0, "q56": 176.0, "q57": 162.0, "q58": 104.0, "q59": 10.0, "q60": 181.0, "q61": 106.0, "q62": 202.0, "q63": 214.0}, "datetime": {"datetime": "2019-11-11 18:46:13", "elapsed": 0.91244, "delta": 0.004065}}
{"target": -0.10809786274372224, "params": {"q00": 8.0, "q01": 12.0, "q02": 113.0, "q03": 27.0, "q04": 131.0, "q05": 80.0, "q06": 218.0, "q07": 13.0, "q08": 16.0, "q09": 96.0, "q10": 5.0, "q11": 54.0, "q12": 23.0, "q13": 178.0, "q14": 9.0, "q15": 138.0, "q16": 49.0, "q17": 6.0, "q18": 155.0, "q19": 244.0, "q20": 17.0, "q21": 12.0, "q22": 76.0, "q23": 201.0, "q24": 105.0, "q25": 162.0, "q26": 160.0, "q27": 109.0, "q28": 126.0, "q29": 205.0, "q30": 195.0, "q31": 88.0, "q32": 54.0, "q33": 182.0, "q34": 225.0, "q35": 218.0, "q36": 233.0, "q37": 62.0, "q38": 128.0, "q39": 128.0, "q40": 196.0, "q41": 87.0, "q42": 243.0, "q43": 207.0, "q44": 156.0, "q45": 140.0, "q46": 252.0, "q47": 109.0, "q48": 56.0, "q49": 20.0, "q50": 243.0, "q51": 21.0, "q52": 72.0, "q53": 125.0, "q54": 121.0, "q55": 5.0, "q56": 190.0, "q57": 37.0, "q58": 52.0, "q59": 129.0, "q60": 182.0, "q61": 75.0, "q62": 118.0, "q63": 129.0}, "datetime": {"datetime": "2019-11-11 18:46:13", "elapsed": 0.916516, "delta": 0.004076}}
{"target": -0.09564745667608593, "params": {"q00": 45.0, "q01": 5.0, "q02": 17.0, "q03": 193.0, "q04": 219.0, "q05": 18.0, "q06": 228.0, "q07": 21.0, "q08": 18.0, "q09": 17.0, "q10": 129.0, "q11": 129.0, "q12": 223.0, "q13": 14.0, "q14": 161.0, "q15": 228.0, "q16": 12.0, "q17": 160.0, "q18": 22.0, "q19": 96.0, "q20": 163.0, "q21": 229.0, "q22": 92.0, "q23": 204.0, "q24": 131.0, "q25": 203.0, "q26": 82.0, "q27": 61.0, "q28": 138.0, "q29": 21.0, "q30": 208.0, "q31": 212.0, "q32": 29.0, "q33": 127.0, "q34": 171.0, "q35": 13.0, "q36": 206.0, "q37": 178.0, "q38": 200.0, "q39": 23.0, "q40": 126.0, "q41": 13.0, "q42": 244.0, "q43": 235.0, "q44": 250.0, "q45": 46.0, "q46": 182.0, "q47": 135.0, "q48": 154.0, "q49": 152.0, "q50": 42.0, "q51": 38.0, "q52": 162.0, "q53": 186.0, "q54": 187.0, "q55": 205.0, "q56": 126.0, "q57": 197.0, "q58": 64.0, "q59": 78.0, "q60": 204.0, "q61": 43.0, "q62": 237.0, "q63": 225.0}, "datetime": {"datetime": "2019-11-11 18:46:13", "elapsed": 0.922939, "delta": 0.006423}}
{"target": -0.13299253388846305, "params": {"q00": 13.0, "q01": 3.0, "q02": 66.0, "q03": 40.0, "q04": 225.0, "q05": 46.0, "q06": 183.0, "q07": 46.0, "q08": 37.0, "q09": 251.0, "q10": 20.0, "q11": 30.0, "q12": 253.0, "q13": 117.0, "q14": 63.0, "q15": 24.0, "q16": 76.0, "q17": 55.0, "q18": 56.0, "q19": 148.0, "q20": 36.0, "q21": 157.0, "q22": 213.0, "q23": 216.0, "q24": 249.0, "q25": 109.0, "q26": 74.0, "q27": 216.0, "q28": 61.0, "q29": 141.0, "q30": 189.0, "q31": 173.0, "q32": 251.0, "q33": 104.0, "q34": 4.0, "q35": 86.0, "q36": 217.0, "q37": 208.0, "q38": 5.0, "q39": 190.0, "q40": 167.0, "q41": 78.0, "q42": 207.0, "q43": 73.0, "q44": 197.0, "q45": 244.0, "q46": 135.0, "q47": 74.0, "q48": 136.0, "q49": 119.0, "q50": 67.0, "q51": 74.0, "q52": 33.0, "q53": 140.0, "q54": 168.0, "q55": 57.0, "q56": 231.0, "q57": 159.0, "q58": 155.0, "q59": 55.0, "q60": 125.0, "q61": 154.0, "q62": 145.0, "q63": 18.0}, "datetime": {"datetime": "2019-11-11 18:46:13", "elapsed": 0.929929, "delta": 0.00699}}
{"target": -0.06554232723008063, "params": {"q00": 18.0, "q01": 47.0, "q02": 16.0, "q03": 238.0, "q04": 75.0, "q05": 199.0, "q06": 12.0, "q07": 79.0, "q08": 48.0, "q09": 25.0, "q10": 95.0, "q11": 77.0, "q12": 141.0, "q13": 91.0, "q14": 75.0, "q15": 213.0, "q16": 62.0, "q17": 100.0, "q18": 24.0, "q19": 27.0, "q20": 80.0, "q21": 212.0, "q22": 14.0, "q23": 142.0, "q24": 16.0, "q25": 15.0, "q26": 50.0, "q27": 28.0, "q28": 207.0, "q29": 170.0, "q30": 225.0, "q31": 151.0, "q32": 137.0, "q33": 212.0, "q34": 125.0, "q35": 232.0, "q36": 28.0, "q37": 252.0, "q38": 193.0, "q39": 240.0, "q40": 228.0, "q41": 33.0, "q42": 230.0, "q43": 30.0, "q44": 233.0, "q45": 222.0, "q46": 148.0, "q47": 132.0, "q48": 193.0, "q49": 103.0, "q50": 30.0, "q51": 67.0, "q52": 54.0, "q53": 161.0, "q54": 250.0, "q55": 42.0, "q56": 76.0, "q57": 122.0, "q58": 91.0, "q59": 187.0, "q60": 191.0, "q61": 204.0, "q62": 247.0, "q63": 149.0}, "datetime": {"datetime": "2019-11-11 18:46:13", "elapsed": 0.935742, "delta": 0.005813}}
{"target": -0.1420185340100183, "params": {"q00": 47.0, "q01": 74.0, "q02": 31.0, "q03": 13.0, "q04": 108.0, "q05": 239.0, "q06": 174.0, "q07": 15.0, "q08": 19.0, "q09": 26.0, "q10": 166.0, "q11": 237.0, "q12": 180.0, "q13": 19.0, "q14": 51.0, "q15": 143.0, "q16": 37.0, "q17": 40.0, "q18": 175.0, "q19": 35.0, "q20": 64.0, "q21": 5.0, "q22": 9.0, "q23": 196.0, "q24": 63.0, "q25": 171.0, "q26": 235.0, "q27": 71.0, "q28": 155.0, "q29": 1.0, "q30": 221.0, "q31": 134.0, "q32": 81.0, "q33": 246.0, "q34": 122.0, "q35": 18.0, "q36": 169.0, "q37": 252.0, "q38": 51.0, "q39": 203.0, "q40": 156.0, "q41": 47.0, "q42": 85.0, "q43": 223.0, "q44": 99.0, "q45": 133.0, "q46": 236.0, "q47": 213.0, "q48": 233.0, "q49": 175.0, "q50": 165.0, "q51": 244.0, "q52": 34.0, "q53": 33.0, "q54": 230.0, "q55": 154.0, "q56": 82.0, "q57": 150.0, "q58": 185.0, "q59": 168.0, "q60": 72.0, "q61": 226.0, "q62": 252.0, "q63": 235.0}, "datetime": {"datetime": "2019-11-11 18:46:13", "elapsed": 0.941562, "delta": 0.00582}}
{"target": -0.07665911288633082, "params": {"q00": 36.0, "q01": 2.0, "q02": 115.0, "q03": 192.0, "q04": 104.0, "q05": 116.0, "q06": 224.0, "q07": 75.0, "q08": 15.0, "q09": 22.0, "q10": 119.0, "q11": 65.0, "q12": 175.0, "q13": 131.0, "q14": 103.0, "q15": 140.0, "q16": 25.0, "q17": 94.0, "q18": 92.0, "q19": 243.0, "q20": 72.0, "q21": 100.0, "q22": 59.0, "q23": 222.0, "q24": 78.0, "q25": 210.0, "q26": 64.0, "q27": 253.0, "q28": 138.0, "q29": 182.0, "q30": 165.0, "q31": 42.0, "q32": 251.0, "q33": 251.0, "q34": 199.0, "q35": 131.0, "q36": 65.0, "q37": 231.0, "q38": 174.0, "q39": 215.0, "q40": 77.0, "q41": 25.0, "q42": 208.0, "q43": 180.0, "q44": 175.0, "q45": 227.0, "q46": 176.0, "q47": 135.0, "q48": 93.0, "q49": 42.0, "q50": 202.0, "q51": 154.0, "q52": 108.0, "q53": 139.0, "q54": 244.0, "q55": 253.0, "q56": 59.0, "q57": 118.0, "q58": 91.0, "q59": 133.0, "q60": 191.0, "q61": 153.0, "q62": 170.0, "q63": 126.0}, "datetime": {"datetime": "2019-11-11 18:46:13", "elapsed": 0.947375, "delta": 0.005813}}
{"target": -0.12102145924139512, "params": {"q00": 42.0, "q01": 2.0, "q02": 64.0, "q03": 214.0, "q04": 119.0, "q05": 227.0, "q06": 129.0, "q07": 64.0, "q08": 15.0, "q09": 16.0, "q10": 134.0, "q11": 68.0, "q12": 98.0, "q13": 129.0, "q14": 173.0, "q15": 128.0, "q16": 71.0, "q17": 240.0, "q18": 14.0, "q19": 87.0, "q20": 22.0, "q21": 216.0, "q22": 3.0, "q23": 61.0, "q24": 177.0, "q25": 197.0, "q26": 24.0, "q27": 21.0, "q28": 236.0, "q29": 89.0, "q30": 108.0, "q31": 8.0, "q32": 199.0, "q33": 236.0, "q34": 20.0, "q35": 162.0, "q36": 137.0, "q37": 220.0, "q38": 104.0, "q39": 239.0, "q40": 222.0, "q41": 157.0, "q42": 238.0, "q43": 97.0, "q44": 184.0, "q45": 192.0, "q46": 32.0, "q47": 198.0, "q48": 250.0, "q49": 121.0, "q50": 89.0, "q51": 126.0, "q52": 237.0, "q53": 232.0, "q54": 56.0, "q55": 156.0, "q56": 218.0, "q57": 85.0, "q58": 99.0, "q59": 66.0, "q60": 252.0, "q61": 247.0, "q62": 226.0, "q63": 175.0}, "datetime": {"datetime": "2019-11-11 18:46:13", "elapsed": 0.953052, "delta": 0.005677}}
{"target": -0.1316343921662601, "params": {"q00": 9.0, "q01": 5.0, "q02": 203.0, "q03": 210.0, "q04": 147.0, "q05": 238.0, "q06": 8.0, "q07": 24.0, "q08": 14.0, "q09": 68.0, "q10": 242.0, "q11": 107.0, "q12": 120.0, "q13": 34.0, "q14": 34.0, "q15": 247.0, "q16": 12.0, "q17": 79.0, "q18": 53.0, "q19": 60.0, "q20": 30.0, "q21": 33.0, "q22": 121.0, "q23": 111.0, "q24": 173.0, "q25": 61.0, "q26": 101.0, "q27": 72.0, "q28": 124.0, "q29": 157.0, "q30": 248.0, "q31": 126.0, "q32": 120.0, "q33": 102.0, "q34": 211.0, "q35": 37.0, "q36": 34.0, "q37": 238.0, "q38": 229.0, "q39": 245.0, "q40": 160.0, "q41": 182.0, "q42": 103.0, "q43": 214.0, "q44": 214.0, "q45": 209.0, "q46": 237.0, "q47": 190.0, "q48": 138.0, "q49": 182.0, "q50": 139.0, "q51": 59.0, "q52": 84.0, "q53": 196.0, "q54": 3.0, "q55": 141.0, "q56": 32.0, "q57": 251.0, "q58": 175.0, "q59": 158.0, "q60": 198.0, "q61": 166.0, "q62": 238.0, "q63": 233.0}, "datetime": {"datetime": "2019-11-11 18:46:13", "elapsed": 0.958537, "delta": 0.005485}}
{"target": -0.1410007804485438, "params": {"q00": 19.0, "q01": 21.0, "q02": 76.0, "q03": 238.0, "q04": 138.0, "q05": 217.0, "q06": 49.0, "q07": 6.0, "q08": 2.0, "q09": 60.0, "q10": 45.0, "q11": 71.0, "q12": 193.0, "q13": 111.0, "q14": 203.0, "q15": 131.0, "q16": 125.0, "q17": 123.0, "q18": 91.0, "q19": 105.0, "q20": 59.0, "q21": 209.0, "q22": 21.0, "q23": 218.0, "q24": 247.0, "q25": 158.0, "q26": 11.0, "q27": 43.0, "q28": 122.0, "q29": 208.0, "q30": 67.0, "q31": 199.0, "q32": 8.0, "q33": 97.0, "q34": 203.0, "q35": 107.0, "q36": 147.0, "q37": 241.0, "q38": 2.0, "q39": 198.0, "q40": 178.0, "q41": 72.0, "q42": 227.0, "q43": 219.0, "q44": 59.0, "q45": 170.0, "q46": 159.0, "q47": 188.0, "q48": 250.0, "q49": 3.0, "q50": 159.0, "q51": 163.0, "q52": 198.0, "q53": 103.0, "q54": 222.0, "q55": 210.0, "q56": 41.0, "q57": 130.0, "q58": 145.0, "q59": 228.0, "q60": 151.0, "q61": 28.0, "q62": 210.0, "q63": 220.0}, "datetime": {"datetime": "2019-11-11 18:46:13", "elapsed": 0.963974, "delta": 0.005437}}
{"target": -0.13654924227571613, "params": {"q00": 2.0, "q01": 3.0, "q02": 9.0, "q03": 120.0, "q04": 94.0, "q05": 217.0, "q06": 107.0, "q07": 134.0, "q08": 185.0, "q09": 147.0, "q10": 121.0, "q11": 72.0, "q12": 40.0, "q13": 120.0, "q14": 31.0, "q15": 203.0, "q16": 49.0, "q17": 42.0, "q18": 27.0, "q19": 34.0, "q20": 162.0, "q21": 71.0, "q22": 212.0, "q23": 187.0, "q24": 68.0, "q25": 149.0, "q26": 61.0, "q27": 90.0, "q28": 85.0, "q29": 56.0, "q30": 136.0, "q31": 203.0, "q32": 143.0, "q33": 173.0, "q34": 116.0, "q35": 108.0, "q36": 182.0, "q37": 151.0, "q38": 65.0, "q39": 134.0, "q40": 146.0, "q41": 195.0, "q42": 134.0, "q43": 143.0, "q44": 190.0, "q45": 214.0, "q46": 157.0, "q47": 155.0, "q48": 204.0, "q49": 185.0, "q50": 41.0, "q51": 228.0, "q52": 78.0, "q53": 246.0, "q54": 139.0, "q55": 138.0, "q56": 181.0, "q57": 115.0, "q58": 91.0, "q59": 106.0, "q60": 233.0, "q61": 244.0, "q62": 253.0, "q63": 88.0}, "datetime": {"datetime": "2019-11-11 18:46:13", "elapsed": 0.969295, "delta": 0.005321}}
{"target": -0.0966087947198026, "params": {"q00": 24.0, "q01": 10.0, "q02": 9.0, "q03": 167.0, "q04": 110.0, "q05": 52.0, "q06": 51.0, "q07": 49.0, "q08": 22.0, "q09": 55.0, "q10": 103.0, "q11": 118.0, "q12": 143.0, "q13": 52.0, "q14": 194.0, "q15": 89.0, "q16": 2.0, "q17": 11.0, "q18": 245.0, "q19": 227.0, "q20": 180.0, "q21": 7.0, "q22": 101.0, "q23": 219.0, "q24": 220.0, "q25": 38.0, "q26": 85.0, "q27": 203.0, "q28": 197.0, "q29": 157.0, "q30": 200.0, "q31": 116.0, "q32": 45.0, "q33": 39.0, "q34": 219.0, "q35": 109.0, "q36": 80.0, "q37": 196.0, "q38": 75.0, "q39": 107.0, "q40": 213.0, "q41": 253.0, "q42": 80.0, "q43": 71.0, "q44": 149.0, "q45": 85.0, "q46": 215.0, "q47": 166.0, "q48": 146.0, "q49": 87.0, "q50": 28.0, "q51": 176.0, "q52": 59.0, "q53": 225.0, "q54": 224.0, "q55": 138.0, "q56": 174.0, "q57": 214.0, "q58": 125.0, "q59": 174.0, "q60": 33.0, "q61": 126.0, "q62": 183.0, "q63": 206.0}, "datetime": {"datetime": "2019-11-11 18:46:13", "elapsed": 0.974861, "delta": 0.005566}}
{"target": -0.11707949470769913, "params": {"q00": 14.0, "q01": 31.0, "q02": 73.0, "q03": 221.0, "q04": 43.0, "q05": 61.0, "q06": 183.0, "q07": 4.0, "q08": 46.0, "q09": 58.0, "q10": 43.0, "q11": 131.0, "q12": 146.0, "q13": 84.0, "q14": 166.0, "q15": 125.0, "q16": 84.0, "q17": 100.0, "q18": 26.0, "q19": 178.0, "q20": 63.0, "q21": 81.0, "q22": 32.0, "q23": 231.0, "q24": 156.0, "q25": 86.0, "q26": 99.0, "q27": 229.0, "q28": 57.0, "q29": 231.0, "q30": 13.0, "q31": 72.0, "q32": 226.0, "q33": 5.0, "q34": 3.0, "q35": 114.0, "q36": 79.0, "q37": 36.0, "q38": 94.0, "q39": 27.0, "q40": 80.0, "q41": 107.0, "q42": 8.0, "q43": 19.0, "q44": 208.0, "q45": 156.0, "q46": 212.0, "q47": 44.0, "q48": 64.0, "q49": 82.0, "q50": 8.0, "q51": 151.0, "q52": 64.0, "q53": 64.0, "q54": 163.0, "q55": 253.0, "q56": 90.0, "q57": 45.0, "q58": 169.0, "q59": 237.0, "q60": 180.0, "q61": 27.0, "q62": 235.0, "q63": 203.0}, "datetime": {"datetime": "2019-11-11 18:46:13", "elapsed": 0.980451, "delta": 0.00559}}
