{"target": -0.1138674359008241, "params": {"q00": 5.0, "q01": 44.0, "q02": 154.0, "q03": 147.0, "q04": 59.0, "q05": 7.0, "q06": 136.0, "q07": 98.0, "q08": 60.0, "q09": 65.0, "q10": 49.0, "q11": 61.0, "q12": 11.0, "q13": 15.0, "q14": 81.0, "q15": 212.0, "q16": 28.0, "q17": 4.0, "q18": 42.0, "q19": 216.0, "q20": 57.0, "q21": 197.0, "q22": 132.0, "q23": 121.0, "q24": 93.0, "q25": 74.0, "q26": 54.0, "q27": 244.0, "q28": 72.0, "q29": 171.0, "q30": 163.0, "q31": 225.0, "q32": 192.0, "q33": 23.0, "q34": 177.0, "q35": 221.0, "q36": 51.0, "q37": 57.0, "q38": 33.0, "q39": 34.0, "q40": 5.0, "q41": 238.0, "q42": 112.0, "q43": 150.0, "q44": 197.0, "q45": 207.0, "q46": 202.0, "q47": 63.0, "q48": 232.0, "q49": 122.0, "q50": 151.0, "q51": 112.0, "q52": 154.0, "q53": 185.0, "q54": 183.0, "q55": 114.0, "q56": 52.0, "q57": 16.0, "q58": 184.0, "q59": 190.0, "q60": 220.0, "q61": 63.0, "q62": 238.0, "q63": 153.0}, "datetime": {"datetime": "2019-11-11 18:46:13", "elapsed": 1.108126, "delta": 0.005757}}
{"target": -0.12692962309798178, "params": {"q00": 18.0, "q01": 42.0, "q02": 10.0, "q03": 234.0, "q04": 222.0, "q05": 141.0, "q06": 31.0, "q07": 93.0, "q08": 9.0, "q09": 121.0, "q10": 186.0, "q11": 111.0, "q12": 146.0, "q13": 95.0, "q14": 254.0, "q15": 44.0, "q16": 5.0, "q17": 59.0, "q18": 35.0, "q19": 133.0, "q20": 187.0, "q21": 101.0, "q22": 206.0, "q23": 197.0, "q24": 189.0, "q25": 41.0, "q26": 140.0, "q27": 88.0, "q28": 217.0, "q29": 163.0, "q30": 169.0, "q31": 4.0, "q32": 14.0, "q33": 171.0, "q34": 253.0, "q35": 254.0, "q36": 205.0, "q37": 177.0, "q38": 19.0, "q39": 84.0, "q40": 84.0, "q41": 128.0, "q42": 244.0, "q43": 215.0, "q44": 225.0, "q45": 215.0, "q46": 136.0, "q47": 105.0, "q48": 186.0, "q49": 115.0, "q50": 94.0, "q51": 222.0, "q52": 19.0, "q53": 111.0, "q54": 220.0, "q55": 205.0, "q56": 202.0, "q57": 251.0, "q58": 185.0, "q59": 141.0, "q60": 236.0, "q61": 59.0, "q62": 237.0, "q63": 188.0}, "datetime": {"datetime": "2019-11-11 18:46:13", "elapsed": 1.113769, "delta": 0.005643}}
{"target": -0.11491207638803452, "params": {"q00": 13.0, "q01": 7.0, "q02": 5.0, "q03": 93.0, "q04": 213.0, "q05": 77.0, "q06": 133.0, "q07": 45.0, "q08": 83.0, "q09": 34.0, "q10": 115.0, "q11": 28.0, "q12": 23.0, "q13": 201.0, "q14": 19.0, "q15": 221.0, "q16": 1.0, "q17": 105.0, "q18": 5.0, "q19": 133.0, "q20": 130.0, "q21": 197.0, "q22": 119.0, "q23": 22.0, "q24": 227.0, "q25": 117.0, "q26": 82.0, "q27": 26.0, "q28": 231.0, "q29": 89.0, "q30": 253.0, "q31": 103.0, "q32": 248.0, "q33": 194.0, "q34": 80.0, "q35": 156.0, "q36": 169.0, "q37": 98.0, "q38": 254.0, "q39": 91.0, "q40": 167.0, "q41": 191.0, "q42": 252.0, "q43": 119.0, "q44": 188.0, "q45": 149.0, "q46": 71.0, "q47": 65.0, "q48": 153.0, "q49": 234.0, "q50": 70.0, "q51": 151.0, "q52": 122.0, "q53": 180.0, "q54": 228.0, "q55": 53.0, "q56": 73.0, "q57": 237.0, "q58": 99.0, "q59": 39.0, "q60": 14.0, "q61": 132.0, "q62": 189.0, "q63": 5.0}, "datetime": {"datetime": "2019-11-11 18:46:13", "elapsed": 1.119383, "delta": 0.005614}}
{"target": -0.13053260259959182, "params": {"q00": 11.0, "q01": 7.0, "q02": 130.0, "q03": 174.0, "q04": 69.0, "q05": 69.0, "q06": 229.0, "q07": 1.0, "q08": 26.0, "q09": 53.0, "q10": 127.0, "q11": 17.0, "q12": 53.0, "q13": 7.0, "q14": 61.0, "q15": 58.0, "q16": 27.0, "q17": 34.0, "q18": 247.0, "q19": 180.0, "q20": 68.0, "q21": 209.0, "q22": 52.0, "q23": 240.0, "q24": 232.0, "q25": 206.0, "q26": 193.0, "q27": 105.0, "q28": 211.0, "q29": 195.0, "q30": 96.0, "q31": 95.0, "q32": 179.0, "q33": 108.0, "q34": 28.0, "q35": 236.0, "q36": 158.0, "q37": 208.0, "q38": 96.0, "q39": 149.0, "q40": 34.0, "q41": 207.0, "q42": 228.0, "q43": 65.0, "q44": 204.0, "q45": 228.0, "q46": 65.0, "q47": 15.0, "q48": 152.0, "q49": 195.0, "q50": 109.0, "q51": 129.0, "q52": 121.0, "q53": 69.0, "q54": 241.0, "q55": 229.0, "q56": 249.0, "q57": 33.0, "q58": 105.0, "q59": 24.0, "q60": 147.0, "q61": 118.0, "q62": 245.0, "q63": 220.0}, "datetime": {"datetime": "2019-11-11 18:46:13", "elapsed": 1.125047, "delta": 0.005664}}
{"target": -0.1088212702809826, "params": {"q00": 8.0, "q01": 6.0, "q02": 96.0, "q03": 157.0, "q04": 82.0, "q05": 169.0, "q06": 208.0, "q07": 72.0, "q08": 2.0, "q09": 98.0, "q10": 184.0, "q11": 77.0, "q12": 177.0, "q13": 223.0, "q14": 251.0, "q15": 70.0, "q16": 16.0, "q17": 60.0, "q18": 34.0, "q19": 44.0, "q20": 70.0, "q21": 56.0, "q22": 177.0, "q23": 242.0, "q24": 14.0, "q25": 156.0, "q26": 186.0, "q27": 11.0, "q28": 246.0, "q29": 177.0, "q30": 91.0, "q31": 9.0, "q32": 73.0, "q33": 73.0, "q34": 9.0, "q35": 190.0, "q36": 235.0, "q37": 217.0, "q38": 182.0, "q39": 168.0, "q40": 141.0, "q41": 105.0, "q42": 124.0, "q43": 101.0, "q44": 195.0, "q45": 119.0, "q46": 168.0, "q47": 254.0, "q48": 194.0, "q49": 219.0, "q50": 171.0, "q51": 241.0, "q52": 105.0, "q53": 167.0, "q54": 116.0, "q55": 230.0, "q56": 112.0, "q57": 149.0, "q58": 41.0, "q59": 244.0, "q60": 243.0, "q61": 165.0, "q62": 43.0, "q63": 199.0}, "datetime": {"datetime": "2019-11-11 18:46:13", "elapsed": 1.130724, "delta": 0.005677}}
{"target": -0.11546347544532864, "params": {"q00": 18.0, "q01": 9.0, "q02": 135.0, "q03": 220.0, "q04": 43.0, "q05": 17.0, "q06": 252.0, "q07": 134.0, "q08": 11.0, "q09": 8.0, "q10": 144.0, "q11": 48.0, "q12": 233.0, "q13": 76.0, "q14": 95.0, "q15": 202.0, "q16": 48.0, "q17": 4.0, "q18": 131.0, "q19": 99.0, "q20": 66.0, "q21": 32.0, "q22": 74.0, "q23": 200.0, "q24": 231.0, "q25": 37.0, "q26": 113.0, "q27": 160.0, "q28": 143.0, "q29": 113.0, "q30": 218.0, "q31": 54.0, "q32": 235.0, "q33": 56.0, "q34": 112.0, "q35": 26.0, "q36": 68.0, "q37": 171.0, "q38": 66.0, "q39": 176.0, "q40": 3.0, "q41": 191.0, "q42": 233.0, "q43": 252.0, "q44": 135.0, "q45": 63.0, "q46": 213.0, "q47": 144.0, "q48": 50.0, "q49": 92.0, "q50": 142.0, "q51": 70.0, "q52": 37.0, "q53": 150.0, "q54": 162.0, "q55": 142.0, "q56": 126.0, "q57": 181.0, "q58": 217.0, "q59": 134.0, "q60": 37.0, "q61": 115.0, "q62": 128.0, "q63": 84.0}, "datetime": {"datetime": "2019-11-11 18:46:13", "elapsed": 1.13636, "delta": 0.005636}}
{"target": -0.0971391196297628, "params": {"q00": 33.0, "q01": 8.0, "q02": 136.0, "q03": 54.0, "q04": 15.0, "q05": 156.0, "q06": 99.0, "q07": 198.0, "q08": 6.0, "q09": 90.0, "q10": 27.0, "q11": 139.0, "q12": 139.0, "q13": 47.0, "q14": 162.0, "q15": 231.0, "q16": 20.0, "q17": 15.0, "q18": 9.0, "q19": 207.0, "q20": 62.0, "q21": 34.0, "q22": 212.0, "q23": 219.0, "q24": 95.0, "q25": 27.0, "q26": 137.0, "q27": 126.0, "q28": 218.0, "q29": 203.0, "q30": 247.0, "q31": 44.0, "q32": 227.0, "q33": 32.0, "q34": 160.0, "q35": 90.0, "q36": 95.0, "q37": 248.0, "q38": 65.0, "q39": 198.0, "q40": 253.0, "q41": 201.0, "q42": 178.0, "q43": 225.0, "q44": 183.0, "q45": 183.0, "q46": 133.0, "q47": 45.0, "q48": 49.0, "q49": 214.0, "q50": 116.0, "q51": 41.0, "q52": 44.0, "q53": 31.0, "q54": 27.0, "q55": 146.0, "q56": 96.0, "q57": 4.0, "q58": 54.0, "q59": 59.0, "q60": 41.0, "q61": 3.0, "q62": 40.0, "q63": 144.0}, "datetime": {"datetime": "2019-11-11 18:46:13", "elapsed": 1.142027, "delta": 0.005667}}
{"target": -0.08469669365004939, "params": {"q00": 3.0, "q01": 24.0, "q02": 143.0, "q03": 57.0, "q04": 15.0, "q05": 74.0, "q06": 24.0, "q07": 69.0, "q08": 6.0, "q09": 28.0, "q10": 144.0, "q11": 61.0, "q12": 96.0, "q13": 28.0, "q14": 58.0, "q15": 24.0, "q16": 11.0, "q17": 91.0, "q18": 35.0, "q19": 233.0, "q20": 29.0, "q21": 100.0, "q22": 116.0, "q23": 175.0, "q24": 166.0, "q25": 99.0, "q26": 108.0, "q27": 175.0, "q28": 170.0, "q29": 178.0, "q30": 246.0, "q31": 83.0, "q32": 153.0, "q33": 64.0, "q34": 228.0, "q35": 90.0, "q36": 62.0, "q37": 238.0, "q38": 209.0, "q39": 62.0, "q40": 180.0, "q41": 96.0, "q42": 96.0, "q43": 33.0, "q44": 142.0, "q45": 21.0, "q46": 95.0, "q47": 125.0, "q48": 76.0, "q49": 156.0, "q50": 106.0, "q51": 227.0, "q52": 162.0, "q53": 18.0, "q54": 75.0, "q55": 17.0, "q56": 80.0, "q57": 55.0, "q58": 129.0, "q59": 249.0, "q60": 40.0, "q61": 229.0, "q62": 200.0, "q63": 195.0}, "datetime": {"datetime": "2019-11-11 18:46:13", "elapsed": 1.147621, "delta": 0.005594}}
{"target": -0.12222425851512708, "params": {"q00": 15.0, "q01": 1.0, "q02": 224.0, "q03": 137.0, "q04": 231.0, "q05": 209.0, "q06": 105.0, "q07": 94.0, "q08": 6.0, "q09": 22.0, "q10": 20.0, "q11": 195.0, "q12": 148.0, "q13": 111.0, "q14": 117.0, "q15": 81.0, "q16": 3.0, "q17": 146.0, "q18": 59.0, "q19": 239.0, "q20": 168.0, "q21": 211.0, "q22": 240.0, "q23": 234.0, "q24": 158.0, "q25": 136.0, "q26": 2.0, "q27": 31.0, "q28": 135.0, "q29": 36.0, "q30": 210.0, "q31": 190.0, "q32": 197.0, "q33": 190.0, "q34": 149.0, "q35": 62.0, "q36": 46.0, "q37": 101.0, "q38": 17.0, "q39": 119.0, "q40": 143.0, "q41": 227.0, "q42": 226.0, "q43": 167.0, "q44": 199.0, "q45": 178.0, "q46": 233.0, "q47": 68.0, "q48": 143.0, "q49": 45.0, "q50": 234.0, "q51": 222.0, "q52": 79.0, "q53": 246.0, "q54": 62.0, "q55": 96.0, "q56": 69.0, "q57": 197.0, "q58": 153.0, "q59": 14.0, "q60": 125.0, "q61": 66.0, "q62": 144.0, "q63": 161.0}, "datetime": {"datetime": "2019-11-11 18:46:13", "elapsed": 1.153258, "delta": 0.005637}}
{"target": -0.08830581315204711, "params": {"q00": 29.0, "q01": 18.0, "q02": 25.0, "q03": 103.0, "q04": 51.0, "q05": 24.0, "q06": 66.0, "q07": 148.0, "q08": 29.0, "q09": 42.0, "q10": 112.0, "q11": 43.0, "q12": 139.0, "q13": 30.0, "q14": 64.0, "q15": 187.0, "q16": 141.0, "q17": 2.0, "q18": 18.0, "q19": 28.0, "q20": 81.0, "q21": 115.0, "q22": 10.0, "q23": 130.0, "q24": 212.0, "q25": 21.0, "q26": 5.0, "q27": 213.0, "q28": 227.0, "q29": 137.0, "q30": 61.0, "q31": 217.0, "q32": 141.0, "q33": 231.0, "q34": 253.0, "q35": 157.0, "q36": 75.0, "q37": 170.0, "q38": 247.0, "q39": 73.0, "q40": 90.0, "q41": 42.0, "q42": 226.0, "q43": 60.0, "q44": 102.0, "q45": 138.0, "q46": 41.0, "q47": 14.0, "q48": 193.0, "q49": 207.0, "q50": 157.0, "q51": 66.0, "q52": 38.0, "q53": 83.0, "q54": 218.0, "q55": 186.0, "q56": 62.0, "q57": 240.0, "q58": 148.0, "q59": 35.0, "q60": 61.0, "q61": 231.0, "q62": 201.0, "q63": 233.0}, "datetime": {"datetime": "2019-11-11 18:46:13", "elapsed": 1.15931, "delta": 0.006052}}
{"target": -0.09395662159026841, "params": {"q00": 13.0, "q01": 3.0, "q02": 28.0, "q03": 18.0, "q04": 40.0, "q05": 37.0, "q06": 198.0, "q07": 190.0, "q08": 6.0, "q09": 30.0, "q10": 140.0, "q11": 151.0, "q12": 29.0, "q13": 16.0, "q14": 177.0, "q15": 144.0, "q16": 15.0, "q17": 40.0, "q18": 59.0, "q19": 105.0, "q20": 63.0, "q21": 118.0, "q22": 222.0, "q23": 166.0, "q24": 139.0, "q25": 200.0, "q26": 1.0, "q27": 233.0, "q28": 174.0, "q29": 167.0, "q30": 198.0, "q31": 126.0, "q32": 124.0, "q33": 248.0, "q34": 42.0, "q35": 191.0, "q36": 93.0, "q37": 149.0, "q38": 8.0, "q39": 92.0, "q40": 157.0, "q41": 175.0, "q42": 228.0, "q43": 96.0, "q44": 17.0, "q45": 49.0, "q46": 209.0, "q47": 63.0, "q48": 143.0, "q49": 207.0, "q50": 177.0, "q51": 19.0, "q52": 200.0, "q53": 217.0, "q54": 144.0, "q55": 238.0, "q56": 21.0, "q57": 48.0, "q58": 212.0, "q59": 43.0, "q60": 227.0, "q61": 154.0, "q62": 191.0, "q63": 236.0}, "datetime": {"datetime": "2019-11-11 18:46:13", "elapsed": 1.165373, "delta": 0.006063}}
{"target": -0.1028248195173132, "params": {"q00": 19.0, "q01": 37.0, "q02": 23.0, "q03": 132.0, "q04": 147.0, "q05": 66.0, "q06": 68.0, "q07": 181.0, "q08": 85.0, "q09": 40.0, "q10": 68.0, "q11": 57.0, "q12": 112.0, "q13": 63.0, "q14": 6.0, "q15": 184.0, "q16": 30.0, "q17": 10.0, "q18": 1.0, "q19": 82.0, "q20": 89.0, "q21": 146.0, "q22": 176.0, "q23": 246.0, "q24": 232.0, "q25": 69.0, "q26": 117.0, "q27": 72.0, "q28": 204.0, "q29": 16.0, "q30": 120.0, "q31": 199.0, "q32": 210.0, "q33": 45.0, "q34": 42.0, "q35": 42.0, "q36": 155.0, "q37": 107.0, "q38": 169.0, "q39": 75.0, "q40": 111.0, "q41": 202.0, "q42": 32.0, "q43": 38.0, "q44": 48.0, "q45": 233.0, "q46": 252.0, "q47": 210.0, "q48": 55.0, "q49": 11.0, "q50": 179.0, "q51": 130.0, "q52": 56.0, "q53": 132.0, "q54": 237.0, "q55": 149.0, "q56": 93.0, "q57": 132.0, "q58": 227.0, "q59": 152.0, "q60": 213.0, "q61": 119.0, "q62": 136.0, "q63": 216.0}, "datetime": {"datetime": "2019-11-11 18:46:13", "elapsed": 1.171433, "delta": 0.00606}}
{"target": -0.07903841762788438, "params": {"q00": 7.0, "q01": 10.0, "q02": 121.0, "q03": 31.0, "q04": 153.0, "q05": 97.0, "q06": 144.0, "q07": 142.0, "q08": 10.0, "q09": 38.0, "q10": 21.0, "q11": 21.0, "q12": 60.0, "q13": 157.0, "q14": 46.0, "q15": 214.0, "q16": 32.0, "q17": 47.0, "q18": 153.0, "q19": 68.0, "q20": 139.0, "q21": 61.0, "q22": 243.0, "q23": 173.0, "q24": 169.0, "q25": 127.0, "q26": 19.0, "q27": 212.0, "q28": 250.0, "q29": 245.0, "q30": 173.0, "q31": 113.0, "q32": 149.0, "q33": 4.0, "q34": 102.0, "q35": 10.0, "q36": 84.0, "q37": 252.0, "q38": 170.0, "q39": 182.0, "q40": 225.0, "q41": 147.0, "q42": 58.0, "q43": 89.0, "q44": 18.0, "q45": 98.0, "q46": 173.0, "q47": 187.0, "q48": 242.0, "q49": 106.0, "q50": 196.0, "q51": 119.0, "q52": 52.0, "q53": 192.0, "q54": 237.0, "q55": 151.0, "q56": 248.0, "q57": 144.0, "q58": 111.0, "q59": 7.0, "q60": 193.0, "q61": 254.0, "q62": 173.0, "q63": 252.0}, "datetime": {"datetime": "2019-11-11 18:46:13", "elapsed": 1.177601, "delta": 0.006168}}
{"target": -0.1232077244234494, "params": {"q00": 13.0, "q01": 4.0, "q02": 151.0, "q03": 216.0, "q04": 115.0, "q05": 115.0, "q06": 29.0, "q07": 16.0, "q08": 10.0, "q09": 52.0, "q10": 134.0, "q11": 2.0, "q12": 76.0, "q13": 202.0, "q14": 55.0, "q15": 100.0, "q16": 26.0, "q17": 106.0, "q18": 26.0, "q19": 15.0, "q20": 50.0, "q21": 102.0, "q22": 37.0, "q23": 175.0, "q24": 200.0, "q25": 247.0, "q26": 73.0, "q27": 118.0, "q28": 234.0, "q29": 198.0, "q30": 133.0, "q31": 189.0, "q32": 40.0, "q33": 120.0, "q34": 233.0, "q35": 172.0, "q36": 193.0, "q37": 216.0, "q38": 3.0, "q39": 179.0, "q40": 18.0, "q41": 207.0, "q42": 222.0, "q43": 9.0, "q44": 175.0, "q45": 138.0, "q46": 155.0, "q47": 22.0, "q48": 91.0, "q49": 169.0, "q50": 3.0, "q51": 172.0, "q52": 21.0, "q53": 62.0, "q54": 211.0, "q55": 207.0, "q56": 93.0, "q57": 150.0, "q58": 189.0, "q59": 139.0, "q60": 81.0, "q61": 88.0, "q62": 139.0, "q63": 99.0}, "datetime": {"datetime": "2019-11-11 18:46:13", "elapsed": 1.1838, "delta": 0.006199}}
{"target": -0.10902198276561775, "params": {"q00": 47.0, "q01": 32.0, "q02": 21.0, "q03": 7.0, "q04": 227.0, "q05": 41.0, "q06": 155.0, "q07": 31.0, "q08": 9.0, "q09": 16.0, "q10": 118.0, "q11": 193.0, "q12": 104.0, "q13": 38.0, "q14": 117.0, "q15": 173.0, "q16": 86.0, "q17": 133.0, "q18": 30.0, "q19": 112.0, "q20": 230.0, "q21": 244.0, "q22": 3.0, "q23": 165.0, "q24": 3.0, "q25": 75.0, "q26": 20.0, "q27": 139.0, "q28": 228.0, "q29": 115.0, "q30": 246.0, "q31": 234.0, "q32": 84.0, "q33": 22.0, "q34": 56.0, "q35": 241.0, "q36": 14.0, "q37": 80.0, "q38": 63.0, "q39": 114.0, "q40": 157.0, "q41": 166.0, "q42": 247.0, "q43": 125.0, "q44": 22.0, "q45": 179.0, "q46": 240.0, "q47": 122.0, "q48": 203.0, "q49": 100.0, "q50": 186.0, "q51": 164.0, "q52": 184.0, "q53": 179.0, "q54": 35.0, "q55": 236.0, "q56": 59.0, "q57": 143.0, "q58": 148.0, "q59": 141.0, "q60": 249.0, "q61": 237.0, "q62": 135.0, "q63": 157.0}, "datetime": {"datetime": "2019-11-11 18:46:13", "elapsed": 1.18992, "delta": 0.00612}}
{"target": -0.09931927300375704, "params": {"q00": 33.0, "q01": 38.0, "q02": 73.0, "q03": 154.0, "q04": 205.0, "q05": 99.0, "q06": 15.0, "q07": 13.0, "q08": 17.0, "q09": 31.0, "q10": 100.0, "q11": 19.0, "q12": 241.0, "q13": 34.0, "q14": 56.0, "q15": 55.0, "q16": 55.0, "q17": 89.0, "q18": 75.0, "q19": 4.0, "q20": 67.0, "q21": 108.0, "q22": 26.0, "q23": 224.0, "q24": 2.0, "q25": 2.0, "q26": 17.0, "q27": 166.0, "q28": 106.0, "q29": 89.0, "q30": 237.0, "q31": 192.0, "q32": 172.0, "q33": 204.0, "q34": 101.0, "q35": 225.0, "q36": 131.0, "q37": 119.0, "q38": 198.0, "q39": 170.0, "q40": 124.0, "q41": 167.0, "q42": 99.0, "q43": 161.0, "q44": 246.0, "q45": 80.0, "q46": 78.0, "q47": 230.0, "q48": 107.0, "q49": 113.0, "q50": 233.0, "q51": 119.0, "q52": 207.0, "q53": 65.0, "q54": 134.0, "q55": 215.0, "q56": 237.0, "q57": 196.0, "q58": 233.0, "q59": 58.0, "q60": 120.0, "q61": 193.0, "q62": 190.0, "q63": 211.0}, "datetime": {"datetime": "2019-11-11 18:46:13", "elapsed": 1.196065, "delta": 0.006145}}
{"target": -0.11114943672908745, "params": {"q00": 1.0, "q01": 70.0, "q02": 23.0, "q03": 201.0, "q04": 42.0, "q05": 15.0, "q06": 244.0, "q07": 92.0, "q08": 40.0, "q09": 9.0, "q10": 9.0, "q11": 85.0, "q12": 192.0, "q13": 89.0, "q14": 181.0, "q15": 210.0, "q16": 9.0, "q17": 18.0, "q18": 79.0, "q19": 52.0, "q20": 144.0, "q21": 20.0, "q22": 204.0, "q23": 65.0, "q24": 194.0, "q25": 72.0, "q26": 207.0, "q27": 48.0, "q28": 113.0, "q29": 196.0, "q30": 93.0, "q31": 91.0, "q32": 5.0, "q33": 128.0, "q34": 1.0, "q35": 170.0, "q36": 69.0, "q37": 210.0, "q38": 122.0, "q39": 173.0, "q40": 134.0, "q41": 96.0, "q42": 252.0, "q43": 147.0, "q44": 8.0, "q45": 155.0, "q46": 52.0, "q47": 119.0, "q48": 238.0, "q49": 55.0, "q50": 39.0, "q51": 50.0, "q52": 40.0, "q53": 217.0, "q54": 63.0, "q55": 68.0, "q56": 165.0, "q57": 232.0, "q58": 5.0, "q59": 105.0, "q60": 90.0, "q61": 47.0, "q62": 136.0, "q63": 36.0}, "datetime": {"datetime": "2019-11-11 18:46:13", "elapsed": 1.2023, "delta": 0.006235}}
{"target": -0.1411492090284051, "params": {"q00": 24.0, "q01": 123.0, "q02": 58.0, "q03": 103.0, "q04": 167.0, "q05": 28.0, "q06": 141.0, "q07": 11.0, "q08": 9.0, "q09": 43.0, "q10": 97.0, "q11": 22.0, "q12": 177.0, "q13": 20.0, "q14": 189.0, "q15": 187.0, "q16": 30.0, "q17": 60.0, "q18": 125.0, "q19": 55.0, "q20": 81.0, "q21": 65.0, "q22": 169.0, "q23": 215.0, "q24": 214.0, "q25": 36.0, "q26": 46.0, "q27": 60.0, "q28": 187.0, "q29": 221.0, "q30": 152.0, "q31": 148.0, "q32": 91.0, "q33": 126.0, "q34": 72.0, "q35": 231.0, "q36": 187.0, "q37": 209.0, "q38": 128.0, "q39": 99.0, "q40": 72.0, "q41": 3.0, "q42": 251.0, "q43": 214.0, "q44": 228.0, "q45": 233.0, "q46": 45.0, "q47": 182.0, "q48": 150.0, "q49": 39.0, "q50": 10.0, "q51": 160.0, "q52": 56.0, "q53": 44.0, "q54": 150.0, "q55": 201.0, "q56": 45.0, "q57": 28.0, "q58": 2.0, "q59": 180.0, "q60": 253.0, "q61": 34.0, "q62": 192.0, "q63": 65.0}, "datetime": {"datetime": "2019-11-11 18:46:13", "elapsed": 1.208506, "delta": 0.006206}}
{"target": -0.10764240870116387, "params": {"q00": 4.0, "q01": 26.0, "q02": 61.0, "q03": 54.0, "q04": 165.0, "q05": 211.0, "q06": 238.0, "q07": 64.0, "q08": 38.0, "q09": 94.0, "q10": 51.0, "q11": 37.0, "q12": 176.0, "q13": 94.0, "q14": 118.0, "q15": 174.0, "q16": 118.0, "q17": 24.0, "q18": 2.0, "q19": 186.0, "q20": 51.0, "q21": 171.0, "q22": 9.0, "q23": 244.0, "q24": 26.0, "q25": 254.0, "q26": 203.0, "q27": 187.0, "q28": 190.0, "q29": 100.0, "q30": 150.0, "q31": 100.0, "q32": 147.0, "q33": 155.0, "q34": 247.0, "q35": 170.0, "q36": 26.0, "q37": 84.0, "q38": 44.0, "q39": 208.0, "q40": 112.0, "q41": 109.0, "q42": 207.0, "q43": 109.0, "q44": 112.0, "q45": 144.0, "q46": 127.0, "q47": 90.0, "q48": 227.0, "q49": 232.0, "q50": 215.0, "q51": 252.0, "q52": 111.0, "q53": 165.0, "q54": 39.0, "q55": 245.0, "q56": 163.0, "q57": 79.0, "q58": 36.0, "q59": 238.0, "q60": 198.0, "q61": 193.0, "q62": 189.0, "q63": 200.0}, "datetime": {"datetime": "2019-11-11 18:46:13", "elapsed": 1.214669, "delta": 0.006163}}
{"target": -0.12632661999418704, "params": {"q00": 16.0, "q01": 67.0, "q02": 154.0, "q03": 135.0, "q04": 8.0, "q05": 76.0, "q06": 27.0, "q07": 11.0, "q08": 1.0, "q09": 35.0, "q10": 60.0, "q11": 198.0, "q12": 135.0, "q13": 28.0, "q14": 130.0, "q15": 33.0, "q16": 89.0, "q17": 24.0, "q18": 1.0, "q19": 33.0, "q20": 36.0, "q21": 90.0, "q22": 129.0, "q23": 205.0, "q24": 33.0, "q25": 109.0, "q26": 113.0, "q27": 23.0, "q28": 227.0, "q29": 37.0, "q30": 200.0, "q31": 33.0, "q32": 120.0, "q33": 127.0, "q34": 97.0, "q35": 80.0, "q36": 103.0, "q37": 186.0, "q38": 1.0, "q39": 217.0, "q40": 21.0, "q41": 215.0, "q42": 63.0, "q43": 66.0, "q44": 104.0, "q45": 172.0, "q46": 180.0, "q47": 54.0, "q48": 60.0, "q49": 93.0, "q50": 66.0, "q51": 24.0, "q52": 189.0, "q53": 168.0, "q54": 170.0, "q55": 74.0, "q56": 246.0, "q57": 183.0, "q58": 84.0, "q59": 103.0, "q60": 91.0, "q61": 173.0, "q62": 227.0, "q63": 58.0}, "datetime": {"datetime": "2019-11-11 18:46:13", "elapsed": 1.221041, "delta": 0.006372}}
{"target": -0.09344251353336419, "params": {"q00": 17.0, "q01": 14.0, "q02": 195.0, "q03": 81.0, "q04": 30.0, "q05": 73.0, "q06": 113.0, "q07": 180.0, "q08": 27.0, "q09": 15.0, "q10": 102.0, "q11": 14.0, "q12": 105.0, "q13": 212.0, "q14": 238.0, "q15": 148.0, "q16": 36.0, "q17": 89.0, "q18": 43.0, "q19": 198.0, "q20": 95.0, "q21": 224.0, "q22": 66.0, "q23": 213.0, "q24": 14.0, "q25": 79.0, "q26": 130.0, "q27": 34.0, "q28": 49.0, "q29": 197.0, "q30": 40.0, "q31": 151.0, "q32": 10.0, "q33": 130.0, "q34": 141.0, "q35": 2.0, "q36": 30.0, "q37": 219.0, "q38": 91.0, "q39": 214.0, "q40": 18.0, "q41": 199.0, "q42": 227.0, "q43": 233.0, "q44": 111.0, "q45": 89.0, "q46": 219.0, "q47": 122.0, "q48": 35.0, "q49": 46.0, "q50": 142.0, "q51": 102.0, "q52": 60.0, "q53": 119.0, "q54": 228.0, "q55": 175.0, "q56": 134.0, "q57": 107.0, "q58": 217.0, "q59": 246.0, "q60": 83.0, "q61": 252.0, "q62": 203.0, "q63": 249.0}, "datetime": {"datetime": "2019-11-11 18:46:13", "elapsed": 1.22759, "delta": 0.006549}}
{"target": -0.12685005612846018, "params": {"q00": 3.0, "q01": 16.0, "q02": 241.0, "q03": 119.0, "q04": 232.0, "q05": 50.0, "q06": 18.0, "q07": 1.0, "q08": 27.0, "q09": 61.0, "q10": 16.0, "q11": 164.0, "q12": 162.0, "q13": 29.0, "q14": 145.0, "q15": 97.0, "q16": 13.0, "q17": 163.0, "q18": 37.0, "q19": 106.0, "q20": 60.0, "q21": 184.0, "q22": 158.0, "q23": 198.0, "q24": 219.0, "q25": 128.0, "q26": 54.0, "q27": 136.0, "q28": 247.0, "q29": 111.0, "q30": 237.0, "q31": 66.0, "q32": 136.0, "q33": 52.0, "q34": 141.0, "q35": 154.0, "q36": 112.0, "q37": 158.0, "q38": 55.0, "q39": 85.0, "q40": 10.0, "q41": 37.0, "q42": 232.0, "q43": 179.0, "q44": 13.0, "q45": 240.0, "q46": 156.0, "q47": 203.0, "q48": 175.0, "q49": 27.0, "q50": 26.0, "q51": 121.0, "q52": 115.0, "q53": 134.0, "q54": 50.0, "q55": 15.0, "q56": 130.0, "q57": 26.0, "q58": 193.0, "q59": 75.0, "q60": 101.0, "q61": 223.0, "q62": 252.0, "q63": 194.0}, "datetime": {"datetime": "2019-11-11 18:46:13", "elapsed": 1.233798, "delta": 0.006208}}
