{"target": -0.14721303583519352, "params": {"q00": 7.0, "q01": 61.0, "q02": 45.0, "q03": 254.0, "q04": 163.0, "q05": 143.0, "q06": 192.0, "q07": 209.0, "q08": 6.0, "q09": 56.0, "q10": 175.0, "q11": 66.0, "q12": 254.0, "q13": 182.0, "q14": 165.0, "q15": 230.0, "q16": 62.0, "q17": 49.0, "q18": 162.0, "q19": 26.0, "q20": 6.0, "q21": 190.0, "q22": 39.0, "q23": 66.0, "q24": 97.0, "q25": 26.0, "q26": 109.0, "q27": 161.0, "q28": 247.0, "q29": 101.0, "q30": 237.0, "q31": 37.0, "q32": 188.0, "q33": 143.0, "q34": 166.0, "q35": 44.0, "q36": 79.0, "q37": 47.0, "q38": 120.0, "q39": 51.0, "q40": 195.0, "q41": 41.0, "q42": 204.0, "q43": 205.0, "q44": 44.0, "q45": 139.0, "q46": 19.0, "q47": 225.0, "q48": 181.0, "q49": 134.0, "q50": 232.0, "q51": 216.0, "q52": 161.0, "q53": 1.0, "q54": 166.0, "q55": 23.0, "q56": 142.0, "q57": 213.0, "q58": 54.0, "q59": 124.0, "q60": 41.0, "q61": 152.0, "q62": 51.0, "q63": 51.0}, "datetime": {"datetime": "2019-11-11 18:46:15", "elapsed": 2.828744, "delta": 0.007543}}
{"target": -0.09911420018496342, "params": {"q00": 32.0, "q01": 51.0, "q02": 29.0, "q03": 74.0, "q04": 112.0, "q05": 15.0, "q06": 88.0, "q07": 185.0, "q08": 46.0, "q09": 36.0, "q10": 25.0, "q11": 237.0, "q12": 6.0, "q13": 236.0, "q14": 214.0, "q15": 207.0, "q16": 8.0, "q17": 34.0, "q18": 91.0, "q19": 196.0, "q20": 244.0, "q21": 197.0, "q22": 74.0, "q23": 209.0, "q24": 19.0, "q25": 42.0, "q26": 37.0, "q27": 160.0, "q28": 144.0, "q29": 212.0, "q30": 185.0, "q31": 86.0, "q32": 178.0, "q33": 137.0, "q34": 56.0, "q35": 28.0, "q36": 103.0, "q37": 13.0, "q38": 82.0, "q39": 127.0, "q40": 92.0, "q41": 65.0, "q42": 100.0, "q43": 157.0, "q44": 214.0, "q45": 251.0, "q46": 204.0, "q47": 244.0, "q48": 161.0, "q49": 1.0, "q50": 119.0, "q51": 46.0, "q52": 101.0, "q53": 26.0, "q54": 84.0, "q55": 74.0, "q56": 3.0, "q57": 124.0, "q58": 219.0, "q59": 155.0, "q60": 158.0, "q61": 12.0, "q62": 174.0, "q63": 194.0}, "datetime": {"datetime": "2019-11-11 18:46:15", "elapsed": 2.836432, "delta": 0.007688}}
{"target": -0.10384859073834568, "params": {"q00": 23.0, "q01": 5.0, "q02": 29.0, "q03": 4.0, "q04": 68.0, "q05": 127.0, "q06": 16.0, "q07": 19.0, "q08": 54.0, "q09": 30.0, "q10": 11.0, "q11": 49.0, "q12": 116.0, "q13": 225.0, "q14": 4.0, "q15": 239.0, "q16": 58.0, "q17": 119.0, "q18": 93.0, "q19": 43.0, "q20": 154.0, "q21": 196.0, "q22": 65.0, "q23": 184.0, "q24": 94.0, "q25": 111.0, "q26": 39.0, "q27": 82.0, "q28": 133.0, "q29": 23.0, "q30": 29.0, "q31": 237.0, "q32": 92.0, "q33": 91.0, "q34": 178.0, "q35": 115.0, "q36": 79.0, "q37": 175.0, "q38": 60.0, "q39": 165.0, "q40": 250.0, "q41": 85.0, "q42": 1.0, "q43": 205.0, "q44": 230.0, "q45": 207.0, "q46": 159.0, "q47": 164.0, "q48": 207.0, "q49": 248.0, "q50": 105.0, "q51": 180.0, "q52": 170.0, "q53": 147.0, "q54": 146.0, "q55": 221.0, "q56": 33.0, "q57": 221.0, "q58": 245.0, "q59": 222.0, "q60": 145.0, "q61": 216.0, "q62": 60.0, "q63": 248.0}, "datetime": {"datetime": "2019-11-11 18:46:15", "elapsed": 2.843994, "delta": 0.007562}}
{"target": -0.1090387544117411, "params": {"q00": 6.0, "q01": 63.0, "q02": 152.0, "q03": 212.0, "q04": 249.0, "q05": 228.0, "q06": 164.0, "q07": 19.0, "q08": 17.0, "q09": 36.0, "q10": 11.0, "q11": 2.0, "q12": 134.0, "q13": 190.0, "q14": 218.0, "q15": 94.0, "q16": 9.0, "q17": 112.0, "q18": 24.0, "q19": 251.0, "q20": 231.0, "q21": 44.0, "q22": 137.0, "q23": 213.0, "q24": 193.0, "q25": 104.0, "q26": 101.0, "q27": 233.0, "q28": 247.0, "q29": 247.0, "q30": 131.0, "q31": 36.0, "q32": 248.0, "q33": 69.0, "q34": 185.0, "q35": 157.0, "q36": 227.0, "q37": 43.0, "q38": 60.0, "q39": 14.0, "q40": 77.0, "q41": 62.0, "q42": 41.0, "q43": 208.0, "q44": 218.0, "q45": 198.0, "q46": 79.0, "q47": 214.0, "q48": 20.0, "q49": 35.0, "q50": 137.0, "q51": 39.0, "q52": 153.0, "q53": 226.0, "q54": 139.0, "q55": 71.0, "q56": 163.0, "q57": 238.0, "q58": 236.0, "q59": 163.0, "q60": 168.0, "q61": 247.0, "q62": 159.0, "q63": 9.0}, "datetime": {"datetime": "2019-11-11 18:46:15", "elapsed": 2.852042, "delta": 0.008048}}
{"target": -0.10309491755985689, "params": {"q00": 32.0, "q01": 22.0, "q02": 65.0, "q03": 28.0, "q04": 156.0, "q05": 218.0, "q06": 38.0, "q07": 92.0, "q08": 1.0, "q09": 27.0, "q10": 205.0, "q11": 169.0, "q12": 218.0, "q13": 32.0, "q14": 47.0, "q15": 167.0, "q16": 11.0, "q17": 39.0, "q18": 47.0, "q19": 154.0, "q20": 44.0, "q21": 148.0, "q22": 35.0, "q23": 174.0, "q24": 162.0, "q25": 131.0, "q26": 65.0, "q27": 42.0, "q28": 60.0, "q29": 7.0, "q30": 226.0, "q31": 140.0, "q32": 49.0, "q33": 198.0, "q34": 118.0, "q35": 200.0, "q36": 118.0, "q37": 37.0, "q38": 140.0, "q39": 93.0, "q40": 50.0, "q41": 223.0, "q42": 247.0, "q43": 125.0, "q44": 194.0, "q45": 82.0, "q46": 174.0, "q47": 131.0, "q48": 94.0, "q49": 201.0, "q50": 242.0, "q51": 223.0, "q52": 241.0, "q53": 252.0, "q54": 201.0, "q55": 253.0, "q56": 171.0, "q57": 18.0, "q58": 219.0, "q59": 250.0, "q60": 168.0, "q61": 127.0, "q62": 208.0, "q63": 236.0}, "datetime": {"datetime": "2019-11-11 18:46:15", "elapsed": 2.859768, "delta": 0.007726}}
{"target": -0.09739029047795378, "params": {"q00": 28.0, "q01": 6.0, "q02": 61.0, "q03": 26.0, "q04": 72.0, "q05": 175.0, "q06": 179.0, "q07": 147.0, "q08": 85.0, "q09": 23.0, "q10": 70.0, "q11": 32.0, "q12": 173.0, "q13": 1.0, "q14": 62.0, "q15": 27.0, "q16": 22.0, "q17": 48.0, "q18": 4.0, "q19": 77.0, "q20": 70.0, "q21": 78.0, "q22": 15.0, "q23": 239.0, "q24": 25.0, "q25": 129.0, "q26": 107.0, "q27": 172.0, "q28": 37.0, "q29": 184.0, "q30": 20.0, "q31": 176.0, "q32": 145.0, "q33": 12.0, "q34": 215.0, "q35": 20.0, "q36": 110.0, "q37": 206.0, "q38": 55.0, "q39": 35.0, "q40": 197.0, "q41": 18.0, "q42": 45.0, "q43": 181.0, "q44": 220.0, "q45": 216.0, "q46": 51.0, "q47": 145.0, "q48": 134.0, "q49": 4.0, "q50": 107.0, "q51": 214.0, "q52": 55.0, "q53": 122.0, "q54": 206.0, "q55": 109.0, "q56": 52.0, "q57": 84.0, "q58": 165.0, "q59": 18.0, "q60": 160.0, "q61": 50.0, "q62": 91.0, "q63": 241.0}, "datetime": {"datetime": "2019-11-11 18:46:15", "elapsed": 2.867324, "delta": 0.007556}}
{"target": -0.08355554912644259, "params": {"q00": 5.0, "q01": 8.0, "q02": 24.0, "q03": 18.0, "q04": 254.0, "q05": 246.0, "q06": 180.0, "q07": 14.0, "q08": 8.0, "q09": 60.0, "q10": 74.0, "q11": 200.0, "q12": 50.0, "q13": 233.0, "q14": 192.0, "q15": 215.0, "q16": 54.0, "q17": 26.0, "q18": 2.0, "q19": 88.0, "q20": 190.0, "q21": 59.0, "q22": 185.0, "q23": 86.0, "q24": 72.0, "q25": 62.0, "q26": 162.0, "q27": 228.0, "q28": 240.0, "q29": 222.0, "q30": 188.0, "q31": 125.0, "q32": 225.0, "q33": 7.0, "q34": 198.0, "q35": 87.0, "q36": 129.0, "q37": 18.0, "q38": 166.0, "q39": 114.0, "q40": 73.0, "q41": 24.0, "q42": 192.0, "q43": 241.0, "q44": 26.0, "q45": 128.0, "q46": 16.0, "q47": 173.0, "q48": 167.0, "q49": 180.0, "q50": 251.0, "q51": 123.0, "q52": 36.0, "q53": 200.0, "q54": 136.0, "q55": 167.0, "q56": 232.0, "q57": 228.0, "q58": 232.0, "q59": 65.0, "q60": 253.0, "q61": 74.0, "q62": 236.0, "q63": 18.0}, "datetime": {"datetime": "2019-11-11 18:46:15", "elapsed": 2.874719, "delta": 0.007395}}
{"target": -0.07390296347293263, "params": {"q00": 16.0, "q01": 21.0, "q02": 86.0, "q03": 30.0, "q04": 85.0, "q05": 124.0, "q06": 174.0, "q07": 69.0, "q08": 19.0, "q09": 36.0, "q10": 204.0, "q11": 111.0, "q12": 68.0, "q13": 245.0, "q14": 102.0, "q15": 183.0, "q16": 43.0, "q17": 21.0, "q18": 68.0, "q19": 106.0, "q20": 127.0, "q21": 23.0, "q22": 215.0, "q23": 201.0, "q24": 31.0, "q25": 36.0, "q26": 189.0, "q27": 118.0, "q28": 254.0, "q29": 176.0, "q30": 133.0, "q31": 177.0, "q32": 43.0, "q33": 144.0, "q34": 249.0, "q35": 151.0, "q36": 151.0, "q37": 24.0, "q38": 22.0, "q39": 244.0, "q40": 217.0, "q41": 75.0, "q42": 35.0, "q43": 21.0, "q44": 13.0, "q45": 126.0, "q46": 130.0, "q47": 11.0, "q48": 246.0, "q49": 151.0, "q50": 195.0, "q51": 221.0, "q52": 170.0, "q53": 39.0, "q54": 8.0, "q55": 139.0, "q56": 251.0, "q57": 58.0, "q58": 114.0, "q59": 13.0, "q60": 23.0, "q61": 221.0, "q62": 42.0, "q63": 50.0}, "datetime": {"datetime": "2019-11-11 18:46:15", "elapsed": 2.882137, "delta": 0.007418}}
{"target": -0.1104862466095885, "params": {"q00": 1.0, "q01": 17.0, "q02": 17.0, "q03": 242.0, "q04": 118.0, "q05": 150.0, "q06": 149.0, "q07": 144.0, "q08": 15.0, "q09": 81.0, "q10": 24.0, "q11": 25.0, "q12": 159.0, "q13": 174.0, "q14": 104.0, "q15": 198.0, "q16": 49.0, "q17": 92.0, "q18": 47.0, "q19": 49.0, "q20": 199.0, "q21": 173.0, "q22": 218.0, "q23": 17.0, "q24": 86.0, "q25": 185.0, "q26": 119.0, "q27": 240.0, "q28": 184.0, "q29": 50.0, "q30": 235.0, "q31": 51.0, "q32": 246.0, "q33": 7.0, "q34": 57.0, "q35": 105.0, "q36": 228.0, "q37": 140.0, "q38": 169.0, "q39": 47.0, "q40": 57.0, "q41": 214.0, "q42": 208.0, "q43": 133.0, "q44": 200.0, "q45": 119.0, "q46": 47.0, "q47": 67.0, "q48": 120.0, "q49": 1.0, "q50": 112.0, "q51": 252.0, "q52": 6.0, "q53": 243.0, "q54": 157.0, "q55": 113.0, "q56": 186.0, "q57": 172.0, "q58": 169.0, "q59": 72.0, "q60": 188.0, "q61": 23.0, "q62": 168.0, "q63": 65.0}, "datetime": {"datetime": "2019-11-11 18:46:15", "elapsed": 2.889552, "delta": 0.007415}}
{"target": -0.11860877611887433, "params": {"q00": 21.0, "q01": 62.0, "q02": 131.0, "q03": 113.0, "q04": 60.0, "q05": 213.0, "q06": 154.0, "q07": 94.0, "q08": 55.0, "q09": 12.0, "q10": 56.0, "q11": 18.0, "q12": 19.0, "q13": 25.0, "q14": 8.0, "q15": 4.0, "q16": 111.0, "q17": 74.0, "q18": 10.0, "q19": 83.0, "q20": 167.0, "q21": 208.0, "q22": 96.0, "q23": 243.0, "q24": 36.0, "q25": 102.0, "q26": 174.0, "q27": 6.0, "q28": 143.0, "q29": 165.0, "q30": 174.0, "q31": 180.0, "q32": 126.0, "q33": 251.0, "q34": 56.0, "q35": 38.0, "q36": 136.0, "q37": 167.0, "q38": 31.0, "q39": 73.0, "q40": 72.0, "q41": 96.0, "q42": 247.0, "q43": 184.0, "q44": 203.0, "q45": 4.0, "q46": 249.0, "q47": 168.0, "q48": 93.0, "q49": 252.0, "q50": 134.0, "q51": 243.0, "q52": 219.0, "q53": 197.0, "q54": 43.0, "q55": 114.0, "q56": 105.0, "q57": 105.0, "q58": 10.0, "q59": 117.0, "q60": 191.0, "q61": 12.0, "q62": 178.0, "q63": 192.0}, "datetime": {"datetime": "2019-11-11 18:46:15", "elapsed": 2.896881, "delta": 0.007329}}
{"target": -0.1101028423949052, "params": {"q00": 17.0, "q01": 27.0, "q02": 50.0, "q03": 4.0, "q04": 195.0, "q05": 84.0, "q06": 203.0, "q07": 4.0, "q08": 11.0, "q09": 99.0, "q10": 85.0, "q11": 73.0, "q12": 193.0, "q13": 60.0, "q14": 147.0, "q15": 133.0, "q16": 16.0, "q17": 8.0, "q18": 72.0, "q19": 33.0, "q20": 190.0, "q21": 229.0, "q22": 227.0, "q23": 246.0, "q24": 154.0, "q25": 176.0, "q26": 177.0, "q27": 127.0, "q28": 11.0, "q29": 186.0, "q30": 138.0, "q31": 168.0, "q32": 109.0, "q33": 239.0, "q34": 229.0, "q35": 67.0, "q36": 195.0, "q37": 143.0, "q38": 8.0, "q39": 87.0, "q40": 63.0, "q41": 71.0, "q42": 46.0, "q43": 195.0, "q44": 108.0, "q45": 71.0, "q46": 220.0, "q47": 218.0, "q48": 168.0, "q49": 177.0, "q50": 13.0, "q51": 87.0, "q52": 83.0, "q53": 228.0, "q54": 3.0, "q55": 230.0, "q56": 44.0, "q57": 225.0, "q58": 111.0, "q59": 108.0, "q60": 214.0, "q61": 198.0, "q62": 48.0, "q63": 47.0}, "datetime": {"datetime": "2019-11-11 18:46:15", "elapsed": 2.904401, "delta": 0.00752}}
{"target": -0.10441946364457444, "params": {"q00": 2.0, "q01": 56.0, "q02": 72.0, "q03": 143.0, "q04": 78.0, "q05": 240.0, "q06": 138.0, "q07": 189.0, "q08": 36.0, "q09": 12.0, "q10": 66.0, "q11": 20.0, "q12": 189.0, "q13": 162.0, "q14": 178.0, "q15": 116.0, "q16": 24.0, "q17": 1.0, "q18": 89.0, "q19": 95.0, "q20": 128.0, "q21": 154.0, "q22": 203.0, "q23": 155.0, "q24": 65.0, "q25": 19.0, "q26": 63.0, "q27": 215.0, "q28": 182.0, "q29": 123.0, "q30": 81.0, "q31": 111.0, "q32": 242.0, "q33": 59.0, "q34": 4.0, "q35": 87.0, "q36": 171.0, "q37": 231.0, "q38": 38.0, "q39": 216.0, "q40": 196.0, "q41": 126.0, "q42": 80.0, "q43": 165.0, "q44": 195.0, "q45": 129.0, "q46": 232.0, "q47": 133.0, "q48": 127.0, "q49": 254.0, "q50": 168.0, "q51": 70.0, "q52": 107.0, "q53": 46.0, "q54": 64.0, "q55": 45.0, "q56": 9.0, "q57": 231.0, "q58": 70.0, "q59": 231.0, "q60": 130.0, "q61": 176.0, "q62": 114.0, "q63": 161.0}, "datetime": {"datetime": "2019-11-11 18:46:15", "elapsed": 2.91217, "delta": 0.007769}}
{"target": -0.11651791642587722, "params": {"q00": 3.0, "q01": 14.0, "q02": 94.0, "q03": 170.0, "q04": 161.0, "q05": 203.0, "q06": 200.0, "q07": 91.0, "q08": 3.0, "q09": 29.0, "q10": 85.0, "q11": 8.0, "q12": 67.0, "q13": 110.0, "q14": 159.0, "q15": 239.0, "q16": 124.0, "q17": 36.0, "q18": 46.0, "q19": 39.0, "q20": 210.0, "q21": 110.0, "q22": 237.0, "q23": 1.0, "q24": 158.0, "q25": 17.0, "q26": 135.0, "q27": 57.0, "q28": 178.0, "q29": 64.0, "q30": 96.0, "q31": 211.0, "q32": 139.0, "q33": 194.0, "q34": 225.0, "q35": 35.0, "q36": 94.0, "q37": 128.0, "q38": 230.0, "q39": 107.0, "q40": 36.0, "q41": 180.0, "q42": 84.0, "q43": 119.0, "q44": 84.0, "q45": 48.0, "q46": 146.0, "q47": 209.0, "q48": 89.0, "q49": 51.0, "q50": 254.0, "q51": 196.0, "q52": 204.0, "q53": 141.0, "q54": 155.0, "q55": 206.0, "q56": 60.0, "q57": 65.0, "q58": 114.0, "q59": 115.0, "q60": 2.0, "q61": 215.0, "q62": 236.0, "q63": 193.0}, "datetime": {"datetime": "2019-11-11 18:46:15", "elapsed": 2.919587, "delta": 0.007417}}
{"target": -0.11014181978598364, "params": {"q00": 10.0, "q01": 19.0, "q02": 213.0, "q03": 222.0, "q04": 218.0, "q05": 209.0, "q06": 159.0, "q07": 84.0, "q08": 30.0, "q09": 34.0, "q10": 27.0, "q11": 10.0, "q12": 231.0, "q13": 179.0, "q14": 247.0, "q15": 197.0, "q16": 13.0, "q17": 165.0, "q18": 122.0, "q19": 185.0, "q20": 80.0, "q21": 209.0, "q22": 221.0, "q23": 169.0, "q24": 97.0, "q25": 30.0, "q26": 107.0, "q27": 170.0, "q28": 234.0, "q29": 238.0, "q30": 132.0, "q31": 234.0, "q32": 173.0, "q33": 166.0, "q34": 112.0, "q35": 251.0, "q36": 12.0, "q37": 11.0, "q38": 219.0, "q39": 7.0, "q40": 233.0, "q41": 8.0, "q42": 196.0, "q43": 68.0, "q44": 105.0, "q45": 203.0, "q46": 252.0, "q47": 197.0, "q48": 65.0, "q49": 133.0, "q50": 185.0, "q51": 223.0, "q52": 17.0, "q53": 232.0, "q54": 144.0, "q55": 211.0, "q56": 108.0, "q57": 155.0, "q58": 140.0, "q59": 161.0, "q60": 110.0, "q61": 136.0, "q62": 239.0, "q63": 143.0}, "datetime": {"datetime": "2019-11-11 18:46:15", "elapsed": 2.92712, "delta": 0.007533}}
{"target": -0.108711486730444, "params": {"q00": 11.0, "q01": 7.0, "q02": 36.0, "q03": 140.0, "q04": 205.0, "q05": 242.0, "q06": 85.0, "q07": 105.0, "q08": 11.0, "q09": 122.0, "q10": 90.0, "q11": 76.0, "q12": 191.0, "q13": 43.0, "q14": 144.0, "q15": 58.0, "q16": 6.0, "q17": 1.0, "q18": 51.0, "q19": 58.0, "q20": 172.0, "q21": 193.0, "q22": 56.0, "q23": 137.0, "q24": 140.0, "q25": 173.0, "q26": 29.0, "q27": 82.0, "q28": 3.0, "q29": 123.0, "q30": 214.0, "q31": 52.0, "q32": 125.0, "q33": 154.0, "q34": 210.0, "q35": 248.0, "q36": 190.0, "q37": 222.0, "q38": 245.0, "q39": 77.0, "q40": 167.0, "q41": 53.0, "q42": 54.0, "q43": 24.0, "q44": 219.0, "q45": 155.0, "q46": 215.0, "q47": 174.0, "q48": 198.0, "q49": 238.0, "q50": 180.0, "q51": 155.0, "q52": 202.0, "q53": 252.0, "q54": 213.0, "q55": 225.0, "q56": 36.0, "q57": 149.0, "q58": 185.0, "q59": 91.0, "q60": 82.0, "q61": 18.0, "q62": 71.0, "q63": 156.0}, "datetime": {"datetime": "2019-11-11 18:46:15", "elapsed": 2.934301, "delta": 0.007181}}
{"target": -0.10336370619390745, "params": {"q00": 12.0, "q01": 12.0, "q02": 17.0, "q03": 84.0, "q04": 117.0, "q05": 23.0, "q06": 40.0, "q07": 135.0, "q08": 6.0, "q09": 40.0, "q10": 72.0, "q11": 106.0, "q12": 244.0, "q13": 137.0, "q14": 97.0, "q15": 69.0, "q16": 45.0, "q17": 36.0, "q18": 75.0, "q19": 142.0, "q20": 98.0, "q21": 115.0, "q22": 254.0, "q23": 137.0, "q24": 115.0, "q25": 232.0, "q26": 10.0, "q27": 1.0, "q28": 162.0, "q29": 39.0, "q30": 88.0, "q31": 169.0, "q32": 159.0, "q33": 68.0, "q34": 250.0, "q35": 51.0, "q36": 1.0, "q37": 18.0, "q38": 200.0, "q39": 130.0, "q40": 42.0, "q41": 66.0, "q42": 29.0, "q43": 172.0, "q44": 138.0, "q45": 52.0, "q46": 241.0, "q47": 175.0, "q48": 183.0, "q49": 141.0, "q50": 90.0, "q51": 163.0, "q52": 188.0, "q53": 25.0, "q54": 203.0, "q55": 14.0, "q56": 251.0, "q57": 194.0, "q58": 80.0, "q59": 10.0, "q60": 31.0, "q61": 151.0, "q62": 138.0, "q63": 104.0}, "datetime": {"datetime": "2019-11-11 18:46:15", "elapsed": 2.941325, "delta": 0.007024}}
{"target": -0.1239951112127457, "params": {"q00": 7.0, "q01": 10.0, "q02": 83.0, "q03": 116.0, "q04": 219.0, "q05": 115.0, "q06": 227.0, "q07": 108.0, "q08": 44.0, "q09": 1.0, "q10": 65.0, "q11": 88.0, "q12": 83.0, "q13": 48.0, "q14": 187.0, "q15": 241.0, "q16": 4.0, "q17": 131.0, "q18": 73.0, "q19": 212.0, "q20": 144.0, "q21": 6.0, "q22": 72.0, "q23": 236.0, "q24": 190.0, "q25": 41.0, "q26": 123.0, "q27": 121.0, "q28": 50.0, "q29": 122.0, "q30": 48.0, "q31": 108.0, "q32": 5.0, "q33": 143.0, "q34": 141.0, "q35": 1.0, "q36": 189.0, "q37": 183.0, "q38": 211.0, "q39": 194.0, "q40": 187.0, "q41": 97.0, "q42": 170.0, "q43": 223.0, "q44": 217.0, "q45": 239.0, "q46": 186.0, "q47": 31.0, "q48": 77.0, "q49": 87.0, "q50": 237.0, "q51": 145.0, "q52": 49.0, "q53": 242.0, "q54": 142.0, "q55": 79.0, "q56": 195.0, "q57": 209.0, "q58": 18.0, "q59": 79.0, "q60": 167.0, "q61": 129.0, "q62": 157.0, "q63": 228.0}, "datetime": {"datetime": "2019-11-11 18:46:15", "elapsed": 2.948416, "delta": 0.007091}}
{"target": -0.08269146242139042, "params": {"q00": 5.0, "q01": 23.0, "q02": 21.0, "q03": 62.0, "q04": 165.0, "q05": 19.0, "q06": 43.0, "q07": 201.0, "q08": 31.0, "q09": 148.0, "q10": 153.0, "q11": 20.0, "q12": 90.0, "q13": 171.0, "q14": 234.0, "q15": 250.0, "q16": 26.0, "q17": 32.0, "q18": 21.0, "q19": 68.0, "q20": 131.0, "q21": 109.0, "q22": 230.0, "q23": 170.0, "q24": 43.0, "q25": 111.0, "q26": 250.0, "q27": 29.0, "q28": 198.0, "q29": 186.0, "q30": 220.0, "q31": 42.0, "q32": 193.0, "q33": 171.0, "q34": 84.0, "q35": 111.0, "q36": 245.0, "q37": 34.0, "q38": 53.0, "q39": 115.0, "q40": 95.0, "q41": 95.0, "q42": 102.0, "q43": 35.0, "q44": 157.0, "q45": 194.0, "q46": 171.0, "q47": 112.0, "q48": 17.0, "q49": 240.0, "q50": 111.0, "q51": 115.0, "q52": 65.0, "q53": 52.0, "q54": 53.0, "q55": 73.0, "q56": 145.0, "q57": 103.0, "q58": 204.0, "q59": 49.0, "q60": 60.0, "q61": 8.0, "q62": 251.0, "q63": 238.0}, "datetime": {"datetime": "2019-11-11 18:46:15", "elapsed": 2.955519, "delta": 0.007103}}
{"target": -0.12293198021840224, "params": {"q00": 3.0, "q01": 28.0, "q02": 175.0, "q03": 245.0, "q04": 127.0, "q05": 210.0, "q06": 19.0, "q07": 65.0, "q08": 9.0, "q09": 19.0, "q10": 79.0, "q11": 13.0, "q12": 51.0, "q13": 11.0, "q14": 118.0, "q15": 158.0, "q16": 238.0, "q17": 5.0, "q18": 12.0, "q19": 82.0, "q20": 81.0, "q21": 113.0, "q22": 243.0, "q23": 85.0, "q24": 44.0, "q25": 54.0, "q26": 146.0, "q27": 249.0, "q28": 211.0, "q29": 29.0, "q30": 55.0, "q31": 70.0, "q32": 155.0, "q33": 24.0, "q34": 1.0, "q35": 74.0, "q36": 216.0, "q37": 125.0, "q38": 63.0, "q39": 77.0, "q40": 221.0, "q41": 132.0, "q42": 201.0, "q43": 172.0, "q44": 43.0, "q45": 76.0, "q46": 27.0, "q47": 116.0, "q48": 225.0, "q49": 10.0, "q50": 225.0, "q51": 40.0, "q52": 54.0, "q53": 23.0, "q54": 26.0, "q55": 116.0, "q56": 215.0, "q57": 148.0, "q58": 174.0, "q59": 206.0, "q60": 80.0, "q61": 15.0, "q62": 38.0, "q63": 162.0}, "datetime": {"datetime": "2019-11-11 18:46:15", "elapsed": 2.962773, "delta": 0.007254}}
{"target": -0.06458324012142957, "params": {"q00": 2.0, "q01": 1.0, "q02": 28.0, "q03": 152.0, "q04": 231.0, "q05": 32.0, "q06": 239.0, "q07": 147.0, "q08": 24.0, "q09": 26.0, "q10": 39.0, "q11": 74.0, "q12": 249.0, "q13": 18.0, "q14": 157.0, "q15": 223.0, "q16": 10.0, "q17": 23.0, "q18": 48.0, "q19": 111.0, "q20": 114.0, "q21": 196.0, "q22": 48.0, "q23": 50.0, "q24": 33.0, "q25": 16.0, "q26": 99.0, "q27": 171.0, "q28": 24.0, "q29": 166.0, "q30": 222.0, "q31": 57.0, "q32": 9.0, "q33": 196.0, "q34": 151.0, "q35": 235.0, "q36": 103.0, "q37": 193.0, "q38": 31.0, "q39": 142.0, "q40": 205.0, "q41": 49.0, "q42": 110.0, "q43": 87.0, "q44": 29.0, "q45": 231.0, "q46": 231.0, "q47": 114.0, "q48": 181.0, "q49": 130.0, "q50": 82.0, "q51": 140.0, "q52": 16.0, "q53": 139.0, "q54": 16.0, "q55": 195.0, "q56": 70.0, "q57": 65.0, "q58": 173.0, "q59": 187.0, "q60": 198.0, "q61": 164.0, "q62": 210.0, "q63": 175.0}, "datetime": {"datetime": "2019-11-11 18:46:15", "elapsed": 2.969999, "delta": 0.007226}}
{"target": -0.14865271353262682, "params": {"q00": 112.0, "q01": 10.0, "q02": 37.0, "q03": 20.0, "q04": 173.0, "q05": 201.0, "q06": 239.0, "q07": 113.0, "q08": 42.0, "q09": 42.0, "q10": 93.0, "q11": 45.0, "q12": 91.0, "q13": 3.0, "q14": 142.0, "q15": 190.0, "q16": 6.0, "q17": 144.0, "q18": 39.0, "q19": 15.0, "q20": 66.0, "q21": 196.0, "q22": 204.0, "q23": 157.0, "q24": 146.0, "q25": 196.0, "q26": 112.0, "q27": 145.0, "q28": 227.0, "q29": 80.0, "q30": 241.0, "q31": 183.0, "q32": 99.0, "q33": 71.0, "q34": 159.0, "q35": 125.0, "q36": 186.0, "q37": 16.0, "q38": 93.0, "q39": 105.0, "q40": 128.0, "q41": 112.0, "q42": 20.0, "q43": 140.0, "q44": 63.0, "q45": 144.0, "q46": 209.0, "q47": 162.0, "q48": 138.0, "q49": 220.0, "q50": 100.0, "q51": 195.0, "q52": 17.0, "q53": 34.0, "q54": 180.0, "q55": 216.0, "q56": 28.0, "q57": 149.0, "q58": 131.0, "q59": 91.0, "q60": 247.0, "q61": 18.0, "q62": 254.0, "q63": 149.0}, "datetime": {"datetime": "2019-11-11 18:46:15", "elapsed": 2.977276, "delta": 0.007277}}
{"target": -0.15081860737981406, "params": {"q00": 54.0, "q01": 26.0, "q02": 63.0, "q03": 127.0, "q04": 113.0, "q05": 205.0, "q06": 100.0, "q07": 111.0, "q08": 86.0, "q09": 30.0, "q10": 142.0, "q11": 242.0, "q12": 13.0, "q13": 128.0, "q14": 133.0, "q15": 137.0, "q16": 36.0, "q17": 40.0, "q18": 7.0, "q19": 185.0, "q20": 8.0, "q21": 245.0, "q22": 241.0, "q23": 246.0, "q24": 124.0, "q25": 72.0, "q26": 31.0, "q27": 135.0, "q28": 234.0, "q29": 4.0, "q30": 48.0, "q31": 37.0, "q32": 209.0, "q33": 66.0, "q34": 246.0, "q35": 156.0, "q36": 53.0, "q37": 226.0, "q38": 115.0, "q39": 169.0, "q40": 91.0, "q41": 48.0, "q42": 11.0, "q43": 77.0, "q44": 83.0, "q45": 27.0, "q46": 59.0, "q47": 108.0, "q48": 186.0, "q49": 141.0, "q50": 6.0, "q51": 75.0, "q52": 23.0, "q53": 208.0, "q54": 7.0, "q55": 208.0, "q56": 4.0, "q57": 92.0, "q58": 51.0, "q59": 214.0, "q60": 3.0, "q61": 115.0, "q62": 99.0, "q63": 237.0}, "datetime": {"datetime": "2019-11-11 18:46:15", "elapsed": 2.984814, "delta": 0.007538}}
