{"target": -0.1208715547393796, "params": {"q00": 17.0, "q01": 22.0, "q02": 65.0, "q03": 140.0, "q04": 51.0, "q05": 141.0, "q06": 49.0, "q07": 36.0, "q08": 22.0, "q09": 145.0, "q10": 21.0, "q11": 19.0, "q12": 6.0, "q13": 27.0, "q14": 128.0, "q15": 16.0, "q16": 25.0, "q17": 134.0, "q18": 94.0, "q19": 100.0, "q20": 237.0, "q21": 78.0, "q22": 122.0, "q23": 226.0, "q24": 47.0, "q25": 240.0, "q26": 61.0, "q27": 172.0, "q28": 105.0, "q29": 220.0, "q30": 213.0, "q31": 135.0, "q32": 1.0, "q33": 20.0, "q34": 11.0, "q35": 2.0, "q36": 103.0, "q37": 150.0, "q38": 127.0, "q39": 54.0, "q40": 80.0, "q41": 28.0, "q42": 156.0, "q43": 17.0, "q44": 133.0, "q45": 190.0, "q46": 180.0, "q47": 180.0, "q48": 209.0, "q49": 210.0, "q50": 143.0, "q51": 98.0, "q52": 65.0, "q53": 220.0, "q54": 207.0, "q55": 213.0, "q56": 75.0, "q57": 135.0, "q58": 246.0, "q59": 139.0, "q60": 62.0, "q61": 94.0, "q62": 254.0, "q63": 26.0}, "datetime": {"datetime": "2019-11-11 18:46:12", "elapsed": 0.611911, "delta": 0.004032}}
{"target": -0.17655978939747807, "params": {"q00": 5.0, "q01": 99.0, "q02": 6.0, "q03": 161.0, "q04": 207.0, "q05": 196.0, "q06": 22.0, "q07": 139.0, "q08": 15.0, "q09": 83.0, "q10": 155.0, "q11": 177.0, "q12": 208.0, "q13": 91.0, "q14": 248.0, "q15": 225.0, "q16": 13.0, "q17": 35.0, "q18": 159.0, "q19": 98.0, "q20": 179.0, "q21": 130.0, "q22": 174.0, "q23": 1.0, "q24": 78.0, "q25": 127.0, "q26": 216.0, "q27": 156.0, "q28": 133.0, "q29": 207.0, "q30": 217.0, "q31": 20.0, "q32": 206.0, "q33": 188.0, "q34": 8.0, "q35": 76.0, "q36": 86.0, "q37": 183.0, "q38": 225.0, "q39": 59.0, "q40": 89.0, "q41": 109.0, "q42": 23.0, "q43": 235.0, "q44": 235.0, "q45": 204.0, "q46": 239.0, "q47": 14.0, "q48": 122.0, "q49": 224.0, "q50": 116.0, "q51": 189.0, "q52": 116.0, "q53": 184.0, "q54": 244.0, "q55": 22.0, "q56": 217.0, "q57": 189.0, "q58": 252.0, "q59": 158.0, "q60": 252.0, "q61": 154.0, "q62": 247.0, "q63": 251.0}, "datetime": {"datetime": "2019-11-11 18:46:12", "elapsed": 0.615922, "delta": 0.004011}}
{"target": -0.09041656919022567, "params": {"q00": 46.0, "q01": 3.0, "q02": 147.0, "q03": 72.0, "q04": 52.0, "q05": 146.0, "q06": 174.0, "q07": 118.0, "q08": 25.0, "q09": 70.0, "q10": 85.0, "q11": 43.0, "q12": 237.0, "q13": 110.0, "q14": 29.0, "q15": 139.0, "q16": 39.0, "q17": 26.0, "q18": 4.0, "q19": 242.0, "q20": 124.0, "q21": 40.0, "q22": 56.0, "q23": 251.0, "q24": 42.0, "q25": 61.0, "q26": 9.0, "q27": 189.0, "q28": 124.0, "q29": 58.0, "q30": 184.0, "q31": 189.0, "q32": 17.0, "q33": 208.0, "q34": 61.0, "q35": 240.0, "q36": 195.0, "q37": 121.0, "q38": 121.0, "q39": 155.0, "q40": 115.0, "q41": 131.0, "q42": 136.0, "q43": 107.0, "q44": 139.0, "q45": 166.0, "q46": 164.0, "q47": 48.0, "q48": 40.0, "q49": 31.0, "q50": 79.0, "q51": 213.0, "q52": 13.0, "q53": 22.0, "q54": 112.0, "q55": 157.0, "q56": 91.0, "q57": 167.0, "q58": 111.0, "q59": 249.0, "q60": 210.0, "q61": 146.0, "q62": 227.0, "q63": 236.0}, "datetime": {"datetime": "2019-11-11 18:46:12", "elapsed": 0.619954, "delta": 0.004032}}
{"target": -0.1359201067292074, "params": {"q00": 16.0, "q01": 29.0, "q02": 186.0, "q03": 89.0, "q04": 225.0, "q05": 113.0, "q06": 94.0, "q07": 226.0, "q08": 21.0, "q09": 95.0, "q10": 11.0, "q11": 142.0, "q12": 5.0, "q13": 53.0, "q14": 35.0, "q15": 91.0, "q16": 74.0, "q17": 24.0, "q18": 133.0, "q19": 241.0, "q20": 141.0, "q21": 93.0, "q22": 234.0, "q23": 213.0, "q24": 80.0, "q25": 138.0, "q26": 49.0, "q27": 207.0, "q28": 193.0, "q29": 176.0, "q30": 205.0, "q31": 237.0, "q32": 67.0, "q33": 211.0, "q34": 185.0, "q35": 134.0, "q36": 212.0, "q37": 240.0, "q38": 134.0, "q39": 127.0, "q40": 40.0, "q41": 1.0, "q42": 28.0, "q43": 36.0, "q44": 220.0, "q45": 144.0, "q46": 178.0, "q47": 143.0, "q48": 102.0, "q49": 5.0, "q50": 103.0, "q51": 201.0, "q52": 14.0, "q53": 199.0, "q54": 232.0, "q55": 207.0, "q56": 172.0, "q57": 156.0, "q58": 132.0, "q59": 110.0, "q60": 96.0, "q61": 252.0, "q62": 216.0, "q63": 159.0}, "datetime": {"datetime": "2019-11-11 18:46:12", "elapsed": 0.624001, "delta": 0.004047}}
{"target": -0.0951125500156037, "params": {"q00": 18.0, "q01": 14.0, "q02": 53.0, "q03": 123.0, "q04": 24.0, "q05": 9.0, "q06": 243.0, "q07": 59.0, "q08": 32.0, "q09": 96.0, "q10": 35.0, "q11": 72.0, "q12": 211.0, "q13": 31.0, "q14": 229.0, "q15": 13.0, "q16": 19.0, "q17": 13.0, "q18": 20.0, "q19": 88.0, "q20": 33.0, "q21": 7.0, "q22": 106.0, "q23": 173.0, "q24": 177.0, "q25": 55.0, "q26": 178.0, "q27": 49.0, "q28": 31.0, "q29": 179.0, "q30": 214.0, "q31": 239.0, "q32": 21.0, "q33": 24.0, "q34": 68.0, "q35": 3.0, "q36": 48.0, "q37": 162.0, "q38": 224.0, "q39": 80.0, "q40": 208.0, "q41": 18.0, "q42": 137.0, "q43": 232.0, "q44": 124.0, "q45": 34.0, "q46": 193.0, "q47": 138.0, "q48": 179.0, "q49": 6.0, "q50": 220.0, "q51": 249.0, "q52": 91.0, "q53": 61.0, "q54": 211.0, "q55": 43.0, "q56": 68.0, "q57": 232.0, "q58": 85.0, "q59": 155.0, "q60": 46.0, "q61": 75.0, "q62": 1.0, "q63": 235.0}, "datetime": {"datetime": "2019-11-11 18:46:12", "elapsed": 0.628073, "delta": 0.004072}}
{"target": -0.10767775006987029, "params": {"q00": 37.0, "q01": 25.0, "q02": 223.0, "q03": 71.0, "q04": 102.0, "q05": 53.0, "q06": 71.0, "q07": 96.0, "q08": 37.0, "q09": 61.0, "q10": 8.0, "q11": 24.0, "q12": 87.0, "q13": 89.0, "q14": 142.0, "q15": 127.0, "q16": 9.0, "q17": 25.0, "q18": 84.0, "q19": 61.0, "q20": 80.0, "q21": 43.0, "q22": 183.0, "q23": 158.0, "q24": 102.0, "q25": 65.0, "q26": 165.0, "q27": 82.0, "q28": 216.0, "q29": 218.0, "q30": 98.0, "q31": 69.0, "q32": 117.0, "q33": 83.0, "q34": 220.0, "q35": 130.0, "q36": 251.0, "q37": 229.0, "q38": 36.0, "q39": 120.0, "q40": 131.0, "q41": 251.0, "q42": 7.0, "q43": 7.0, "q44": 168.0, "q45": 146.0, "q46": 194.0, "q47": 114.0, "q48": 174.0, "q49": 4.0, "q50": 183.0, "q51": 180.0, "q52": 75.0, "q53": 192.0, "q54": 152.0, "q55": 252.0, "q56": 88.0, "q57": 9.0, "q58": 182.0, "q59": 143.0, "q60": 83.0, "q61": 83.0, "q62": 245.0, "q63": 10.0}, "datetime": {"datetime": "2019-11-11 18:46:12", "elapsed": 0.632189, "delta": 0.004116}}
{"target": -0.0948905958271386, "params": {"q00": 14.0, "q01": 26.0, "q02": 79.0, "q03": 73.0, "q04": 117.0, "q05": 53.0, "q06": 145.0, "q07": 57.0, "q08": 61.0, "q09": 43.0, "q10": 182.0, "q11": 6.0, "q12": 240.0, "q13": 23.0, "q14": 157.0, "q15": 184.0, "q16": 109.0, "q17": 134.0, "q18": 43.0, "q19": 51.0, "q20": 14.0, "q21": 118.0, "q22": 216.0, "q23": 204.0, "q24": 168.0, "q25": 150.0, "q26": 22.0, "q27": 250.0, "q28": 235.0, "q29": 96.0, "q30": 251.0, "q31": 28.0, "q32": 206.0, "q33": 178.0, "q34": 24.0, "q35": 176.0, "q36": 246.0, "q37": 216.0, "q38": 75.0, "q39": 28.0, "q40": 112.0, "q41": 248.0, "q42": 197.0, "q43": 106.0, "q44": 88.0, "q45": 238.0, "q46": 94.0, "q47": 47.0, "q48": 224.0, "q49": 109.0, "q50": 56.0, "q51": 56.0, "q52": 101.0, "q53": 254.0, "q54": 11.0, "q55": 87.0, "q56": 170.0, "q57": 249.0, "q58": 200.0, "q59": 104.0, "q60": 247.0, "q61": 22.0, "q62": 232.0, "q63": 213.0}, "datetime": {"datetime": "2019-11-11 18:46:12", "elapsed": 0.636305, "delta": 0.004116}}
{"target": -0.1099363772234998, "params": {"q00": 44.0, "q01": 49.0, "q02": 8.0, "q03": 191.0, "q04": 35.0, "q05": 172.0, "q06": 67.0, "q07": 61.0, "q08": 32.0, "q09": 37.0, "q10": 8.0, "q11": 57.0, "q12": 198.0, "q13": 43.0, "q14": 238.0, "q15": 38.0, "q16": 27.0, "q17": 24.0, "q18": 2.0, "q19": 177.0, "q20": 201.0, "q21": 208.0, "q22": 40.0, "q23": 96.0, "q24": 27.0, "q25": 216.0, "q26": 32.0, "q27": 8.0, "q28": 217.0, "q29": 7.0, "q30": 192.0, "q31": 202.0, "q32": 240.0, "q33": 249.0, "q34": 189.0, "q35": 61.0, "q36": 2.0, "q37": 172.0, "q38": 58.0, "q39": 97.0, "q40": 154.0, "q41": 33.0, "q42": 175.0, "q43": 193.0, "q44": 94.0, "q45": 244.0, "q46": 207.0, "q47": 68.0, "q48": 132.0, "q49": 178.0, "q50": 68.0, "q51": 1.0, "q52": 103.0, "q53": 22.0, "q54": 29.0, "q55": 84.0, "q56": 208.0, "q57": 195.0, "q58": 21.0, "q59": 38.0, "q60": 60.0, "q61": 123.0, "q62": 224.0, "q63": 11.0}, "datetime": {"datetime": "2019-11-11 18:46:12", "elapsed": 0.640437, "delta": 0.004132}}
{"target": -0.1153781081686393, "params": {"q00": 14.0, "q01": 11.0, "q02": 23.0, "q03": 75.0, "q04": 101.0, "q05": 101.0, "q06": 129.0, "q07": 108.0, "q08": 40.0, "q09": 48.0, "q10": 117.0, "q11": 53.0, "q12": 223.0, "q13": 28.0, "q14": 189.0, "q15": 139.0, "q16": 84.0, "q17": 90.0, "q18": 192.0, "q19": 1.0, "q20": 253.0, "q21": 42.0, "q22": 148.0, "q23": 229.0, "q24": 185.0, "q25": 122.0, "q26": 20.0, "q27": 25.0, "q28": 179.0, "q29": 161.0, "q30": 190.0, "q31": 239.0, "q32": 188.0, "q33": 87.0, "q34": 218.0, "q35": 39.0, "q36": 144.0, "q37": 7.0, "q38": 139.0, "q39": 125.0, "q40": 41.0, "q41": 68.0, "q42": 41.0, "q43": 37.0, "q44": 218.0, "q45": 162.0, "q46": 254.0, "q47": 163.0, "q48": 250.0, "q49": 218.0, "q50": 186.0, "q51": 173.0, "q52": 125.0, "q53": 220.0, "q54": 160.0, "q55": 103.0, "q56": 107.0, "q57": 76.0, "q58": 78.0, "q59": 220.0, "q60": 186.0, "q61": 240.0, "q62": 184.0, "q63": 11.0}, "datetime": {"datetime": "2019-11-11 18:46:12", "elapsed": 0.644584, "delta": 0.004147}}
{"target": -0.14166948210146818, "params": {"q00": 21.0, "q01": 8.0, "q02": 227.0, "q03": 218.0, "q04": 5.0, "q05": 150.0, "q06": 172.0, "q07": 231.0, "q08": 11.0, "q09": 129.0, "q10": 15.0, "q11": 139.0, "q12": 127.0, "q13": 42.0, "q14": 219.0, "q15": 21.0, "q16": 235.0, "q17": 67.0, "q18": 76.0, "q19": 21.0, "q20": 43.0, "q21": 31.0, "q22": 199.0, "q23": 239.0, "q24": 41.0, "q25": 10.0, "q26": 62.0, "q27": 6.0, "q28": 220.0, "q29": 26.0, "q30": 180.0, "q31": 180.0, "q32": 121.0, "q33": 148.0, "q34": 34.0, "q35": 28.0, "q36": 12.0, "q37": 202.0, "q38": 108.0, "q39": 18.0, "q40": 42.0, "q41": 27.0, "q42": 20.0, "q43": 115.0, "q44": 17.0, "q45": 118.0, "q46": 72.0, "q47": 102.0, "q48": 19.0, "q49": 78.0, "q50": 167.0, "q51": 214.0, "q52": 39.0, "q53": 1.0, "q54": 114.0, "q55": 86.0, "q56": 9.0, "q57": 85.0, "q58": 61.0, "q59": 49.0, "q60": 149.0, "q61": 21.0, "q62": 164.0, "q63": 187.0}, "datetime": {"datetime": "2019-11-11 18:46:12", "elapsed": 0.648737, "delta": 0.004153}}
{"target": -0.0784834182546838, "params": {"q00": 5.0, "q01": 78.0, "q02": 15.0, "q03": 53.0, "q04": 11.0, "q05": 4.0, "q06": 220.0, "q07": 30.0, "q08": 12.0, "q09": 13.0, "q10": 35.0, "q11": 139.0, "q12": 10.0, "q13": 136.0, "q14": 81.0, "q15": 217.0, "q16": 68.0, "q17": 25.0, "q18": 169.0, "q19": 52.0, "q20": 58.0, "q21": 130.0, "q22": 101.0, "q23": 156.0, "q24": 57.0, "q25": 7.0, "q26": 57.0, "q27": 216.0, "q28": 220.0, "q29": 54.0, "q30": 154.0, "q31": 16.0, "q32": 39.0, "q33": 238.0, "q34": 93.0, "q35": 210.0, "q36": 245.0, "q37": 31.0, "q38": 71.0, "q39": 157.0, "q40": 155.0, "q41": 185.0, "q42": 37.0, "q43": 70.0, "q44": 36.0, "q45": 233.0, "q46": 80.0, "q47": 168.0, "q48": 46.0, "q49": 129.0, "q50": 67.0, "q51": 37.0, "q52": 37.0, "q53": 42.0, "q54": 139.0, "q55": 122.0, "q56": 89.0, "q57": 169.0, "q58": 206.0, "q59": 140.0, "q60": 162.0, "q61": 72.0, "q62": 181.0, "q63": 81.0}, "datetime": {"datetime": "2019-11-11 18:46:12", "elapsed": 0.652888, "delta": 0.004151}}
{"target": -0.13219774676230112, "params": {"q00": 71.0, "q01": 12.0, "q02": 19.0, "q03": 131.0, "q04": 32.0, "q05": 1.0, "q06": 4.0, "q07": 12.0, "q08": 105.0, "q09": 42.0, "q10": 38.0, "q11": 39.0, "q12": 39.0, "q13": 55.0, "q14": 115.0, "q15": 232.0, "q16": 43.0, "q17": 24.0, "q18": 68.0, "q19": 174.0, "q20": 153.0, "q21": 41.0, "q22": 254.0, "q23": 177.0, "q24": 138.0, "q25": 158.0, "q26": 37.0, "q27": 41.0, "q28": 205.0, "q29": 87.0, "q30": 68.0, "q31": 123.0, "q32": 180.0, "q33": 165.0, "q34": 233.0, "q35": 231.0, "q36": 225.0, "q37": 150.0, "q38": 28.0, "q39": 132.0, "q40": 247.0, "q41": 219.0, "q42": 236.0, "q43": 148.0, "q44": 80.0, "q45": 200.0, "q46": 218.0, "q47": 129.0, "q48": 242.0, "q49": 143.0, "q50": 170.0, "q51": 146.0, "q52": 71.0, "q53": 213.0, "q54": 189.0, "q55": 240.0, "q56": 22.0, "q57": 116.0, "q58": 166.0, "q59": 198.0, "q60": 169.0, "q61": 123.0, "q62": 204.0, "q63": 149.0}, "datetime": {"datetime": "2019-11-11 18:46:12", "elapsed": 0.657056, "delta": 0.004168}}
{"target": -0.10064620706978583, "params": {"q00": 74.0, "q01": 14.0, "q02": 93.0, "q03": 81.0, "q04": 39.0, "q05": 77.0, "q06": 175.0, "q07": 11.0, "q08": 45.0, "q09": 44.0, "q10": 12.0, "q11": 42.0, "q12": 161.0, "q13": 63.0, "q14": 57.0, "q15": 198.0, "q16": 52.0, "q17": 31.0, "q18": 58.0, "q19": 94.0, "q20": 65.0, "q21": 237.0, "q22": 161.0, "q23": 211.0, "q24": 95.0, "q25": 129.0, "q26": 59.0, "q27": 71.0, "q28": 213.0, "q29": 70.0, "q30": 151.0, "q31": 252.0, "q32": 37.0, "q33": 157.0, "q34": 127.0, "q35": 8.0, "q36": 225.0, "q37": 140.0, "q38": 136.0, "q39": 91.0, "q40": 185.0, "q41": 248.0, "q42": 135.0, "q43": 65.0, "q44": 156.0, "q45": 190.0, "q46": 20.0, "q47": 118.0, "q48": 116.0, "q49": 167.0, "q50": 175.0, "q51": 43.0, "q52": 19.0, "q53": 192.0, "q54": 199.0, "q55": 223.0, "q56": 121.0, "q57": 26.0, "q58": 35.0, "q59": 74.0, "q60": 35.0, "q61": 253.0, "q62": 223.0, "q63": 208.0}, "datetime": {"datetime": "2019-11-11 18:46:12", "elapsed": 0.661241, "delta": 0.004185}}
{"target": -0.1224960918778294, "params": {"q00": 5.0, "q01": 141.0, "q02": 75.0, "q03": 237.0, "q04": 34.0, "q05": 119.0, "q06": 114.0, "q07": 175.0, "q08": 5.0, "q09": 50.0, "q10": 57.0, "q11": 36.0, "q12": 186.0, "q13": 28.0, "q14": 215.0, "q15": 30.0, "q16": 54.0, "q17": 8.0, "q18": 51.0, "q19": 23.0, "q20": 191.0, "q21": 195.0, "q22": 133.0, "q23": 229.0, "q24": 150.0, "q25": 49.0, "q26": 36.0, "q27": 92.0, "q28": 68.0, "q29": 5.0, "q30": 80.0, "q31": 95.0, "q32": 93.0, "q33": 121.0, "q34": 98.0, "q35": 104.0, "q36": 20.0, "q37": 48.0, "q38": 51.0, "q39": 135.0, "q40": 142.0, "q41": 77.0, "q42": 45.0, "q43": 26.0, "q44": 113.0, "q45": 16.0, "q46": 98.0, "q47": 100.0, "q48": 89.0, "q49": 160.0, "q50": 63.0, "q51": 144.0, "q52": 98.0, "q53": 22.0, "q54": 231.0, "q55": 178.0, "q56": 7.0, "q57": 83.0, "q58": 155.0, "q59": 120.0, "q60": 50.0, "q61": 15.0, "q62": 115.0, "q63": 58.0}, "datetime": {"datetime": "2019-11-11 18:46:12", "elapsed": 0.665437, "delta": 0.004196}}
{"target": -0.10945962277777554, "params": {"q00": 56.0, "q01": 42.0, "q02": 46.0, "q03": 113.0, "q04": 24.0, "q05": 53.0, "q06": 198.0, "q07": 33.0, "q08": 61.0, "q09": 22.0, "q10": 12.0, "q11": 43.0, "q12": 178.0, "q13": 42.0, "q14": 146.0, "q15": 145.0, "q16": 24.0, "q17": 101.0, "q18": 96.0, "q19": 96.0, "q20": 233.0, "q21": 140.0, "q22": 105.0, "q23": 244.0, "q24": 67.0, "q25": 93.0, "q26": 130.0, "q27": 121.0, "q28": 99.0, "q29": 80.0, "q30": 251.0, "q31": 14.0, "q32": 157.0, "q33": 143.0, "q34": 19.0, "q35": 16.0, "q36": 172.0, "q37": 182.0, "q38": 39.0, "q39": 199.0, "q40": 131.0, "q41": 199.0, "q42": 136.0, "q43": 6.0, "q44": 189.0, "q45": 113.0, "q46": 229.0, "q47": 11.0, "q48": 246.0, "q49": 38.0, "q50": 43.0, "q51": 197.0, "q52": 6.0, "q53": 227.0, "q54": 249.0, "q55": 123.0, "q56": 6.0, "q57": 67.0, "q58": 100.0, "q59": 60.0, "q60": 110.0, "q61": 152.0, "q62": 221.0, "q63": 20.0}, "datetime": {"datetime": "2019-11-11 18:46:12", "elapsed": 0.669742, "delta": 0.004305}}
{"target": -0.181564520182237, "params": {"q00": 90.0, "q01": 85.0, "q02": 81.0, "q03": 212.0, "q04": 37.0, "q05": 48.0, "q06": 98.0, "q07": 5.0, "q08": 45.0, "q09": 88.0, "q10": 34.0, "q11": 20.0, "q12": 63.0, "q13": 64.0, "q14": 220.0, "q15": 101.0, "q16": 41.0, "q17": 109.0, "q18": 32.0, "q19": 3.0, "q20": 27.0, "q21": 85.0, "q22": 58.0, "q23": 189.0, "q24": 6.0, "q25": 128.0, "q26": 11.0, "q27": 74.0, "q28": 175.0, "q29": 210.0, "q30": 181.0, "q31": 122.0, "q32": 73.0, "q33": 80.0, "q34": 49.0, "q35": 111.0, "q36": 9.0, "q37": 35.0, "q38": 69.0, "q39": 94.0, "q40": 200.0, "q41": 36.0, "q42": 72.0, "q43": 139.0, "q44": 229.0, "q45": 249.0, "q46": 240.0, "q47": 42.0, "q48": 135.0, "q49": 103.0, "q50": 139.0, "q51": 20.0, "q52": 77.0, "q53": 142.0, "q54": 1.0, "q55": 90.0, "q56": 122.0, "q57": 252.0, "q58": 243.0, "q59": 179.0, "q60": 26.0, "q61": 76.0, "q62": 215.0, "q63": 136.0}, "datetime": {"datetime": "2019-11-11 18:46:12", "elapsed": 0.673993, "delta": 0.004251}}
{"target": -0.10931037074650712, "params": {"q00": 2.0, "q01": 2.0, "q02": 24.0, "q03": 214.0, "q04": 20.0, "q05": 72.0, "q06": 91.0, "q07": 93.0, "q08": 59.0, "q09": 2.0, "q10": 4.0, "q11": 68.0, "q12": 72.0, "q13": 150.0, "q14": 170.0, "q15": 189.0, "q16": 48.0, "q17": 232.0, "q18": 16.0, "q19": 155.0, "q20": 22.0, "q21": 156.0, "q22": 193.0, "q23": 244.0, "q24": 146.0, "q25": 9.0, "q26": 209.0, "q27": 128.0, "q28": 120.0, "q29": 140.0, "q30": 57.0, "q31": 54.0, "q32": 93.0, "q33": 11.0, "q34": 95.0, "q35": 94.0, "q36": 218.0, "q37": 175.0, "q38": 234.0, "q39": 220.0, "q40": 229.0, "q41": 245.0, "q42": 218.0, "q43": 10.0, "q44": 101.0, "q45": 217.0, "q46": 187.0, "q47": 133.0, "q48": 224.0, "q49": 140.0, "q50": 121.0, "q51": 177.0, "q52": 90.0, "q53": 221.0, "q54": 15.0, "q55": 170.0, "q56": 13.0, "q57": 117.0, "q58": 228.0, "q59": 12.0, "q60": 92.0, "q61": 213.0, "q62": 240.0, "q63": 3.0}, "datetime": {"datetime": "2019-11-11 18:46:12", "elapsed": 0.67825, "delta": 0.004257}}
{"target": -0.12434499672875826, "params": {"q00": 6.0, "q01": 166.0, "q02": 89.0, "q03": 120.0, "q04": 12.0, "q05": 130.0, "q06": 92.0, "q07": 95.0, "q08": 8.0, "q09": 47.0, "q10": 7.0, "q11": 37.0, "q12": 145.0, "q13": 50.0, "q14": 187.0, "q15": 48.0, "q16": 63.0, "q17": 35.0, "q18": 35.0, "q19": 225.0, "q20": 61.0, "q21": 128.0, "q22": 93.0, "q23": 182.0, "q24": 48.0, "q25": 26.0, "q26": 204.0, "q27": 222.0, "q28": 204.0, "q29": 156.0, "q30": 173.0, "q31": 118.0, "q32": 187.0, "q33": 239.0, "q34": 3.0, "q35": 15.0, "q36": 157.0, "q37": 148.0, "q38": 132.0, "q39": 96.0, "q40": 129.0, "q41": 94.0, "q42": 96.0, "q43": 23.0, "q44": 34.0, "q45": 241.0, "q46": 103.0, "q47": 102.0, "q48": 133.0, "q49": 120.0, "q50": 103.0, "q51": 203.0, "q52": 77.0, "q53": 147.0, "q54": 39.0, "q55": 116.0, "q56": 216.0, "q57": 245.0, "q58": 13.0, "q59": 206.0, "q60": 37.0, "q61": 86.0, "q62": 196.0, "q63": 33.0}, "datetime": {"datetime": "2019-11-11 18:46:12", "elapsed": 0.682537, "delta": 0.004287}}
{"target": -0.14376812775142217, "params": {"q00": 44.0, "q01": 42.0, "q02": 20.0, "q03": 127.0, "q04": 61.0, "q05": 19.0, "q06": 163.0, "q07": 54.0, "q08": 6.0, "q09": 55.0, "q10": 225.0, "q11": 181.0, "q12": 134.0, "q13": 4.0, "q14": 63.0, "q15": 114.0, "q16": 33.0, "q17": 118.0, "q18": 4.0, "q19": 251.0, "q20": 80.0, "q21": 97.0, "q22": 31.0, "q23": 203.0, "q24": 18.0, "q25": 79.0, "q26": 88.0, "q27": 122.0, "q28": 198.0, "q29": 191.0, "q30": 159.0, "q31": 236.0, "q32": 212.0, "q33": 152.0, "q34": 171.0, "q35": 3.0, "q36": 103.0, "q37": 103.0, "q38": 48.0, "q39": 200.0, "q40": 138.0, "q41": 148.0, "q42": 1.0, "q43": 167.0, "q44": 174.0, "q45": 101.0, "q46": 164.0, "q47": 142.0, "q48": 131.0, "q49": 4.0, "q50": 59.0, "q51": 173.0, "q52": 3.0, "q53": 27.0, "q54": 191.0, "q55": 215.0, "q56": 101.0, "q57": 221.0, "q58": 94.0, "q59": 24.0, "q60": 237.0, "q61": 232.0, "q62": 171.0, "q63": 225.0}, "datetime": {"datetime": "2019-11-11 18:46:12", "elapsed": 0.686828, "delta": 0.004291}}
{"target": -0.09823020598731153, "params": {"q00": 19.0, "q01": 60.0, "q02": 66.0, "q03": 192.0, "q04": 55.0, "q05": 46.0, "q06": 204.0, "q07": 81.0, "q08": 21.0, "q09": 27.0, "q10": 177.0, "q11": 41.0, "q12": 58.0, "q13": 195.0, "q14": 21.0, "q15": 244.0, "q16": 51.0, "q17": 26.0, "q18": 15.0, "q19": 88.0, "q20": 246.0, "q21": 234.0, "q22": 127.0, "q23": 252.0, "q24": 69.0, "q25": 242.0, "q26": 48.0, "q27": 59.0, "q28": 85.0, "q29": 247.0, "q30": 117.0, "q31": 73.0, "q32": 169.0, "q33": 19.0, "q34": 166.0, "q35": 13.0, "q36": 147.0, "q37": 66.0, "q38": 15.0, "q39": 139.0, "q40": 6.0, "q41": 244.0, "q42": 151.0, "q43": 29.0, "q44": 23.0, "q45": 114.0, "q46": 234.0, "q47": 104.0, "q48": 206.0, "q49": 2.0, "q50": 143.0, "q51": 51.0, "q52": 57.0, "q53": 97.0, "q54": 28.0, "q55": 143.0, "q56": 112.0, "q57": 39.0, "q58": 101.0, "q59": 123.0, "q60": 91.0, "q61": 31.0, "q62": 179.0, "q63": 89.0}, "datetime": {"datetime": "2019-11-11 18:46:12", "elapsed": 0.691136, "delta": 0.004308}}
{"target": -0.18413773346533802, "params": {"q00": 120.0, "q01": 3.0, "q02": 1.0, "q03": 225.0, "q04": 76.0, "q05": 42.0, "q06": 23.0, "q07": 107.0, "q08": 2.0, "q09": 3.0, "q10": 158.0, "q11": 230.0, "q12": 102.0, "q13": 53.0, "q14": 134.0, "q15": 192.0, "q16": 11.0, "q17": 2.0, "q18": 70.0, "q19": 189.0, "q20": 217.0, "q21": 68.0, "q22": 123.0, "q23": 207.0, "q24": 170.0, "q25": 112.0, "q26": 64.0, "q27": 91.0, "q28": 66.0, "q29": 171.0, "q30": 204.0, "q31": 169.0, "q32": 121.0, "q33": 71.0, "q34": 98.0, "q35": 30.0, "q36": 101.0, "q37": 5.0, "q38": 246.0, "q39": 115.0, "q40": 47.0, "q41": 99.0, "q42": 101.0, "q43": 188.0, "q44": 205.0, "q45": 157.0, "q46": 242.0, "q47": 64.0, "q48": 245.0, "q49": 116.0, "q50": 141.0, "q51": 138.0, "q52": 113.0, "q53": 91.0, "q54": 135.0, "q55": 219.0, "q56": 78.0, "q57": 8.0, "q58": 164.0, "q59": 192.0, "q60": 10.0, "q61": 182.0, "q62": 151.0, "q63": 53.0}, "datetime": {"datetime": "2019-11-11 18:46:12", "elapsed": 0.695425, "delta": 0.004289}}
{"target": -0.13193573124044422, "params": {"q00": 2.0, "q01": 12.0, "q02": 41.0, "q03": 133.0, "q04": 117.0, "q05": 1.0, "q06": 6.0, "q07": 22.0, "q08": 13.0, "q09": 12.0, "q10": 144.0, "q11": 36.0, "q12": 246.0, "q13": 25.0, "q14": 79.0, "q15": 46.0, "q16": 191.0, "q17": 101.0, "q18": 32.0, "q19": 153.0, "q20": 49.0, "q21": 18.0, "q22": 187.0, "q23": 209.0, "q24": 185.0, "q25": 132.0, "q26": 28.0, "q27": 66.0, "q28": 147.0, "q29": 74.0, "q30": 217.0, "q31": 106.0, "q32": 13.0, "q33": 198.0, "q34": 76.0, "q35": 135.0, "q36": 251.0, "q37": 57.0, "q38": 101.0, "q39": 220.0, "q40": 180.0, "q41": 243.0, "q42": 96.0, "q43": 102.0, "q44": 17.0, "q45": 250.0, "q46": 35.0, "q47": 172.0, "q48": 150.0, "q49": 154.0, "q50": 218.0, "q51": 215.0, "q52": 247.0, "q53": 193.0, "q54": 148.0, "q55": 98.0, "q56": 2.0, "q57": 149.0, "q58": 173.0, "q59": 125.0, "q60": 4.0, "q61": 152.0, "q62": 205.0, "q63": 139.0}, "datetime": {"datetime": "2019-11-11 18:46:12", "elapsed": 0.699373, "delta": 0.003948}}
