{"target": -0.11464060736162368, "params": {"q00": 35.0, "q01": 28.0, "q02": 10.0, "q03": 26.0, "q04": 142.0, "q05": 201.0, "q06": 245.0, "q07": 18.0, "q08": 11.0, "q09": 58.0, "q10": 148.0, "q11": 232.0, "q12": 219.0, "q13": 141.0, "q14": 222.0, "q15": 233.0, "q16": 102.0, "q17": 19.0, "q18": 4.0, "q19": 5.0, "q20": 226.0, "q21": 176.0, "q22": 163.0, "q23": 57.0, "q24": 84.0, "q25": 178.0, "q26": 7.0, "q27": 63.0, "q28": 174.0, "q29": 70.0, "q30": 239.0, "q31": 131.0, "q32": 135.0, "q33": 245.0, "q34": 109.0, "q35": 128.0, "q36": 77.0, "q37": 44.0, "q38": 12.0, "q39": 175.0, "q40": 87.0, "q41": 97.0, "q42": 81.0, "q43": 102.0, "q44": 20.0, "q45": 68.0, "q46": 189.0, "q47": 220.0, "q48": 27.0, "q49": 21.0, "q50": 197.0, "q51": 36.0, "q52": 51.0, "q53": 60.0, "q54": 22.0, "q55": 84.0, "q56": 206.0, "q57": 210.0, "q58": 209.0, "q59": 30.0, "q60": 28.0, "q61": 2.0, "q62": 244.0, "q63": 199.0}, "datetime": {"datetime": "2019-11-11 18:46:13", "elapsed": 1.627714, "delta": 0.006643}}
{"target": -0.05202425314315584, "params": {"q00": 20.0, "q01": 39.0, "q02": 40.0, "q03": 53.0, "q04": 107.0, "q05": 140.0, "q06": 56.0, "q07": 83.0, "q08": 18.0, "q09": 30.0, "q10": 25.0, "q11": 232.0, "q12": 44.0, "q13": 163.0, "q14": 238.0, "q15": 130.0, "q16": 31.0, "q17": 89.0, "q18": 51.0, "q19": 78.0, "q20": 181.0, "q21": 4.0, "q22": 28.0, "q23": 220.0, "q24": 35.0, "q25": 15.0, "q26": 227.0, "q27": 14.0, "q28": 185.0, "q29": 134.0, "q30": 29.0, "q31": 234.0, "q32": 118.0, "q33": 17.0, "q34": 139.0, "q35": 131.0, "q36": 215.0, "q37": 82.0, "q38": 233.0, "q39": 84.0, "q40": 22.0, "q41": 120.0, "q42": 55.0, "q43": 227.0, "q44": 122.0, "q45": 71.0, "q46": 217.0, "q47": 52.0, "q48": 242.0, "q49": 38.0, "q50": 171.0, "q51": 204.0, "q52": 59.0, "q53": 187.0, "q54": 101.0, "q55": 149.0, "q56": 155.0, "q57": 116.0, "q58": 140.0, "q59": 225.0, "q60": 42.0, "q61": 191.0, "q62": 232.0, "q63": 246.0}, "datetime": {"datetime": "2019-11-11 18:46:13", "elapsed": 1.634272, "delta": 0.006558}}
{"target": -0.0904375135709129, "params": {"q00": 13.0, "q01": 14.0, "q02": 80.0, "q03": 202.0, "q04": 183.0, "q05": 223.0, "q06": 204.0, "q07": 71.0, "q08": 35.0, "q09": 31.0, "q10": 115.0, "q11": 58.0, "q12": 77.0, "q13": 47.0, "q14": 212.0, "q15": 144.0, "q16": 63.0, "q17": 71.0, "q18": 37.0, "q19": 67.0, "q20": 169.0, "q21": 205.0, "q22": 207.0, "q23": 218.0, "q24": 225.0, "q25": 121.0, "q26": 65.0, "q27": 69.0, "q28": 151.0, "q29": 153.0, "q30": 14.0, "q31": 220.0, "q32": 152.0, "q33": 156.0, "q34": 94.0, "q35": 133.0, "q36": 155.0, "q37": 240.0, "q38": 80.0, "q39": 49.0, "q40": 220.0, "q41": 137.0, "q42": 151.0, "q43": 236.0, "q44": 22.0, "q45": 179.0, "q46": 247.0, "q47": 5.0, "q48": 135.0, "q49": 141.0, "q50": 139.0, "q51": 121.0, "q52": 12.0, "q53": 193.0, "q54": 6.0, "q55": 84.0, "q56": 196.0, "q57": 70.0, "q58": 187.0, "q59": 196.0, "q60": 213.0, "q61": 156.0, "q62": 193.0, "q63": 142.0}, "datetime": {"datetime": "2019-11-11 18:46:13", "elapsed": 1.640787, "delta": 0.006515}}
{"target": -0.12849138623182477, "params": {"q00": 56.0, "q01": 16.0, "q02": 48.0, "q03": 149.0, "q04": 253.0, "q05": 112.0, "q06": 166.0, "q07": 6.0, "q08": 5.0, "q09": 32.0, "q10": 215.0, "q11": 161.0, "q12": 136.0, "q13": 229.0, "q14": 188.0, "q15": 212.0, "q16": 24.0, "q17": 2.0, "q18": 53.0, "q19": 237.0, "q20": 123.0, "q21": 20.0, "q22": 73.0, "q23": 188.0, "q24": 247.0, "q25": 50.0, "q26": 168.0, "q27": 129.0, "q28": 23.0, "q29": 4.0, "q30": 221.0, "q31": 188.0, "q32": 245.0, "q33": 78.0, "q34": 14.0, "q35": 220.0, "q36": 211.0, "q37": 229.0, "q38": 46.0, "q39": 107.0, "q40": 50.0, "q41": 30.0, "q42": 240.0, "q43": 56.0, "q44": 125.0, "q45": 178.0, "q46": 231.0, "q47": 93.0, "q48": 240.0, "q49": 117.0, "q50": 141.0, "q51": 202.0, "q52": 22.0, "q53": 67.0, "q54": 24.0, "q55": 103.0, "q56": 187.0, "q57": 254.0, "q58": 168.0, "q59": 17.0, "q60": 160.0, "q61": 87.0, "q62": 226.0, "q63": 182.0}, "datetime": {"datetime": "2019-11-11 18:46:13", "elapsed": 1.647248, "delta": 0.006461}}
{"target": -0.1112375366754878, "params": {"q00": 23.0, "q01": 22.0, "q02": 52.0, "q03": 193.0, "q04": 122.0, "q05": 226.0, "q06": 181.0, "q07": 225.0, "q08": 10.0, "q09": 5.0, "q10": 156.0, "q11": 18.0, "q12": 78.0, "q13": 18.0, "q14": 249.0, "q15": 50.0, "q16": 1.0, "q17": 57.0, "q18": 147.0, "q19": 173.0, "q20": 181.0, "q21": 154.0, "q22": 8.0, "q23": 237.0, "q24": 154.0, "q25": 55.0, "q26": 189.0, "q27": 15.0, "q28": 218.0, "q29": 141.0, "q30": 237.0, "q31": 204.0, "q32": 160.0, "q33": 135.0, "q34": 19.0, "q35": 246.0, "q36": 41.0, "q37": 53.0, "q38": 31.0, "q39": 231.0, "q40": 183.0, "q41": 207.0, "q42": 62.0, "q43": 170.0, "q44": 54.0, "q45": 69.0, "q46": 34.0, "q47": 17.0, "q48": 24.0, "q49": 88.0, "q50": 189.0, "q51": 227.0, "q52": 193.0, "q53": 166.0, "q54": 2.0, "q55": 184.0, "q56": 158.0, "q57": 226.0, "q58": 4.0, "q59": 35.0, "q60": 152.0, "q61": 29.0, "q62": 153.0, "q63": 145.0}, "datetime": {"datetime": "2019-11-11 18:46:13", "elapsed": 1.653824, "delta": 0.006576}}
{"target": -0.08266536001993885, "params": {"q00": 10.0, "q01": 15.0, "q02": 122.0, "q03": 232.0, "q04": 92.0, "q05": 70.0, "q06": 63.0, "q07": 56.0, "q08": 25.0, "q09": 9.0, "q10": 38.0, "q11": 73.0, "q12": 189.0, "q13": 172.0, "q14": 177.0, "q15": 77.0, "q16": 49.0, "q17": 115.0, "q18": 13.0, "q19": 43.0, "q20": 165.0, "q21": 32.0, "q22": 239.0, "q23": 215.0, "q24": 109.0, "q25": 43.0, "q26": 70.0, "q27": 234.0, "q28": 249.0, "q29": 88.0, "q30": 24.0, "q31": 240.0, "q32": 179.0, "q33": 102.0, "q34": 201.0, "q35": 142.0, "q36": 123.0, "q37": 244.0, "q38": 191.0, "q39": 211.0, "q40": 196.0, "q41": 133.0, "q42": 235.0, "q43": 31.0, "q44": 87.0, "q45": 132.0, "q46": 52.0, "q47": 137.0, "q48": 97.0, "q49": 93.0, "q50": 115.0, "q51": 156.0, "q52": 6.0, "q53": 84.0, "q54": 65.0, "q55": 220.0, "q56": 238.0, "q57": 226.0, "q58": 42.0, "q59": 7.0, "q60": 158.0, "q61": 44.0, "q62": 148.0, "q63": 206.0}, "datetime": {"datetime": "2019-11-11 18:46:13", "elapsed": 1.660395, "delta": 0.006571}}
{"target": -0.1261323241637784, "params": {"q00": 1.0, "q01": 47.0, "q02": 45.0, "q03": 181.0, "q04": 144.0, "q05": 203.0, "q06": 238.0, "q07": 23.0, "q08": 42.0, "q09": 9.0, "q10": 1.0, "q11": 125.0, "q12": 188.0, "q13": 147.0, "q14": 68.0, "q15": 95.0, "q16": 97.0, "q17": 58.0, "q18": 54.0, "q19": 134.0, "q20": 140.0, "q21": 102.0, "q22": 3.0, "q23": 191.0, "q24": 20.0, "q25": 1.0, "q26": 48.0, "q27": 75.0, "q28": 194.0, "q29": 176.0, "q30": 230.0, "q31": 104.0, "q32": 43.0, "q33": 108.0, "q34": 191.0, "q35": 246.0, "q36": 90.0, "q37": 198.0, "q38": 87.0, "q39": 179.0, "q40": 232.0, "q41": 46.0, "q42": 238.0, "q43": 189.0, "q44": 95.0, "q45": 41.0, "q46": 254.0, "q47": 161.0, "q48": 33.0, "q49": 35.0, "q50": 116.0, "q51": 91.0, "q52": 92.0, "q53": 41.0, "q54": 183.0, "q55": 130.0, "q56": 217.0, "q57": 71.0, "q58": 158.0, "q59": 39.0, "q60": 2.0, "q61": 80.0, "q62": 97.0, "q63": 229.0}, "datetime": {"datetime": "2019-11-11 18:46:13", "elapsed": 1.667034, "delta": 0.006639}}
{"target": -0.1218495117371316, "params": {"q00": 5.0, "q01": 21.0, "q02": 7.0, "q03": 138.0, "q04": 243.0, "q05": 212.0, "q06": 154.0, "q07": 51.0, "q08": 25.0, "q09": 48.0, "q10": 26.0, "q11": 150.0, "q12": 197.0, "q13": 98.0, "q14": 160.0, "q15": 162.0, "q16": 37.0, "q17": 142.0, "q18": 2.0, "q19": 177.0, "q20": 122.0, "q21": 220.0, "q22": 45.0, "q23": 190.0, "q24": 142.0, "q25": 103.0, "q26": 182.0, "q27": 236.0, "q28": 103.0, "q29": 192.0, "q30": 75.0, "q31": 159.0, "q32": 207.0, "q33": 110.0, "q34": 163.0, "q35": 232.0, "q36": 191.0, "q37": 251.0, "q38": 66.0, "q39": 42.0, "q40": 128.0, "q41": 2.0, "q42": 137.0, "q43": 227.0, "q44": 83.0, "q45": 51.0, "q46": 79.0, "q47": 139.0, "q48": 151.0, "q49": 44.0, "q50": 204.0, "q51": 152.0, "q52": 73.0, "q53": 96.0, "q54": 197.0, "q55": 5.0, "q56": 249.0, "q57": 151.0, "q58": 31.0, "q59": 12.0, "q60": 86.0, "q61": 128.0, "q62": 230.0, "q63": 11.0}, "datetime": {"datetime": "2019-11-11 18:46:13", "elapsed": 1.673644, "delta": 0.00661}}
{"target": -0.10912479868923314, "params": {"q00": 29.0, "q01": 35.0, "q02": 85.0, "q03": 87.0, "q04": 112.0, "q05": 141.0, "q06": 218.0, "q07": 23.0, "q08": 2.0, "q09": 42.0, "q10": 56.0, "q11": 201.0, "q12": 221.0, "q13": 34.0, "q14": 133.0, "q15": 108.0, "q16": 29.0, "q17": 40.0, "q18": 5.0, "q19": 15.0, "q20": 172.0, "q21": 31.0, "q22": 65.0, "q23": 138.0, "q24": 176.0, "q25": 236.0, "q26": 151.0, "q27": 24.0, "q28": 173.0, "q29": 171.0, "q30": 80.0, "q31": 153.0, "q32": 244.0, "q33": 31.0, "q34": 47.0, "q35": 180.0, "q36": 86.0, "q37": 191.0, "q38": 208.0, "q39": 133.0, "q40": 6.0, "q41": 96.0, "q42": 173.0, "q43": 144.0, "q44": 90.0, "q45": 14.0, "q46": 240.0, "q47": 4.0, "q48": 112.0, "q49": 77.0, "q50": 65.0, "q51": 27.0, "q52": 126.0, "q53": 18.0, "q54": 20.0, "q55": 174.0, "q56": 6.0, "q57": 221.0, "q58": 135.0, "q59": 128.0, "q60": 75.0, "q61": 164.0, "q62": 218.0, "q63": 84.0}, "datetime": {"datetime": "2019-11-11 18:46:13", "elapsed": 1.683877, "delta": 0.010233}}
{"target": -0.08505451095340316, "params": {"q00": 7.0, "q01": 27.0, "q02": 66.0, "q03": 237.0, "q04": 159.0, "q05": 157.0, "q06": 64.0, "q07": 143.0, "q08": 26.0, "q09": 27.0, "q10": 129.0, "q11": 95.0, "q12": 116.0, "q13": 8.0, "q14": 99.0, "q15": 219.0, "q16": 35.0, "q17": 7.0, "q18": 18.0, "q19": 50.0, "q20": 50.0, "q21": 196.0, "q22": 247.0, "q23": 99.0, "q24": 24.0, "q25": 191.0, "q26": 103.0, "q27": 42.0, "q28": 250.0, "q29": 210.0, "q30": 227.0, "q31": 77.0, "q32": 14.0, "q33": 185.0, "q34": 34.0, "q35": 223.0, "q36": 53.0, "q37": 156.0, "q38": 228.0, "q39": 127.0, "q40": 172.0, "q41": 138.0, "q42": 18.0, "q43": 48.0, "q44": 236.0, "q45": 96.0, "q46": 212.0, "q47": 248.0, "q48": 147.0, "q49": 5.0, "q50": 13.0, "q51": 93.0, "q52": 179.0, "q53": 16.0, "q54": 21.0, "q55": 213.0, "q56": 254.0, "q57": 192.0, "q58": 115.0, "q59": 56.0, "q60": 56.0, "q61": 104.0, "q62": 146.0, "q63": 185.0}, "datetime": {"datetime": "2019-11-11 18:46:13", "elapsed": 1.691527, "delta": 0.00765}}
{"target": -0.09003065365074586, "params": {"q00": 16.0, "q01": 43.0, "q02": 8.0, "q03": 95.0, "q04": 236.0, "q05": 247.0, "q06": 254.0, "q07": 31.0, "q08": 30.0, "q09": 15.0, "q10": 51.0, "q11": 147.0, "q12": 89.0, "q13": 179.0, "q14": 167.0, "q15": 182.0, "q16": 26.0, "q17": 160.0, "q18": 206.0, "q19": 34.0, "q20": 6.0, "q21": 169.0, "q22": 52.0, "q23": 133.0, "q24": 207.0, "q25": 154.0, "q26": 139.0, "q27": 32.0, "q28": 243.0, "q29": 25.0, "q30": 166.0, "q31": 19.0, "q32": 244.0, "q33": 61.0, "q34": 196.0, "q35": 177.0, "q36": 8.0, "q37": 96.0, "q38": 41.0, "q39": 107.0, "q40": 251.0, "q41": 111.0, "q42": 197.0, "q43": 228.0, "q44": 103.0, "q45": 8.0, "q46": 48.0, "q47": 14.0, "q48": 160.0, "q49": 145.0, "q50": 104.0, "q51": 236.0, "q52": 56.0, "q53": 132.0, "q54": 8.0, "q55": 207.0, "q56": 26.0, "q57": 210.0, "q58": 113.0, "q59": 181.0, "q60": 145.0, "q61": 43.0, "q62": 185.0, "q63": 103.0}, "datetime": {"datetime": "2019-11-11 18:46:13", "elapsed": 1.698242, "delta": 0.006715}}
{"target": -0.11236890517702502, "params": {"q00": 1.0, "q01": 23.0, "q02": 7.0, "q03": 214.0, "q04": 17.0, "q05": 242.0, "q06": 140.0, "q07": 93.0, "q08": 11.0, "q09": 6.0, "q10": 96.0, "q11": 32.0, "q12": 51.0, "q13": 240.0, "q14": 168.0, "q15": 176.0, "q16": 26.0, "q17": 222.0, "q18": 11.0, "q19": 143.0, "q20": 54.0, "q21": 196.0, "q22": 229.0, "q23": 238.0, "q24": 187.0, "q25": 121.0, "q26": 129.0, "q27": 212.0, "q28": 5.0, "q29": 201.0, "q30": 188.0, "q31": 173.0, "q32": 1.0, "q33": 68.0, "q34": 179.0, "q35": 140.0, "q36": 132.0, "q37": 207.0, "q38": 79.0, "q39": 76.0, "q40": 100.0, "q41": 98.0, "q42": 197.0, "q43": 202.0, "q44": 37.0, "q45": 213.0, "q46": 252.0, "q47": 231.0, "q48": 132.0, "q49": 128.0, "q50": 210.0, "q51": 128.0, "q52": 13.0, "q53": 84.0, "q54": 204.0, "q55": 164.0, "q56": 39.0, "q57": 54.0, "q58": 151.0, "q59": 62.0, "q60": 57.0, "q61": 212.0, "q62": 184.0, "q63": 186.0}, "datetime": {"datetime": "2019-11-11 18:46:13", "elapsed": 1.704958, "delta": 0.006716}}
{"target": -0.13863716707711293, "params": {"q00": 46.0, "q01": 10.0, "q02": 107.0, "q03": 197.0, "q04": 161.0, "q05": 3.0, "q06": 178.0, "q07": 83.0, "q08": 44.0, "q09": 10.0, "q10": 49.0, "q11": 164.0, "q12": 172.0, "q13": 201.0, "q14": 240.0, "q15": 64.0, "q16": 57.0, "q17": 79.0, "q18": 53.0, "q19": 30.0, "q20": 1.0, "q21": 246.0, "q22": 246.0, "q23": 203.0, "q24": 78.0, "q25": 253.0, "q26": 58.0, "q27": 164.0, "q28": 176.0, "q29": 105.0, "q30": 248.0, "q31": 38.0, "q32": 236.0, "q33": 251.0, "q34": 201.0, "q35": 252.0, "q36": 252.0, "q37": 154.0, "q38": 45.0, "q39": 16.0, "q40": 235.0, "q41": 9.0, "q42": 187.0, "q43": 240.0, "q44": 198.0, "q45": 209.0, "q46": 60.0, "q47": 15.0, "q48": 227.0, "q49": 226.0, "q50": 213.0, "q51": 77.0, "q52": 157.0, "q53": 90.0, "q54": 226.0, "q55": 222.0, "q56": 114.0, "q57": 188.0, "q58": 134.0, "q59": 57.0, "q60": 230.0, "q61": 161.0, "q62": 219.0, "q63": 226.0}, "datetime": {"datetime": "2019-11-11 18:46:13", "elapsed": 1.711682, "delta": 0.006724}}
{"target": -0.0932875753923974, "params": {"q00": 2.0, "q01": 9.0, "q02": 131.0, "q03": 163.0, "q04": 109.0, "q05": 18.0, "q06": 219.0, "q07": 23.0, "q08": 7.0, "q09": 7.0, "q10": 48.0, "q11": 24.0, "q12": 229.0, "q13": 240.0, "q14": 254.0, "q15": 65.0, "q16": 143.0, "q17": 20.0, "q18": 60.0, "q19": 205.0, "q20": 84.0, "q21": 33.0, "q22": 72.0, "q23": 210.0, "q24": 65.0, "q25": 20.0, "q26": 9.0, "q27": 9.0, "q28": 131.0, "q29": 9.0, "q30": 155.0, "q31": 211.0, "q32": 225.0, "q33": 37.0, "q34": 24.0, "q35": 233.0, "q36": 218.0, "q37": 166.0, "q38": 100.0, "q39": 107.0, "q40": 12.0, "q41": 119.0, "q42": 166.0, "q43": 108.0, "q44": 48.0, "q45": 100.0, "q46": 187.0, "q47": 183.0, "q48": 112.0, "q49": 135.0, "q50": 158.0, "q51": 135.0, "q52": 5.0, "q53": 159.0, "q54": 99.0, "q55": 251.0, "q56": 104.0, "q57": 113.0, "q58": 91.0, "q59": 128.0, "q60": 233.0, "q61": 181.0, "q62": 215.0, "q63": 131.0}, "datetime": {"datetime": "2019-11-11 18:46:13", "elapsed": 1.718495, "delta": 0.006813}}
{"target": -0.07215579850874371, "params": {"q00": 63.0, "q01": 14.0, "q02": 69.0, "q03": 145.0, "q04": 205.0, "q05": 150.0, "q06": 142.0, "q07": 87.0, "q08": 23.0, "q09": 3.0, "q10": 14.0, "q11": 151.0, "q12": 99.0, "q13": 42.0, "q14": 32.0, "q15": 179.0, "q16": 14.0, "q17": 6.0, "q18": 28.0, "q19": 58.0, "q20": 41.0, "q21": 51.0, "q22": 92.0, "q23": 207.0, "q24": 60.0, "q25": 121.0, "q26": 21.0, "q27": 102.0, "q28": 33.0, "q29": 113.0, "q30": 254.0, "q31": 118.0, "q32": 192.0, "q33": 249.0, "q34": 215.0, "q35": 76.0, "q36": 151.0, "q37": 90.0, "q38": 42.0, "q39": 122.0, "q40": 22.0, "q41": 126.0, "q42": 193.0, "q43": 34.0, "q44": 110.0, "q45": 29.0, "q46": 179.0, "q47": 151.0, "q48": 254.0, "q49": 85.0, "q50": 119.0, "q51": 22.0, "q52": 198.0, "q53": 189.0, "q54": 190.0, "q55": 181.0, "q56": 165.0, "q57": 219.0, "q58": 16.0, "q59": 228.0, "q60": 115.0, "q61": 169.0, "q62": 95.0, "q63": 231.0}, "datetime": {"datetime": "2019-11-11 18:46:13", "elapsed": 1.725269, "delta": 0.006774}}
{"target": -0.10372955291360986, "params": {"q00": 1.0, "q01": 41.0, "q02": 32.0, "q03": 184.0, "q04": 44.0, "q05": 76.0, "q06": 8.0, "q07": 87.0, "q08": 14.0, "q09": 30.0, "q10": 236.0, "q11": 6.0, "q12": 138.0, "q13": 186.0, "q14": 73.0, "q15": 8.0, "q16": 40.0, "q17": 33.0, "q18": 3.0, "q19": 217.0, "q20": 9.0, "q21": 65.0, "q22": 117.0, "q23": 220.0, "q24": 13.0, "q25": 42.0, "q26": 133.0, "q27": 116.0, "q28": 36.0, "q29": 106.0, "q30": 181.0, "q31": 156.0, "q32": 86.0, "q33": 139.0, "q34": 150.0, "q35": 148.0, "q36": 173.0, "q37": 150.0, "q38": 184.0, "q39": 47.0, "q40": 250.0, "q41": 43.0, "q42": 125.0, "q43": 117.0, "q44": 106.0, "q45": 14.0, "q46": 208.0, "q47": 74.0, "q48": 96.0, "q49": 125.0, "q50": 236.0, "q51": 52.0, "q52": 147.0, "q53": 161.0, "q54": 170.0, "q55": 39.0, "q56": 113.0, "q57": 180.0, "q58": 147.0, "q59": 3.0, "q60": 130.0, "q61": 137.0, "q62": 149.0, "q63": 213.0}, "datetime": {"datetime": "2019-11-11 18:46:13", "elapsed": 1.732059, "delta": 0.00679}}
{"target": -0.15256913821783402, "params": {"q00": 81.0, "q01": 54.0, "q02": 49.0, "q03": 219.0, "q04": 1.0, "q05": 151.0, "q06": 28.0, "q07": 238.0, "q08": 2.0, "q09": 40.0, "q10": 63.0, "q11": 20.0, "q12": 99.0, "q13": 125.0, "q14": 210.0, "q15": 96.0, "q16": 85.0, "q17": 41.0, "q18": 128.0, "q19": 90.0, "q20": 223.0, "q21": 55.0, "q22": 222.0, "q23": 252.0, "q24": 100.0, "q25": 31.0, "q26": 190.0, "q27": 224.0, "q28": 180.0, "q29": 25.0, "q30": 207.0, "q31": 78.0, "q32": 68.0, "q33": 82.0, "q34": 126.0, "q35": 13.0, "q36": 217.0, "q37": 201.0, "q38": 158.0, "q39": 78.0, "q40": 51.0, "q41": 232.0, "q42": 196.0, "q43": 70.0, "q44": 237.0, "q45": 60.0, "q46": 238.0, "q47": 189.0, "q48": 158.0, "q49": 189.0, "q50": 87.0, "q51": 138.0, "q52": 97.0, "q53": 117.0, "q54": 51.0, "q55": 214.0, "q56": 218.0, "q57": 127.0, "q58": 119.0, "q59": 234.0, "q60": 151.0, "q61": 250.0, "q62": 190.0, "q63": 250.0}, "datetime": {"datetime": "2019-11-11 18:46:13", "elapsed": 1.738852, "delta": 0.006793}}
{"target": -0.09001315865082021, "params": {"q00": 2.0, "q01": 88.0, "q02": 7.0, "q03": 111.0, "q04": 176.0, "q05": 33.0, "q06": 135.0, "q07": 131.0, "q08": 10.0, "q09": 51.0, "q10": 76.0, "q11": 216.0, "q12": 224.0, "q13": 93.0, "q14": 164.0, "q15": 89.0, "q16": 8.0, "q17": 30.0, "q18": 23.0, "q19": 99.0, "q20": 169.0, "q21": 37.0, "q22": 234.0, "q23": 224.0, "q24": 20.0, "q25": 109.0, "q26": 71.0, "q27": 59.0, "q28": 186.0, "q29": 154.0, "q30": 93.0, "q31": 244.0, "q32": 186.0, "q33": 186.0, "q34": 84.0, "q35": 138.0, "q36": 175.0, "q37": 254.0, "q38": 215.0, "q39": 34.0, "q40": 235.0, "q41": 29.0, "q42": 95.0, "q43": 53.0, "q44": 81.0, "q45": 252.0, "q46": 215.0, "q47": 85.0, "q48": 223.0, "q49": 16.0, "q50": 148.0, "q51": 84.0, "q52": 74.0, "q53": 182.0, "q54": 176.0, "q55": 25.0, "q56": 52.0, "q57": 130.0, "q58": 196.0, "q59": 36.0, "q60": 208.0, "q61": 220.0, "q62": 214.0, "q63": 155.0}, "datetime": {"datetime": "2019-11-11 18:46:13", "elapsed": 1.745675, "delta": 0.006823}}
{"target": -0.1031653298634379, "params": {"q00": 17.0, "q01": 12.0, "q02": 43.0, "q03": 80.0, "q04": 104.0, "q05": 240.0, "q06": 163.0, "q07": 8.0, "q08": 9.0, "q09": 61.0, "q10": 69.0, "q11": 250.0, "q12": 45.0, "q13": 109.0, "q14": 167.0, "q15": 70.0, "q16": 10.0, "q17": 45.0, "q18": 58.0, "q19": 190.0, "q20": 95.0, "q21": 133.0, "q22": 137.0, "q23": 193.0, "q24": 245.0, "q25": 171.0, "q26": 47.0, "q27": 1.0, "q28": 151.0, "q29": 234.0, "q30": 138.0, "q31": 6.0, "q32": 7.0, "q33": 199.0, "q34": 77.0, "q35": 51.0, "q36": 165.0, "q37": 117.0, "q38": 40.0, "q39": 117.0, "q40": 148.0, "q41": 13.0, "q42": 152.0, "q43": 52.0, "q44": 23.0, "q45": 135.0, "q46": 224.0, "q47": 110.0, "q48": 66.0, "q49": 80.0, "q50": 67.0, "q51": 145.0, "q52": 60.0, "q53": 169.0, "q54": 210.0, "q55": 54.0, "q56": 201.0, "q57": 212.0, "q58": 163.0, "q59": 244.0, "q60": 20.0, "q61": 194.0, "q62": 18.0, "q63": 75.0}, "datetime": {"datetime": "2019-11-11 18:46:13", "elapsed": 1.752486, "delta": 0.006811}}
{"target": -0.12243035440459299, "params": {"q00": 42.0, "q01": 1.0, "q02": 151.0, "q03": 134.0, "q04": 183.0, "q05": 57.0, "q06": 67.0, "q07": 38.0, "q08": 4.0, "q09": 120.0, "q10": 45.0, "q11": 35.0, "q12": 44.0, "q13": 243.0, "q14": 111.0, "q15": 158.0, "q16": 4.0, "q17": 46.0, "q18": 116.0, "q19": 85.0, "q20": 206.0, "q21": 130.0, "q22": 169.0, "q23": 209.0, "q24": 163.0, "q25": 228.0, "q26": 199.0, "q27": 36.0, "q28": 197.0, "q29": 29.0, "q30": 130.0, "q31": 219.0, "q32": 129.0, "q33": 173.0, "q34": 216.0, "q35": 252.0, "q36": 77.0, "q37": 209.0, "q38": 104.0, "q39": 169.0, "q40": 240.0, "q41": 69.0, "q42": 237.0, "q43": 181.0, "q44": 24.0, "q45": 73.0, "q46": 166.0, "q47": 122.0, "q48": 234.0, "q49": 223.0, "q50": 186.0, "q51": 233.0, "q52": 12.0, "q53": 239.0, "q54": 151.0, "q55": 235.0, "q56": 186.0, "q57": 80.0, "q58": 100.0, "q59": 154.0, "q60": 109.0, "q61": 252.0, "q62": 221.0, "q63": 182.0}, "datetime": {"datetime": "2019-11-11 18:46:13", "elapsed": 1.759355, "delta": 0.006869}}
{"target": -0.14857895095559598, "params": {"q00": 24.0, "q01": 14.0, "q02": 66.0, "q03": 70.0, "q04": 39.0, "q05": 253.0, "q06": 194.0, "q07": 100.0, "q08": 4.0, "q09": 115.0, "q10": 49.0, "q11": 52.0, "q12": 130.0, "q13": 202.0, "q14": 253.0, "q15": 51.0, "q16": 7.0, "q17": 153.0, "q18": 53.0, "q19": 104.0, "q20": 152.0, "q21": 112.0, "q22": 170.0, "q23": 160.0, "q24": 205.0, "q25": 123.0, "q26": 29.0, "q27": 115.0, "q28": 102.0, "q29": 182.0, "q30": 204.0, "q31": 13.0, "q32": 234.0, "q33": 194.0, "q34": 171.0, "q35": 126.0, "q36": 69.0, "q37": 80.0, "q38": 171.0, "q39": 151.0, "q40": 81.0, "q41": 200.0, "q42": 210.0, "q43": 175.0, "q44": 56.0, "q45": 91.0, "q46": 53.0, "q47": 50.0, "q48": 4.0, "q49": 51.0, "q50": 56.0, "q51": 46.0, "q52": 24.0, "q53": 122.0, "q54": 48.0, "q55": 190.0, "q56": 34.0, "q57": 224.0, "q58": 26.0, "q59": 166.0, "q60": 1.0, "q61": 191.0, "q62": 189.0, "q63": 150.0}, "datetime": {"datetime": "2019-11-11 18:46:13", "elapsed": 1.766212, "delta": 0.006857}}
{"target": -0.10436212663485223, "params": {"q00": 24.0, "q01": 8.0, "q02": 57.0, "q03": 68.0, "q04": 152.0, "q05": 201.0, "q06": 248.0, "q07": 142.0, "q08": 8.0, "q09": 29.0, "q10": 27.0, "q11": 86.0, "q12": 7.0, "q13": 12.0, "q14": 242.0, "q15": 210.0, "q16": 67.0, "q17": 6.0, "q18": 92.0, "q19": 76.0, "q20": 61.0, "q21": 244.0, "q22": 2.0, "q23": 113.0, "q24": 151.0, "q25": 37.0, "q26": 165.0, "q27": 134.0, "q28": 85.0, "q29": 209.0, "q30": 174.0, "q31": 233.0, "q32": 181.0, "q33": 251.0, "q34": 130.0, "q35": 65.0, "q36": 204.0, "q37": 249.0, "q38": 87.0, "q39": 215.0, "q40": 112.0, "q41": 79.0, "q42": 109.0, "q43": 9.0, "q44": 210.0, "q45": 116.0, "q46": 89.0, "q47": 99.0, "q48": 215.0, "q49": 109.0, "q50": 242.0, "q51": 6.0, "q52": 3.0, "q53": 160.0, "q54": 52.0, "q55": 210.0, "q56": 169.0, "q57": 211.0, "q58": 87.0, "q59": 139.0, "q60": 42.0, "q61": 143.0, "q62": 208.0, "q63": 61.0}, "datetime": {"datetime": "2019-11-11 18:46:13", "elapsed": 1.773075, "delta": 0.006863}}
