{"target": -0.11683843155296014, "params": {"q00": 21.0, "q01": 10.0, "q02": 56.0, "q03": 209.0, "q04": 143.0, "q05": 57.0, "q06": 76.0, "q07": 24.0, "q08": 20.0, "q09": 75.0, "q10": 8.0, "q11": 124.0, "q12": 81.0, "q13": 51.0, "q14": 142.0, "q15": 1.0, "q16": 159.0, "q17": 14.0, "q18": 79.0, "q19": 128.0, "q20": 156.0, "q21": 104.0, "q22": 200.0, "q23": 232.0, "q24": 152.0, "q25": 53.0, "q26": 43.0, "q27": 25.0, "q28": 105.0, "q29": 194.0, "q30": 13.0, "q31": 129.0, "q32": 56.0, "q33": 159.0, "q34": 65.0, "q35": 192.0, "q36": 192.0, "q37": 8.0, "q38": 104.0, "q39": 161.0, "q40": 19.0, "q41": 194.0, "q42": 248.0, "q43": 213.0, "q44": 177.0, "q45": 218.0, "q46": 144.0, "q47": 73.0, "q48": 58.0, "q49": 252.0, "q50": 184.0, "q51": 173.0, "q52": 24.0, "q53": 69.0, "q54": 117.0, "q55": 81.0, "q56": 193.0, "q57": 147.0, "q58": 74.0, "q59": 142.0, "q60": 69.0, "q61": 67.0, "q62": 247.0, "q63": 152.0}, "datetime": {"datetime": "2019-11-11 18:46:12", "elapsed": 0.175314, "delta": 0.001891}}
{"target": -0.13986372955294818, "params": {"q00": 21.0, "q01": 1.0, "q02": 217.0, "q03": 24.0, "q04": 2.0, "q05": 154.0, "q06": 153.0, "q07": 82.0, "q08": 17.0, "q09": 122.0, "q10": 34.0, "q11": 20.0, "q12": 50.0, "q13": 21.0, "q14": 43.0, "q15": 12.0, "q16": 210.0, "q17": 59.0, "q18": 124.0, "q19": 185.0, "q20": 60.0, "q21": 124.0, "q22": 136.0, "q23": 237.0, "q24": 22.0, "q25": 80.0, "q26": 69.0, "q27": 172.0, "q28": 215.0, "q29": 171.0, "q30": 110.0, "q31": 68.0, "q32": 114.0, "q33": 107.0, "q34": 146.0, "q35": 80.0, "q36": 154.0, "q37": 100.0, "q38": 250.0, "q39": 64.0, "q40": 64.0, "q41": 141.0, "q42": 102.0, "q43": 55.0, "q44": 227.0, "q45": 173.0, "q46": 254.0, "q47": 221.0, "q48": 235.0, "q49": 107.0, "q50": 29.0, "q51": 87.0, "q52": 44.0, "q53": 191.0, "q54": 118.0, "q55": 114.0, "q56": 164.0, "q57": 196.0, "q58": 179.0, "q59": 19.0, "q60": 100.0, "q61": 73.0, "q62": 173.0, "q63": 245.0}, "datetime": {"datetime": "2019-11-11 18:46:12", "elapsed": 0.177464, "delta": 0.00215}}
{"target": -0.10425452381855427, "params": {"q00": 3.0, "q01": 13.0, "q02": 35.0, "q03": 126.0, "q04": 123.0, "q05": 16.0, "q06": 66.0, "q07": 94.0, "q08": 43.0, "q09": 47.0, "q10": 18.0, "q11": 110.0, "q12": 132.0, "q13": 2.0, "q14": 18.0, "q15": 113.0, "q16": 208.0, "q17": 54.0, "q18": 32.0, "q19": 98.0, "q20": 192.0, "q21": 70.0, "q22": 253.0, "q23": 210.0, "q24": 51.0, "q25": 23.0, "q26": 1.0, "q27": 166.0, "q28": 234.0, "q29": 44.0, "q30": 249.0, "q31": 60.0, "q32": 125.0, "q33": 126.0, "q34": 124.0, "q35": 52.0, "q36": 22.0, "q37": 110.0, "q38": 46.0, "q39": 208.0, "q40": 115.0, "q41": 150.0, "q42": 133.0, "q43": 15.0, "q44": 17.0, "q45": 33.0, "q46": 181.0, "q47": 90.0, "q48": 78.0, "q49": 63.0, "q50": 126.0, "q51": 229.0, "q52": 28.0, "q53": 9.0, "q54": 232.0, "q55": 158.0, "q56": 158.0, "q57": 72.0, "q58": 35.0, "q59": 22.0, "q60": 86.0, "q61": 79.0, "q62": 103.0, "q63": 20.0}, "datetime": {"datetime": "2019-11-11 18:46:12", "elapsed": 0.179476, "delta": 0.002012}}
{"target": -0.1697964536232966, "params": {"q00": 132.0, "q01": 45.0, "q02": 55.0, "q03": 132.0, "q04": 4.0, "q05": 37.0, "q06": 193.0, "q07": 137.0, "q08": 23.0, "q09": 4.0, "q10": 62.0, "q11": 125.0, "q12": 162.0, "q13": 105.0, "q14": 14.0, "q15": 60.0, "q16": 64.0, "q17": 10.0, "q18": 36.0, "q19": 98.0, "q20": 48.0, "q21": 200.0, "q22": 88.0, "q23": 235.0, "q24": 81.0, "q25": 155.0, "q26": 174.0, "q27": 175.0, "q28": 35.0, "q29": 57.0, "q30": 196.0, "q31": 248.0, "q32": 195.0, "q33": 72.0, "q34": 102.0, "q35": 20.0, "q36": 244.0, "q37": 22.0, "q38": 131.0, "q39": 135.0, "q40": 41.0, "q41": 102.0, "q42": 175.0, "q43": 167.0, "q44": 246.0, "q45": 107.0, "q46": 111.0, "q47": 221.0, "q48": 42.0, "q49": 213.0, "q50": 130.0, "q51": 35.0, "q52": 159.0, "q53": 149.0, "q54": 108.0, "q55": 223.0, "q56": 130.0, "q57": 211.0, "q58": 156.0, "q59": 224.0, "q60": 226.0, "q61": 67.0, "q62": 154.0, "q63": 239.0}, "datetime": {"datetime": "2019-11-11 18:46:12", "elapsed": 0.18146, "delta": 0.001984}}
{"target": -0.304688079807161, "params": {"q00": 139.0, "q01": 202.0, "q02": 10.0, "q03": 190.0, "q04": 80.0, "q05": 64.0, "q06": 241.0, "q07": 40.0, "q08": 32.0, "q09": 64.0, "q10": 12.0, "q11": 91.0, "q12": 14.0, "q13": 11.0, "q14": 113.0, "q15": 251.0, "q16": 242.0, "q17": 205.0, "q18": 9.0, "q19": 114.0, "q20": 80.0, "q21": 29.0, "q22": 194.0, "q23": 244.0, "q24": 69.0, "q25": 118.0, "q26": 121.0, "q27": 73.0, "q28": 39.0, "q29": 78.0, "q30": 43.0, "q31": 143.0, "q32": 99.0, "q33": 113.0, "q34": 242.0, "q35": 6.0, "q36": 3.0, "q37": 237.0, "q38": 140.0, "q39": 144.0, "q40": 80.0, "q41": 61.0, "q42": 69.0, "q43": 96.0, "q44": 234.0, "q45": 1.0, "q46": 197.0, "q47": 154.0, "q48": 41.0, "q49": 195.0, "q50": 29.0, "q51": 221.0, "q52": 38.0, "q53": 166.0, "q54": 210.0, "q55": 218.0, "q56": 253.0, "q57": 235.0, "q58": 200.0, "q59": 212.0, "q60": 196.0, "q61": 172.0, "q62": 253.0, "q63": 96.0}, "datetime": {"datetime": "2019-11-11 18:46:12", "elapsed": 0.186833, "delta": 0.005373}}
{"target": -0.10702242314683652, "params": {"q00": 3.0, "q01": 1.0, "q02": 33.0, "q03": 189.0, "q04": 113.0, "q05": 100.0, "q06": 135.0, "q07": 164.0, "q08": 92.0, "q09": 138.0, "q10": 39.0, "q11": 25.0, "q12": 33.0, "q13": 118.0, "q14": 226.0, "q15": 186.0, "q16": 41.0, "q17": 133.0, "q18": 5.0, "q19": 150.0, "q20": 27.0, "q21": 47.0, "q22": 159.0, "q23": 205.0, "q24": 32.0, "q25": 53.0, "q26": 26.0, "q27": 152.0, "q28": 57.0, "q29": 176.0, "q30": 121.0, "q31": 41.0, "q32": 137.0, "q33": 14.0, "q34": 32.0, "q35": 246.0, "q36": 245.0, "q37": 18.0, "q38": 179.0, "q39": 70.0, "q40": 211.0, "q41": 203.0, "q42": 102.0, "q43": 36.0, "q44": 191.0, "q45": 168.0, "q46": 187.0, "q47": 145.0, "q48": 205.0, "q49": 75.0, "q50": 198.0, "q51": 235.0, "q52": 54.0, "q53": 45.0, "q54": 70.0, "q55": 189.0, "q56": 111.0, "q57": 59.0, "q58": 248.0, "q59": 232.0, "q60": 146.0, "q61": 62.0, "q62": 50.0, "q63": 218.0}, "datetime": {"datetime": "2019-11-11 18:46:12", "elapsed": 0.191587, "delta": 0.004754}}
{"target": -0.1990293595519979, "params": {"q00": 65.0, "q01": 114.0, "q02": 36.0, "q03": 127.0, "q04": 103.0, "q05": 11.0, "q06": 69.0, "q07": 228.0, "q08": 7.0, "q09": 23.0, "q10": 48.0, "q11": 45.0, "q12": 73.0, "q13": 84.0, "q14": 62.0, "q15": 163.0, "q16": 176.0, "q17": 138.0, "q18": 136.0, "q19": 118.0, "q20": 24.0, "q21": 3.0, "q22": 23.0, "q23": 240.0, "q24": 20.0, "q25": 124.0, "q26": 177.0, "q27": 1.0, "q28": 185.0, "q29": 129.0, "q30": 1.0, "q31": 54.0, "q32": 166.0, "q33": 57.0, "q34": 243.0, "q35": 71.0, "q36": 250.0, "q37": 50.0, "q38": 44.0, "q39": 49.0, "q40": 2.0, "q41": 83.0, "q42": 167.0, "q43": 31.0, "q44": 208.0, "q45": 175.0, "q46": 92.0, "q47": 232.0, "q48": 95.0, "q49": 196.0, "q50": 83.0, "q51": 182.0, "q52": 56.0, "q53": 55.0, "q54": 57.0, "q55": 110.0, "q56": 16.0, "q57": 74.0, "q58": 122.0, "q59": 163.0, "q60": 80.0, "q61": 226.0, "q62": 177.0, "q63": 200.0}, "datetime": {"datetime": "2019-11-11 18:46:12", "elapsed": 0.194903, "delta": 0.003316}}
{"target": -0.16983282088492768, "params": {"q00": 4.0, "q01": 50.0, "q02": 9.0, "q03": 229.0, "q04": 127.0, "q05": 35.0, "q06": 160.0, "q07": 83.0, "q08": 207.0, "q09": 12.0, "q10": 5.0, "q11": 132.0, "q12": 39.0, "q13": 5.0, "q14": 75.0, "q15": 82.0, "q16": 61.0, "q17": 146.0, "q18": 208.0, "q19": 80.0, "q20": 103.0, "q21": 234.0, "q22": 174.0, "q23": 162.0, "q24": 113.0, "q25": 33.0, "q26": 11.0, "q27": 95.0, "q28": 5.0, "q29": 8.0, "q30": 217.0, "q31": 124.0, "q32": 70.0, "q33": 87.0, "q34": 177.0, "q35": 2.0, "q36": 21.0, "q37": 93.0, "q38": 27.0, "q39": 179.0, "q40": 230.0, "q41": 18.0, "q42": 184.0, "q43": 59.0, "q44": 121.0, "q45": 212.0, "q46": 243.0, "q47": 183.0, "q48": 14.0, "q49": 7.0, "q50": 33.0, "q51": 175.0, "q52": 5.0, "q53": 126.0, "q54": 20.0, "q55": 93.0, "q56": 144.0, "q57": 208.0, "q58": 144.0, "q59": 177.0, "q60": 31.0, "q61": 203.0, "q62": 216.0, "q63": 181.0}, "datetime": {"datetime": "2019-11-11 18:46:12", "elapsed": 0.198256, "delta": 0.003353}}
{"target": -0.12700140176017155, "params": {"q00": 29.0, "q01": 99.0, "q02": 97.0, "q03": 80.0, "q04": 214.0, "q05": 22.0, "q06": 9.0, "q07": 224.0, "q08": 11.0, "q09": 8.0, "q10": 44.0, "q11": 55.0, "q12": 230.0, "q13": 2.0, "q14": 39.0, "q15": 233.0, "q16": 24.0, "q17": 10.0, "q18": 101.0, "q19": 91.0, "q20": 152.0, "q21": 185.0, "q22": 46.0, "q23": 200.0, "q24": 44.0, "q25": 76.0, "q26": 128.0, "q27": 88.0, "q28": 203.0, "q29": 141.0, "q30": 11.0, "q31": 131.0, "q32": 89.0, "q33": 190.0, "q34": 103.0, "q35": 48.0, "q36": 31.0, "q37": 185.0, "q38": 98.0, "q39": 200.0, "q40": 108.0, "q41": 126.0, "q42": 170.0, "q43": 7.0, "q44": 28.0, "q45": 93.0, "q46": 201.0, "q47": 162.0, "q48": 83.0, "q49": 116.0, "q50": 106.0, "q51": 131.0, "q52": 2.0, "q53": 211.0, "q54": 50.0, "q55": 170.0, "q56": 77.0, "q57": 191.0, "q58": 148.0, "q59": 50.0, "q60": 227.0, "q61": 23.0, "q62": 187.0, "q63": 75.0}, "datetime": {"datetime": "2019-11-11 18:46:12", "elapsed": 0.201473, "delta": 0.003217}}
{"target": -0.14709713611569564, "params": {"q00": 1.0, "q01": 65.0, "q02": 61.0, "q03": 240.0, "q04": 35.0, "q05": 116.0, "q06": 62.0, "q07": 37.0, "q08": 164.0, "q09": 131.0, "q10": 92.0, "q11": 100.0, "q12": 31.0, "q13": 22.0, "q14": 12.0, "q15": 81.0, "q16": 35.0, "q17": 28.0, "q18": 14.0, "q19": 136.0, "q20": 35.0, "q21": 35.0, "q22": 167.0, "q23": 254.0, "q24": 139.0, "q25": 159.0, "q26": 99.0, "q27": 60.0, "q28": 173.0, "q29": 235.0, "q30": 254.0, "q31": 242.0, "q32": 124.0, "q33": 94.0, "q34": 180.0, "q35": 41.0, "q36": 229.0, "q37": 244.0, "q38": 102.0, "q39": 52.0, "q40": 200.0, "q41": 34.0, "q42": 54.0, "q43": 45.0, "q44": 245.0, "q45": 86.0, "q46": 185.0, "q47": 110.0, "q48": 183.0, "q49": 223.0, "q50": 189.0, "q51": 252.0, "q52": 175.0, "q53": 146.0, "q54": 77.0, "q55": 14.0, "q56": 32.0, "q57": 70.0, "q58": 243.0, "q59": 152.0, "q60": 138.0, "q61": 176.0, "q62": 224.0, "q63": 53.0}, "datetime": {"datetime": "2019-11-11 18:46:12", "elapsed": 0.204661, "delta": 0.003188}}
{"target": -0.12729005247670128, "params": {"q00": 44.0, "q01": 52.0, "q02": 8.0, "q03": 98.0, "q04": 179.0, "q05": 64.0, "q06": 211.0, "q07": 7.0, "q08": 13.0, "q09": 148.0, "q10": 16.0, "q11": 6.0, "q12": 58.0, "q13": 51.0, "q14": 195.0, "q15": 191.0, "q16": 92.0, "q17": 38.0, "q18": 11.0, "q19": 213.0, "q20": 49.0, "q21": 127.0, "q22": 122.0, "q23": 190.0, "q24": 22.0, "q25": 138.0, "q26": 160.0, "q27": 40.0, "q28": 91.0, "q29": 3.0, "q30": 99.0, "q31": 48.0, "q32": 22.0, "q33": 19.0, "q34": 182.0, "q35": 83.0, "q36": 75.0, "q37": 32.0, "q38": 81.0, "q39": 107.0, "q40": 181.0, "q41": 21.0, "q42": 156.0, "q43": 84.0, "q44": 3.0, "q45": 193.0, "q46": 172.0, "q47": 232.0, "q48": 106.0, "q49": 70.0, "q50": 169.0, "q51": 124.0, "q52": 38.0, "q53": 26.0, "q54": 252.0, "q55": 240.0, "q56": 236.0, "q57": 2.0, "q58": 228.0, "q59": 5.0, "q60": 139.0, "q61": 212.0, "q62": 94.0, "q63": 175.0}, "datetime": {"datetime": "2019-11-11 18:46:12", "elapsed": 0.207832, "delta": 0.003171}}
{"target": -0.2130175152134421, "params": {"q00": 95.0, "q01": 47.0, "q02": 6.0, "q03": 95.0, "q04": 106.0, "q05": 45.0, "q06": 20.0, "q07": 109.0, "q08": 186.0, "q09": 47.0, "q10": 8.0, "q11": 49.0, "q12": 65.0, "q13": 95.0, "q14": 92.0, "q15": 238.0, "q16": 137.0, "q17": 45.0, "q18": 159.0, "q19": 105.0, "q20": 10.0, "q21": 25.0, "q22": 95.0, "q23": 217.0, "q24": 127.0, "q25": 79.0, "q26": 102.0, "q27": 127.0, "q28": 118.0, "q29": 86.0, "q30": 138.0, "q31": 157.0, "q32": 43.0, "q33": 53.0, "q34": 126.0, "q35": 61.0, "q36": 58.0, "q37": 215.0, "q38": 131.0, "q39": 36.0, "q40": 39.0, "q41": 131.0, "q42": 172.0, "q43": 4.0, "q44": 13.0, "q45": 172.0, "q46": 204.0, "q47": 222.0, "q48": 27.0, "q49": 202.0, "q50": 192.0, "q51": 21.0, "q52": 17.0, "q53": 102.0, "q54": 16.0, "q55": 108.0, "q56": 48.0, "q57": 205.0, "q58": 132.0, "q59": 98.0, "q60": 242.0, "q61": 77.0, "q62": 177.0, "q63": 241.0}, "datetime": {"datetime": "2019-11-11 18:46:12", "elapsed": 0.211025, "delta": 0.003193}}
{"target": -0.21647185383020562, "params": {"q00": 113.0, "q01": 116.0, "q02": 120.0, "q03": 84.0, "q04": 57.0, "q05": 125.0, "q06": 154.0, "q07": 76.0, "q08": 12.0, "q09": 38.0, "q10": 160.0, "q11": 179.0, "q12": 72.0, "q13": 5.0, "q14": 155.0, "q15": 47.0, "q16": 55.0, "q17": 156.0, "q18": 55.0, "q19": 144.0, "q20": 43.0, "q21": 203.0, "q22": 234.0, "q23": 227.0, "q24": 33.0, "q25": 116.0, "q26": 2.0, "q27": 51.0, "q28": 146.0, "q29": 56.0, "q30": 97.0, "q31": 216.0, "q32": 73.0, "q33": 69.0, "q34": 9.0, "q35": 131.0, "q36": 214.0, "q37": 180.0, "q38": 111.0, "q39": 210.0, "q40": 132.0, "q41": 209.0, "q42": 125.0, "q43": 34.0, "q44": 190.0, "q45": 117.0, "q46": 215.0, "q47": 223.0, "q48": 57.0, "q49": 174.0, "q50": 186.0, "q51": 236.0, "q52": 26.0, "q53": 27.0, "q54": 254.0, "q55": 12.0, "q56": 170.0, "q57": 206.0, "q58": 249.0, "q59": 109.0, "q60": 206.0, "q61": 225.0, "q62": 197.0, "q63": 247.0}, "datetime": {"datetime": "2019-11-11 18:46:12", "elapsed": 0.214056, "delta": 0.003031}}
{"target": -0.11832500614856095, "params": {"q00": 9.0, "q01": 74.0, "q02": 49.0, "q03": 176.0, "q04": 111.0, "q05": 132.0, "q06": 21.0, "q07": 41.0, "q08": 12.0, "q09": 97.0, "q10": 4.0, "q11": 78.0, "q12": 55.0, "q13": 176.0, "q14": 123.0, "q15": 88.0, "q16": 39.0, "q17": 58.0, "q18": 186.0, "q19": 20.0, "q20": 34.0, "q21": 177.0, "q22": 168.0, "q23": 213.0, "q24": 15.0, "q25": 149.0, "q26": 75.0, "q27": 68.0, "q28": 2.0, "q29": 159.0, "q30": 235.0, "q31": 254.0, "q32": 194.0, "q33": 205.0, "q34": 174.0, "q35": 61.0, "q36": 212.0, "q37": 10.0, "q38": 182.0, "q39": 190.0, "q40": 241.0, "q41": 163.0, "q42": 194.0, "q43": 175.0, "q44": 168.0, "q45": 99.0, "q46": 246.0, "q47": 108.0, "q48": 173.0, "q49": 171.0, "q50": 64.0, "q51": 218.0, "q52": 134.0, "q53": 196.0, "q54": 152.0, "q55": 30.0, "q56": 193.0, "q57": 102.0, "q58": 85.0, "q59": 38.0, "q60": 8.0, "q61": 111.0, "q62": 223.0, "q63": 221.0}, "datetime": {"datetime": "2019-11-11 18:46:12", "elapsed": 0.217085, "delta": 0.003029}}
{"target": -0.1776016909393851, "params": {"q00": 39.0, "q01": 145.0, "q02": 157.0, "q03": 250.0, "q04": 76.0, "q05": 144.0, "q06": 194.0, "q07": 82.0, "q08": 73.0, "q09": 68.0, "q10": 41.0, "q11": 2.0, "q12": 162.0, "q13": 2.0, "q14": 51.0, "q15": 7.0, "q16": 15.0, "q17": 13.0, "q18": 79.0, "q19": 180.0, "q20": 204.0, "q21": 154.0, "q22": 81.0, "q23": 4.0, "q24": 21.0, "q25": 28.0, "q26": 26.0, "q27": 141.0, "q28": 25.0, "q29": 127.0, "q30": 117.0, "q31": 254.0, "q32": 188.0, "q33": 113.0, "q34": 98.0, "q35": 148.0, "q36": 203.0, "q37": 182.0, "q38": 79.0, "q39": 115.0, "q40": 210.0, "q41": 4.0, "q42": 96.0, "q43": 57.0, "q44": 176.0, "q45": 19.0, "q46": 197.0, "q47": 124.0, "q48": 162.0, "q49": 28.0, "q50": 208.0, "q51": 154.0, "q52": 51.0, "q53": 109.0, "q54": 185.0, "q55": 188.0, "q56": 78.0, "q57": 74.0, "q58": 195.0, "q59": 189.0, "q60": 181.0, "q61": 239.0, "q62": 222.0, "q63": 236.0}, "datetime": {"datetime": "2019-11-11 18:46:12", "elapsed": 0.219807, "delta": 0.002722}}
{"target": -0.0874906524018989, "params": {"q00": 18.0, "q01": 15.0, "q02": 206.0, "q03": 6.0, "q04": 16.0, "q05": 2.0, "q06": 141.0, "q07": 90.0, "q08": 10.0, "q09": 19.0, "q10": 35.0, "q11": 58.0, "q12": 13.0, "q13": 182.0, "q14": 208.0, "q15": 99.0, "q16": 23.0, "q17": 69.0, "q18": 20.0, "q19": 128.0, "q20": 243.0, "q21": 85.0, "q22": 66.0, "q23": 222.0, "q24": 49.0, "q25": 80.0, "q26": 166.0, "q27": 192.0, "q28": 153.0, "q29": 167.0, "q30": 11.0, "q31": 215.0, "q32": 14.0, "q33": 159.0, "q34": 191.0, "q35": 71.0, "q36": 173.0, "q37": 125.0, "q38": 134.0, "q39": 55.0, "q40": 249.0, "q41": 60.0, "q42": 123.0, "q43": 76.0, "q44": 164.0, "q45": 13.0, "q46": 27.0, "q47": 91.0, "q48": 140.0, "q49": 51.0, "q50": 121.0, "q51": 132.0, "q52": 59.0, "q53": 65.0, "q54": 178.0, "q55": 107.0, "q56": 185.0, "q57": 78.0, "q58": 178.0, "q59": 127.0, "q60": 138.0, "q61": 245.0, "q62": 239.0, "q63": 179.0}, "datetime": {"datetime": "2019-11-11 18:46:12", "elapsed": 0.222338, "delta": 0.002531}}
{"target": -0.0981099587802241, "params": {"q00": 56.0, "q01": 4.0, "q02": 115.0, "q03": 187.0, "q04": 30.0, "q05": 121.0, "q06": 24.0, "q07": 41.0, "q08": 19.0, "q09": 16.0, "q10": 23.0, "q11": 25.0, "q12": 110.0, "q13": 137.0, "q14": 127.0, "q15": 161.0, "q16": 22.0, "q17": 14.0, "q18": 118.0, "q19": 199.0, "q20": 206.0, "q21": 65.0, "q22": 246.0, "q23": 231.0, "q24": 165.0, "q25": 25.0, "q26": 236.0, "q27": 152.0, "q28": 38.0, "q29": 92.0, "q30": 113.0, "q31": 197.0, "q32": 123.0, "q33": 165.0, "q34": 72.0, "q35": 162.0, "q36": 81.0, "q37": 141.0, "q38": 14.0, "q39": 58.0, "q40": 222.0, "q41": 3.0, "q42": 67.0, "q43": 42.0, "q44": 205.0, "q45": 213.0, "q46": 156.0, "q47": 150.0, "q48": 109.0, "q49": 48.0, "q50": 224.0, "q51": 226.0, "q52": 81.0, "q53": 95.0, "q54": 53.0, "q55": 44.0, "q56": 243.0, "q57": 121.0, "q58": 40.0, "q59": 74.0, "q60": 74.0, "q61": 167.0, "q62": 229.0, "q63": 229.0}, "datetime": {"datetime": "2019-11-11 18:46:12", "elapsed": 0.224905, "delta": 0.002567}}
{"target": -0.13750107923985144, "params": {"q00": 49.0, "q01": 68.0, "q02": 226.0, "q03": 212.0, "q04": 42.0, "q05": 58.0, "q06": 21.0, "q07": 56.0, "q08": 17.0, "q09": 158.0, "q10": 43.0, "q11": 159.0, "q12": 43.0, "q13": 205.0, "q14": 165.0, "q15": 154.0, "q16": 70.0, "q17": 42.0, "q18": 103.0, "q19": 237.0, "q20": 32.0, "q21": 79.0, "q22": 8.0, "q23": 159.0, "q24": 75.0, "q25": 52.0, "q26": 125.0, "q27": 66.0, "q28": 241.0, "q29": 140.0, "q30": 237.0, "q31": 158.0, "q32": 248.0, "q33": 90.0, "q34": 118.0, "q35": 133.0, "q36": 152.0, "q37": 73.0, "q38": 30.0, "q39": 138.0, "q40": 229.0, "q41": 71.0, "q42": 135.0, "q43": 119.0, "q44": 104.0, "q45": 59.0, "q46": 245.0, "q47": 128.0, "q48": 149.0, "q49": 83.0, "q50": 175.0, "q51": 93.0, "q52": 53.0, "q53": 194.0, "q54": 43.0, "q55": 8.0, "q56": 198.0, "q57": 125.0, "q58": 216.0, "q59": 138.0, "q60": 250.0, "q61": 191.0, "q62": 246.0, "q63": 191.0}, "datetime": {"datetime": "2019-11-11 18:46:12", "elapsed": 0.227436, "delta": 0.002531}}
{"target": -0.12822399750934843, "params": {"q00": 16.0, "q01": 18.0, "q02": 43.0, "q03": 137.0, "q04": 7.0, "q05": 27.0, "q06": 54.0, "q07": 155.0, "q08": 7.0, "q09": 109.0, "q10": 11.0, "q11": 19.0, "q12": 208.0, "q13": 111.0, "q14": 30.0, "q15": 186.0, "q16": 83.0, "q17": 41.0, "q18": 153.0, "q19": 183.0, "q20": 27.0, "q21": 47.0, "q22": 179.0, "q23": 1.0, "q24": 199.0, "q25": 63.0, "q26": 224.0, "q27": 212.0, "q28": 169.0, "q29": 57.0, "q30": 172.0, "q31": 195.0, "q32": 225.0, "q33": 92.0, "q34": 77.0, "q35": 57.0, "q36": 86.0, "q37": 10.0, "q38": 96.0, "q39": 205.0, "q40": 59.0, "q41": 182.0, "q42": 3.0, "q43": 95.0, "q44": 123.0, "q45": 60.0, "q46": 156.0, "q47": 53.0, "q48": 218.0, "q49": 235.0, "q50": 34.0, "q51": 156.0, "q52": 17.0, "q53": 18.0, "q54": 220.0, "q55": 36.0, "q56": 38.0, "q57": 99.0, "q58": 111.0, "q59": 87.0, "q60": 153.0, "q61": 19.0, "q62": 195.0, "q63": 234.0}, "datetime": {"datetime": "2019-11-11 18:46:12", "elapsed": 0.229982, "delta": 0.002546}}
{"target": -0.08726554173675977, "params": {"q00": 34.0, "q01": 57.0, "q02": 141.0, "q03": 146.0, "q04": 25.0, "q05": 85.0, "q06": 174.0, "q07": 17.0, "q08": 2.0, "q09": 33.0, "q10": 48.0, "q11": 17.0, "q12": 234.0, "q13": 101.0, "q14": 131.0, "q15": 92.0, "q16": 32.0, "q17": 33.0, "q18": 35.0, "q19": 215.0, "q20": 49.0, "q21": 190.0, "q22": 116.0, "q23": 227.0, "q24": 209.0, "q25": 11.0, "q26": 224.0, "q27": 77.0, "q28": 237.0, "q29": 251.0, "q30": 119.0, "q31": 184.0, "q32": 162.0, "q33": 157.0, "q34": 22.0, "q35": 127.0, "q36": 105.0, "q37": 9.0, "q38": 137.0, "q39": 210.0, "q40": 201.0, "q41": 19.0, "q42": 48.0, "q43": 52.0, "q44": 19.0, "q45": 188.0, "q46": 242.0, "q47": 105.0, "q48": 90.0, "q49": 49.0, "q50": 104.0, "q51": 153.0, "q52": 121.0, "q53": 106.0, "q54": 142.0, "q55": 71.0, "q56": 55.0, "q57": 43.0, "q58": 95.0, "q59": 100.0, "q60": 173.0, "q61": 23.0, "q62": 164.0, "q63": 68.0}, "datetime": {"datetime": "2019-11-11 18:46:12", "elapsed": 0.232552, "delta": 0.00257}}
{"target": -0.0656806245529587, "params": {"q00": 16.0, "q01": 23.0, "q02": 117.0, "q03": 42.0, "q04": 39.0, "q05": 66.0, "q06": 59.0, "q07": 64.0, "q08": 29.0, "q09": 119.0, "q10": 11.0, "q11": 66.0, "q12": 225.0, "q13": 168.0, "q14": 12.0, "q15": 98.0, "q16": 24.0, "q17": 12.0, "q18": 67.0, "q19": 233.0, "q20": 42.0, "q21": 225.0, "q22": 44.0, "q23": 122.0, "q24": 126.0, "q25": 65.0, "q26": 122.0, "q27": 191.0, "q28": 228.0, "q29": 146.0, "q30": 210.0, "q31": 31.0, "q32": 27.0, "q33": 64.0, "q34": 149.0, "q35": 73.0, "q36": 60.0, "q37": 111.0, "q38": 191.0, "q39": 166.0, "q40": 157.0, "q41": 66.0, "q42": 143.0, "q43": 53.0, "q44": 73.0, "q45": 232.0, "q46": 237.0, "q47": 229.0, "q48": 99.0, "q49": 115.0, "q50": 116.0, "q51": 225.0, "q52": 68.0, "q53": 173.0, "q54": 212.0, "q55": 194.0, "q56": 215.0, "q57": 55.0, "q58": 185.0, "q59": 19.0, "q60": 146.0, "q61": 176.0, "q62": 234.0, "q63": 68.0}, "datetime": {"datetime": "2019-11-11 18:46:12", "elapsed": 0.235149, "delta": 0.002597}}
{"target": -0.11622823934556664, "params": {"q00": 16.0, "q01": 13.0, "q02": 106.0, "q03": 220.0, "q04": 92.0, "q05": 56.0, "q06": 85.0, "q07": 19.0, "q08": 12.0, "q09": 25.0, "q10": 77.0, "q11": 2.0, "q12": 55.0, "q13": 179.0, "q14": 95.0, "q15": 66.0, "q16": 162.0, "q17": 36.0, "q18": 63.0, "q19": 89.0, "q20": 166.0, "q21": 4.0, "q22": 236.0, "q23": 193.0, "q24": 128.0, "q25": 220.0, "q26": 175.0, "q27": 20.0, "q28": 88.0, "q29": 232.0, "q30": 7.0, "q31": 119.0, "q32": 75.0, "q33": 139.0, "q34": 29.0, "q35": 19.0, "q36": 5.0, "q37": 25.0, "q38": 180.0, "q39": 123.0, "q40": 153.0, "q41": 181.0, "q42": 254.0, "q43": 40.0, "q44": 146.0, "q45": 71.0, "q46": 223.0, "q47": 214.0, "q48": 239.0, "q49": 114.0, "q50": 144.0, "q51": 176.0, "q52": 83.0, "q53": 134.0, "q54": 141.0, "q55": 231.0, "q56": 3.0, "q57": 163.0, "q58": 251.0, "q59": 14.0, "q60": 21.0, "q61": 98.0, "q62": 245.0, "q63": 89.0}, "datetime": {"datetime": "2019-11-11 18:46:12", "elapsed": 0.237712, "delta": 0.002563}}
