{"target": -0.025545022948363028, "params": {"q00": 11.0, "q01": 12.0, "q02": 12.0, "q03": 14.0, "q04": 23.0, "q05": 41.0, "q06": 46.0, "q07": 66.0, "q08": 2.0, "q09": 18.0, "q10": 5.0, "q11": 21.0, "q12": 23.0, "q13": 61.0, "q14": 56.0, "q15": 63.0, "q16": 9.0, "q17": 21.0, "q18": 17.0, "q19": 24.0, "q20": 44.0, "q21": 65.0, "q22": 63.0, "q23": 55.0, "q24": 21.0, "q25": 7.0, "q26": 25.0, "q27": 28.0, "q28": 50.0, "q29": 84.0, "q30": 71.0, "q31": 52.0, "q32": 25.0, "q33": 20.0, "q34": 40.0, "q35": 65.0, "q36": 73.0, "q37": 109.0, "q38": 101.0, "q39": 74.0, "q40": 17.0, "q41": 31.0, "q42": 62.0, "q43": 57.0, "q44": 75.0, "q45": 111.0, "q46": 114.0, "q47": 94.0, "q48": 55.0, "q49": 67.0, "q50": 87.0, "q51": 86.0, "q52": 111.0, "q53": 126.0, "q54": 110.0, "q55": 95.0, "q56": 77.0, "q57": 84.0, "q58": 92.0, "q59": 96.0, "q60": 111.0, "q61": 93.0, "q62": 100.0, "q63": 93.0}, "datetime": {"datetime": "2019-11-22 10:13:07", "elapsed": 0.0, "delta": 0.0}}
{"target": -0.012159817258266092, "params": {"q00": 11.0, "q01": 20.0, "q02": 6.0, "q03": 14.0, "q04": 14.0, "q05": 32.0, "q06": 51.0, "q07": 66.0, "q08": 17.0, "q09": 9.0, "q10": 23.0, "q11": 19.0, "q12": 30.0, "q13": 48.0, "q14": 51.0, "q15": 62.0, "q16": 17.0, "q17": 6.0, "q18": 6.0, "q19": 27.0, "q20": 36.0, "q21": 53.0, "q22": 61.0, "q23": 58.0, "q24": 15.0, "q25": 14.0, "q26": 25.0, "q27": 27.0, "q28": 52.0, "q29": 89.0, "q30": 81.0, "q31": 56.0, "q32": 15.0, "q33": 19.0, "q34": 40.0, "q35": 50.0, "q36": 74.0, "q37": 117.0, "q38": 93.0, "q39": 80.0, "q40": 24.0, "q41": 42.0, "q42": 52.0, "q43": 64.0, "q44": 71.0, "q45": 106.0, "q46": 104.0, "q47": 91.0, "q48": 57.0, "q49": 73.0, "q50": 69.0, "q51": 79.0, "q52": 105.0, "q53": 118.0, "q54": 112.0, "q55": 101.0, "q56": 62.0, "q57": 91.0, "q58": 103.0, "q59": 94.0, "q60": 104.0, "q61": 97.0, "q62": 100.0, "q63": 105.0}, "datetime": {"datetime": "2019-11-22 10:16:03", "elapsed": 175.769009, "delta": 175.769009}}
{"target": -0.013149746447797317, "params": {"q00": 21.0, "q01": 6.0, "q02": 17.0, "q03": 16.0, "q04": 30.0, "q05": 35.0, "q06": 54.0, "q07": 68.0, "q08": 20.0, "q09": 3.0, "q10": 14.0, "q11": 9.0, "q12": 23.0, "q13": 48.0, "q14": 69.0, "q15": 62.0, "q16": 18.0, "q17": 16.0, "q18": 17.0, "q19": 20.0, "q20": 43.0, "q21": 62.0, "q22": 68.0, "q23": 48.0, "q24": 11.0, "q25": 12.0, "q26": 16.0, "q27": 24.0, "q28": 49.0, "q29": 90.0, "q30": 87.0, "q31": 69.0, "q32": 23.0, "q33": 25.0, "q34": 35.0, "q35": 60.0, "q36": 71.0, "q37": 115.0, "q38": 103.0, "q39": 80.0, "q40": 17.0, "q41": 27.0, "q42": 59.0, "q43": 68.0, "q44": 71.0, "q45": 105.0, "q46": 106.0, "q47": 83.0, "q48": 41.0, "q49": 73.0, "q50": 84.0, "q51": 77.0, "q52": 111.0, "q53": 121.0, "q54": 118.0, "q55": 104.0, "q56": 65.0, "q57": 82.0, "q58": 93.0, "q59": 101.0, "q60": 120.0, "q61": 105.0, "q62": 102.0, "q63": 89.0}, "datetime": {"datetime": "2019-11-22 10:18:59", "elapsed": 351.939119, "delta": 176.17011}}
{"target": -0.014528382768433601, "params": {"q00": 18.0, "q01": 20.0, "q02": 17.0, "q03": 16.0, "q04": 26.0, "q05": 45.0, "q06": 55.0, "q07": 70.0, "q08": 21.0, "q09": 13.0, "q10": 11.0, "q11": 12.0, "q12": 31.0, "q13": 62.0, "q14": 69.0, "q15": 47.0, "q16": 8.0, "q17": 7.0, "q18": 6.0, "q19": 33.0, "q20": 33.0, "q21": 66.0, "q22": 64.0, "q23": 52.0, "q24": 19.0, "q25": 14.0, "q26": 17.0, "q27": 34.0, "q28": 58.0, "q29": 77.0, "q30": 80.0, "q31": 62.0, "q32": 10.0, "q33": 14.0, "q34": 44.0, "q35": 50.0, "q36": 58.0, "q37": 113.0, "q38": 110.0, "q39": 74.0, "q40": 17.0, "q41": 42.0, "q42": 51.0, "q43": 63.0, "q44": 81.0, "q45": 107.0, "q46": 109.0, "q47": 88.0, "q48": 55.0, "q49": 70.0, "q50": 86.0, "q51": 89.0, "q52": 102.0, "q53": 111.0, "q54": 126.0, "q55": 110.0, "q56": 71.0, "q57": 98.0, "q58": 104.0, "q59": 103.0, "q60": 112.0, "q61": 94.0, "q62": 107.0, "q63": 103.0}, "datetime": {"datetime": "2019-11-22 10:21:57", "elapsed": 529.147763, "delta": 177.208644}}
{"target": -0.013844491488524735, "params": {"q00": 9.0, "q01": 17.0, "q02": 14.0, "q03": 21.0, "q04": 21.0, "q05": 44.0, "q06": 54.0, "q07": 66.0, "q08": 20.0, "q09": 16.0, "q10": 16.0, "q11": 14.0, "q12": 28.0, "q13": 60.0, "q14": 62.0, "q15": 52.0, "q16": 11.0, "q17": 14.0, "q18": 18.0, "q19": 32.0, "q20": 36.0, "q21": 63.0, "q22": 64.0, "q23": 48.0, "q24": 5.0, "q25": 18.0, "q26": 17.0, "q27": 28.0, "q28": 52.0, "q29": 78.0, "q30": 88.0, "q31": 52.0, "q32": 15.0, "q33": 12.0, "q34": 29.0, "q35": 49.0, "q36": 64.0, "q37": 111.0, "q38": 100.0, "q39": 73.0, "q40": 33.0, "q41": 40.0, "q42": 61.0, "q43": 60.0, "q44": 84.0, "q45": 98.0, "q46": 105.0, "q47": 92.0, "q48": 48.0, "q49": 63.0, "q50": 81.0, "q51": 89.0, "q52": 111.0, "q53": 121.0, "q54": 121.0, "q55": 100.0, "q56": 66.0, "q57": 98.0, "q58": 101.0, "q59": 107.0, "q60": 112.0, "q61": 93.0, "q62": 102.0, "q63": 106.0}, "datetime": {"datetime": "2019-11-22 10:24:53", "elapsed": 705.335647, "delta": 176.187884}}
{"target": -0.010652181759955193, "params": {"q00": 8.0, "q01": 5.0, "q02": 13.0, "q03": 20.0, "q04": 30.0, "q05": 38.0, "q06": 43.0, "q07": 54.0, "q08": 15.0, "q09": 11.0, "q10": 8.0, "q11": 13.0, "q12": 24.0, "q13": 66.0, "q14": 51.0, "q15": 51.0, "q16": 23.0, "q17": 17.0, "q18": 14.0, "q19": 21.0, "q20": 46.0, "q21": 52.0, "q22": 61.0, "q23": 48.0, "q24": 18.0, "q25": 18.0, "q26": 22.0, "q27": 27.0, "q28": 57.0, "q29": 82.0, "q30": 79.0, "q31": 65.0, "q32": 16.0, "q33": 22.0, "q34": 38.0, "q35": 52.0, "q36": 58.0, "q37": 113.0, "q38": 97.0, "q39": 78.0, "q40": 17.0, "q41": 25.0, "q42": 59.0, "q43": 71.0, "q44": 77.0, "q45": 94.0, "q46": 104.0, "q47": 88.0, "q48": 43.0, "q49": 72.0, "q50": 73.0, "q51": 83.0, "q52": 111.0, "q53": 129.0, "q54": 124.0, "q55": 98.0, "q56": 78.0, "q57": 89.0, "q58": 96.0, "q59": 102.0, "q60": 110.0, "q61": 98.0, "q62": 101.0, "q63": 105.0}, "datetime": {"datetime": "2019-11-22 10:27:49", "elapsed": 881.527999, "delta": 176.192352}}
{"target": -0.019221043455351028, "params": {"q00": 8.0, "q01": 1.0, "q02": 7.0, "q03": 18.0, "q04": 31.0, "q05": 31.0, "q06": 51.0, "q07": 60.0, "q08": 13.0, "q09": 7.0, "q10": 21.0, "q11": 14.0, "q12": 26.0, "q13": 62.0, "q14": 67.0, "q15": 55.0, "q16": 12.0, "q17": 19.0, "q18": 25.0, "q19": 26.0, "q20": 43.0, "q21": 63.0, "q22": 63.0, "q23": 64.0, "q24": 8.0, "q25": 10.0, "q26": 24.0, "q27": 21.0, "q28": 53.0, "q29": 77.0, "q30": 70.0, "q31": 67.0, "q32": 12.0, "q33": 22.0, "q34": 39.0, "q35": 64.0, "q36": 63.0, "q37": 115.0, "q38": 93.0, "q39": 78.0, "q40": 26.0, "q41": 36.0, "q42": 48.0, "q43": 66.0, "q44": 86.0, "q45": 113.0, "q46": 116.0, "q47": 83.0, "q48": 43.0, "q49": 61.0, "q50": 71.0, "q51": 79.0, "q52": 95.0, "q53": 121.0, "q54": 124.0, "q55": 109.0, "q56": 68.0, "q57": 88.0, "q58": 101.0, "q59": 105.0, "q60": 107.0, "q61": 96.0, "q62": 101.0, "q63": 97.0}, "datetime": {"datetime": "2019-11-22 10:30:46", "elapsed": 1058.272152, "delta": 176.744153}}
{"target": -0.017064724706603474, "params": {"q00": 11.0, "q01": 6.0, "q02": 7.0, "q03": 20.0, "q04": 19.0, "q05": 39.0, "q06": 55.0, "q07": 52.0, "q08": 21.0, "q09": 15.0, "q10": 15.0, "q11": 23.0, "q12": 25.0, "q13": 51.0, "q14": 53.0, "q15": 48.0, "q16": 5.0, "q17": 6.0, "q18": 22.0, "q19": 19.0, "q20": 30.0, "q21": 52.0, "q22": 77.0, "q23": 60.0, "q24": 11.0, "q25": 13.0, "q26": 22.0, "q27": 19.0, "q28": 55.0, "q29": 95.0, "q30": 74.0, "q31": 59.0, "q32": 15.0, "q33": 22.0, "q34": 39.0, "q35": 63.0, "q36": 65.0, "q37": 106.0, "q38": 112.0, "q39": 86.0, "q40": 14.0, "q41": 37.0, "q42": 51.0, "q43": 73.0, "q44": 71.0, "q45": 99.0, "q46": 112.0, "q47": 94.0, "q48": 52.0, "q49": 60.0, "q50": 86.0, "q51": 95.0, "q52": 110.0, "q53": 113.0, "q54": 129.0, "q55": 104.0, "q56": 73.0, "q57": 101.0, "q58": 100.0, "q59": 95.0, "q60": 118.0, "q61": 109.0, "q62": 104.0, "q63": 108.0}, "datetime": {"datetime": "2019-11-22 10:33:43", "elapsed": 1235.180986, "delta": 176.908834}}
{"target": -0.010648755287935963, "params": {"q00": 21.0, "q01": 7.0, "q02": 11.0, "q03": 11.0, "q04": 15.0, "q05": 45.0, "q06": 60.0, "q07": 53.0, "q08": 15.0, "q09": 21.0, "q10": 14.0, "q11": 22.0, "q12": 23.0, "q13": 66.0, "q14": 58.0, "q15": 57.0, "q16": 20.0, "q17": 20.0, "q18": 17.0, "q19": 20.0, "q20": 30.0, "q21": 63.0, "q22": 60.0, "q23": 64.0, "q24": 11.0, "q25": 21.0, "q26": 16.0, "q27": 19.0, "q28": 42.0, "q29": 93.0, "q30": 72.0, "q31": 56.0, "q32": 11.0, "q33": 28.0, "q34": 45.0, "q35": 47.0, "q36": 69.0, "q37": 110.0, "q38": 105.0, "q39": 71.0, "q40": 27.0, "q41": 25.0, "q42": 53.0, "q43": 61.0, "q44": 78.0, "q45": 95.0, "q46": 110.0, "q47": 84.0, "q48": 43.0, "q49": 59.0, "q50": 75.0, "q51": 95.0, "q52": 105.0, "q53": 124.0, "q54": 110.0, "q55": 109.0, "q56": 69.0, "q57": 97.0, "q58": 94.0, "q59": 89.0, "q60": 103.0, "q61": 103.0, "q62": 99.0, "q63": 95.0}, "datetime": {"datetime": "2019-11-22 10:36:40", "elapsed": 1412.759141, "delta": 177.578155}}
{"target": -0.021649835057380495, "params": {"q00": 7.0, "q01": 2.0, "q02": 17.0, "q03": 24.0, "q04": 20.0, "q05": 41.0, "q06": 59.0, "q07": 54.0, "q08": 21.0, "q09": 4.0, "q10": 7.0, "q11": 9.0, "q12": 26.0, "q13": 48.0, "q14": 51.0, "q15": 50.0, "q16": 4.0, "q17": 8.0, "q18": 20.0, "q19": 22.0, "q20": 41.0, "q21": 59.0, "q22": 75.0, "q23": 46.0, "q24": 4.0, "q25": 16.0, "q26": 26.0, "q27": 22.0, "q28": 45.0, "q29": 77.0, "q30": 83.0, "q31": 58.0, "q32": 27.0, "q33": 22.0, "q34": 27.0, "q35": 54.0, "q36": 59.0, "q37": 105.0, "q38": 94.0, "q39": 86.0, "q40": 21.0, "q41": 38.0, "q42": 48.0, "q43": 69.0, "q44": 73.0, "q45": 109.0, "q46": 122.0, "q47": 82.0, "q48": 57.0, "q49": 62.0, "q50": 70.0, "q51": 77.0, "q52": 110.0, "q53": 125.0, "q54": 129.0, "q55": 100.0, "q56": 70.0, "q57": 96.0, "q58": 103.0, "q59": 92.0, "q60": 111.0, "q61": 90.0, "q62": 103.0, "q63": 90.0}, "datetime": {"datetime": "2019-11-22 10:39:38", "elapsed": 1590.243385, "delta": 177.484244}}
{"target": -0.010328360056988672, "params": {"q00": 12.0, "q01": 6.0, "q02": 11.0, "q03": 13.0, "q04": 15.0, "q05": 39.0, "q06": 48.0, "q07": 56.0, "q08": 8.0, "q09": 12.0, "q10": 11.0, "q11": 14.0, "q12": 22.0, "q13": 52.0, "q14": 52.0, "q15": 55.0, "q16": 4.0, "q17": 19.0, "q18": 9.0, "q19": 28.0, "q20": 42.0, "q21": 63.0, "q22": 78.0, "q23": 51.0, "q24": 21.0, "q25": 17.0, "q26": 23.0, "q27": 33.0, "q28": 42.0, "q29": 85.0, "q30": 74.0, "q31": 59.0, "q32": 8.0, "q33": 27.0, "q34": 28.0, "q35": 53.0, "q36": 59.0, "q37": 113.0, "q38": 106.0, "q39": 78.0, "q40": 18.0, "q41": 37.0, "q42": 63.0, "q43": 59.0, "q44": 74.0, "q45": 106.0, "q46": 112.0, "q47": 85.0, "q48": 44.0, "q49": 55.0, "q50": 80.0, "q51": 86.0, "q52": 104.0, "q53": 111.0, "q54": 125.0, "q55": 99.0, "q56": 68.0, "q57": 99.0, "q58": 103.0, "q59": 88.0, "q60": 108.0, "q61": 91.0, "q62": 109.0, "q63": 108.0}, "datetime": {"datetime": "2019-11-22 10:42:38", "elapsed": 1770.406062, "delta": 180.162677}}
{"target": -0.017049913616710155, "params": {"q00": 6.0, "q01": 11.0, "q02": 15.0, "q03": 7.0, "q04": 15.0, "q05": 36.0, "q06": 53.0, "q07": 67.0, "q08": 20.0, "q09": 15.0, "q10": 17.0, "q11": 21.0, "q12": 35.0, "q13": 55.0, "q14": 52.0, "q15": 60.0, "q16": 9.0, "q17": 9.0, "q18": 6.0, "q19": 18.0, "q20": 32.0, "q21": 66.0, "q22": 73.0, "q23": 47.0, "q24": 4.0, "q25": 12.0, "q26": 19.0, "q27": 35.0, "q28": 59.0, "q29": 95.0, "q30": 70.0, "q31": 63.0, "q32": 17.0, "q33": 17.0, "q34": 28.0, "q35": 47.0, "q36": 77.0, "q37": 117.0, "q38": 110.0, "q39": 84.0, "q40": 32.0, "q41": 32.0, "q42": 63.0, "q43": 68.0, "q44": 83.0, "q45": 103.0, "q46": 107.0, "q47": 95.0, "q48": 58.0, "q49": 59.0, "q50": 68.0, "q51": 95.0, "q52": 94.0, "q53": 125.0, "q54": 119.0, "q55": 95.0, "q56": 81.0, "q57": 90.0, "q58": 98.0, "q59": 100.0, "q60": 116.0, "q61": 107.0, "q62": 104.0, "q63": 97.0}, "datetime": {"datetime": "2019-11-22 10:45:38", "elapsed": 1950.401771, "delta": 179.995709}}
{"target": -0.007905190882468549, "params": {"q00": 16.0, "q01": 19.0, "q02": 18.0, "q03": 11.0, "q04": 29.0, "q05": 40.0, "q06": 55.0, "q07": 70.0, "q08": 11.0, "q09": 12.0, "q10": 17.0, "q11": 27.0, "q12": 29.0, "q13": 49.0, "q14": 64.0, "q15": 60.0, "q16": 12.0, "q17": 20.0, "q18": 14.0, "q19": 15.0, "q20": 32.0, "q21": 48.0, "q22": 67.0, "q23": 65.0, "q24": 11.0, "q25": 23.0, "q26": 25.0, "q27": 35.0, "q28": 41.0, "q29": 87.0, "q30": 77.0, "q31": 55.0, "q32": 19.0, "q33": 23.0, "q34": 37.0, "q35": 48.0, "q36": 59.0, "q37": 110.0, "q38": 95.0, "q39": 77.0, "q40": 19.0, "q41": 28.0, "q42": 56.0, "q43": 57.0, "q44": 72.0, "q45": 107.0, "q46": 120.0, "q47": 90.0, "q48": 45.0, "q49": 58.0, "q50": 74.0, "q51": 89.0, "q52": 102.0, "q53": 116.0, "q54": 125.0, "q55": 98.0, "q56": 73.0, "q57": 84.0, "q58": 85.0, "q59": 102.0, "q60": 113.0, "q61": 108.0, "q62": 105.0, "q63": 89.0}, "datetime": {"datetime": "2019-11-22 10:48:38", "elapsed": 2130.082741, "delta": 179.68097}}
{"target": -0.016497094393844502, "params": {"q00": 11.0, "q01": 16.0, "q02": 9.0, "q03": 21.0, "q04": 15.0, "q05": 35.0, "q06": 43.0, "q07": 70.0, "q08": 13.0, "q09": 19.0, "q10": 9.0, "q11": 22.0, "q12": 31.0, "q13": 58.0, "q14": 67.0, "q15": 62.0, "q16": 18.0, "q17": 10.0, "q18": 23.0, "q19": 32.0, "q20": 30.0, "q21": 54.0, "q22": 62.0, "q23": 57.0, "q24": 6.0, "q25": 15.0, "q26": 17.0, "q27": 37.0, "q28": 50.0, "q29": 79.0, "q30": 72.0, "q31": 71.0, "q32": 21.0, "q33": 17.0, "q34": 31.0, "q35": 57.0, "q36": 69.0, "q37": 111.0, "q38": 93.0, "q39": 85.0, "q40": 22.0, "q41": 44.0, "q42": 55.0, "q43": 73.0, "q44": 82.0, "q45": 112.0, "q46": 122.0, "q47": 90.0, "q48": 39.0, "q49": 72.0, "q50": 87.0, "q51": 87.0, "q52": 104.0, "q53": 120.0, "q54": 117.0, "q55": 97.0, "q56": 65.0, "q57": 100.0, "q58": 97.0, "q59": 97.0, "q60": 112.0, "q61": 91.0, "q62": 103.0, "q63": 95.0}, "datetime": {"datetime": "2019-11-22 10:51:36", "elapsed": 2308.863492, "delta": 178.780751}}
{"target": -0.012232442475681005, "params": {"q00": 15.0, "q01": 5.0, "q02": 8.0, "q03": 24.0, "q04": 24.0, "q05": 33.0, "q06": 55.0, "q07": 62.0, "q08": 11.0, "q09": 12.0, "q10": 6.0, "q11": 20.0, "q12": 32.0, "q13": 61.0, "q14": 60.0, "q15": 48.0, "q16": 15.0, "q17": 13.0, "q18": 8.0, "q19": 26.0, "q20": 40.0, "q21": 65.0, "q22": 67.0, "q23": 46.0, "q24": 17.0, "q25": 25.0, "q26": 18.0, "q27": 30.0, "q28": 60.0, "q29": 89.0, "q30": 74.0, "q31": 65.0, "q32": 16.0, "q33": 15.0, "q34": 32.0, "q35": 48.0, "q36": 58.0, "q37": 106.0, "q38": 101.0, "q39": 68.0, "q40": 18.0, "q41": 31.0, "q42": 46.0, "q43": 63.0, "q44": 74.0, "q45": 108.0, "q46": 106.0, "q47": 101.0, "q48": 52.0, "q49": 73.0, "q50": 72.0, "q51": 92.0, "q52": 104.0, "q53": 115.0, "q54": 122.0, "q55": 97.0, "q56": 81.0, "q57": 98.0, "q58": 100.0, "q59": 92.0, "q60": 112.0, "q61": 96.0, "q62": 97.0, "q63": 92.0}, "datetime": {"datetime": "2019-11-22 10:54:36", "elapsed": 2488.2112, "delta": 179.347708}}
{"target": -0.020340512491109797, "params": {"q00": 6.0, "q01": 7.0, "q02": 18.0, "q03": 15.0, "q04": 32.0, "q05": 46.0, "q06": 51.0, "q07": 68.0, "q08": 20.0, "q09": 2.0, "q10": 10.0, "q11": 22.0, "q12": 16.0, "q13": 48.0, "q14": 68.0, "q15": 46.0, "q16": 9.0, "q17": 16.0, "q18": 14.0, "q19": 32.0, "q20": 48.0, "q21": 53.0, "q22": 76.0, "q23": 64.0, "q24": 10.0, "q25": 11.0, "q26": 17.0, "q27": 21.0, "q28": 60.0, "q29": 81.0, "q30": 87.0, "q31": 65.0, "q32": 18.0, "q33": 31.0, "q34": 44.0, "q35": 46.0, "q36": 66.0, "q37": 107.0, "q38": 107.0, "q39": 71.0, "q40": 32.0, "q41": 32.0, "q42": 55.0, "q43": 67.0, "q44": 82.0, "q45": 104.0, "q46": 113.0, "q47": 97.0, "q48": 43.0, "q49": 65.0, "q50": 81.0, "q51": 83.0, "q52": 95.0, "q53": 114.0, "q54": 120.0, "q55": 95.0, "q56": 65.0, "q57": 87.0, "q58": 103.0, "q59": 94.0, "q60": 115.0, "q61": 104.0, "q62": 107.0, "q63": 98.0}, "datetime": {"datetime": "2019-11-22 10:57:37", "elapsed": 2669.036973, "delta": 180.825773}}
{"target": -0.017917229436928306, "params": {"q00": 12.0, "q01": 17.0, "q02": 3.0, "q03": 13.0, "q04": 20.0, "q05": 30.0, "q06": 59.0, "q07": 60.0, "q08": 11.0, "q09": 5.0, "q10": 22.0, "q11": 24.0, "q12": 17.0, "q13": 55.0, "q14": 58.0, "q15": 52.0, "q16": 23.0, "q17": 4.0, "q18": 13.0, "q19": 17.0, "q20": 37.0, "q21": 56.0, "q22": 78.0, "q23": 54.0, "q24": 11.0, "q25": 11.0, "q26": 25.0, "q27": 28.0, "q28": 56.0, "q29": 91.0, "q30": 70.0, "q31": 71.0, "q32": 27.0, "q33": 13.0, "q34": 35.0, "q35": 60.0, "q36": 68.0, "q37": 114.0, "q38": 111.0, "q39": 70.0, "q40": 17.0, "q41": 32.0, "q42": 55.0, "q43": 64.0, "q44": 79.0, "q45": 106.0, "q46": 121.0, "q47": 89.0, "q48": 47.0, "q49": 68.0, "q50": 70.0, "q51": 80.0, "q52": 109.0, "q53": 121.0, "q54": 114.0, "q55": 107.0, "q56": 77.0, "q57": 92.0, "q58": 87.0, "q59": 101.0, "q60": 117.0, "q61": 98.0, "q62": 96.0, "q63": 105.0}, "datetime": {"datetime": "2019-11-22 11:00:36", "elapsed": 2848.306726, "delta": 179.269753}}
{"target": -0.015251603306326467, "params": {"q00": 21.0, "q01": 15.0, "q02": 17.0, "q03": 21.0, "q04": 17.0, "q05": 39.0, "q06": 55.0, "q07": 53.0, "q08": 14.0, "q09": 2.0, "q10": 5.0, "q11": 11.0, "q12": 29.0, "q13": 59.0, "q14": 69.0, "q15": 56.0, "q16": 13.0, "q17": 18.0, "q18": 19.0, "q19": 22.0, "q20": 36.0, "q21": 62.0, "q22": 68.0, "q23": 60.0, "q24": 22.0, "q25": 8.0, "q26": 18.0, "q27": 30.0, "q28": 55.0, "q29": 86.0, "q30": 80.0, "q31": 55.0, "q32": 25.0, "q33": 27.0, "q34": 30.0, "q35": 61.0, "q36": 64.0, "q37": 109.0, "q38": 98.0, "q39": 80.0, "q40": 28.0, "q41": 40.0, "q42": 49.0, "q43": 70.0, "q44": 90.0, "q45": 103.0, "q46": 122.0, "q47": 100.0, "q48": 53.0, "q49": 60.0, "q50": 73.0, "q51": 81.0, "q52": 107.0, "q53": 118.0, "q54": 112.0, "q55": 104.0, "q56": 72.0, "q57": 99.0, "q58": 86.0, "q59": 101.0, "q60": 117.0, "q61": 107.0, "q62": 94.0, "q63": 100.0}, "datetime": {"datetime": "2019-11-22 11:03:34", "elapsed": 3026.430609, "delta": 178.123883}}
{"target": -0.02179734716825632, "params": {"q00": 17.0, "q01": 3.0, "q02": 2.0, "q03": 6.0, "q04": 33.0, "q05": 49.0, "q06": 48.0, "q07": 54.0, "q08": 17.0, "q09": 14.0, "q10": 18.0, "q11": 15.0, "q12": 21.0, "q13": 50.0, "q14": 60.0, "q15": 60.0, "q16": 18.0, "q17": 4.0, "q18": 17.0, "q19": 26.0, "q20": 45.0, "q21": 65.0, "q22": 72.0, "q23": 47.0, "q24": 10.0, "q25": 8.0, "q26": 31.0, "q27": 33.0, "q28": 41.0, "q29": 91.0, "q30": 71.0, "q31": 64.0, "q32": 24.0, "q33": 12.0, "q34": 40.0, "q35": 59.0, "q36": 76.0, "q37": 103.0, "q38": 103.0, "q39": 80.0, "q40": 28.0, "q41": 32.0, "q42": 48.0, "q43": 55.0, "q44": 81.0, "q45": 94.0, "q46": 108.0, "q47": 94.0, "q48": 56.0, "q49": 64.0, "q50": 82.0, "q51": 81.0, "q52": 111.0, "q53": 128.0, "q54": 129.0, "q55": 106.0, "q56": 79.0, "q57": 89.0, "q58": 92.0, "q59": 88.0, "q60": 104.0, "q61": 109.0, "q62": 97.0, "q63": 105.0}, "datetime": {"datetime": "2019-11-22 11:06:33", "elapsed": 3205.672748, "delta": 179.242139}}
{"target": -0.01919504501423963, "params": {"q00": 19.0, "q01": 5.0, "q02": 4.0, "q03": 8.0, "q04": 32.0, "q05": 34.0, "q06": 53.0, "q07": 54.0, "q08": 2.0, "q09": 20.0, "q10": 23.0, "q11": 14.0, "q12": 17.0, "q13": 48.0, "q14": 59.0, "q15": 48.0, "q16": 10.0, "q17": 14.0, "q18": 18.0, "q19": 25.0, "q20": 37.0, "q21": 63.0, "q22": 59.0, "q23": 54.0, "q24": 15.0, "q25": 26.0, "q26": 22.0, "q27": 36.0, "q28": 59.0, "q29": 87.0, "q30": 77.0, "q31": 58.0, "q32": 15.0, "q33": 27.0, "q34": 39.0, "q35": 65.0, "q36": 58.0, "q37": 102.0, "q38": 112.0, "q39": 82.0, "q40": 17.0, "q41": 42.0, "q42": 47.0, "q43": 69.0, "q44": 71.0, "q45": 113.0, "q46": 115.0, "q47": 82.0, "q48": 40.0, "q49": 67.0, "q50": 78.0, "q51": 89.0, "q52": 107.0, "q53": 125.0, "q54": 122.0, "q55": 102.0, "q56": 70.0, "q57": 82.0, "q58": 101.0, "q59": 94.0, "q60": 115.0, "q61": 93.0, "q62": 100.0, "q63": 103.0}, "datetime": {"datetime": "2019-11-22 11:09:33", "elapsed": 3385.327267, "delta": 179.654519}}
{"target": -0.021860368813185094, "params": {"q00": 23.0, "q01": 17.0, "q02": 14.0, "q03": 19.0, "q04": 33.0, "q05": 45.0, "q06": 42.0, "q07": 60.0, "q08": 5.0, "q09": 21.0, "q10": 6.0, "q11": 10.0, "q12": 19.0, "q13": 62.0, "q14": 57.0, "q15": 45.0, "q16": 7.0, "q17": 6.0, "q18": 6.0, "q19": 28.0, "q20": 33.0, "q21": 51.0, "q22": 59.0, "q23": 54.0, "q24": 18.0, "q25": 21.0, "q26": 20.0, "q27": 34.0, "q28": 48.0, "q29": 87.0, "q30": 84.0, "q31": 71.0, "q32": 26.0, "q33": 26.0, "q34": 37.0, "q35": 49.0, "q36": 75.0, "q37": 114.0, "q38": 97.0, "q39": 72.0, "q40": 23.0, "q41": 29.0, "q42": 53.0, "q43": 70.0, "q44": 79.0, "q45": 100.0, "q46": 109.0, "q47": 96.0, "q48": 49.0, "q49": 58.0, "q50": 68.0, "q51": 81.0, "q52": 105.0, "q53": 116.0, "q54": 119.0, "q55": 109.0, "q56": 78.0, "q57": 100.0, "q58": 88.0, "q59": 94.0, "q60": 110.0, "q61": 105.0, "q62": 100.0, "q63": 91.0}, "datetime": {"datetime": "2019-11-22 11:12:31", "elapsed": 3563.092771, "delta": 177.765504}}
{"target": -0.02348083954774649, "params": {"q00": 23.0, "q01": 4.0, "q02": 1.0, "q03": 21.0, "q04": 29.0, "q05": 45.0, "q06": 43.0, "q07": 53.0, "q08": 21.0, "q09": 20.0, "q10": 10.0, "q11": 19.0, "q12": 34.0, "q13": 65.0, "q14": 67.0, "q15": 50.0, "q16": 12.0, "q17": 17.0, "q18": 24.0, "q19": 29.0, "q20": 49.0, "q21": 47.0, "q22": 64.0, "q23": 54.0, "q24": 22.0, "q25": 16.0, "q26": 16.0, "q27": 35.0, "q28": 56.0, "q29": 77.0, "q30": 89.0, "q31": 61.0, "q32": 14.0, "q33": 12.0, "q34": 43.0, "q35": 64.0, "q36": 74.0, "q37": 100.0, "q38": 102.0, "q39": 67.0, "q40": 26.0, "q41": 25.0, "q42": 53.0, "q43": 71.0, "q44": 90.0, "q45": 95.0, "q46": 121.0, "q47": 96.0, "q48": 42.0, "q49": 56.0, "q50": 85.0, "q51": 83.0, "q52": 98.0, "q53": 112.0, "q54": 122.0, "q55": 96.0, "q56": 77.0, "q57": 83.0, "q58": 91.0, "q59": 103.0, "q60": 105.0, "q61": 90.0, "q62": 105.0, "q63": 103.0}, "datetime": {"datetime": "2019-11-22 11:15:28", "elapsed": 3740.876461, "delta": 177.78369}}
