{"target": -0.08392588926088357, "params": {"q00": 10.0, "q01": 61.0, "q02": 62.0, "q03": 219.0, "q04": 80.0, "q05": 56.0, "q06": 23.0, "q07": 177.0, "q08": 16.0, "q09": 58.0, "q10": 74.0, "q11": 103.0, "q12": 132.0, "q13": 83.0, "q14": 66.0, "q15": 226.0, "q16": 32.0, "q17": 5.0, "q18": 86.0, "q19": 223.0, "q20": 41.0, "q21": 87.0, "q22": 175.0, "q23": 224.0, "q24": 108.0, "q25": 104.0, "q26": 118.0, "q27": 121.0, "q28": 199.0, "q29": 108.0, "q30": 100.0, "q31": 96.0, "q32": 71.0, "q33": 28.0, "q34": 83.0, "q35": 25.0, "q36": 145.0, "q37": 55.0, "q38": 116.0, "q39": 125.0, "q40": 182.0, "q41": 47.0, "q42": 207.0, "q43": 145.0, "q44": 224.0, "q45": 247.0, "q46": 86.0, "q47": 220.0, "q48": 133.0, "q49": 144.0, "q50": 83.0, "q51": 18.0, "q52": 67.0, "q53": 186.0, "q54": 170.0, "q55": 157.0, "q56": 208.0, "q57": 199.0, "q58": 132.0, "q59": 138.0, "q60": 80.0, "q61": 66.0, "q62": 226.0, "q63": 133.0}, "datetime": {"datetime": "2019-11-11 18:46:12", "elapsed": 0.525726, "delta": 0.003698}}
{"target": -0.07862496577571865, "params": {"q00": 19.0, "q01": 46.0, "q02": 92.0, "q03": 22.0, "q04": 65.0, "q05": 196.0, "q06": 55.0, "q07": 76.0, "q08": 17.0, "q09": 13.0, "q10": 209.0, "q11": 31.0, "q12": 85.0, "q13": 64.0, "q14": 170.0, "q15": 149.0, "q16": 112.0, "q17": 69.0, "q18": 154.0, "q19": 23.0, "q20": 42.0, "q21": 217.0, "q22": 198.0, "q23": 234.0, "q24": 161.0, "q25": 217.0, "q26": 149.0, "q27": 94.0, "q28": 55.0, "q29": 101.0, "q30": 243.0, "q31": 210.0, "q32": 55.0, "q33": 206.0, "q34": 16.0, "q35": 237.0, "q36": 129.0, "q37": 242.0, "q38": 226.0, "q39": 59.0, "q40": 34.0, "q41": 20.0, "q42": 99.0, "q43": 129.0, "q44": 212.0, "q45": 222.0, "q46": 230.0, "q47": 97.0, "q48": 172.0, "q49": 106.0, "q50": 133.0, "q51": 180.0, "q52": 62.0, "q53": 221.0, "q54": 192.0, "q55": 45.0, "q56": 56.0, "q57": 78.0, "q58": 122.0, "q59": 129.0, "q60": 65.0, "q61": 120.0, "q62": 249.0, "q63": 231.0}, "datetime": {"datetime": "2019-11-11 18:46:12", "elapsed": 0.529444, "delta": 0.003718}}
{"target": -0.10103809341467207, "params": {"q00": 6.0, "q01": 7.0, "q02": 41.0, "q03": 52.0, "q04": 117.0, "q05": 98.0, "q06": 251.0, "q07": 11.0, "q08": 111.0, "q09": 68.0, "q10": 53.0, "q11": 165.0, "q12": 10.0, "q13": 43.0, "q14": 242.0, "q15": 165.0, "q16": 33.0, "q17": 19.0, "q18": 20.0, "q19": 115.0, "q20": 57.0, "q21": 234.0, "q22": 145.0, "q23": 225.0, "q24": 109.0, "q25": 247.0, "q26": 3.0, "q27": 11.0, "q28": 163.0, "q29": 104.0, "q30": 232.0, "q31": 22.0, "q32": 154.0, "q33": 148.0, "q34": 188.0, "q35": 77.0, "q36": 12.0, "q37": 103.0, "q38": 232.0, "q39": 152.0, "q40": 246.0, "q41": 173.0, "q42": 79.0, "q43": 239.0, "q44": 175.0, "q45": 249.0, "q46": 115.0, "q47": 69.0, "q48": 229.0, "q49": 94.0, "q50": 128.0, "q51": 222.0, "q52": 162.0, "q53": 193.0, "q54": 126.0, "q55": 58.0, "q56": 147.0, "q57": 163.0, "q58": 212.0, "q59": 137.0, "q60": 187.0, "q61": 246.0, "q62": 228.0, "q63": 34.0}, "datetime": {"datetime": "2019-11-11 18:46:12", "elapsed": 0.533218, "delta": 0.003774}}
{"target": -0.0993904761753443, "params": {"q00": 21.0, "q01": 72.0, "q02": 102.0, "q03": 102.0, "q04": 5.0, "q05": 20.0, "q06": 135.0, "q07": 77.0, "q08": 43.0, "q09": 21.0, "q10": 57.0, "q11": 193.0, "q12": 45.0, "q13": 195.0, "q14": 141.0, "q15": 86.0, "q16": 40.0, "q17": 4.0, "q18": 77.0, "q19": 71.0, "q20": 121.0, "q21": 107.0, "q22": 200.0, "q23": 233.0, "q24": 49.0, "q25": 119.0, "q26": 102.0, "q27": 54.0, "q28": 104.0, "q29": 69.0, "q30": 18.0, "q31": 103.0, "q32": 170.0, "q33": 217.0, "q34": 158.0, "q35": 145.0, "q36": 34.0, "q37": 139.0, "q38": 183.0, "q39": 38.0, "q40": 43.0, "q41": 116.0, "q42": 206.0, "q43": 232.0, "q44": 169.0, "q45": 100.0, "q46": 73.0, "q47": 78.0, "q48": 116.0, "q49": 126.0, "q50": 155.0, "q51": 160.0, "q52": 144.0, "q53": 37.0, "q54": 89.0, "q55": 195.0, "q56": 145.0, "q57": 61.0, "q58": 141.0, "q59": 182.0, "q60": 201.0, "q61": 169.0, "q62": 254.0, "q63": 220.0}, "datetime": {"datetime": "2019-11-11 18:46:12", "elapsed": 0.536949, "delta": 0.003731}}
{"target": -0.10833863903115987, "params": {"q00": 68.0, "q01": 22.0, "q02": 8.0, "q03": 49.0, "q04": 54.0, "q05": 108.0, "q06": 28.0, "q07": 37.0, "q08": 29.0, "q09": 220.0, "q10": 16.0, "q11": 146.0, "q12": 215.0, "q13": 85.0, "q14": 16.0, "q15": 181.0, "q16": 12.0, "q17": 15.0, "q18": 36.0, "q19": 37.0, "q20": 52.0, "q21": 74.0, "q22": 196.0, "q23": 202.0, "q24": 203.0, "q25": 165.0, "q26": 93.0, "q27": 112.0, "q28": 231.0, "q29": 69.0, "q30": 140.0, "q31": 130.0, "q32": 246.0, "q33": 216.0, "q34": 164.0, "q35": 90.0, "q36": 119.0, "q37": 128.0, "q38": 110.0, "q39": 163.0, "q40": 66.0, "q41": 200.0, "q42": 97.0, "q43": 63.0, "q44": 50.0, "q45": 119.0, "q46": 87.0, "q47": 14.0, "q48": 189.0, "q49": 28.0, "q50": 91.0, "q51": 181.0, "q52": 99.0, "q53": 75.0, "q54": 55.0, "q55": 113.0, "q56": 141.0, "q57": 79.0, "q58": 108.0, "q59": 47.0, "q60": 11.0, "q61": 96.0, "q62": 252.0, "q63": 62.0}, "datetime": {"datetime": "2019-11-11 18:46:12", "elapsed": 0.540722, "delta": 0.003773}}
{"target": -0.09499130705621783, "params": {"q00": 12.0, "q01": 2.0, "q02": 2.0, "q03": 40.0, "q04": 87.0, "q05": 4.0, "q06": 128.0, "q07": 193.0, "q08": 71.0, "q09": 9.0, "q10": 35.0, "q11": 23.0, "q12": 187.0, "q13": 3.0, "q14": 67.0, "q15": 81.0, "q16": 71.0, "q17": 13.0, "q18": 50.0, "q19": 191.0, "q20": 48.0, "q21": 52.0, "q22": 159.0, "q23": 202.0, "q24": 102.0, "q25": 58.0, "q26": 70.0, "q27": 59.0, "q28": 45.0, "q29": 46.0, "q30": 121.0, "q31": 70.0, "q32": 152.0, "q33": 216.0, "q34": 196.0, "q35": 167.0, "q36": 180.0, "q37": 180.0, "q38": 50.0, "q39": 47.0, "q40": 35.0, "q41": 190.0, "q42": 74.0, "q43": 20.0, "q44": 123.0, "q45": 112.0, "q46": 122.0, "q47": 19.0, "q48": 163.0, "q49": 21.0, "q50": 76.0, "q51": 149.0, "q52": 148.0, "q53": 141.0, "q54": 88.0, "q55": 61.0, "q56": 112.0, "q57": 192.0, "q58": 118.0, "q59": 226.0, "q60": 48.0, "q61": 133.0, "q62": 241.0, "q63": 219.0}, "datetime": {"datetime": "2019-11-11 18:46:12", "elapsed": 0.544778, "delta": 0.004056}}
{"target": -0.18598753054321598, "params": {"q00": 1.0, "q01": 37.0, "q02": 219.0, "q03": 103.0, "q04": 13.0, "q05": 18.0, "q06": 149.0, "q07": 36.0, "q08": 136.0, "q09": 20.0, "q10": 65.0, "q11": 167.0, "q12": 242.0, "q13": 65.0, "q14": 54.0, "q15": 90.0, "q16": 88.0, "q17": 108.0, "q18": 10.0, "q19": 114.0, "q20": 180.0, "q21": 60.0, "q22": 133.0, "q23": 185.0, "q24": 121.0, "q25": 98.0, "q26": 239.0, "q27": 1.0, "q28": 42.0, "q29": 23.0, "q30": 178.0, "q31": 72.0, "q32": 78.0, "q33": 44.0, "q34": 245.0, "q35": 44.0, "q36": 127.0, "q37": 240.0, "q38": 130.0, "q39": 51.0, "q40": 197.0, "q41": 198.0, "q42": 253.0, "q43": 203.0, "q44": 199.0, "q45": 245.0, "q46": 240.0, "q47": 14.0, "q48": 24.0, "q49": 49.0, "q50": 233.0, "q51": 220.0, "q52": 190.0, "q53": 200.0, "q54": 157.0, "q55": 75.0, "q56": 180.0, "q57": 208.0, "q58": 213.0, "q59": 132.0, "q60": 243.0, "q61": 150.0, "q62": 190.0, "q63": 135.0}, "datetime": {"datetime": "2019-11-11 18:46:12", "elapsed": 0.548554, "delta": 0.003776}}
{"target": -0.12251997476606674, "params": {"q00": 9.0, "q01": 69.0, "q02": 113.0, "q03": 107.0, "q04": 31.0, "q05": 2.0, "q06": 9.0, "q07": 120.0, "q08": 17.0, "q09": 5.0, "q10": 114.0, "q11": 234.0, "q12": 237.0, "q13": 7.0, "q14": 16.0, "q15": 96.0, "q16": 93.0, "q17": 49.0, "q18": 12.0, "q19": 220.0, "q20": 43.0, "q21": 248.0, "q22": 239.0, "q23": 202.0, "q24": 85.0, "q25": 38.0, "q26": 85.0, "q27": 181.0, "q28": 254.0, "q29": 226.0, "q30": 206.0, "q31": 98.0, "q32": 162.0, "q33": 242.0, "q34": 46.0, "q35": 45.0, "q36": 144.0, "q37": 225.0, "q38": 89.0, "q39": 40.0, "q40": 61.0, "q41": 155.0, "q42": 63.0, "q43": 249.0, "q44": 250.0, "q45": 234.0, "q46": 228.0, "q47": 221.0, "q48": 114.0, "q49": 65.0, "q50": 246.0, "q51": 29.0, "q52": 82.0, "q53": 188.0, "q54": 157.0, "q55": 33.0, "q56": 69.0, "q57": 133.0, "q58": 158.0, "q59": 163.0, "q60": 84.0, "q61": 215.0, "q62": 223.0, "q63": 92.0}, "datetime": {"datetime": "2019-11-11 18:46:12", "elapsed": 0.552467, "delta": 0.003913}}
{"target": -0.12798472954558304, "params": {"q00": 59.0, "q01": 7.0, "q02": 70.0, "q03": 146.0, "q04": 10.0, "q05": 4.0, "q06": 10.0, "q07": 12.0, "q08": 9.0, "q09": 36.0, "q10": 245.0, "q11": 214.0, "q12": 109.0, "q13": 100.0, "q14": 110.0, "q15": 101.0, "q16": 30.0, "q17": 14.0, "q18": 25.0, "q19": 84.0, "q20": 103.0, "q21": 54.0, "q22": 200.0, "q23": 80.0, "q24": 169.0, "q25": 69.0, "q26": 160.0, "q27": 72.0, "q28": 19.0, "q29": 227.0, "q30": 150.0, "q31": 214.0, "q32": 13.0, "q33": 46.0, "q34": 134.0, "q35": 77.0, "q36": 242.0, "q37": 196.0, "q38": 164.0, "q39": 57.0, "q40": 146.0, "q41": 34.0, "q42": 238.0, "q43": 31.0, "q44": 193.0, "q45": 245.0, "q46": 220.0, "q47": 61.0, "q48": 6.0, "q49": 174.0, "q50": 80.0, "q51": 8.0, "q52": 7.0, "q53": 7.0, "q54": 18.0, "q55": 247.0, "q56": 71.0, "q57": 102.0, "q58": 173.0, "q59": 51.0, "q60": 154.0, "q61": 224.0, "q62": 148.0, "q63": 74.0}, "datetime": {"datetime": "2019-11-11 18:46:12", "elapsed": 0.556313, "delta": 0.003846}}
{"target": -0.16490937280541074, "params": {"q00": 2.0, "q01": 42.0, "q02": 232.0, "q03": 190.0, "q04": 124.0, "q05": 75.0, "q06": 240.0, "q07": 54.0, "q08": 58.0, "q09": 27.0, "q10": 176.0, "q11": 168.0, "q12": 245.0, "q13": 132.0, "q14": 172.0, "q15": 210.0, "q16": 103.0, "q17": 103.0, "q18": 180.0, "q19": 238.0, "q20": 39.0, "q21": 239.0, "q22": 127.0, "q23": 117.0, "q24": 38.0, "q25": 195.0, "q26": 4.0, "q27": 101.0, "q28": 137.0, "q29": 215.0, "q30": 154.0, "q31": 144.0, "q32": 220.0, "q33": 248.0, "q34": 117.0, "q35": 89.0, "q36": 11.0, "q37": 201.0, "q38": 167.0, "q39": 205.0, "q40": 138.0, "q41": 250.0, "q42": 164.0, "q43": 182.0, "q44": 234.0, "q45": 181.0, "q46": 231.0, "q47": 183.0, "q48": 138.0, "q49": 171.0, "q50": 146.0, "q51": 237.0, "q52": 24.0, "q53": 216.0, "q54": 97.0, "q55": 236.0, "q56": 68.0, "q57": 161.0, "q58": 234.0, "q59": 135.0, "q60": 208.0, "q61": 88.0, "q62": 244.0, "q63": 172.0}, "datetime": {"datetime": "2019-11-11 18:46:12", "elapsed": 0.56021, "delta": 0.003897}}
{"target": -0.10478498581443313, "params": {"q00": 44.0, "q01": 12.0, "q02": 4.0, "q03": 183.0, "q04": 155.0, "q05": 98.0, "q06": 112.0, "q07": 95.0, "q08": 2.0, "q09": 20.0, "q10": 41.0, "q11": 208.0, "q12": 143.0, "q13": 13.0, "q14": 70.0, "q15": 124.0, "q16": 57.0, "q17": 12.0, "q18": 216.0, "q19": 179.0, "q20": 51.0, "q21": 182.0, "q22": 41.0, "q23": 200.0, "q24": 32.0, "q25": 113.0, "q26": 252.0, "q27": 39.0, "q28": 162.0, "q29": 96.0, "q30": 115.0, "q31": 126.0, "q32": 119.0, "q33": 154.0, "q34": 1.0, "q35": 168.0, "q36": 227.0, "q37": 32.0, "q38": 71.0, "q39": 167.0, "q40": 166.0, "q41": 119.0, "q42": 59.0, "q43": 68.0, "q44": 211.0, "q45": 187.0, "q46": 205.0, "q47": 154.0, "q48": 158.0, "q49": 216.0, "q50": 83.0, "q51": 194.0, "q52": 110.0, "q53": 139.0, "q54": 190.0, "q55": 145.0, "q56": 98.0, "q57": 76.0, "q58": 212.0, "q59": 210.0, "q60": 74.0, "q61": 58.0, "q62": 242.0, "q63": 77.0}, "datetime": {"datetime": "2019-11-11 18:46:12", "elapsed": 0.564087, "delta": 0.003877}}
{"target": -0.11830542887278861, "params": {"q00": 10.0, "q01": 25.0, "q02": 89.0, "q03": 32.0, "q04": 63.0, "q05": 159.0, "q06": 90.0, "q07": 113.0, "q08": 19.0, "q09": 157.0, "q10": 43.0, "q11": 104.0, "q12": 41.0, "q13": 26.0, "q14": 93.0, "q15": 217.0, "q16": 46.0, "q17": 153.0, "q18": 71.0, "q19": 112.0, "q20": 3.0, "q21": 39.0, "q22": 158.0, "q23": 236.0, "q24": 30.0, "q25": 21.0, "q26": 181.0, "q27": 28.0, "q28": 66.0, "q29": 60.0, "q30": 190.0, "q31": 215.0, "q32": 158.0, "q33": 164.0, "q34": 92.0, "q35": 213.0, "q36": 57.0, "q37": 36.0, "q38": 239.0, "q39": 90.0, "q40": 8.0, "q41": 243.0, "q42": 216.0, "q43": 247.0, "q44": 122.0, "q45": 235.0, "q46": 166.0, "q47": 12.0, "q48": 155.0, "q49": 19.0, "q50": 171.0, "q51": 77.0, "q52": 138.0, "q53": 87.0, "q54": 152.0, "q55": 157.0, "q56": 88.0, "q57": 133.0, "q58": 171.0, "q59": 36.0, "q60": 207.0, "q61": 2.0, "q62": 201.0, "q63": 226.0}, "datetime": {"datetime": "2019-11-11 18:46:12", "elapsed": 0.567995, "delta": 0.003908}}
{"target": -0.12706305020459097, "params": {"q00": 2.0, "q01": 32.0, "q02": 95.0, "q03": 91.0, "q04": 124.0, "q05": 20.0, "q06": 41.0, "q07": 38.0, "q08": 108.0, "q09": 161.0, "q10": 34.0, "q11": 24.0, "q12": 30.0, "q13": 235.0, "q14": 4.0, "q15": 41.0, "q16": 7.0, "q17": 15.0, "q18": 36.0, "q19": 32.0, "q20": 3.0, "q21": 25.0, "q22": 99.0, "q23": 103.0, "q24": 131.0, "q25": 146.0, "q26": 185.0, "q27": 100.0, "q28": 43.0, "q29": 138.0, "q30": 113.0, "q31": 154.0, "q32": 114.0, "q33": 122.0, "q34": 193.0, "q35": 226.0, "q36": 238.0, "q37": 189.0, "q38": 85.0, "q39": 174.0, "q40": 190.0, "q41": 216.0, "q42": 50.0, "q43": 34.0, "q44": 115.0, "q45": 143.0, "q46": 234.0, "q47": 230.0, "q48": 95.0, "q49": 58.0, "q50": 136.0, "q51": 170.0, "q52": 44.0, "q53": 115.0, "q54": 141.0, "q55": 48.0, "q56": 125.0, "q57": 144.0, "q58": 202.0, "q59": 82.0, "q60": 249.0, "q61": 224.0, "q62": 198.0, "q63": 131.0}, "datetime": {"datetime": "2019-11-11 18:46:12", "elapsed": 0.571917, "delta": 0.003922}}
{"target": -0.11784430741004043, "params": {"q00": 40.0, "q01": 29.0, "q02": 234.0, "q03": 35.0, "q04": 10.0, "q05": 65.0, "q06": 110.0, "q07": 8.0, "q08": 26.0, "q09": 90.0, "q10": 158.0, "q11": 33.0, "q12": 134.0, "q13": 30.0, "q14": 181.0, "q15": 186.0, "q16": 70.0, "q17": 40.0, "q18": 151.0, "q19": 114.0, "q20": 14.0, "q21": 76.0, "q22": 104.0, "q23": 139.0, "q24": 164.0, "q25": 40.0, "q26": 81.0, "q27": 224.0, "q28": 114.0, "q29": 116.0, "q30": 85.0, "q31": 35.0, "q32": 149.0, "q33": 88.0, "q34": 6.0, "q35": 154.0, "q36": 84.0, "q37": 27.0, "q38": 118.0, "q39": 56.0, "q40": 123.0, "q41": 136.0, "q42": 105.0, "q43": 43.0, "q44": 235.0, "q45": 195.0, "q46": 94.0, "q47": 47.0, "q48": 217.0, "q49": 17.0, "q50": 22.0, "q51": 118.0, "q52": 169.0, "q53": 11.0, "q54": 170.0, "q55": 247.0, "q56": 202.0, "q57": 39.0, "q58": 244.0, "q59": 183.0, "q60": 109.0, "q61": 146.0, "q62": 182.0, "q63": 243.0}, "datetime": {"datetime": "2019-11-11 18:46:12", "elapsed": 0.575853, "delta": 0.003936}}
{"target": -0.17739654410348576, "params": {"q00": 3.0, "q01": 6.0, "q02": 129.0, "q03": 171.0, "q04": 17.0, "q05": 185.0, "q06": 83.0, "q07": 60.0, "q08": 179.0, "q09": 138.0, "q10": 112.0, "q11": 31.0, "q12": 8.0, "q13": 61.0, "q14": 108.0, "q15": 231.0, "q16": 83.0, "q17": 32.0, "q18": 75.0, "q19": 7.0, "q20": 135.0, "q21": 128.0, "q22": 195.0, "q23": 185.0, "q24": 162.0, "q25": 50.0, "q26": 131.0, "q27": 20.0, "q28": 89.0, "q29": 129.0, "q30": 163.0, "q31": 46.0, "q32": 141.0, "q33": 76.0, "q34": 1.0, "q35": 52.0, "q36": 12.0, "q37": 45.0, "q38": 33.0, "q39": 48.0, "q40": 35.0, "q41": 228.0, "q42": 171.0, "q43": 246.0, "q44": 18.0, "q45": 174.0, "q46": 39.0, "q47": 96.0, "q48": 26.0, "q49": 62.0, "q50": 10.0, "q51": 104.0, "q52": 25.0, "q53": 25.0, "q54": 108.0, "q55": 123.0, "q56": 121.0, "q57": 11.0, "q58": 232.0, "q59": 56.0, "q60": 30.0, "q61": 246.0, "q62": 62.0, "q63": 107.0}, "datetime": {"datetime": "2019-11-11 18:46:12", "elapsed": 0.579807, "delta": 0.003954}}
{"target": -0.08117936005064796, "params": {"q00": 46.0, "q01": 4.0, "q02": 33.0, "q03": 64.0, "q04": 156.0, "q05": 77.0, "q06": 76.0, "q07": 39.0, "q08": 2.0, "q09": 7.0, "q10": 169.0, "q11": 60.0, "q12": 201.0, "q13": 199.0, "q14": 247.0, "q15": 21.0, "q16": 5.0, "q17": 10.0, "q18": 7.0, "q19": 198.0, "q20": 210.0, "q21": 89.0, "q22": 148.0, "q23": 204.0, "q24": 59.0, "q25": 164.0, "q26": 48.0, "q27": 81.0, "q28": 17.0, "q29": 200.0, "q30": 127.0, "q31": 64.0, "q32": 45.0, "q33": 73.0, "q34": 95.0, "q35": 239.0, "q36": 239.0, "q37": 215.0, "q38": 118.0, "q39": 165.0, "q40": 188.0, "q41": 133.0, "q42": 205.0, "q43": 39.0, "q44": 82.0, "q45": 213.0, "q46": 146.0, "q47": 54.0, "q48": 61.0, "q49": 67.0, "q50": 45.0, "q51": 209.0, "q52": 169.0, "q53": 228.0, "q54": 47.0, "q55": 125.0, "q56": 54.0, "q57": 85.0, "q58": 200.0, "q59": 71.0, "q60": 61.0, "q61": 222.0, "q62": 246.0, "q63": 124.0}, "datetime": {"datetime": "2019-11-11 18:46:12", "elapsed": 0.583736, "delta": 0.003929}}
{"target": -0.09101537451536967, "params": {"q00": 4.0, "q01": 3.0, "q02": 17.0, "q03": 206.0, "q04": 128.0, "q05": 14.0, "q06": 214.0, "q07": 22.0, "q08": 26.0, "q09": 17.0, "q10": 29.0, "q11": 88.0, "q12": 8.0, "q13": 77.0, "q14": 210.0, "q15": 129.0, "q16": 143.0, "q17": 39.0, "q18": 77.0, "q19": 41.0, "q20": 23.0, "q21": 1.0, "q22": 73.0, "q23": 59.0, "q24": 114.0, "q25": 79.0, "q26": 5.0, "q27": 114.0, "q28": 244.0, "q29": 173.0, "q30": 226.0, "q31": 194.0, "q32": 80.0, "q33": 221.0, "q34": 244.0, "q35": 75.0, "q36": 230.0, "q37": 244.0, "q38": 245.0, "q39": 78.0, "q40": 253.0, "q41": 122.0, "q42": 199.0, "q43": 249.0, "q44": 19.0, "q45": 60.0, "q46": 34.0, "q47": 32.0, "q48": 54.0, "q49": 160.0, "q50": 160.0, "q51": 122.0, "q52": 10.0, "q53": 215.0, "q54": 168.0, "q55": 218.0, "q56": 27.0, "q57": 203.0, "q58": 131.0, "q59": 58.0, "q60": 71.0, "q61": 38.0, "q62": 190.0, "q63": 178.0}, "datetime": {"datetime": "2019-11-11 18:46:12", "elapsed": 0.587655, "delta": 0.003919}}
{"target": -0.0850238547346488, "params": {"q00": 16.0, "q01": 5.0, "q02": 36.0, "q03": 78.0, "q04": 54.0, "q05": 39.0, "q06": 251.0, "q07": 78.0, "q08": 38.0, "q09": 33.0, "q10": 85.0, "q11": 67.0, "q12": 252.0, "q13": 22.0, "q14": 249.0, "q15": 206.0, "q16": 88.0, "q17": 21.0, "q18": 123.0, "q19": 129.0, "q20": 84.0, "q21": 145.0, "q22": 39.0, "q23": 230.0, "q24": 105.0, "q25": 226.0, "q26": 108.0, "q27": 195.0, "q28": 204.0, "q29": 186.0, "q30": 213.0, "q31": 109.0, "q32": 205.0, "q33": 250.0, "q34": 253.0, "q35": 20.0, "q36": 24.0, "q37": 14.0, "q38": 118.0, "q39": 10.0, "q40": 30.0, "q41": 83.0, "q42": 186.0, "q43": 178.0, "q44": 7.0, "q45": 115.0, "q46": 222.0, "q47": 175.0, "q48": 57.0, "q49": 199.0, "q50": 92.0, "q51": 123.0, "q52": 147.0, "q53": 97.0, "q54": 47.0, "q55": 193.0, "q56": 75.0, "q57": 82.0, "q58": 250.0, "q59": 159.0, "q60": 95.0, "q61": 226.0, "q62": 192.0, "q63": 230.0}, "datetime": {"datetime": "2019-11-11 18:46:12", "elapsed": 0.591612, "delta": 0.003957}}
{"target": -0.11852026246469616, "params": {"q00": 58.0, "q01": 61.0, "q02": 99.0, "q03": 61.0, "q04": 30.0, "q05": 68.0, "q06": 66.0, "q07": 186.0, "q08": 13.0, "q09": 23.0, "q10": 4.0, "q11": 82.0, "q12": 98.0, "q13": 50.0, "q14": 193.0, "q15": 244.0, "q16": 31.0, "q17": 4.0, "q18": 131.0, "q19": 220.0, "q20": 131.0, "q21": 151.0, "q22": 248.0, "q23": 240.0, "q24": 27.0, "q25": 107.0, "q26": 149.0, "q27": 77.0, "q28": 169.0, "q29": 38.0, "q30": 226.0, "q31": 241.0, "q32": 231.0, "q33": 223.0, "q34": 194.0, "q35": 64.0, "q36": 238.0, "q37": 119.0, "q38": 210.0, "q39": 209.0, "q40": 56.0, "q41": 250.0, "q42": 88.0, "q43": 140.0, "q44": 239.0, "q45": 202.0, "q46": 245.0, "q47": 108.0, "q48": 69.0, "q49": 24.0, "q50": 215.0, "q51": 177.0, "q52": 163.0, "q53": 166.0, "q54": 14.0, "q55": 224.0, "q56": 53.0, "q57": 254.0, "q58": 26.0, "q59": 7.0, "q60": 239.0, "q61": 230.0, "q62": 243.0, "q63": 98.0}, "datetime": {"datetime": "2019-11-11 18:46:12", "elapsed": 0.595566, "delta": 0.003954}}
{"target": -0.1077432620884789, "params": {"q00": 27.0, "q01": 78.0, "q02": 67.0, "q03": 19.0, "q04": 126.0, "q05": 184.0, "q06": 181.0, "q07": 177.0, "q08": 67.0, "q09": 160.0, "q10": 114.0, "q11": 14.0, "q12": 226.0, "q13": 25.0, "q14": 170.0, "q15": 70.0, "q16": 50.0, "q17": 13.0, "q18": 38.0, "q19": 145.0, "q20": 108.0, "q21": 163.0, "q22": 19.0, "q23": 237.0, "q24": 199.0, "q25": 148.0, "q26": 124.0, "q27": 168.0, "q28": 57.0, "q29": 237.0, "q30": 200.0, "q31": 214.0, "q32": 69.0, "q33": 86.0, "q34": 172.0, "q35": 112.0, "q36": 218.0, "q37": 121.0, "q38": 28.0, "q39": 46.0, "q40": 42.0, "q41": 18.0, "q42": 57.0, "q43": 201.0, "q44": 145.0, "q45": 148.0, "q46": 232.0, "q47": 209.0, "q48": 177.0, "q49": 137.0, "q50": 213.0, "q51": 196.0, "q52": 213.0, "q53": 183.0, "q54": 204.0, "q55": 252.0, "q56": 194.0, "q57": 201.0, "q58": 132.0, "q59": 29.0, "q60": 118.0, "q61": 245.0, "q62": 228.0, "q63": 145.0}, "datetime": {"datetime": "2019-11-11 18:46:12", "elapsed": 0.599553, "delta": 0.003987}}
{"target": -0.15356712449604193, "params": {"q00": 38.0, "q01": 49.0, "q02": 147.0, "q03": 124.0, "q04": 52.0, "q05": 23.0, "q06": 241.0, "q07": 87.0, "q08": 48.0, "q09": 47.0, "q10": 34.0, "q11": 49.0, "q12": 65.0, "q13": 137.0, "q14": 162.0, "q15": 244.0, "q16": 17.0, "q17": 121.0, "q18": 110.0, "q19": 103.0, "q20": 1.0, "q21": 164.0, "q22": 234.0, "q23": 180.0, "q24": 12.0, "q25": 151.0, "q26": 180.0, "q27": 88.0, "q28": 91.0, "q29": 110.0, "q30": 213.0, "q31": 110.0, "q32": 227.0, "q33": 58.0, "q34": 152.0, "q35": 249.0, "q36": 228.0, "q37": 128.0, "q38": 187.0, "q39": 1.0, "q40": 150.0, "q41": 142.0, "q42": 114.0, "q43": 228.0, "q44": 240.0, "q45": 17.0, "q46": 230.0, "q47": 128.0, "q48": 57.0, "q49": 128.0, "q50": 150.0, "q51": 207.0, "q52": 36.0, "q53": 85.0, "q54": 230.0, "q55": 188.0, "q56": 44.0, "q57": 133.0, "q58": 206.0, "q59": 26.0, "q60": 18.0, "q61": 238.0, "q62": 245.0, "q63": 183.0}, "datetime": {"datetime": "2019-11-11 18:46:12", "elapsed": 0.603529, "delta": 0.003976}}
{"target": -0.12751937332887892, "params": {"q00": 11.0, "q01": 98.0, "q02": 141.0, "q03": 100.0, "q04": 82.0, "q05": 10.0, "q06": 69.0, "q07": 163.0, "q08": 22.0, "q09": 129.0, "q10": 12.0, "q11": 59.0, "q12": 219.0, "q13": 17.0, "q14": 138.0, "q15": 57.0, "q16": 76.0, "q17": 20.0, "q18": 22.0, "q19": 225.0, "q20": 75.0, "q21": 11.0, "q22": 32.0, "q23": 156.0, "q24": 102.0, "q25": 31.0, "q26": 167.0, "q27": 161.0, "q28": 65.0, "q29": 190.0, "q30": 134.0, "q31": 104.0, "q32": 23.0, "q33": 75.0, "q34": 176.0, "q35": 250.0, "q36": 193.0, "q37": 43.0, "q38": 248.0, "q39": 165.0, "q40": 159.0, "q41": 101.0, "q42": 218.0, "q43": 21.0, "q44": 195.0, "q45": 213.0, "q46": 67.0, "q47": 45.0, "q48": 201.0, "q49": 208.0, "q50": 170.0, "q51": 227.0, "q52": 70.0, "q53": 233.0, "q54": 237.0, "q55": 121.0, "q56": 215.0, "q57": 169.0, "q58": 219.0, "q59": 240.0, "q60": 5.0, "q61": 222.0, "q62": 186.0, "q63": 241.0}, "datetime": {"datetime": "2019-11-11 18:46:12", "elapsed": 0.607879, "delta": 0.00435}}
