{"target": -0.12793799458829325, "params": {"q00": 2.0, "q01": 32.0, "q02": 46.0, "q03": 10.0, "q04": 4.0, "q05": 55.0, "q06": 164.0, "q07": 43.0, "q08": 51.0, "q09": 77.0, "q10": 91.0, "q11": 14.0, "q12": 94.0, "q13": 111.0, "q14": 9.0, "q15": 207.0, "q16": 199.0, "q17": 27.0, "q18": 3.0, "q19": 193.0, "q20": 44.0, "q21": 33.0, "q22": 36.0, "q23": 152.0, "q24": 192.0, "q25": 89.0, "q26": 20.0, "q27": 135.0, "q28": 251.0, "q29": 127.0, "q30": 239.0, "q31": 203.0, "q32": 171.0, "q33": 113.0, "q34": 83.0, "q35": 136.0, "q36": 88.0, "q37": 127.0, "q38": 166.0, "q39": 98.0, "q40": 248.0, "q41": 80.0, "q42": 116.0, "q43": 97.0, "q44": 247.0, "q45": 198.0, "q46": 128.0, "q47": 207.0, "q48": 48.0, "q49": 238.0, "q50": 156.0, "q51": 212.0, "q52": 191.0, "q53": 183.0, "q54": 191.0, "q55": 184.0, "q56": 155.0, "q57": 88.0, "q58": 1.0, "q59": 54.0, "q60": 242.0, "q61": 157.0, "q62": 231.0, "q63": 31.0}, "datetime": {"datetime": "2019-11-11 18:46:14", "elapsed": 2.669475, "delta": 0.007214}}
{"target": -0.13362024478318912, "params": {"q00": 44.0, "q01": 32.0, "q02": 24.0, "q03": 101.0, "q04": 98.0, "q05": 183.0, "q06": 208.0, "q07": 181.0, "q08": 5.0, "q09": 129.0, "q10": 8.0, "q11": 110.0, "q12": 89.0, "q13": 144.0, "q14": 37.0, "q15": 211.0, "q16": 13.0, "q17": 86.0, "q18": 122.0, "q19": 216.0, "q20": 103.0, "q21": 183.0, "q22": 1.0, "q23": 243.0, "q24": 26.0, "q25": 119.0, "q26": 67.0, "q27": 235.0, "q28": 199.0, "q29": 178.0, "q30": 117.0, "q31": 194.0, "q32": 140.0, "q33": 31.0, "q34": 217.0, "q35": 19.0, "q36": 89.0, "q37": 168.0, "q38": 204.0, "q39": 95.0, "q40": 68.0, "q41": 9.0, "q42": 214.0, "q43": 113.0, "q44": 203.0, "q45": 141.0, "q46": 237.0, "q47": 28.0, "q48": 133.0, "q49": 115.0, "q50": 245.0, "q51": 88.0, "q52": 132.0, "q53": 240.0, "q54": 241.0, "q55": 216.0, "q56": 76.0, "q57": 185.0, "q58": 133.0, "q59": 165.0, "q60": 170.0, "q61": 52.0, "q62": 137.0, "q63": 133.0}, "datetime": {"datetime": "2019-11-11 18:46:14", "elapsed": 2.676796, "delta": 0.007321}}
{"target": -0.11373697574726988, "params": {"q00": 16.0, "q01": 15.0, "q02": 66.0, "q03": 215.0, "q04": 144.0, "q05": 60.0, "q06": 230.0, "q07": 88.0, "q08": 41.0, "q09": 54.0, "q10": 66.0, "q11": 115.0, "q12": 31.0, "q13": 14.0, "q14": 147.0, "q15": 11.0, "q16": 83.0, "q17": 49.0, "q18": 10.0, "q19": 196.0, "q20": 150.0, "q21": 39.0, "q22": 52.0, "q23": 151.0, "q24": 253.0, "q25": 171.0, "q26": 24.0, "q27": 188.0, "q28": 102.0, "q29": 33.0, "q30": 57.0, "q31": 39.0, "q32": 188.0, "q33": 195.0, "q34": 89.0, "q35": 1.0, "q36": 236.0, "q37": 203.0, "q38": 171.0, "q39": 199.0, "q40": 188.0, "q41": 59.0, "q42": 240.0, "q43": 50.0, "q44": 182.0, "q45": 240.0, "q46": 206.0, "q47": 194.0, "q48": 183.0, "q49": 40.0, "q50": 44.0, "q51": 39.0, "q52": 203.0, "q53": 205.0, "q54": 121.0, "q55": 104.0, "q56": 100.0, "q57": 249.0, "q58": 241.0, "q59": 87.0, "q60": 9.0, "q61": 228.0, "q62": 224.0, "q63": 25.0}, "datetime": {"datetime": "2019-11-11 18:46:14", "elapsed": 2.684145, "delta": 0.007349}}
{"target": -0.11009759935971414, "params": {"q00": 13.0, "q01": 63.0, "q02": 7.0, "q03": 150.0, "q04": 7.0, "q05": 66.0, "q06": 10.0, "q07": 76.0, "q08": 2.0, "q09": 43.0, "q10": 17.0, "q11": 55.0, "q12": 190.0, "q13": 112.0, "q14": 119.0, "q15": 72.0, "q16": 144.0, "q17": 34.0, "q18": 70.0, "q19": 28.0, "q20": 102.0, "q21": 249.0, "q22": 11.0, "q23": 229.0, "q24": 151.0, "q25": 93.0, "q26": 169.0, "q27": 106.0, "q28": 132.0, "q29": 78.0, "q30": 100.0, "q31": 180.0, "q32": 7.0, "q33": 212.0, "q34": 122.0, "q35": 216.0, "q36": 139.0, "q37": 177.0, "q38": 15.0, "q39": 78.0, "q40": 199.0, "q41": 80.0, "q42": 95.0, "q43": 243.0, "q44": 208.0, "q45": 219.0, "q46": 59.0, "q47": 126.0, "q48": 157.0, "q49": 94.0, "q50": 175.0, "q51": 91.0, "q52": 142.0, "q53": 181.0, "q54": 210.0, "q55": 218.0, "q56": 180.0, "q57": 138.0, "q58": 153.0, "q59": 57.0, "q60": 246.0, "q61": 174.0, "q62": 158.0, "q63": 233.0}, "datetime": {"datetime": "2019-11-11 18:46:14", "elapsed": 2.691195, "delta": 0.00705}}
{"target": -0.11805483923800358, "params": {"q00": 25.0, "q01": 63.0, "q02": 154.0, "q03": 76.0, "q04": 23.0, "q05": 43.0, "q06": 105.0, "q07": 159.0, "q08": 6.0, "q09": 98.0, "q10": 44.0, "q11": 24.0, "q12": 230.0, "q13": 140.0, "q14": 149.0, "q15": 89.0, "q16": 13.0, "q17": 50.0, "q18": 41.0, "q19": 19.0, "q20": 249.0, "q21": 227.0, "q22": 171.0, "q23": 78.0, "q24": 93.0, "q25": 106.0, "q26": 177.0, "q27": 192.0, "q28": 42.0, "q29": 195.0, "q30": 93.0, "q31": 177.0, "q32": 9.0, "q33": 253.0, "q34": 70.0, "q35": 9.0, "q36": 113.0, "q37": 168.0, "q38": 170.0, "q39": 224.0, "q40": 53.0, "q41": 59.0, "q42": 170.0, "q43": 93.0, "q44": 176.0, "q45": 105.0, "q46": 214.0, "q47": 184.0, "q48": 222.0, "q49": 67.0, "q50": 184.0, "q51": 221.0, "q52": 94.0, "q53": 189.0, "q54": 147.0, "q55": 124.0, "q56": 108.0, "q57": 9.0, "q58": 79.0, "q59": 2.0, "q60": 230.0, "q61": 213.0, "q62": 250.0, "q63": 190.0}, "datetime": {"datetime": "2019-11-11 18:46:14", "elapsed": 2.698156, "delta": 0.006961}}
{"target": -0.09163932064552971, "params": {"q00": 29.0, "q01": 10.0, "q02": 114.0, "q03": 222.0, "q04": 57.0, "q05": 43.0, "q06": 79.0, "q07": 67.0, "q08": 43.0, "q09": 35.0, "q10": 189.0, "q11": 63.0, "q12": 177.0, "q13": 30.0, "q14": 199.0, "q15": 20.0, "q16": 8.0, "q17": 103.0, "q18": 41.0, "q19": 76.0, "q20": 30.0, "q21": 131.0, "q22": 239.0, "q23": 218.0, "q24": 128.0, "q25": 205.0, "q26": 112.0, "q27": 159.0, "q28": 227.0, "q29": 21.0, "q30": 35.0, "q31": 119.0, "q32": 121.0, "q33": 61.0, "q34": 77.0, "q35": 35.0, "q36": 105.0, "q37": 26.0, "q38": 117.0, "q39": 71.0, "q40": 141.0, "q41": 17.0, "q42": 96.0, "q43": 117.0, "q44": 61.0, "q45": 105.0, "q46": 97.0, "q47": 42.0, "q48": 235.0, "q49": 162.0, "q50": 78.0, "q51": 245.0, "q52": 19.0, "q53": 212.0, "q54": 36.0, "q55": 191.0, "q56": 77.0, "q57": 69.0, "q58": 163.0, "q59": 64.0, "q60": 180.0, "q61": 9.0, "q62": 114.0, "q63": 226.0}, "datetime": {"datetime": "2019-11-11 18:46:14", "elapsed": 2.704993, "delta": 0.006837}}
{"target": -0.11236622544570352, "params": {"q00": 6.0, "q01": 26.0, "q02": 239.0, "q03": 108.0, "q04": 158.0, "q05": 97.0, "q06": 19.0, "q07": 110.0, "q08": 42.0, "q09": 10.0, "q10": 233.0, "q11": 70.0, "q12": 117.0, "q13": 137.0, "q14": 154.0, "q15": 165.0, "q16": 12.0, "q17": 12.0, "q18": 34.0, "q19": 82.0, "q20": 102.0, "q21": 15.0, "q22": 84.0, "q23": 215.0, "q24": 23.0, "q25": 245.0, "q26": 206.0, "q27": 54.0, "q28": 239.0, "q29": 208.0, "q30": 115.0, "q31": 13.0, "q32": 136.0, "q33": 152.0, "q34": 74.0, "q35": 132.0, "q36": 124.0, "q37": 116.0, "q38": 68.0, "q39": 249.0, "q40": 166.0, "q41": 155.0, "q42": 11.0, "q43": 82.0, "q44": 15.0, "q45": 180.0, "q46": 233.0, "q47": 7.0, "q48": 60.0, "q49": 244.0, "q50": 243.0, "q51": 220.0, "q52": 143.0, "q53": 24.0, "q54": 183.0, "q55": 38.0, "q56": 176.0, "q57": 141.0, "q58": 204.0, "q59": 43.0, "q60": 203.0, "q61": 98.0, "q62": 76.0, "q63": 213.0}, "datetime": {"datetime": "2019-11-11 18:46:14", "elapsed": 2.711838, "delta": 0.006845}}
{"target": -0.09049523661038716, "params": {"q00": 2.0, "q01": 15.0, "q02": 8.0, "q03": 151.0, "q04": 62.0, "q05": 241.0, "q06": 197.0, "q07": 146.0, "q08": 12.0, "q09": 11.0, "q10": 6.0, "q11": 78.0, "q12": 200.0, "q13": 162.0, "q14": 220.0, "q15": 96.0, "q16": 40.0, "q17": 138.0, "q18": 58.0, "q19": 175.0, "q20": 143.0, "q21": 248.0, "q22": 85.0, "q23": 22.0, "q24": 254.0, "q25": 205.0, "q26": 124.0, "q27": 52.0, "q28": 5.0, "q29": 103.0, "q30": 36.0, "q31": 224.0, "q32": 105.0, "q33": 74.0, "q34": 226.0, "q35": 74.0, "q36": 157.0, "q37": 218.0, "q38": 199.0, "q39": 150.0, "q40": 19.0, "q41": 13.0, "q42": 134.0, "q43": 146.0, "q44": 167.0, "q45": 151.0, "q46": 183.0, "q47": 215.0, "q48": 220.0, "q49": 46.0, "q50": 249.0, "q51": 234.0, "q52": 18.0, "q53": 99.0, "q54": 245.0, "q55": 133.0, "q56": 154.0, "q57": 242.0, "q58": 128.0, "q59": 175.0, "q60": 155.0, "q61": 93.0, "q62": 26.0, "q63": 104.0}, "datetime": {"datetime": "2019-11-11 18:46:14", "elapsed": 2.718752, "delta": 0.006914}}
{"target": -0.10770932151548679, "params": {"q00": 56.0, "q01": 9.0, "q02": 61.0, "q03": 16.0, "q04": 13.0, "q05": 177.0, "q06": 53.0, "q07": 137.0, "q08": 6.0, "q09": 99.0, "q10": 39.0, "q11": 59.0, "q12": 13.0, "q13": 245.0, "q14": 61.0, "q15": 161.0, "q16": 101.0, "q17": 41.0, "q18": 19.0, "q19": 65.0, "q20": 158.0, "q21": 75.0, "q22": 39.0, "q23": 248.0, "q24": 106.0, "q25": 58.0, "q26": 1.0, "q27": 26.0, "q28": 93.0, "q29": 80.0, "q30": 110.0, "q31": 109.0, "q32": 149.0, "q33": 140.0, "q34": 153.0, "q35": 190.0, "q36": 190.0, "q37": 140.0, "q38": 57.0, "q39": 147.0, "q40": 168.0, "q41": 18.0, "q42": 110.0, "q43": 20.0, "q44": 181.0, "q45": 221.0, "q46": 54.0, "q47": 123.0, "q48": 237.0, "q49": 96.0, "q50": 243.0, "q51": 224.0, "q52": 109.0, "q53": 174.0, "q54": 142.0, "q55": 97.0, "q56": 7.0, "q57": 178.0, "q58": 34.0, "q59": 201.0, "q60": 187.0, "q61": 26.0, "q62": 195.0, "q63": 246.0}, "datetime": {"datetime": "2019-11-11 18:46:14", "elapsed": 2.725972, "delta": 0.00722}}
{"target": -0.09204884700985538, "params": {"q00": 24.0, "q01": 18.0, "q02": 129.0, "q03": 102.0, "q04": 239.0, "q05": 155.0, "q06": 247.0, "q07": 252.0, "q08": 17.0, "q09": 48.0, "q10": 31.0, "q11": 106.0, "q12": 67.0, "q13": 85.0, "q14": 213.0, "q15": 229.0, "q16": 33.0, "q17": 88.0, "q18": 10.0, "q19": 15.0, "q20": 243.0, "q21": 209.0, "q22": 183.0, "q23": 109.0, "q24": 43.0, "q25": 150.0, "q26": 1.0, "q27": 123.0, "q28": 153.0, "q29": 219.0, "q30": 240.0, "q31": 73.0, "q32": 102.0, "q33": 99.0, "q34": 200.0, "q35": 71.0, "q36": 133.0, "q37": 201.0, "q38": 176.0, "q39": 11.0, "q40": 97.0, "q41": 11.0, "q42": 184.0, "q43": 65.0, "q44": 241.0, "q45": 130.0, "q46": 192.0, "q47": 71.0, "q48": 235.0, "q49": 211.0, "q50": 210.0, "q51": 245.0, "q52": 52.0, "q53": 161.0, "q54": 175.0, "q55": 30.0, "q56": 143.0, "q57": 152.0, "q58": 119.0, "q59": 101.0, "q60": 136.0, "q61": 38.0, "q62": 45.0, "q63": 132.0}, "datetime": {"datetime": "2019-11-11 18:46:14", "elapsed": 2.733513, "delta": 0.007541}}
{"target": -0.06705439171274724, "params": {"q00": 27.0, "q01": 29.0, "q02": 41.0, "q03": 245.0, "q04": 175.0, "q05": 143.0, "q06": 120.0, "q07": 197.0, "q08": 40.0, "q09": 8.0, "q10": 211.0, "q11": 20.0, "q12": 174.0, "q13": 149.0, "q14": 156.0, "q15": 175.0, "q16": 5.0, "q17": 10.0, "q18": 53.0, "q19": 27.0, "q20": 31.0, "q21": 207.0, "q22": 232.0, "q23": 199.0, "q24": 177.0, "q25": 237.0, "q26": 33.0, "q27": 37.0, "q28": 208.0, "q29": 45.0, "q30": 135.0, "q31": 75.0, "q32": 239.0, "q33": 99.0, "q34": 232.0, "q35": 188.0, "q36": 248.0, "q37": 192.0, "q38": 174.0, "q39": 239.0, "q40": 24.0, "q41": 13.0, "q42": 29.0, "q43": 157.0, "q44": 117.0, "q45": 243.0, "q46": 243.0, "q47": 114.0, "q48": 53.0, "q49": 123.0, "q50": 212.0, "q51": 230.0, "q52": 205.0, "q53": 210.0, "q54": 80.0, "q55": 254.0, "q56": 61.0, "q57": 32.0, "q58": 216.0, "q59": 238.0, "q60": 253.0, "q61": 49.0, "q62": 125.0, "q63": 121.0}, "datetime": {"datetime": "2019-11-11 18:46:14", "elapsed": 2.741055, "delta": 0.007542}}
{"target": -0.09911724700402658, "params": {"q00": 35.0, "q01": 1.0, "q02": 17.0, "q03": 172.0, "q04": 232.0, "q05": 240.0, "q06": 181.0, "q07": 87.0, "q08": 20.0, "q09": 27.0, "q10": 136.0, "q11": 67.0, "q12": 244.0, "q13": 48.0, "q14": 70.0, "q15": 72.0, "q16": 40.0, "q17": 68.0, "q18": 253.0, "q19": 35.0, "q20": 198.0, "q21": 27.0, "q22": 182.0, "q23": 240.0, "q24": 162.0, "q25": 96.0, "q26": 202.0, "q27": 81.0, "q28": 140.0, "q29": 60.0, "q30": 133.0, "q31": 127.0, "q32": 236.0, "q33": 164.0, "q34": 188.0, "q35": 144.0, "q36": 222.0, "q37": 9.0, "q38": 127.0, "q39": 74.0, "q40": 105.0, "q41": 90.0, "q42": 206.0, "q43": 44.0, "q44": 132.0, "q45": 105.0, "q46": 185.0, "q47": 205.0, "q48": 80.0, "q49": 53.0, "q50": 122.0, "q51": 95.0, "q52": 31.0, "q53": 127.0, "q54": 88.0, "q55": 208.0, "q56": 252.0, "q57": 200.0, "q58": 91.0, "q59": 23.0, "q60": 113.0, "q61": 130.0, "q62": 167.0, "q63": 144.0}, "datetime": {"datetime": "2019-11-11 18:46:14", "elapsed": 2.748576, "delta": 0.007521}}
{"target": -0.10463411658075777, "params": {"q00": 36.0, "q01": 3.0, "q02": 111.0, "q03": 134.0, "q04": 15.0, "q05": 88.0, "q06": 96.0, "q07": 102.0, "q08": 19.0, "q09": 17.0, "q10": 67.0, "q11": 64.0, "q12": 38.0, "q13": 170.0, "q14": 232.0, "q15": 178.0, "q16": 150.0, "q17": 1.0, "q18": 30.0, "q19": 129.0, "q20": 59.0, "q21": 82.0, "q22": 167.0, "q23": 27.0, "q24": 35.0, "q25": 56.0, "q26": 109.0, "q27": 95.0, "q28": 245.0, "q29": 137.0, "q30": 61.0, "q31": 59.0, "q32": 1.0, "q33": 58.0, "q34": 111.0, "q35": 174.0, "q36": 132.0, "q37": 115.0, "q38": 39.0, "q39": 123.0, "q40": 192.0, "q41": 59.0, "q42": 79.0, "q43": 81.0, "q44": 155.0, "q45": 231.0, "q46": 195.0, "q47": 79.0, "q48": 76.0, "q49": 173.0, "q50": 34.0, "q51": 252.0, "q52": 16.0, "q53": 238.0, "q54": 138.0, "q55": 67.0, "q56": 97.0, "q57": 105.0, "q58": 204.0, "q59": 35.0, "q60": 254.0, "q61": 206.0, "q62": 148.0, "q63": 198.0}, "datetime": {"datetime": "2019-11-11 18:46:14", "elapsed": 2.756018, "delta": 0.007442}}
{"target": -0.0668877739680479, "params": {"q00": 10.0, "q01": 7.0, "q02": 36.0, "q03": 152.0, "q04": 117.0, "q05": 244.0, "q06": 209.0, "q07": 119.0, "q08": 59.0, "q09": 21.0, "q10": 11.0, "q11": 69.0, "q12": 123.0, "q13": 167.0, "q14": 100.0, "q15": 133.0, "q16": 166.0, "q17": 7.0, "q18": 16.0, "q19": 197.0, "q20": 219.0, "q21": 119.0, "q22": 128.0, "q23": 149.0, "q24": 181.0, "q25": 43.0, "q26": 154.0, "q27": 245.0, "q28": 204.0, "q29": 241.0, "q30": 128.0, "q31": 75.0, "q32": 86.0, "q33": 248.0, "q34": 65.0, "q35": 48.0, "q36": 31.0, "q37": 248.0, "q38": 52.0, "q39": 98.0, "q40": 207.0, "q41": 47.0, "q42": 115.0, "q43": 189.0, "q44": 188.0, "q45": 50.0, "q46": 245.0, "q47": 85.0, "q48": 93.0, "q49": 163.0, "q50": 163.0, "q51": 96.0, "q52": 197.0, "q53": 244.0, "q54": 128.0, "q55": 230.0, "q56": 131.0, "q57": 227.0, "q58": 236.0, "q59": 173.0, "q60": 248.0, "q61": 218.0, "q62": 232.0, "q63": 223.0}, "datetime": {"datetime": "2019-11-11 18:46:14", "elapsed": 2.762862, "delta": 0.006844}}
{"target": -0.10039003086190185, "params": {"q00": 13.0, "q01": 60.0, "q02": 146.0, "q03": 143.0, "q04": 20.0, "q05": 234.0, "q06": 231.0, "q07": 212.0, "q08": 8.0, "q09": 12.0, "q10": 12.0, "q11": 51.0, "q12": 32.0, "q13": 27.0, "q14": 228.0, "q15": 238.0, "q16": 158.0, "q17": 27.0, "q18": 123.0, "q19": 46.0, "q20": 203.0, "q21": 160.0, "q22": 128.0, "q23": 93.0, "q24": 211.0, "q25": 16.0, "q26": 199.0, "q27": 39.0, "q28": 235.0, "q29": 163.0, "q30": 6.0, "q31": 21.0, "q32": 120.0, "q33": 138.0, "q34": 239.0, "q35": 125.0, "q36": 159.0, "q37": 170.0, "q38": 232.0, "q39": 166.0, "q40": 192.0, "q41": 146.0, "q42": 189.0, "q43": 221.0, "q44": 163.0, "q45": 30.0, "q46": 21.0, "q47": 183.0, "q48": 61.0, "q49": 112.0, "q50": 168.0, "q51": 172.0, "q52": 105.0, "q53": 223.0, "q54": 139.0, "q55": 127.0, "q56": 124.0, "q57": 148.0, "q58": 110.0, "q59": 155.0, "q60": 91.0, "q61": 197.0, "q62": 155.0, "q63": 200.0}, "datetime": {"datetime": "2019-11-11 18:46:14", "elapsed": 2.769741, "delta": 0.006879}}
{"target": -0.08008931890924931, "params": {"q00": 26.0, "q01": 19.0, "q02": 5.0, "q03": 125.0, "q04": 142.0, "q05": 248.0, "q06": 42.0, "q07": 118.0, "q08": 36.0, "q09": 11.0, "q10": 83.0, "q11": 123.0, "q12": 66.0, "q13": 28.0, "q14": 172.0, "q15": 60.0, "q16": 52.0, "q17": 12.0, "q18": 78.0, "q19": 205.0, "q20": 144.0, "q21": 142.0, "q22": 142.0, "q23": 196.0, "q24": 80.0, "q25": 32.0, "q26": 222.0, "q27": 112.0, "q28": 142.0, "q29": 156.0, "q30": 246.0, "q31": 197.0, "q32": 206.0, "q33": 40.0, "q34": 71.0, "q35": 235.0, "q36": 167.0, "q37": 148.0, "q38": 88.0, "q39": 236.0, "q40": 82.0, "q41": 4.0, "q42": 184.0, "q43": 63.0, "q44": 47.0, "q45": 94.0, "q46": 188.0, "q47": 168.0, "q48": 102.0, "q49": 183.0, "q50": 157.0, "q51": 167.0, "q52": 95.0, "q53": 199.0, "q54": 236.0, "q55": 173.0, "q56": 16.0, "q57": 120.0, "q58": 138.0, "q59": 106.0, "q60": 254.0, "q61": 177.0, "q62": 161.0, "q63": 246.0}, "datetime": {"datetime": "2019-11-11 18:46:14", "elapsed": 2.776696, "delta": 0.006955}}
{"target": -0.10502329604519484, "params": {"q00": 15.0, "q01": 11.0, "q02": 1.0, "q03": 57.0, "q04": 191.0, "q05": 134.0, "q06": 230.0, "q07": 22.0, "q08": 54.0, "q09": 29.0, "q10": 154.0, "q11": 87.0, "q12": 80.0, "q13": 149.0, "q14": 221.0, "q15": 187.0, "q16": 103.0, "q17": 18.0, "q18": 13.0, "q19": 151.0, "q20": 164.0, "q21": 210.0, "q22": 113.0, "q23": 102.0, "q24": 85.0, "q25": 217.0, "q26": 181.0, "q27": 122.0, "q28": 254.0, "q29": 74.0, "q30": 66.0, "q31": 246.0, "q32": 245.0, "q33": 142.0, "q34": 163.0, "q35": 158.0, "q36": 102.0, "q37": 243.0, "q38": 231.0, "q39": 145.0, "q40": 131.0, "q41": 38.0, "q42": 202.0, "q43": 70.0, "q44": 244.0, "q45": 195.0, "q46": 176.0, "q47": 174.0, "q48": 162.0, "q49": 47.0, "q50": 178.0, "q51": 253.0, "q52": 56.0, "q53": 93.0, "q54": 23.0, "q55": 104.0, "q56": 238.0, "q57": 215.0, "q58": 130.0, "q59": 211.0, "q60": 129.0, "q61": 159.0, "q62": 231.0, "q63": 199.0}, "datetime": {"datetime": "2019-11-11 18:46:14", "elapsed": 2.783679, "delta": 0.006983}}
{"target": -0.12678769874081136, "params": {"q00": 1.0, "q01": 8.0, "q02": 125.0, "q03": 178.0, "q04": 188.0, "q05": 126.0, "q06": 159.0, "q07": 252.0, "q08": 8.0, "q09": 16.0, "q10": 62.0, "q11": 3.0, "q12": 32.0, "q13": 253.0, "q14": 133.0, "q15": 84.0, "q16": 12.0, "q17": 109.0, "q18": 200.0, "q19": 85.0, "q20": 56.0, "q21": 117.0, "q22": 246.0, "q23": 200.0, "q24": 34.0, "q25": 153.0, "q26": 59.0, "q27": 192.0, "q28": 18.0, "q29": 33.0, "q30": 45.0, "q31": 5.0, "q32": 210.0, "q33": 216.0, "q34": 225.0, "q35": 74.0, "q36": 84.0, "q37": 86.0, "q38": 120.0, "q39": 229.0, "q40": 211.0, "q41": 104.0, "q42": 78.0, "q43": 63.0, "q44": 115.0, "q45": 151.0, "q46": 66.0, "q47": 140.0, "q48": 48.0, "q49": 9.0, "q50": 192.0, "q51": 137.0, "q52": 243.0, "q53": 140.0, "q54": 23.0, "q55": 194.0, "q56": 64.0, "q57": 2.0, "q58": 220.0, "q59": 2.0, "q60": 126.0, "q61": 74.0, "q62": 199.0, "q63": 50.0}, "datetime": {"datetime": "2019-11-11 18:46:14", "elapsed": 2.790665, "delta": 0.006986}}
{"target": -0.08545452712609058, "params": {"q00": 27.0, "q01": 7.0, "q02": 12.0, "q03": 203.0, "q04": 68.0, "q05": 53.0, "q06": 102.0, "q07": 13.0, "q08": 15.0, "q09": 19.0, "q10": 82.0, "q11": 86.0, "q12": 92.0, "q13": 14.0, "q14": 220.0, "q15": 118.0, "q16": 60.0, "q17": 6.0, "q18": 13.0, "q19": 198.0, "q20": 106.0, "q21": 83.0, "q22": 66.0, "q23": 117.0, "q24": 184.0, "q25": 142.0, "q26": 7.0, "q27": 248.0, "q28": 127.0, "q29": 7.0, "q30": 142.0, "q31": 127.0, "q32": 39.0, "q33": 254.0, "q34": 172.0, "q35": 108.0, "q36": 180.0, "q37": 191.0, "q38": 233.0, "q39": 219.0, "q40": 8.0, "q41": 125.0, "q42": 47.0, "q43": 53.0, "q44": 195.0, "q45": 122.0, "q46": 200.0, "q47": 243.0, "q48": 179.0, "q49": 113.0, "q50": 216.0, "q51": 132.0, "q52": 33.0, "q53": 220.0, "q54": 105.0, "q55": 136.0, "q56": 108.0, "q57": 127.0, "q58": 180.0, "q59": 170.0, "q60": 131.0, "q61": 65.0, "q62": 126.0, "q63": 48.0}, "datetime": {"datetime": "2019-11-11 18:46:14", "elapsed": 2.798514, "delta": 0.007849}}
{"target": -0.12183779600470557, "params": {"q00": 7.0, "q01": 29.0, "q02": 73.0, "q03": 209.0, "q04": 201.0, "q05": 239.0, "q06": 150.0, "q07": 172.0, "q08": 20.0, "q09": 64.0, "q10": 12.0, "q11": 37.0, "q12": 17.0, "q13": 28.0, "q14": 205.0, "q15": 79.0, "q16": 248.0, "q17": 101.0, "q18": 8.0, "q19": 47.0, "q20": 87.0, "q21": 73.0, "q22": 191.0, "q23": 59.0, "q24": 98.0, "q25": 15.0, "q26": 218.0, "q27": 63.0, "q28": 1.0, "q29": 11.0, "q30": 69.0, "q31": 238.0, "q32": 58.0, "q33": 49.0, "q34": 186.0, "q35": 5.0, "q36": 28.0, "q37": 2.0, "q38": 4.0, "q39": 56.0, "q40": 87.0, "q41": 133.0, "q42": 140.0, "q43": 103.0, "q44": 27.0, "q45": 43.0, "q46": 239.0, "q47": 219.0, "q48": 231.0, "q49": 85.0, "q50": 91.0, "q51": 4.0, "q52": 103.0, "q53": 73.0, "q54": 125.0, "q55": 104.0, "q56": 12.0, "q57": 232.0, "q58": 37.0, "q59": 196.0, "q60": 48.0, "q61": 61.0, "q62": 252.0, "q63": 231.0}, "datetime": {"datetime": "2019-11-11 18:46:14", "elapsed": 2.805945, "delta": 0.007431}}
{"target": -0.08037722647806245, "params": {"q00": 7.0, "q01": 22.0, "q02": 142.0, "q03": 176.0, "q04": 238.0, "q05": 94.0, "q06": 123.0, "q07": 230.0, "q08": 16.0, "q09": 41.0, "q10": 125.0, "q11": 26.0, "q12": 122.0, "q13": 82.0, "q14": 50.0, "q15": 193.0, "q16": 27.0, "q17": 225.0, "q18": 58.0, "q19": 30.0, "q20": 193.0, "q21": 223.0, "q22": 131.0, "q23": 143.0, "q24": 34.0, "q25": 167.0, "q26": 30.0, "q27": 20.0, "q28": 173.0, "q29": 97.0, "q30": 229.0, "q31": 12.0, "q32": 243.0, "q33": 16.0, "q34": 248.0, "q35": 193.0, "q36": 102.0, "q37": 51.0, "q38": 140.0, "q39": 53.0, "q40": 183.0, "q41": 167.0, "q42": 23.0, "q43": 33.0, "q44": 57.0, "q45": 89.0, "q46": 195.0, "q47": 232.0, "q48": 194.0, "q49": 150.0, "q50": 83.0, "q51": 131.0, "q52": 127.0, "q53": 133.0, "q54": 197.0, "q55": 218.0, "q56": 72.0, "q57": 67.0, "q58": 61.0, "q59": 183.0, "q60": 243.0, "q61": 62.0, "q62": 221.0, "q63": 203.0}, "datetime": {"datetime": "2019-11-11 18:46:14", "elapsed": 2.813637, "delta": 0.007692}}
{"target": -0.11225898636159215, "params": {"q00": 8.0, "q01": 18.0, "q02": 96.0, "q03": 212.0, "q04": 220.0, "q05": 204.0, "q06": 12.0, "q07": 57.0, "q08": 43.0, "q09": 55.0, "q10": 158.0, "q11": 69.0, "q12": 27.0, "q13": 210.0, "q14": 223.0, "q15": 117.0, "q16": 10.0, "q17": 50.0, "q18": 85.0, "q19": 6.0, "q20": 177.0, "q21": 215.0, "q22": 234.0, "q23": 230.0, "q24": 148.0, "q25": 131.0, "q26": 171.0, "q27": 40.0, "q28": 254.0, "q29": 117.0, "q30": 54.0, "q31": 129.0, "q32": 183.0, "q33": 20.0, "q34": 199.0, "q35": 226.0, "q36": 205.0, "q37": 150.0, "q38": 161.0, "q39": 89.0, "q40": 122.0, "q41": 142.0, "q42": 101.0, "q43": 78.0, "q44": 9.0, "q45": 84.0, "q46": 143.0, "q47": 71.0, "q48": 28.0, "q49": 27.0, "q50": 134.0, "q51": 137.0, "q52": 147.0, "q53": 179.0, "q54": 36.0, "q55": 9.0, "q56": 155.0, "q57": 210.0, "q58": 148.0, "q59": 59.0, "q60": 6.0, "q61": 74.0, "q62": 227.0, "q63": 24.0}, "datetime": {"datetime": "2019-11-11 18:46:15", "elapsed": 2.821201, "delta": 0.007564}}
