{"target": -0.14099046273760724, "params": {"q00": 12.0, "q01": 19.0, "q02": 201.0, "q03": 228.0, "q04": 233.0, "q05": 97.0, "q06": 199.0, "q07": 58.0, "q08": 22.0, "q09": 239.0, "q10": 67.0, "q11": 96.0, "q12": 54.0, "q13": 170.0, "q14": 36.0, "q15": 67.0, "q16": 50.0, "q17": 39.0, "q18": 14.0, "q19": 118.0, "q20": 20.0, "q21": 17.0, "q22": 172.0, "q23": 144.0, "q24": 167.0, "q25": 144.0, "q26": 66.0, "q27": 33.0, "q28": 239.0, "q29": 161.0, "q30": 6.0, "q31": 21.0, "q32": 139.0, "q33": 39.0, "q34": 238.0, "q35": 77.0, "q36": 70.0, "q37": 213.0, "q38": 36.0, "q39": 147.0, "q40": 153.0, "q41": 63.0, "q42": 153.0, "q43": 103.0, "q44": 81.0, "q45": 103.0, "q46": 115.0, "q47": 240.0, "q48": 90.0, "q49": 2.0, "q50": 13.0, "q51": 243.0, "q52": 49.0, "q53": 55.0, "q54": 159.0, "q55": 130.0, "q56": 102.0, "q57": 56.0, "q58": 104.0, "q59": 31.0, "q60": 69.0, "q61": 22.0, "q62": 104.0, "q63": 35.0}, "datetime": {"datetime": "2019-11-11 18:46:15", "elapsed": 2.992614, "delta": 0.0078}}
{"target": -0.11008398963623467, "params": {"q00": 32.0, "q01": 18.0, "q02": 157.0, "q03": 22.0, "q04": 6.0, "q05": 156.0, "q06": 191.0, "q07": 30.0, "q08": 11.0, "q09": 15.0, "q10": 53.0, "q11": 89.0, "q12": 30.0, "q13": 2.0, "q14": 31.0, "q15": 182.0, "q16": 89.0, "q17": 44.0, "q18": 243.0, "q19": 82.0, "q20": 41.0, "q21": 154.0, "q22": 130.0, "q23": 197.0, "q24": 83.0, "q25": 250.0, "q26": 46.0, "q27": 216.0, "q28": 217.0, "q29": 39.0, "q30": 182.0, "q31": 115.0, "q32": 135.0, "q33": 121.0, "q34": 5.0, "q35": 30.0, "q36": 139.0, "q37": 45.0, "q38": 194.0, "q39": 112.0, "q40": 101.0, "q41": 198.0, "q42": 208.0, "q43": 247.0, "q44": 91.0, "q45": 44.0, "q46": 174.0, "q47": 248.0, "q48": 234.0, "q49": 39.0, "q50": 105.0, "q51": 144.0, "q52": 134.0, "q53": 171.0, "q54": 98.0, "q55": 148.0, "q56": 232.0, "q57": 247.0, "q58": 249.0, "q59": 239.0, "q60": 60.0, "q61": 37.0, "q62": 215.0, "q63": 187.0}, "datetime": {"datetime": "2019-11-11 18:46:15", "elapsed": 3.000376, "delta": 0.007762}}
{"target": -0.13099290566574762, "params": {"q00": 11.0, "q01": 1.0, "q02": 24.0, "q03": 106.0, "q04": 181.0, "q05": 97.0, "q06": 199.0, "q07": 16.0, "q08": 39.0, "q09": 3.0, "q10": 33.0, "q11": 194.0, "q12": 121.0, "q13": 123.0, "q14": 214.0, "q15": 93.0, "q16": 42.0, "q17": 1.0, "q18": 225.0, "q19": 233.0, "q20": 202.0, "q21": 184.0, "q22": 119.0, "q23": 144.0, "q24": 156.0, "q25": 70.0, "q26": 193.0, "q27": 96.0, "q28": 208.0, "q29": 237.0, "q30": 103.0, "q31": 25.0, "q32": 178.0, "q33": 139.0, "q34": 184.0, "q35": 222.0, "q36": 78.0, "q37": 1.0, "q38": 4.0, "q39": 93.0, "q40": 241.0, "q41": 191.0, "q42": 246.0, "q43": 179.0, "q44": 61.0, "q45": 70.0, "q46": 241.0, "q47": 101.0, "q48": 166.0, "q49": 44.0, "q50": 83.0, "q51": 30.0, "q52": 201.0, "q53": 103.0, "q54": 67.0, "q55": 183.0, "q56": 93.0, "q57": 239.0, "q58": 25.0, "q59": 43.0, "q60": 218.0, "q61": 212.0, "q62": 87.0, "q63": 77.0}, "datetime": {"datetime": "2019-11-11 18:46:15", "elapsed": 3.007696, "delta": 0.00732}}
{"target": -0.12331176992469522, "params": {"q00": 7.0, "q01": 1.0, "q02": 5.0, "q03": 139.0, "q04": 139.0, "q05": 101.0, "q06": 55.0, "q07": 147.0, "q08": 19.0, "q09": 169.0, "q10": 141.0, "q11": 64.0, "q12": 226.0, "q13": 72.0, "q14": 21.0, "q15": 126.0, "q16": 115.0, "q17": 8.0, "q18": 29.0, "q19": 29.0, "q20": 210.0, "q21": 84.0, "q22": 163.0, "q23": 112.0, "q24": 26.0, "q25": 160.0, "q26": 151.0, "q27": 38.0, "q28": 75.0, "q29": 241.0, "q30": 185.0, "q31": 18.0, "q32": 154.0, "q33": 15.0, "q34": 169.0, "q35": 34.0, "q36": 147.0, "q37": 24.0, "q38": 146.0, "q39": 93.0, "q40": 35.0, "q41": 42.0, "q42": 89.0, "q43": 93.0, "q44": 174.0, "q45": 12.0, "q46": 164.0, "q47": 124.0, "q48": 236.0, "q49": 124.0, "q50": 128.0, "q51": 228.0, "q52": 19.0, "q53": 33.0, "q54": 227.0, "q55": 66.0, "q56": 158.0, "q57": 180.0, "q58": 122.0, "q59": 136.0, "q60": 83.0, "q61": 4.0, "q62": 41.0, "q63": 181.0}, "datetime": {"datetime": "2019-11-11 18:46:15", "elapsed": 3.014866, "delta": 0.00717}}
{"target": -0.09584957250896492, "params": {"q00": 3.0, "q01": 7.0, "q02": 42.0, "q03": 243.0, "q04": 32.0, "q05": 73.0, "q06": 175.0, "q07": 216.0, "q08": 9.0, "q09": 71.0, "q10": 156.0, "q11": 208.0, "q12": 76.0, "q13": 188.0, "q14": 173.0, "q15": 33.0, "q16": 47.0, "q17": 18.0, "q18": 29.0, "q19": 63.0, "q20": 5.0, "q21": 163.0, "q22": 66.0, "q23": 171.0, "q24": 135.0, "q25": 176.0, "q26": 45.0, "q27": 12.0, "q28": 132.0, "q29": 163.0, "q30": 144.0, "q31": 165.0, "q32": 137.0, "q33": 92.0, "q34": 233.0, "q35": 27.0, "q36": 48.0, "q37": 35.0, "q38": 221.0, "q39": 209.0, "q40": 84.0, "q41": 84.0, "q42": 44.0, "q43": 10.0, "q44": 12.0, "q45": 7.0, "q46": 236.0, "q47": 77.0, "q48": 89.0, "q49": 33.0, "q50": 123.0, "q51": 10.0, "q52": 111.0, "q53": 43.0, "q54": 248.0, "q55": 151.0, "q56": 219.0, "q57": 54.0, "q58": 167.0, "q59": 6.0, "q60": 253.0, "q61": 128.0, "q62": 227.0, "q63": 104.0}, "datetime": {"datetime": "2019-11-11 18:46:15", "elapsed": 3.02225, "delta": 0.007384}}
{"target": -0.1424345149040211, "params": {"q00": 9.0, "q01": 33.0, "q02": 163.0, "q03": 50.0, "q04": 117.0, "q05": 124.0, "q06": 215.0, "q07": 3.0, "q08": 9.0, "q09": 51.0, "q10": 10.0, "q11": 56.0, "q12": 174.0, "q13": 8.0, "q14": 172.0, "q15": 186.0, "q16": 116.0, "q17": 160.0, "q18": 1.0, "q19": 65.0, "q20": 71.0, "q21": 213.0, "q22": 197.0, "q23": 203.0, "q24": 202.0, "q25": 204.0, "q26": 218.0, "q27": 71.0, "q28": 75.0, "q29": 208.0, "q30": 171.0, "q31": 3.0, "q32": 110.0, "q33": 3.0, "q34": 155.0, "q35": 46.0, "q36": 7.0, "q37": 89.0, "q38": 54.0, "q39": 15.0, "q40": 248.0, "q41": 224.0, "q42": 48.0, "q43": 82.0, "q44": 140.0, "q45": 232.0, "q46": 228.0, "q47": 200.0, "q48": 199.0, "q49": 163.0, "q50": 84.0, "q51": 115.0, "q52": 49.0, "q53": 208.0, "q54": 206.0, "q55": 175.0, "q56": 152.0, "q57": 191.0, "q58": 54.0, "q59": 233.0, "q60": 248.0, "q61": 7.0, "q62": 192.0, "q63": 170.0}, "datetime": {"datetime": "2019-11-11 18:46:15", "elapsed": 3.029808, "delta": 0.007558}}
{"target": -0.08201340150230318, "params": {"q00": 14.0, "q01": 2.0, "q02": 36.0, "q03": 147.0, "q04": 83.0, "q05": 107.0, "q06": 58.0, "q07": 155.0, "q08": 18.0, "q09": 27.0, "q10": 10.0, "q11": 185.0, "q12": 234.0, "q13": 57.0, "q14": 101.0, "q15": 212.0, "q16": 26.0, "q17": 16.0, "q18": 149.0, "q19": 69.0, "q20": 113.0, "q21": 217.0, "q22": 135.0, "q23": 220.0, "q24": 236.0, "q25": 186.0, "q26": 148.0, "q27": 35.0, "q28": 48.0, "q29": 209.0, "q30": 211.0, "q31": 120.0, "q32": 138.0, "q33": 68.0, "q34": 54.0, "q35": 237.0, "q36": 204.0, "q37": 84.0, "q38": 23.0, "q39": 11.0, "q40": 59.0, "q41": 121.0, "q42": 41.0, "q43": 22.0, "q44": 175.0, "q45": 191.0, "q46": 6.0, "q47": 37.0, "q48": 234.0, "q49": 15.0, "q50": 143.0, "q51": 235.0, "q52": 60.0, "q53": 192.0, "q54": 141.0, "q55": 185.0, "q56": 57.0, "q57": 243.0, "q58": 187.0, "q59": 176.0, "q60": 235.0, "q61": 15.0, "q62": 5.0, "q63": 67.0}, "datetime": {"datetime": "2019-11-11 18:46:15", "elapsed": 3.037667, "delta": 0.007859}}
{"target": -0.1074981615589925, "params": {"q00": 22.0, "q01": 11.0, "q02": 76.0, "q03": 43.0, "q04": 200.0, "q05": 58.0, "q06": 113.0, "q07": 100.0, "q08": 37.0, "q09": 107.0, "q10": 215.0, "q11": 188.0, "q12": 14.0, "q13": 153.0, "q14": 46.0, "q15": 76.0, "q16": 55.0, "q17": 59.0, "q18": 88.0, "q19": 18.0, "q20": 25.0, "q21": 2.0, "q22": 217.0, "q23": 219.0, "q24": 31.0, "q25": 58.0, "q26": 15.0, "q27": 41.0, "q28": 96.0, "q29": 198.0, "q30": 175.0, "q31": 37.0, "q32": 40.0, "q33": 244.0, "q34": 240.0, "q35": 67.0, "q36": 247.0, "q37": 64.0, "q38": 189.0, "q39": 246.0, "q40": 44.0, "q41": 195.0, "q42": 202.0, "q43": 9.0, "q44": 156.0, "q45": 172.0, "q46": 211.0, "q47": 125.0, "q48": 179.0, "q49": 182.0, "q50": 177.0, "q51": 49.0, "q52": 65.0, "q53": 176.0, "q54": 204.0, "q55": 50.0, "q56": 170.0, "q57": 101.0, "q58": 224.0, "q59": 102.0, "q60": 189.0, "q61": 189.0, "q62": 253.0, "q63": 223.0}, "datetime": {"datetime": "2019-11-11 18:46:15", "elapsed": 3.045524, "delta": 0.007857}}
{"target": -0.08223396248317916, "params": {"q00": 3.0, "q01": 19.0, "q02": 23.0, "q03": 111.0, "q04": 186.0, "q05": 225.0, "q06": 219.0, "q07": 229.0, "q08": 53.0, "q09": 6.0, "q10": 48.0, "q11": 139.0, "q12": 87.0, "q13": 103.0, "q14": 254.0, "q15": 163.0, "q16": 59.0, "q17": 60.0, "q18": 21.0, "q19": 245.0, "q20": 64.0, "q21": 136.0, "q22": 46.0, "q23": 199.0, "q24": 48.0, "q25": 87.0, "q26": 87.0, "q27": 3.0, "q28": 66.0, "q29": 248.0, "q30": 76.0, "q31": 130.0, "q32": 232.0, "q33": 127.0, "q34": 183.0, "q35": 151.0, "q36": 214.0, "q37": 225.0, "q38": 97.0, "q39": 236.0, "q40": 88.0, "q41": 115.0, "q42": 186.0, "q43": 72.0, "q44": 108.0, "q45": 77.0, "q46": 165.0, "q47": 44.0, "q48": 125.0, "q49": 135.0, "q50": 181.0, "q51": 181.0, "q52": 232.0, "q53": 124.0, "q54": 191.0, "q55": 89.0, "q56": 205.0, "q57": 74.0, "q58": 57.0, "q59": 172.0, "q60": 198.0, "q61": 189.0, "q62": 42.0, "q63": 231.0}, "datetime": {"datetime": "2019-11-11 18:46:15", "elapsed": 3.053332, "delta": 0.007808}}
{"target": -0.05851654603019102, "params": {"q00": 28.0, "q01": 33.0, "q02": 77.0, "q03": 227.0, "q04": 186.0, "q05": 236.0, "q06": 59.0, "q07": 60.0, "q08": 34.0, "q09": 82.0, "q10": 48.0, "q11": 7.0, "q12": 253.0, "q13": 209.0, "q14": 101.0, "q15": 107.0, "q16": 36.0, "q17": 148.0, "q18": 24.0, "q19": 128.0, "q20": 102.0, "q21": 245.0, "q22": 129.0, "q23": 222.0, "q24": 112.0, "q25": 82.0, "q26": 88.0, "q27": 216.0, "q28": 239.0, "q29": 48.0, "q30": 193.0, "q31": 14.0, "q32": 217.0, "q33": 64.0, "q34": 125.0, "q35": 171.0, "q36": 192.0, "q37": 191.0, "q38": 76.0, "q39": 177.0, "q40": 198.0, "q41": 52.0, "q42": 233.0, "q43": 212.0, "q44": 170.0, "q45": 180.0, "q46": 232.0, "q47": 146.0, "q48": 128.0, "q49": 115.0, "q50": 182.0, "q51": 54.0, "q52": 182.0, "q53": 180.0, "q54": 130.0, "q55": 225.0, "q56": 199.0, "q57": 228.0, "q58": 183.0, "q59": 192.0, "q60": 160.0, "q61": 114.0, "q62": 168.0, "q63": 126.0}, "datetime": {"datetime": "2019-11-11 18:46:15", "elapsed": 3.060699, "delta": 0.007367}}
{"target": -0.08343194872987525, "params": {"q00": 13.0, "q01": 19.0, "q02": 119.0, "q03": 113.0, "q04": 158.0, "q05": 54.0, "q06": 207.0, "q07": 15.0, "q08": 41.0, "q09": 2.0, "q10": 19.0, "q11": 59.0, "q12": 252.0, "q13": 135.0, "q14": 88.0, "q15": 153.0, "q16": 15.0, "q17": 189.0, "q18": 42.0, "q19": 15.0, "q20": 81.0, "q21": 156.0, "q22": 84.0, "q23": 244.0, "q24": 178.0, "q25": 254.0, "q26": 60.0, "q27": 89.0, "q28": 214.0, "q29": 254.0, "q30": 232.0, "q31": 151.0, "q32": 111.0, "q33": 37.0, "q34": 245.0, "q35": 125.0, "q36": 174.0, "q37": 222.0, "q38": 159.0, "q39": 246.0, "q40": 174.0, "q41": 166.0, "q42": 202.0, "q43": 83.0, "q44": 75.0, "q45": 119.0, "q46": 222.0, "q47": 28.0, "q48": 125.0, "q49": 213.0, "q50": 154.0, "q51": 79.0, "q52": 153.0, "q53": 182.0, "q54": 222.0, "q55": 185.0, "q56": 210.0, "q57": 15.0, "q58": 236.0, "q59": 39.0, "q60": 159.0, "q61": 27.0, "q62": 31.0, "q63": 170.0}, "datetime": {"datetime": "2019-11-11 18:46:15", "elapsed": 3.068093, "delta": 0.007394}}
{"target": -0.07748581959891737, "params": {"q00": 28.0, "q01": 10.0, "q02": 105.0, "q03": 131.0, "q04": 89.0, "q05": 33.0, "q06": 113.0, "q07": 219.0, "q08": 10.0, "q09": 7.0, "q10": 19.0, "q11": 79.0, "q12": 54.0, "q13": 137.0, "q14": 228.0, "q15": 20.0, "q16": 69.0, "q17": 89.0, "q18": 126.0, "q19": 26.0, "q20": 133.0, "q21": 247.0, "q22": 224.0, "q23": 143.0, "q24": 128.0, "q25": 203.0, "q26": 249.0, "q27": 107.0, "q28": 175.0, "q29": 253.0, "q30": 29.0, "q31": 146.0, "q32": 171.0, "q33": 190.0, "q34": 18.0, "q35": 125.0, "q36": 238.0, "q37": 140.0, "q38": 113.0, "q39": 223.0, "q40": 129.0, "q41": 181.0, "q42": 119.0, "q43": 29.0, "q44": 250.0, "q45": 102.0, "q46": 205.0, "q47": 165.0, "q48": 23.0, "q49": 91.0, "q50": 198.0, "q51": 242.0, "q52": 135.0, "q53": 67.0, "q54": 231.0, "q55": 114.0, "q56": 183.0, "q57": 199.0, "q58": 153.0, "q59": 74.0, "q60": 215.0, "q61": 17.0, "q62": 156.0, "q63": 219.0}, "datetime": {"datetime": "2019-11-11 18:46:15", "elapsed": 3.075387, "delta": 0.007294}}
{"target": -0.10445881284967917, "params": {"q00": 5.0, "q01": 27.0, "q02": 157.0, "q03": 124.0, "q04": 214.0, "q05": 219.0, "q06": 224.0, "q07": 92.0, "q08": 35.0, "q09": 3.0, "q10": 13.0, "q11": 21.0, "q12": 27.0, "q13": 167.0, "q14": 236.0, "q15": 169.0, "q16": 19.0, "q17": 15.0, "q18": 29.0, "q19": 192.0, "q20": 94.0, "q21": 209.0, "q22": 239.0, "q23": 101.0, "q24": 188.0, "q25": 116.0, "q26": 217.0, "q27": 70.0, "q28": 218.0, "q29": 200.0, "q30": 180.0, "q31": 33.0, "q32": 2.0, "q33": 2.0, "q34": 63.0, "q35": 37.0, "q36": 231.0, "q37": 89.0, "q38": 64.0, "q39": 25.0, "q40": 94.0, "q41": 59.0, "q42": 43.0, "q43": 253.0, "q44": 141.0, "q45": 72.0, "q46": 130.0, "q47": 105.0, "q48": 198.0, "q49": 8.0, "q50": 176.0, "q51": 92.0, "q52": 167.0, "q53": 250.0, "q54": 249.0, "q55": 126.0, "q56": 224.0, "q57": 189.0, "q58": 220.0, "q59": 164.0, "q60": 179.0, "q61": 149.0, "q62": 152.0, "q63": 232.0}, "datetime": {"datetime": "2019-11-11 18:46:15", "elapsed": 3.082594, "delta": 0.007207}}
{"target": -0.08839735076375244, "params": {"q00": 25.0, "q01": 18.0, "q02": 19.0, "q03": 4.0, "q04": 25.0, "q05": 120.0, "q06": 102.0, "q07": 117.0, "q08": 57.0, "q09": 4.0, "q10": 95.0, "q11": 79.0, "q12": 232.0, "q13": 174.0, "q14": 28.0, "q15": 239.0, "q16": 72.0, "q17": 12.0, "q18": 15.0, "q19": 13.0, "q20": 179.0, "q21": 175.0, "q22": 202.0, "q23": 202.0, "q24": 7.0, "q25": 184.0, "q26": 151.0, "q27": 20.0, "q28": 222.0, "q29": 16.0, "q30": 177.0, "q31": 134.0, "q32": 174.0, "q33": 193.0, "q34": 207.0, "q35": 86.0, "q36": 210.0, "q37": 129.0, "q38": 86.0, "q39": 225.0, "q40": 55.0, "q41": 98.0, "q42": 6.0, "q43": 139.0, "q44": 187.0, "q45": 56.0, "q46": 224.0, "q47": 88.0, "q48": 208.0, "q49": 141.0, "q50": 92.0, "q51": 213.0, "q52": 8.0, "q53": 50.0, "q54": 15.0, "q55": 112.0, "q56": 125.0, "q57": 98.0, "q58": 193.0, "q59": 142.0, "q60": 151.0, "q61": 61.0, "q62": 173.0, "q63": 30.0}, "datetime": {"datetime": "2019-11-11 18:46:15", "elapsed": 3.08987, "delta": 0.007276}}
{"target": -0.1008942411616976, "params": {"q00": 23.0, "q01": 26.0, "q02": 6.0, "q03": 166.0, "q04": 55.0, "q05": 5.0, "q06": 194.0, "q07": 245.0, "q08": 34.0, "q09": 13.0, "q10": 105.0, "q11": 139.0, "q12": 121.0, "q13": 140.0, "q14": 184.0, "q15": 232.0, "q16": 81.0, "q17": 44.0, "q18": 13.0, "q19": 196.0, "q20": 111.0, "q21": 226.0, "q22": 195.0, "q23": 66.0, "q24": 46.0, "q25": 133.0, "q26": 248.0, "q27": 113.0, "q28": 193.0, "q29": 214.0, "q30": 183.0, "q31": 56.0, "q32": 207.0, "q33": 107.0, "q34": 247.0, "q35": 142.0, "q36": 111.0, "q37": 234.0, "q38": 16.0, "q39": 113.0, "q40": 76.0, "q41": 11.0, "q42": 95.0, "q43": 10.0, "q44": 21.0, "q45": 171.0, "q46": 141.0, "q47": 212.0, "q48": 13.0, "q49": 121.0, "q50": 98.0, "q51": 161.0, "q52": 202.0, "q53": 115.0, "q54": 25.0, "q55": 215.0, "q56": 60.0, "q57": 31.0, "q58": 106.0, "q59": 57.0, "q60": 187.0, "q61": 48.0, "q62": 142.0, "q63": 195.0}, "datetime": {"datetime": "2019-11-11 18:46:15", "elapsed": 3.097426, "delta": 0.007556}}
{"target": -0.13158936725359816, "params": {"q00": 20.0, "q01": 78.0, "q02": 9.0, "q03": 126.0, "q04": 19.0, "q05": 195.0, "q06": 54.0, "q07": 20.0, "q08": 12.0, "q09": 19.0, "q10": 4.0, "q11": 179.0, "q12": 108.0, "q13": 247.0, "q14": 162.0, "q15": 145.0, "q16": 139.0, "q17": 10.0, "q18": 164.0, "q19": 51.0, "q20": 125.0, "q21": 44.0, "q22": 124.0, "q23": 210.0, "q24": 161.0, "q25": 198.0, "q26": 21.0, "q27": 169.0, "q28": 246.0, "q29": 169.0, "q30": 1.0, "q31": 57.0, "q32": 221.0, "q33": 60.0, "q34": 114.0, "q35": 121.0, "q36": 130.0, "q37": 113.0, "q38": 18.0, "q39": 44.0, "q40": 170.0, "q41": 254.0, "q42": 38.0, "q43": 53.0, "q44": 44.0, "q45": 15.0, "q46": 14.0, "q47": 7.0, "q48": 110.0, "q49": 41.0, "q50": 42.0, "q51": 237.0, "q52": 76.0, "q53": 82.0, "q54": 211.0, "q55": 9.0, "q56": 197.0, "q57": 123.0, "q58": 35.0, "q59": 51.0, "q60": 23.0, "q61": 35.0, "q62": 234.0, "q63": 180.0}, "datetime": {"datetime": "2019-11-11 18:46:15", "elapsed": 3.105332, "delta": 0.007906}}
{"target": -0.0976562134194483, "params": {"q00": 11.0, "q01": 9.0, "q02": 148.0, "q03": 20.0, "q04": 6.0, "q05": 18.0, "q06": 82.0, "q07": 87.0, "q08": 3.0, "q09": 99.0, "q10": 126.0, "q11": 27.0, "q12": 61.0, "q13": 123.0, "q14": 66.0, "q15": 79.0, "q16": 20.0, "q17": 21.0, "q18": 16.0, "q19": 163.0, "q20": 53.0, "q21": 38.0, "q22": 99.0, "q23": 247.0, "q24": 92.0, "q25": 139.0, "q26": 134.0, "q27": 22.0, "q28": 120.0, "q29": 4.0, "q30": 204.0, "q31": 16.0, "q32": 140.0, "q33": 97.0, "q34": 8.0, "q35": 214.0, "q36": 111.0, "q37": 216.0, "q38": 125.0, "q39": 144.0, "q40": 91.0, "q41": 165.0, "q42": 149.0, "q43": 149.0, "q44": 234.0, "q45": 22.0, "q46": 87.0, "q47": 7.0, "q48": 186.0, "q49": 146.0, "q50": 71.0, "q51": 58.0, "q52": 92.0, "q53": 219.0, "q54": 205.0, "q55": 204.0, "q56": 44.0, "q57": 210.0, "q58": 251.0, "q59": 188.0, "q60": 198.0, "q61": 203.0, "q62": 180.0, "q63": 254.0}, "datetime": {"datetime": "2019-11-11 18:46:15", "elapsed": 3.113092, "delta": 0.00776}}
{"target": -0.08823892667249938, "params": {"q00": 26.0, "q01": 3.0, "q02": 92.0, "q03": 117.0, "q04": 212.0, "q05": 7.0, "q06": 123.0, "q07": 171.0, "q08": 5.0, "q09": 60.0, "q10": 45.0, "q11": 45.0, "q12": 254.0, "q13": 77.0, "q14": 145.0, "q15": 80.0, "q16": 28.0, "q17": 7.0, "q18": 20.0, "q19": 238.0, "q20": 49.0, "q21": 95.0, "q22": 242.0, "q23": 245.0, "q24": 252.0, "q25": 172.0, "q26": 23.0, "q27": 203.0, "q28": 87.0, "q29": 171.0, "q30": 15.0, "q31": 49.0, "q32": 88.0, "q33": 107.0, "q34": 158.0, "q35": 174.0, "q36": 162.0, "q37": 207.0, "q38": 33.0, "q39": 151.0, "q40": 38.0, "q41": 7.0, "q42": 116.0, "q43": 79.0, "q44": 97.0, "q45": 218.0, "q46": 173.0, "q47": 234.0, "q48": 117.0, "q49": 179.0, "q50": 246.0, "q51": 119.0, "q52": 80.0, "q53": 253.0, "q54": 70.0, "q55": 62.0, "q56": 102.0, "q57": 188.0, "q58": 135.0, "q59": 70.0, "q60": 226.0, "q61": 150.0, "q62": 249.0, "q63": 195.0}, "datetime": {"datetime": "2019-11-11 18:46:15", "elapsed": 3.12094, "delta": 0.007848}}
{"target": -0.1217143297094469, "params": {"q00": 11.0, "q01": 7.0, "q02": 211.0, "q03": 204.0, "q04": 221.0, "q05": 134.0, "q06": 27.0, "q07": 2.0, "q08": 23.0, "q09": 37.0, "q10": 56.0, "q11": 200.0, "q12": 127.0, "q13": 162.0, "q14": 106.0, "q15": 211.0, "q16": 12.0, "q17": 48.0, "q18": 47.0, "q19": 161.0, "q20": 142.0, "q21": 121.0, "q22": 234.0, "q23": 213.0, "q24": 138.0, "q25": 111.0, "q26": 29.0, "q27": 181.0, "q28": 209.0, "q29": 214.0, "q30": 61.0, "q31": 57.0, "q32": 204.0, "q33": 19.0, "q34": 46.0, "q35": 76.0, "q36": 229.0, "q37": 135.0, "q38": 88.0, "q39": 227.0, "q40": 176.0, "q41": 69.0, "q42": 130.0, "q43": 2.0, "q44": 131.0, "q45": 50.0, "q46": 94.0, "q47": 9.0, "q48": 38.0, "q49": 230.0, "q50": 125.0, "q51": 232.0, "q52": 236.0, "q53": 64.0, "q54": 120.0, "q55": 69.0, "q56": 138.0, "q57": 169.0, "q58": 117.0, "q59": 118.0, "q60": 60.0, "q61": 254.0, "q62": 39.0, "q63": 91.0}, "datetime": {"datetime": "2019-11-11 18:46:15", "elapsed": 3.128701, "delta": 0.007761}}
{"target": -0.10220078466222376, "params": {"q00": 46.0, "q01": 5.0, "q02": 83.0, "q03": 184.0, "q04": 91.0, "q05": 95.0, "q06": 90.0, "q07": 210.0, "q08": 16.0, "q09": 25.0, "q10": 143.0, "q11": 81.0, "q12": 12.0, "q13": 27.0, "q14": 102.0, "q15": 72.0, "q16": 32.0, "q17": 86.0, "q18": 24.0, "q19": 60.0, "q20": 1.0, "q21": 56.0, "q22": 74.0, "q23": 245.0, "q24": 51.0, "q25": 73.0, "q26": 187.0, "q27": 27.0, "q28": 141.0, "q29": 217.0, "q30": 135.0, "q31": 142.0, "q32": 174.0, "q33": 48.0, "q34": 74.0, "q35": 70.0, "q36": 22.0, "q37": 88.0, "q38": 162.0, "q39": 60.0, "q40": 78.0, "q41": 14.0, "q42": 193.0, "q43": 131.0, "q44": 48.0, "q45": 7.0, "q46": 207.0, "q47": 32.0, "q48": 138.0, "q49": 23.0, "q50": 139.0, "q51": 152.0, "q52": 89.0, "q53": 205.0, "q54": 70.0, "q55": 205.0, "q56": 22.0, "q57": 15.0, "q58": 122.0, "q59": 188.0, "q60": 82.0, "q61": 210.0, "q62": 53.0, "q63": 246.0}, "datetime": {"datetime": "2019-11-11 18:46:15", "elapsed": 3.135997, "delta": 0.007296}}
{"target": -0.11196170920059878, "params": {"q00": 5.0, "q01": 16.0, "q02": 114.0, "q03": 212.0, "q04": 36.0, "q05": 54.0, "q06": 84.0, "q07": 197.0, "q08": 45.0, "q09": 16.0, "q10": 44.0, "q11": 159.0, "q12": 246.0, "q13": 93.0, "q14": 51.0, "q15": 170.0, "q16": 8.0, "q17": 23.0, "q18": 29.0, "q19": 218.0, "q20": 199.0, "q21": 45.0, "q22": 75.0, "q23": 162.0, "q24": 160.0, "q25": 123.0, "q26": 102.0, "q27": 76.0, "q28": 212.0, "q29": 195.0, "q30": 212.0, "q31": 55.0, "q32": 139.0, "q33": 145.0, "q34": 113.0, "q35": 158.0, "q36": 163.0, "q37": 2.0, "q38": 162.0, "q39": 178.0, "q40": 169.0, "q41": 24.0, "q42": 165.0, "q43": 232.0, "q44": 252.0, "q45": 8.0, "q46": 150.0, "q47": 20.0, "q48": 56.0, "q49": 228.0, "q50": 223.0, "q51": 156.0, "q52": 150.0, "q53": 123.0, "q54": 208.0, "q55": 105.0, "q56": 111.0, "q57": 177.0, "q58": 213.0, "q59": 80.0, "q60": 222.0, "q61": 132.0, "q62": 247.0, "q63": 241.0}, "datetime": {"datetime": "2019-11-11 18:46:15", "elapsed": 3.143308, "delta": 0.007311}}
{"target": -0.09555658942091244, "params": {"q00": 42.0, "q01": 6.0, "q02": 29.0, "q03": 202.0, "q04": 2.0, "q05": 151.0, "q06": 86.0, "q07": 9.0, "q08": 44.0, "q09": 99.0, "q10": 37.0, "q11": 75.0, "q12": 219.0, "q13": 217.0, "q14": 21.0, "q15": 66.0, "q16": 51.0, "q17": 17.0, "q18": 74.0, "q19": 150.0, "q20": 17.0, "q21": 139.0, "q22": 200.0, "q23": 100.0, "q24": 69.0, "q25": 81.0, "q26": 30.0, "q27": 124.0, "q28": 145.0, "q29": 63.0, "q30": 157.0, "q31": 173.0, "q32": 70.0, "q33": 94.0, "q34": 16.0, "q35": 9.0, "q36": 99.0, "q37": 51.0, "q38": 35.0, "q39": 152.0, "q40": 223.0, "q41": 65.0, "q42": 50.0, "q43": 14.0, "q44": 21.0, "q45": 177.0, "q46": 83.0, "q47": 70.0, "q48": 196.0, "q49": 16.0, "q50": 29.0, "q51": 121.0, "q52": 85.0, "q53": 63.0, "q54": 45.0, "q55": 128.0, "q56": 245.0, "q57": 101.0, "q58": 172.0, "q59": 108.0, "q60": 98.0, "q61": 190.0, "q62": 69.0, "q63": 13.0}, "datetime": {"datetime": "2019-11-11 18:46:15", "elapsed": 3.150599, "delta": 0.007291}}
