{"target": -0.09268799179259285, "params": {"q00": 2.0, "q01": 4.0, "q02": 72.0, "q03": 206.0, "q04": 212.0, "q05": 68.0, "q06": 39.0, "q07": 131.0, "q08": 54.0, "q09": 30.0, "q10": 42.0, "q11": 123.0, "q12": 251.0, "q13": 54.0, "q14": 254.0, "q15": 166.0, "q16": 7.0, "q17": 94.0, "q18": 235.0, "q19": 132.0, "q20": 58.0, "q21": 227.0, "q22": 98.0, "q23": 253.0, "q24": 189.0, "q25": 27.0, "q26": 26.0, "q27": 14.0, "q28": 104.0, "q29": 99.0, "q30": 87.0, "q31": 134.0, "q32": 230.0, "q33": 107.0, "q34": 115.0, "q35": 74.0, "q36": 57.0, "q37": 67.0, "q38": 194.0, "q39": 141.0, "q40": 149.0, "q41": 65.0, "q42": 221.0, "q43": 216.0, "q44": 184.0, "q45": 116.0, "q46": 251.0, "q47": 68.0, "q48": 161.0, "q49": 182.0, "q50": 62.0, "q51": 240.0, "q52": 117.0, "q53": 57.0, "q54": 179.0, "q55": 150.0, "q56": 239.0, "q57": 165.0, "q58": 213.0, "q59": 252.0, "q60": 50.0, "q61": 221.0, "q62": 177.0, "q63": 133.0}, "datetime": {"datetime": "2019-11-11 18:46:14", "elapsed": 2.372147, "delta": 0.006584}}
{"target": -0.09421976769591989, "params": {"q00": 2.0, "q01": 4.0, "q02": 28.0, "q03": 111.0, "q04": 54.0, "q05": 22.0, "q06": 122.0, "q07": 104.0, "q08": 40.0, "q09": 99.0, "q10": 77.0, "q11": 116.0, "q12": 189.0, "q13": 199.0, "q14": 24.0, "q15": 134.0, "q16": 129.0, "q17": 80.0, "q18": 10.0, "q19": 105.0, "q20": 94.0, "q21": 25.0, "q22": 121.0, "q23": 169.0, "q24": 45.0, "q25": 98.0, "q26": 23.0, "q27": 190.0, "q28": 175.0, "q29": 152.0, "q30": 233.0, "q31": 172.0, "q32": 241.0, "q33": 239.0, "q34": 220.0, "q35": 243.0, "q36": 194.0, "q37": 138.0, "q38": 117.0, "q39": 202.0, "q40": 72.0, "q41": 105.0, "q42": 53.0, "q43": 235.0, "q44": 203.0, "q45": 65.0, "q46": 225.0, "q47": 192.0, "q48": 55.0, "q49": 190.0, "q50": 176.0, "q51": 162.0, "q52": 222.0, "q53": 201.0, "q54": 118.0, "q55": 77.0, "q56": 36.0, "q57": 51.0, "q58": 117.0, "q59": 46.0, "q60": 250.0, "q61": 31.0, "q62": 252.0, "q63": 192.0}, "datetime": {"datetime": "2019-11-11 18:46:14", "elapsed": 2.378497, "delta": 0.00635}}
{"target": -0.15039412477863767, "params": {"q00": 8.0, "q01": 40.0, "q02": 197.0, "q03": 201.0, "q04": 8.0, "q05": 90.0, "q06": 203.0, "q07": 158.0, "q08": 111.0, "q09": 21.0, "q10": 87.0, "q11": 110.0, "q12": 100.0, "q13": 19.0, "q14": 158.0, "q15": 14.0, "q16": 1.0, "q17": 99.0, "q18": 17.0, "q19": 122.0, "q20": 38.0, "q21": 94.0, "q22": 159.0, "q23": 224.0, "q24": 47.0, "q25": 23.0, "q26": 184.0, "q27": 32.0, "q28": 108.0, "q29": 118.0, "q30": 141.0, "q31": 122.0, "q32": 33.0, "q33": 4.0, "q34": 137.0, "q35": 99.0, "q36": 86.0, "q37": 60.0, "q38": 23.0, "q39": 77.0, "q40": 182.0, "q41": 64.0, "q42": 225.0, "q43": 15.0, "q44": 73.0, "q45": 174.0, "q46": 1.0, "q47": 90.0, "q48": 124.0, "q49": 14.0, "q50": 224.0, "q51": 12.0, "q52": 14.0, "q53": 155.0, "q54": 166.0, "q55": 220.0, "q56": 73.0, "q57": 4.0, "q58": 16.0, "q59": 200.0, "q60": 52.0, "q61": 250.0, "q62": 3.0, "q63": 75.0}, "datetime": {"datetime": "2019-11-11 18:46:14", "elapsed": 2.384799, "delta": 0.006302}}
{"target": -0.0950923813391768, "params": {"q00": 22.0, "q01": 43.0, "q02": 39.0, "q03": 25.0, "q04": 18.0, "q05": 214.0, "q06": 61.0, "q07": 205.0, "q08": 39.0, "q09": 54.0, "q10": 52.0, "q11": 58.0, "q12": 191.0, "q13": 80.0, "q14": 8.0, "q15": 203.0, "q16": 105.0, "q17": 212.0, "q18": 18.0, "q19": 50.0, "q20": 206.0, "q21": 182.0, "q22": 49.0, "q23": 235.0, "q24": 7.0, "q25": 170.0, "q26": 246.0, "q27": 9.0, "q28": 247.0, "q29": 197.0, "q30": 42.0, "q31": 187.0, "q32": 121.0, "q33": 13.0, "q34": 195.0, "q35": 201.0, "q36": 23.0, "q37": 139.0, "q38": 236.0, "q39": 193.0, "q40": 7.0, "q41": 23.0, "q42": 217.0, "q43": 221.0, "q44": 194.0, "q45": 54.0, "q46": 238.0, "q47": 232.0, "q48": 216.0, "q49": 134.0, "q50": 209.0, "q51": 101.0, "q52": 217.0, "q53": 91.0, "q54": 189.0, "q55": 162.0, "q56": 85.0, "q57": 78.0, "q58": 92.0, "q59": 71.0, "q60": 247.0, "q61": 77.0, "q62": 150.0, "q63": 247.0}, "datetime": {"datetime": "2019-11-11 18:46:14", "elapsed": 2.391262, "delta": 0.006463}}
{"target": -0.13050737929036887, "params": {"q00": 37.0, "q01": 63.0, "q02": 44.0, "q03": 54.0, "q04": 204.0, "q05": 63.0, "q06": 56.0, "q07": 136.0, "q08": 8.0, "q09": 3.0, "q10": 91.0, "q11": 143.0, "q12": 233.0, "q13": 178.0, "q14": 36.0, "q15": 188.0, "q16": 129.0, "q17": 115.0, "q18": 43.0, "q19": 66.0, "q20": 170.0, "q21": 191.0, "q22": 218.0, "q23": 239.0, "q24": 254.0, "q25": 181.0, "q26": 63.0, "q27": 129.0, "q28": 205.0, "q29": 183.0, "q30": 236.0, "q31": 8.0, "q32": 174.0, "q33": 115.0, "q34": 186.0, "q35": 237.0, "q36": 15.0, "q37": 13.0, "q38": 8.0, "q39": 245.0, "q40": 196.0, "q41": 172.0, "q42": 66.0, "q43": 10.0, "q44": 211.0, "q45": 23.0, "q46": 149.0, "q47": 67.0, "q48": 88.0, "q49": 223.0, "q50": 101.0, "q51": 56.0, "q52": 30.0, "q53": 34.0, "q54": 16.0, "q55": 59.0, "q56": 41.0, "q57": 131.0, "q58": 32.0, "q59": 120.0, "q60": 114.0, "q61": 7.0, "q62": 138.0, "q63": 116.0}, "datetime": {"datetime": "2019-11-11 18:46:14", "elapsed": 2.397619, "delta": 0.006357}}
{"target": -0.11532778276004924, "params": {"q00": 16.0, "q01": 16.0, "q02": 102.0, "q03": 139.0, "q04": 193.0, "q05": 89.0, "q06": 248.0, "q07": 63.0, "q08": 47.0, "q09": 4.0, "q10": 179.0, "q11": 41.0, "q12": 40.0, "q13": 146.0, "q14": 115.0, "q15": 189.0, "q16": 151.0, "q17": 5.0, "q18": 12.0, "q19": 248.0, "q20": 34.0, "q21": 217.0, "q22": 179.0, "q23": 179.0, "q24": 31.0, "q25": 34.0, "q26": 22.0, "q27": 109.0, "q28": 160.0, "q29": 146.0, "q30": 240.0, "q31": 91.0, "q32": 45.0, "q33": 159.0, "q34": 22.0, "q35": 190.0, "q36": 191.0, "q37": 136.0, "q38": 17.0, "q39": 53.0, "q40": 96.0, "q41": 138.0, "q42": 69.0, "q43": 183.0, "q44": 189.0, "q45": 237.0, "q46": 134.0, "q47": 132.0, "q48": 69.0, "q49": 2.0, "q50": 216.0, "q51": 41.0, "q52": 92.0, "q53": 8.0, "q54": 38.0, "q55": 90.0, "q56": 100.0, "q57": 83.0, "q58": 9.0, "q59": 185.0, "q60": 40.0, "q61": 213.0, "q62": 159.0, "q63": 20.0}, "datetime": {"datetime": "2019-11-11 18:46:14", "elapsed": 2.404015, "delta": 0.006396}}
{"target": -0.12266237338381092, "params": {"q00": 19.0, "q01": 7.0, "q02": 47.0, "q03": 10.0, "q04": 163.0, "q05": 132.0, "q06": 112.0, "q07": 175.0, "q08": 38.0, "q09": 77.0, "q10": 68.0, "q11": 150.0, "q12": 131.0, "q13": 161.0, "q14": 28.0, "q15": 2.0, "q16": 67.0, "q17": 113.0, "q18": 113.0, "q19": 69.0, "q20": 233.0, "q21": 120.0, "q22": 100.0, "q23": 243.0, "q24": 69.0, "q25": 107.0, "q26": 241.0, "q27": 151.0, "q28": 253.0, "q29": 115.0, "q30": 219.0, "q31": 129.0, "q32": 173.0, "q33": 117.0, "q34": 220.0, "q35": 28.0, "q36": 214.0, "q37": 229.0, "q38": 88.0, "q39": 93.0, "q40": 219.0, "q41": 204.0, "q42": 114.0, "q43": 180.0, "q44": 79.0, "q45": 221.0, "q46": 191.0, "q47": 165.0, "q48": 179.0, "q49": 224.0, "q50": 112.0, "q51": 207.0, "q52": 246.0, "q53": 237.0, "q54": 232.0, "q55": 214.0, "q56": 181.0, "q57": 186.0, "q58": 160.0, "q59": 123.0, "q60": 246.0, "q61": 200.0, "q62": 131.0, "q63": 245.0}, "datetime": {"datetime": "2019-11-11 18:46:14", "elapsed": 2.410669, "delta": 0.006654}}
{"target": -0.09914587556461019, "params": {"q00": 8.0, "q01": 19.0, "q02": 38.0, "q03": 254.0, "q04": 143.0, "q05": 21.0, "q06": 25.0, "q07": 11.0, "q08": 55.0, "q09": 5.0, "q10": 80.0, "q11": 223.0, "q12": 71.0, "q13": 183.0, "q14": 191.0, "q15": 90.0, "q16": 27.0, "q17": 51.0, "q18": 1.0, "q19": 53.0, "q20": 12.0, "q21": 18.0, "q22": 55.0, "q23": 97.0, "q24": 159.0, "q25": 227.0, "q26": 72.0, "q27": 5.0, "q28": 110.0, "q29": 229.0, "q30": 166.0, "q31": 172.0, "q32": 197.0, "q33": 26.0, "q34": 106.0, "q35": 106.0, "q36": 43.0, "q37": 39.0, "q38": 113.0, "q39": 11.0, "q40": 65.0, "q41": 97.0, "q42": 72.0, "q43": 11.0, "q44": 35.0, "q45": 12.0, "q46": 225.0, "q47": 144.0, "q48": 100.0, "q49": 227.0, "q50": 89.0, "q51": 26.0, "q52": 192.0, "q53": 12.0, "q54": 120.0, "q55": 102.0, "q56": 28.0, "q57": 172.0, "q58": 97.0, "q59": 62.0, "q60": 5.0, "q61": 12.0, "q62": 156.0, "q63": 88.0}, "datetime": {"datetime": "2019-11-11 18:46:14", "elapsed": 2.417615, "delta": 0.006946}}
{"target": -0.11427088386652423, "params": {"q00": 51.0, "q01": 54.0, "q02": 6.0, "q03": 115.0, "q04": 193.0, "q05": 254.0, "q06": 123.0, "q07": 6.0, "q08": 56.0, "q09": 9.0, "q10": 51.0, "q11": 41.0, "q12": 210.0, "q13": 174.0, "q14": 76.0, "q15": 67.0, "q16": 7.0, "q17": 108.0, "q18": 56.0, "q19": 11.0, "q20": 33.0, "q21": 208.0, "q22": 215.0, "q23": 203.0, "q24": 232.0, "q25": 50.0, "q26": 246.0, "q27": 146.0, "q28": 148.0, "q29": 250.0, "q30": 133.0, "q31": 106.0, "q32": 218.0, "q33": 231.0, "q34": 3.0, "q35": 48.0, "q36": 164.0, "q37": 17.0, "q38": 141.0, "q39": 161.0, "q40": 181.0, "q41": 230.0, "q42": 149.0, "q43": 115.0, "q44": 250.0, "q45": 67.0, "q46": 22.0, "q47": 181.0, "q48": 142.0, "q49": 67.0, "q50": 138.0, "q51": 113.0, "q52": 15.0, "q53": 66.0, "q54": 224.0, "q55": 18.0, "q56": 213.0, "q57": 55.0, "q58": 200.0, "q59": 60.0, "q60": 48.0, "q61": 224.0, "q62": 119.0, "q63": 205.0}, "datetime": {"datetime": "2019-11-11 18:46:14", "elapsed": 2.424403, "delta": 0.006788}}
{"target": -0.0857306500279651, "params": {"q00": 54.0, "q01": 15.0, "q02": 37.0, "q03": 211.0, "q04": 188.0, "q05": 5.0, "q06": 208.0, "q07": 200.0, "q08": 11.0, "q09": 65.0, "q10": 189.0, "q11": 77.0, "q12": 28.0, "q13": 45.0, "q14": 115.0, "q15": 201.0, "q16": 28.0, "q17": 26.0, "q18": 21.0, "q19": 198.0, "q20": 36.0, "q21": 77.0, "q22": 91.0, "q23": 139.0, "q24": 108.0, "q25": 13.0, "q26": 77.0, "q27": 10.0, "q28": 157.0, "q29": 73.0, "q30": 11.0, "q31": 138.0, "q32": 56.0, "q33": 165.0, "q34": 35.0, "q35": 188.0, "q36": 89.0, "q37": 97.0, "q38": 11.0, "q39": 117.0, "q40": 51.0, "q41": 82.0, "q42": 40.0, "q43": 32.0, "q44": 205.0, "q45": 85.0, "q46": 91.0, "q47": 73.0, "q48": 201.0, "q49": 12.0, "q50": 12.0, "q51": 28.0, "q52": 169.0, "q53": 105.0, "q54": 173.0, "q55": 71.0, "q56": 114.0, "q57": 63.0, "q58": 246.0, "q59": 18.0, "q60": 239.0, "q61": 127.0, "q62": 155.0, "q63": 226.0}, "datetime": {"datetime": "2019-11-11 18:46:14", "elapsed": 2.431108, "delta": 0.006705}}
{"target": -0.12595359688967755, "params": {"q00": 3.0, "q01": 87.0, "q02": 30.0, "q03": 102.0, "q04": 13.0, "q05": 198.0, "q06": 32.0, "q07": 26.0, "q08": 50.0, "q09": 16.0, "q10": 11.0, "q11": 202.0, "q12": 16.0, "q13": 79.0, "q14": 68.0, "q15": 34.0, "q16": 1.0, "q17": 159.0, "q18": 20.0, "q19": 9.0, "q20": 69.0, "q21": 51.0, "q22": 81.0, "q23": 202.0, "q24": 205.0, "q25": 84.0, "q26": 101.0, "q27": 138.0, "q28": 242.0, "q29": 174.0, "q30": 241.0, "q31": 214.0, "q32": 70.0, "q33": 127.0, "q34": 2.0, "q35": 246.0, "q36": 62.0, "q37": 163.0, "q38": 78.0, "q39": 3.0, "q40": 108.0, "q41": 63.0, "q42": 221.0, "q43": 142.0, "q44": 49.0, "q45": 44.0, "q46": 197.0, "q47": 131.0, "q48": 40.0, "q49": 153.0, "q50": 40.0, "q51": 154.0, "q52": 198.0, "q53": 20.0, "q54": 75.0, "q55": 39.0, "q56": 149.0, "q57": 55.0, "q58": 122.0, "q59": 100.0, "q60": 159.0, "q61": 37.0, "q62": 246.0, "q63": 74.0}, "datetime": {"datetime": "2019-11-11 18:46:14", "elapsed": 2.43786, "delta": 0.006752}}
{"target": -0.09272291302781577, "params": {"q00": 63.0, "q01": 12.0, "q02": 35.0, "q03": 74.0, "q04": 173.0, "q05": 198.0, "q06": 224.0, "q07": 27.0, "q08": 1.0, "q09": 12.0, "q10": 15.0, "q11": 8.0, "q12": 217.0, "q13": 26.0, "q14": 166.0, "q15": 204.0, "q16": 59.0, "q17": 4.0, "q18": 83.0, "q19": 236.0, "q20": 9.0, "q21": 30.0, "q22": 49.0, "q23": 11.0, "q24": 230.0, "q25": 74.0, "q26": 35.0, "q27": 222.0, "q28": 160.0, "q29": 253.0, "q30": 165.0, "q31": 66.0, "q32": 172.0, "q33": 209.0, "q34": 108.0, "q35": 110.0, "q36": 237.0, "q37": 72.0, "q38": 202.0, "q39": 24.0, "q40": 121.0, "q41": 192.0, "q42": 73.0, "q43": 230.0, "q44": 20.0, "q45": 94.0, "q46": 241.0, "q47": 205.0, "q48": 106.0, "q49": 62.0, "q50": 165.0, "q51": 66.0, "q52": 47.0, "q53": 191.0, "q54": 227.0, "q55": 146.0, "q56": 224.0, "q57": 187.0, "q58": 201.0, "q59": 131.0, "q60": 127.0, "q61": 237.0, "q62": 139.0, "q63": 117.0}, "datetime": {"datetime": "2019-11-11 18:46:14", "elapsed": 2.444397, "delta": 0.006537}}
{"target": -0.0920373673669494, "params": {"q00": 27.0, "q01": 21.0, "q02": 58.0, "q03": 40.0, "q04": 39.0, "q05": 12.0, "q06": 176.0, "q07": 242.0, "q08": 6.0, "q09": 23.0, "q10": 107.0, "q11": 18.0, "q12": 103.0, "q13": 53.0, "q14": 85.0, "q15": 169.0, "q16": 104.0, "q17": 14.0, "q18": 228.0, "q19": 74.0, "q20": 129.0, "q21": 183.0, "q22": 213.0, "q23": 220.0, "q24": 118.0, "q25": 62.0, "q26": 45.0, "q27": 243.0, "q28": 156.0, "q29": 60.0, "q30": 107.0, "q31": 38.0, "q32": 57.0, "q33": 236.0, "q34": 65.0, "q35": 181.0, "q36": 196.0, "q37": 217.0, "q38": 20.0, "q39": 184.0, "q40": 92.0, "q41": 31.0, "q42": 107.0, "q43": 110.0, "q44": 92.0, "q45": 123.0, "q46": 205.0, "q47": 184.0, "q48": 234.0, "q49": 48.0, "q50": 227.0, "q51": 122.0, "q52": 133.0, "q53": 109.0, "q54": 20.0, "q55": 45.0, "q56": 167.0, "q57": 166.0, "q58": 145.0, "q59": 140.0, "q60": 192.0, "q61": 5.0, "q62": 137.0, "q63": 217.0}, "datetime": {"datetime": "2019-11-11 18:46:14", "elapsed": 2.450697, "delta": 0.0063}}
{"target": -0.11053462694295169, "params": {"q00": 16.0, "q01": 22.0, "q02": 97.0, "q03": 17.0, "q04": 9.0, "q05": 215.0, "q06": 155.0, "q07": 206.0, "q08": 61.0, "q09": 54.0, "q10": 12.0, "q11": 125.0, "q12": 90.0, "q13": 142.0, "q14": 84.0, "q15": 217.0, "q16": 7.0, "q17": 33.0, "q18": 171.0, "q19": 94.0, "q20": 131.0, "q21": 227.0, "q22": 93.0, "q23": 69.0, "q24": 42.0, "q25": 223.0, "q26": 73.0, "q27": 3.0, "q28": 236.0, "q29": 1.0, "q30": 51.0, "q31": 91.0, "q32": 163.0, "q33": 233.0, "q34": 139.0, "q35": 5.0, "q36": 10.0, "q37": 27.0, "q38": 40.0, "q39": 169.0, "q40": 227.0, "q41": 39.0, "q42": 105.0, "q43": 20.0, "q44": 218.0, "q45": 161.0, "q46": 61.0, "q47": 163.0, "q48": 91.0, "q49": 62.0, "q50": 36.0, "q51": 192.0, "q52": 55.0, "q53": 39.0, "q54": 9.0, "q55": 122.0, "q56": 169.0, "q57": 65.0, "q58": 53.0, "q59": 76.0, "q60": 16.0, "q61": 4.0, "q62": 70.0, "q63": 108.0}, "datetime": {"datetime": "2019-11-11 18:46:14", "elapsed": 2.457128, "delta": 0.006431}}
{"target": -0.11715665076067572, "params": {"q00": 55.0, "q01": 18.0, "q02": 60.0, "q03": 137.0, "q04": 248.0, "q05": 155.0, "q06": 65.0, "q07": 101.0, "q08": 11.0, "q09": 7.0, "q10": 7.0, "q11": 98.0, "q12": 230.0, "q13": 78.0, "q14": 233.0, "q15": 145.0, "q16": 45.0, "q17": 36.0, "q18": 23.0, "q19": 57.0, "q20": 192.0, "q21": 121.0, "q22": 128.0, "q23": 161.0, "q24": 187.0, "q25": 77.0, "q26": 75.0, "q27": 13.0, "q28": 211.0, "q29": 181.0, "q30": 1.0, "q31": 42.0, "q32": 208.0, "q33": 129.0, "q34": 23.0, "q35": 110.0, "q36": 71.0, "q37": 200.0, "q38": 210.0, "q39": 129.0, "q40": 224.0, "q41": 30.0, "q42": 144.0, "q43": 68.0, "q44": 58.0, "q45": 202.0, "q46": 4.0, "q47": 170.0, "q48": 240.0, "q49": 23.0, "q50": 214.0, "q51": 138.0, "q52": 202.0, "q53": 212.0, "q54": 62.0, "q55": 154.0, "q56": 1.0, "q57": 151.0, "q58": 234.0, "q59": 18.0, "q60": 194.0, "q61": 138.0, "q62": 153.0, "q63": 195.0}, "datetime": {"datetime": "2019-11-11 18:46:14", "elapsed": 2.4636, "delta": 0.006472}}
{"target": -0.11167683922770039, "params": {"q00": 3.0, "q01": 25.0, "q02": 29.0, "q03": 41.0, "q04": 33.0, "q05": 191.0, "q06": 187.0, "q07": 142.0, "q08": 17.0, "q09": 30.0, "q10": 61.0, "q11": 137.0, "q12": 141.0, "q13": 236.0, "q14": 131.0, "q15": 197.0, "q16": 142.0, "q17": 47.0, "q18": 156.0, "q19": 194.0, "q20": 103.0, "q21": 196.0, "q22": 109.0, "q23": 225.0, "q24": 155.0, "q25": 38.0, "q26": 139.0, "q27": 110.0, "q28": 250.0, "q29": 163.0, "q30": 192.0, "q31": 172.0, "q32": 150.0, "q33": 221.0, "q34": 121.0, "q35": 138.0, "q36": 51.0, "q37": 108.0, "q38": 123.0, "q39": 95.0, "q40": 103.0, "q41": 124.0, "q42": 176.0, "q43": 186.0, "q44": 230.0, "q45": 242.0, "q46": 169.0, "q47": 3.0, "q48": 229.0, "q49": 223.0, "q50": 205.0, "q51": 192.0, "q52": 212.0, "q53": 161.0, "q54": 246.0, "q55": 174.0, "q56": 232.0, "q57": 231.0, "q58": 26.0, "q59": 11.0, "q60": 84.0, "q61": 235.0, "q62": 98.0, "q63": 3.0}, "datetime": {"datetime": "2019-11-11 18:46:14", "elapsed": 2.470326, "delta": 0.006726}}
{"target": -0.10295085968437212, "params": {"q00": 60.0, "q01": 5.0, "q02": 39.0, "q03": 95.0, "q04": 83.0, "q05": 231.0, "q06": 233.0, "q07": 109.0, "q08": 7.0, "q09": 13.0, "q10": 114.0, "q11": 212.0, "q12": 41.0, "q13": 147.0, "q14": 253.0, "q15": 217.0, "q16": 1.0, "q17": 4.0, "q18": 189.0, "q19": 51.0, "q20": 103.0, "q21": 166.0, "q22": 190.0, "q23": 145.0, "q24": 115.0, "q25": 14.0, "q26": 48.0, "q27": 57.0, "q28": 101.0, "q29": 169.0, "q30": 22.0, "q31": 24.0, "q32": 44.0, "q33": 248.0, "q34": 72.0, "q35": 175.0, "q36": 214.0, "q37": 21.0, "q38": 112.0, "q39": 237.0, "q40": 216.0, "q41": 250.0, "q42": 49.0, "q43": 201.0, "q44": 108.0, "q45": 19.0, "q46": 19.0, "q47": 240.0, "q48": 18.0, "q49": 201.0, "q50": 228.0, "q51": 79.0, "q52": 64.0, "q53": 89.0, "q54": 92.0, "q55": 194.0, "q56": 224.0, "q57": 136.0, "q58": 63.0, "q59": 216.0, "q60": 202.0, "q61": 54.0, "q62": 23.0, "q63": 236.0}, "datetime": {"datetime": "2019-11-11 18:46:14", "elapsed": 2.476857, "delta": 0.006531}}
{"target": -0.10936161306895326, "params": {"q00": 67.0, "q01": 18.0, "q02": 4.0, "q03": 83.0, "q04": 196.0, "q05": 38.0, "q06": 43.0, "q07": 146.0, "q08": 12.0, "q09": 30.0, "q10": 34.0, "q11": 242.0, "q12": 100.0, "q13": 229.0, "q14": 195.0, "q15": 94.0, "q16": 9.0, "q17": 52.0, "q18": 52.0, "q19": 141.0, "q20": 199.0, "q21": 245.0, "q22": 15.0, "q23": 93.0, "q24": 35.0, "q25": 103.0, "q26": 83.0, "q27": 1.0, "q28": 3.0, "q29": 243.0, "q30": 64.0, "q31": 177.0, "q32": 87.0, "q33": 208.0, "q34": 212.0, "q35": 158.0, "q36": 220.0, "q37": 163.0, "q38": 58.0, "q39": 54.0, "q40": 137.0, "q41": 144.0, "q42": 226.0, "q43": 129.0, "q44": 179.0, "q45": 104.0, "q46": 25.0, "q47": 147.0, "q48": 206.0, "q49": 60.0, "q50": 61.0, "q51": 241.0, "q52": 137.0, "q53": 178.0, "q54": 131.0, "q55": 69.0, "q56": 93.0, "q57": 189.0, "q58": 109.0, "q59": 58.0, "q60": 109.0, "q61": 138.0, "q62": 10.0, "q63": 241.0}, "datetime": {"datetime": "2019-11-11 18:46:14", "elapsed": 2.483659, "delta": 0.006802}}
{"target": -0.1290648570380291, "params": {"q00": 33.0, "q01": 4.0, "q02": 35.0, "q03": 61.0, "q04": 173.0, "q05": 76.0, "q06": 103.0, "q07": 107.0, "q08": 4.0, "q09": 4.0, "q10": 135.0, "q11": 44.0, "q12": 124.0, "q13": 253.0, "q14": 18.0, "q15": 156.0, "q16": 137.0, "q17": 31.0, "q18": 134.0, "q19": 1.0, "q20": 212.0, "q21": 190.0, "q22": 230.0, "q23": 222.0, "q24": 68.0, "q25": 31.0, "q26": 253.0, "q27": 154.0, "q28": 214.0, "q29": 221.0, "q30": 9.0, "q31": 113.0, "q32": 238.0, "q33": 172.0, "q34": 234.0, "q35": 38.0, "q36": 157.0, "q37": 138.0, "q38": 228.0, "q39": 193.0, "q40": 172.0, "q41": 177.0, "q42": 241.0, "q43": 247.0, "q44": 147.0, "q45": 132.0, "q46": 231.0, "q47": 116.0, "q48": 236.0, "q49": 94.0, "q50": 194.0, "q51": 61.0, "q52": 149.0, "q53": 151.0, "q54": 116.0, "q55": 186.0, "q56": 19.0, "q57": 253.0, "q58": 53.0, "q59": 55.0, "q60": 135.0, "q61": 7.0, "q62": 143.0, "q63": 51.0}, "datetime": {"datetime": "2019-11-11 18:46:14", "elapsed": 2.490541, "delta": 0.006882}}
{"target": -0.11004469236945835, "params": {"q00": 38.0, "q01": 16.0, "q02": 5.0, "q03": 33.0, "q04": 224.0, "q05": 82.0, "q06": 146.0, "q07": 156.0, "q08": 12.0, "q09": 16.0, "q10": 40.0, "q11": 155.0, "q12": 53.0, "q13": 100.0, "q14": 12.0, "q15": 126.0, "q16": 66.0, "q17": 81.0, "q18": 107.0, "q19": 159.0, "q20": 167.0, "q21": 158.0, "q22": 84.0, "q23": 245.0, "q24": 77.0, "q25": 98.0, "q26": 83.0, "q27": 35.0, "q28": 161.0, "q29": 84.0, "q30": 250.0, "q31": 138.0, "q32": 125.0, "q33": 196.0, "q34": 76.0, "q35": 199.0, "q36": 80.0, "q37": 39.0, "q38": 121.0, "q39": 44.0, "q40": 179.0, "q41": 113.0, "q42": 135.0, "q43": 128.0, "q44": 58.0, "q45": 110.0, "q46": 157.0, "q47": 58.0, "q48": 58.0, "q49": 48.0, "q50": 1.0, "q51": 8.0, "q52": 102.0, "q53": 20.0, "q54": 15.0, "q55": 60.0, "q56": 254.0, "q57": 68.0, "q58": 234.0, "q59": 107.0, "q60": 14.0, "q61": 216.0, "q62": 189.0, "q63": 17.0}, "datetime": {"datetime": "2019-11-11 18:46:14", "elapsed": 2.497316, "delta": 0.006775}}
{"target": -0.11863051192474006, "params": {"q00": 6.0, "q01": 42.0, "q02": 177.0, "q03": 142.0, "q04": 141.0, "q05": 204.0, "q06": 250.0, "q07": 54.0, "q08": 43.0, "q09": 3.0, "q10": 96.0, "q11": 247.0, "q12": 56.0, "q13": 61.0, "q14": 241.0, "q15": 111.0, "q16": 23.0, "q17": 4.0, "q18": 236.0, "q19": 153.0, "q20": 199.0, "q21": 236.0, "q22": 24.0, "q23": 252.0, "q24": 7.0, "q25": 54.0, "q26": 53.0, "q27": 81.0, "q28": 123.0, "q29": 226.0, "q30": 110.0, "q31": 195.0, "q32": 247.0, "q33": 119.0, "q34": 207.0, "q35": 205.0, "q36": 237.0, "q37": 124.0, "q38": 17.0, "q39": 242.0, "q40": 37.0, "q41": 207.0, "q42": 107.0, "q43": 102.0, "q44": 250.0, "q45": 117.0, "q46": 22.0, "q47": 151.0, "q48": 233.0, "q49": 142.0, "q50": 16.0, "q51": 250.0, "q52": 101.0, "q53": 242.0, "q54": 210.0, "q55": 99.0, "q56": 225.0, "q57": 187.0, "q58": 240.0, "q59": 228.0, "q60": 179.0, "q61": 200.0, "q62": 161.0, "q63": 239.0}, "datetime": {"datetime": "2019-11-11 18:46:14", "elapsed": 2.503872, "delta": 0.006556}}
{"target": -0.0908148626200237, "params": {"q00": 16.0, "q01": 18.0, "q02": 43.0, "q03": 123.0, "q04": 172.0, "q05": 215.0, "q06": 253.0, "q07": 147.0, "q08": 19.0, "q09": 52.0, "q10": 24.0, "q11": 142.0, "q12": 153.0, "q13": 85.0, "q14": 205.0, "q15": 186.0, "q16": 31.0, "q17": 214.0, "q18": 2.0, "q19": 60.0, "q20": 187.0, "q21": 53.0, "q22": 86.0, "q23": 230.0, "q24": 30.0, "q25": 156.0, "q26": 166.0, "q27": 60.0, "q28": 200.0, "q29": 240.0, "q30": 182.0, "q31": 180.0, "q32": 126.0, "q33": 85.0, "q34": 127.0, "q35": 244.0, "q36": 62.0, "q37": 245.0, "q38": 48.0, "q39": 66.0, "q40": 50.0, "q41": 115.0, "q42": 19.0, "q43": 76.0, "q44": 140.0, "q45": 63.0, "q46": 215.0, "q47": 34.0, "q48": 146.0, "q49": 82.0, "q50": 40.0, "q51": 173.0, "q52": 177.0, "q53": 193.0, "q54": 48.0, "q55": 196.0, "q56": 147.0, "q57": 231.0, "q58": 95.0, "q59": 132.0, "q60": 236.0, "q61": 144.0, "q62": 238.0, "q63": 9.0}, "datetime": {"datetime": "2019-11-11 18:46:14", "elapsed": 2.51032, "delta": 0.006448}}
