{"target": -0.09335445093262412, "params": {"q00": 1.0, "q01": 34.0, "q02": 95.0, "q03": 163.0, "q04": 216.0, "q05": 134.0, "q06": 117.0, "q07": 196.0, "q08": 6.0, "q09": 28.0, "q10": 60.0, "q11": 224.0, "q12": 70.0, "q13": 182.0, "q14": 7.0, "q15": 251.0, "q16": 23.0, "q17": 70.0, "q18": 154.0, "q19": 101.0, "q20": 119.0, "q21": 30.0, "q22": 87.0, "q23": 170.0, "q24": 183.0, "q25": 32.0, "q26": 45.0, "q27": 26.0, "q28": 122.0, "q29": 61.0, "q30": 133.0, "q31": 25.0, "q32": 69.0, "q33": 251.0, "q34": 12.0, "q35": 25.0, "q36": 191.0, "q37": 45.0, "q38": 110.0, "q39": 8.0, "q40": 116.0, "q41": 51.0, "q42": 10.0, "q43": 124.0, "q44": 104.0, "q45": 100.0, "q46": 219.0, "q47": 34.0, "q48": 156.0, "q49": 65.0, "q50": 39.0, "q51": 55.0, "q52": 27.0, "q53": 39.0, "q54": 183.0, "q55": 176.0, "q56": 15.0, "q57": 236.0, "q58": 136.0, "q59": 176.0, "q60": 114.0, "q61": 130.0, "q62": 121.0, "q63": 252.0}, "datetime": {"datetime": "2019-11-11 18:46:13", "elapsed": 1.779844, "delta": 0.006769}}
{"target": -0.11364893407298232, "params": {"q00": 7.0, "q01": 9.0, "q02": 98.0, "q03": 99.0, "q04": 241.0, "q05": 171.0, "q06": 32.0, "q07": 139.0, "q08": 1.0, "q09": 72.0, "q10": 76.0, "q11": 92.0, "q12": 217.0, "q13": 56.0, "q14": 130.0, "q15": 77.0, "q16": 52.0, "q17": 87.0, "q18": 29.0, "q19": 25.0, "q20": 46.0, "q21": 8.0, "q22": 211.0, "q23": 233.0, "q24": 168.0, "q25": 224.0, "q26": 90.0, "q27": 79.0, "q28": 62.0, "q29": 177.0, "q30": 156.0, "q31": 252.0, "q32": 125.0, "q33": 18.0, "q34": 74.0, "q35": 201.0, "q36": 134.0, "q37": 26.0, "q38": 253.0, "q39": 208.0, "q40": 117.0, "q41": 95.0, "q42": 140.0, "q43": 9.0, "q44": 83.0, "q45": 5.0, "q46": 87.0, "q47": 81.0, "q48": 110.0, "q49": 17.0, "q50": 116.0, "q51": 183.0, "q52": 111.0, "q53": 234.0, "q54": 111.0, "q55": 198.0, "q56": 161.0, "q57": 150.0, "q58": 147.0, "q59": 231.0, "q60": 251.0, "q61": 202.0, "q62": 189.0, "q63": 202.0}, "datetime": {"datetime": "2019-11-11 18:46:13", "elapsed": 1.786709, "delta": 0.006865}}
{"target": -0.1040784936219315, "params": {"q00": 35.0, "q01": 29.0, "q02": 4.0, "q03": 93.0, "q04": 108.0, "q05": 221.0, "q06": 248.0, "q07": 208.0, "q08": 36.0, "q09": 4.0, "q10": 119.0, "q11": 62.0, "q12": 139.0, "q13": 33.0, "q14": 72.0, "q15": 208.0, "q16": 69.0, "q17": 238.0, "q18": 5.0, "q19": 85.0, "q20": 88.0, "q21": 112.0, "q22": 230.0, "q23": 251.0, "q24": 83.0, "q25": 227.0, "q26": 149.0, "q27": 15.0, "q28": 214.0, "q29": 207.0, "q30": 83.0, "q31": 64.0, "q32": 113.0, "q33": 75.0, "q34": 70.0, "q35": 196.0, "q36": 176.0, "q37": 245.0, "q38": 158.0, "q39": 204.0, "q40": 208.0, "q41": 62.0, "q42": 236.0, "q43": 234.0, "q44": 212.0, "q45": 16.0, "q46": 118.0, "q47": 162.0, "q48": 106.0, "q49": 240.0, "q50": 227.0, "q51": 122.0, "q52": 167.0, "q53": 49.0, "q54": 42.0, "q55": 33.0, "q56": 174.0, "q57": 182.0, "q58": 23.0, "q59": 45.0, "q60": 178.0, "q61": 87.0, "q62": 116.0, "q63": 20.0}, "datetime": {"datetime": "2019-11-11 18:46:13", "elapsed": 1.793615, "delta": 0.006906}}
{"target": -0.11039472815365092, "params": {"q00": 29.0, "q01": 28.0, "q02": 119.0, "q03": 178.0, "q04": 47.0, "q05": 105.0, "q06": 82.0, "q07": 128.0, "q08": 14.0, "q09": 34.0, "q10": 119.0, "q11": 63.0, "q12": 170.0, "q13": 126.0, "q14": 216.0, "q15": 201.0, "q16": 9.0, "q17": 14.0, "q18": 93.0, "q19": 73.0, "q20": 170.0, "q21": 222.0, "q22": 137.0, "q23": 142.0, "q24": 105.0, "q25": 48.0, "q26": 23.0, "q27": 54.0, "q28": 183.0, "q29": 152.0, "q30": 192.0, "q31": 35.0, "q32": 19.0, "q33": 169.0, "q34": 83.0, "q35": 186.0, "q36": 48.0, "q37": 218.0, "q38": 6.0, "q39": 61.0, "q40": 116.0, "q41": 87.0, "q42": 6.0, "q43": 97.0, "q44": 238.0, "q45": 186.0, "q46": 182.0, "q47": 208.0, "q48": 2.0, "q49": 251.0, "q50": 59.0, "q51": 127.0, "q52": 212.0, "q53": 81.0, "q54": 81.0, "q55": 218.0, "q56": 72.0, "q57": 14.0, "q58": 197.0, "q59": 27.0, "q60": 163.0, "q61": 56.0, "q62": 185.0, "q63": 49.0}, "datetime": {"datetime": "2019-11-11 18:46:13", "elapsed": 1.800548, "delta": 0.006933}}
{"target": -0.09518077704822092, "params": {"q00": 14.0, "q01": 49.0, "q02": 38.0, "q03": 87.0, "q04": 24.0, "q05": 214.0, "q06": 221.0, "q07": 16.0, "q08": 21.0, "q09": 1.0, "q10": 3.0, "q11": 232.0, "q12": 155.0, "q13": 24.0, "q14": 109.0, "q15": 192.0, "q16": 42.0, "q17": 53.0, "q18": 34.0, "q19": 226.0, "q20": 100.0, "q21": 162.0, "q22": 36.0, "q23": 248.0, "q24": 239.0, "q25": 85.0, "q26": 51.0, "q27": 68.0, "q28": 206.0, "q29": 27.0, "q30": 153.0, "q31": 102.0, "q32": 48.0, "q33": 164.0, "q34": 173.0, "q35": 26.0, "q36": 37.0, "q37": 215.0, "q38": 191.0, "q39": 44.0, "q40": 35.0, "q41": 103.0, "q42": 222.0, "q43": 23.0, "q44": 39.0, "q45": 181.0, "q46": 150.0, "q47": 173.0, "q48": 74.0, "q49": 6.0, "q50": 225.0, "q51": 142.0, "q52": 109.0, "q53": 73.0, "q54": 70.0, "q55": 248.0, "q56": 83.0, "q57": 158.0, "q58": 192.0, "q59": 147.0, "q60": 146.0, "q61": 171.0, "q62": 211.0, "q63": 184.0}, "datetime": {"datetime": "2019-11-11 18:46:13", "elapsed": 1.807456, "delta": 0.006908}}
{"target": -0.11049184953018476, "params": {"q00": 22.0, "q01": 10.0, "q02": 42.0, "q03": 200.0, "q04": 235.0, "q05": 148.0, "q06": 217.0, "q07": 29.0, "q08": 74.0, "q09": 130.0, "q10": 67.0, "q11": 16.0, "q12": 51.0, "q13": 54.0, "q14": 101.0, "q15": 226.0, "q16": 24.0, "q17": 89.0, "q18": 36.0, "q19": 201.0, "q20": 96.0, "q21": 41.0, "q22": 122.0, "q23": 228.0, "q24": 143.0, "q25": 38.0, "q26": 43.0, "q27": 183.0, "q28": 134.0, "q29": 69.0, "q30": 82.0, "q31": 188.0, "q32": 178.0, "q33": 178.0, "q34": 95.0, "q35": 164.0, "q36": 74.0, "q37": 213.0, "q38": 73.0, "q39": 49.0, "q40": 221.0, "q41": 55.0, "q42": 117.0, "q43": 213.0, "q44": 56.0, "q45": 57.0, "q46": 200.0, "q47": 207.0, "q48": 2.0, "q49": 46.0, "q50": 220.0, "q51": 229.0, "q52": 125.0, "q53": 231.0, "q54": 27.0, "q55": 173.0, "q56": 223.0, "q57": 122.0, "q58": 212.0, "q59": 177.0, "q60": 97.0, "q61": 188.0, "q62": 49.0, "q63": 113.0}, "datetime": {"datetime": "2019-11-11 18:46:13", "elapsed": 1.814432, "delta": 0.006976}}
{"target": -0.1149165364095946, "params": {"q00": 23.0, "q01": 35.0, "q02": 61.0, "q03": 191.0, "q04": 3.0, "q05": 158.0, "q06": 122.0, "q07": 61.0, "q08": 8.0, "q09": 7.0, "q10": 37.0, "q11": 250.0, "q12": 16.0, "q13": 122.0, "q14": 66.0, "q15": 230.0, "q16": 76.0, "q17": 24.0, "q18": 85.0, "q19": 228.0, "q20": 4.0, "q21": 59.0, "q22": 16.0, "q23": 228.0, "q24": 187.0, "q25": 138.0, "q26": 199.0, "q27": 2.0, "q28": 227.0, "q29": 65.0, "q30": 212.0, "q31": 25.0, "q32": 242.0, "q33": 117.0, "q34": 204.0, "q35": 86.0, "q36": 213.0, "q37": 186.0, "q38": 190.0, "q39": 109.0, "q40": 51.0, "q41": 69.0, "q42": 113.0, "q43": 63.0, "q44": 2.0, "q45": 81.0, "q46": 215.0, "q47": 245.0, "q48": 165.0, "q49": 128.0, "q50": 217.0, "q51": 231.0, "q52": 40.0, "q53": 88.0, "q54": 225.0, "q55": 77.0, "q56": 106.0, "q57": 143.0, "q58": 49.0, "q59": 140.0, "q60": 214.0, "q61": 254.0, "q62": 246.0, "q63": 181.0}, "datetime": {"datetime": "2019-11-11 18:46:14", "elapsed": 1.821437, "delta": 0.007005}}
{"target": -0.14220148019341255, "params": {"q00": 21.0, "q01": 34.0, "q02": 99.0, "q03": 184.0, "q04": 57.0, "q05": 40.0, "q06": 100.0, "q07": 2.0, "q08": 18.0, "q09": 124.0, "q10": 149.0, "q11": 222.0, "q12": 51.0, "q13": 103.0, "q14": 189.0, "q15": 188.0, "q16": 19.0, "q17": 41.0, "q18": 5.0, "q19": 124.0, "q20": 232.0, "q21": 231.0, "q22": 92.0, "q23": 236.0, "q24": 174.0, "q25": 18.0, "q26": 177.0, "q27": 88.0, "q28": 41.0, "q29": 123.0, "q30": 6.0, "q31": 228.0, "q32": 126.0, "q33": 102.0, "q34": 156.0, "q35": 169.0, "q36": 221.0, "q37": 175.0, "q38": 202.0, "q39": 6.0, "q40": 91.0, "q41": 111.0, "q42": 65.0, "q43": 90.0, "q44": 6.0, "q45": 206.0, "q46": 204.0, "q47": 250.0, "q48": 228.0, "q49": 123.0, "q50": 139.0, "q51": 225.0, "q52": 143.0, "q53": 245.0, "q54": 37.0, "q55": 241.0, "q56": 177.0, "q57": 197.0, "q58": 219.0, "q59": 125.0, "q60": 135.0, "q61": 235.0, "q62": 227.0, "q63": 97.0}, "datetime": {"datetime": "2019-11-11 18:46:14", "elapsed": 1.828324, "delta": 0.006887}}
{"target": -0.11577749698396034, "params": {"q00": 24.0, "q01": 39.0, "q02": 94.0, "q03": 35.0, "q04": 139.0, "q05": 151.0, "q06": 140.0, "q07": 236.0, "q08": 52.0, "q09": 42.0, "q10": 10.0, "q11": 159.0, "q12": 153.0, "q13": 137.0, "q14": 20.0, "q15": 150.0, "q16": 77.0, "q17": 216.0, "q18": 5.0, "q19": 215.0, "q20": 3.0, "q21": 114.0, "q22": 41.0, "q23": 199.0, "q24": 47.0, "q25": 61.0, "q26": 176.0, "q27": 118.0, "q28": 186.0, "q29": 126.0, "q30": 105.0, "q31": 246.0, "q32": 65.0, "q33": 83.0, "q34": 163.0, "q35": 192.0, "q36": 252.0, "q37": 103.0, "q38": 200.0, "q39": 219.0, "q40": 44.0, "q41": 159.0, "q42": 238.0, "q43": 110.0, "q44": 142.0, "q45": 93.0, "q46": 234.0, "q47": 52.0, "q48": 239.0, "q49": 153.0, "q50": 140.0, "q51": 59.0, "q52": 35.0, "q53": 191.0, "q54": 17.0, "q55": 222.0, "q56": 191.0, "q57": 157.0, "q58": 180.0, "q59": 142.0, "q60": 73.0, "q61": 244.0, "q62": 189.0, "q63": 242.0}, "datetime": {"datetime": "2019-11-11 18:46:14", "elapsed": 1.835352, "delta": 0.007028}}
{"target": -0.11038651765165453, "params": {"q00": 29.0, "q01": 14.0, "q02": 9.0, "q03": 136.0, "q04": 176.0, "q05": 14.0, "q06": 228.0, "q07": 85.0, "q08": 97.0, "q09": 5.0, "q10": 74.0, "q11": 40.0, "q12": 9.0, "q13": 123.0, "q14": 87.0, "q15": 202.0, "q16": 7.0, "q17": 94.0, "q18": 173.0, "q19": 92.0, "q20": 90.0, "q21": 22.0, "q22": 68.0, "q23": 215.0, "q24": 189.0, "q25": 14.0, "q26": 125.0, "q27": 187.0, "q28": 225.0, "q29": 14.0, "q30": 70.0, "q31": 31.0, "q32": 207.0, "q33": 214.0, "q34": 46.0, "q35": 235.0, "q36": 132.0, "q37": 181.0, "q38": 244.0, "q39": 58.0, "q40": 249.0, "q41": 58.0, "q42": 249.0, "q43": 207.0, "q44": 192.0, "q45": 15.0, "q46": 81.0, "q47": 65.0, "q48": 175.0, "q49": 30.0, "q50": 22.0, "q51": 209.0, "q52": 42.0, "q53": 143.0, "q54": 113.0, "q55": 71.0, "q56": 206.0, "q57": 134.0, "q58": 157.0, "q59": 153.0, "q60": 214.0, "q61": 6.0, "q62": 138.0, "q63": 184.0}, "datetime": {"datetime": "2019-11-11 18:46:14", "elapsed": 1.842295, "delta": 0.006943}}
{"target": -0.12310032475510929, "params": {"q00": 28.0, "q01": 2.0, "q02": 142.0, "q03": 180.0, "q04": 66.0, "q05": 129.0, "q06": 103.0, "q07": 55.0, "q08": 37.0, "q09": 4.0, "q10": 69.0, "q11": 70.0, "q12": 227.0, "q13": 139.0, "q14": 223.0, "q15": 97.0, "q16": 49.0, "q17": 89.0, "q18": 7.0, "q19": 200.0, "q20": 205.0, "q21": 84.0, "q22": 21.0, "q23": 239.0, "q24": 97.0, "q25": 193.0, "q26": 161.0, "q27": 155.0, "q28": 180.0, "q29": 93.0, "q30": 221.0, "q31": 107.0, "q32": 160.0, "q33": 118.0, "q34": 213.0, "q35": 185.0, "q36": 109.0, "q37": 225.0, "q38": 181.0, "q39": 254.0, "q40": 88.0, "q41": 71.0, "q42": 244.0, "q43": 212.0, "q44": 52.0, "q45": 178.0, "q46": 132.0, "q47": 10.0, "q48": 7.0, "q49": 16.0, "q50": 211.0, "q51": 250.0, "q52": 18.0, "q53": 125.0, "q54": 44.0, "q55": 99.0, "q56": 252.0, "q57": 251.0, "q58": 156.0, "q59": 33.0, "q60": 203.0, "q61": 157.0, "q62": 135.0, "q63": 215.0}, "datetime": {"datetime": "2019-11-11 18:46:14", "elapsed": 1.849266, "delta": 0.006971}}
{"target": -0.11458016375945335, "params": {"q00": 8.0, "q01": 1.0, "q02": 1.0, "q03": 231.0, "q04": 115.0, "q05": 199.0, "q06": 113.0, "q07": 241.0, "q08": 40.0, "q09": 6.0, "q10": 44.0, "q11": 35.0, "q12": 199.0, "q13": 177.0, "q14": 105.0, "q15": 187.0, "q16": 23.0, "q17": 89.0, "q18": 115.0, "q19": 3.0, "q20": 225.0, "q21": 200.0, "q22": 71.0, "q23": 89.0, "q24": 247.0, "q25": 182.0, "q26": 96.0, "q27": 21.0, "q28": 208.0, "q29": 242.0, "q30": 33.0, "q31": 241.0, "q32": 128.0, "q33": 223.0, "q34": 198.0, "q35": 108.0, "q36": 99.0, "q37": 224.0, "q38": 8.0, "q39": 28.0, "q40": 235.0, "q41": 182.0, "q42": 54.0, "q43": 232.0, "q44": 231.0, "q45": 13.0, "q46": 153.0, "q47": 4.0, "q48": 20.0, "q49": 29.0, "q50": 137.0, "q51": 199.0, "q52": 250.0, "q53": 224.0, "q54": 44.0, "q55": 106.0, "q56": 128.0, "q57": 209.0, "q58": 93.0, "q59": 73.0, "q60": 227.0, "q61": 150.0, "q62": 167.0, "q63": 221.0}, "datetime": {"datetime": "2019-11-11 18:46:14", "elapsed": 1.856261, "delta": 0.006995}}
{"target": -0.0241120005085369, "params": {"q00": 25.0, "q01": 25.0, "q02": 118.0, "q03": 28.0, "q04": 245.0, "q05": 198.0, "q06": 210.0, "q07": 154.0, "q08": 42.0, "q09": 40.0, "q10": 13.0, "q11": 117.0, "q12": 172.0, "q13": 82.0, "q14": 248.0, "q15": 138.0, "q16": 29.0, "q17": 35.0, "q18": 105.0, "q19": 51.0, "q20": 190.0, "q21": 180.0, "q22": 158.0, "q23": 198.0, "q24": 129.0, "q25": 84.0, "q26": 228.0, "q27": 178.0, "q28": 228.0, "q29": 254.0, "q30": 134.0, "q31": 87.0, "q32": 164.0, "q33": 203.0, "q34": 126.0, "q35": 220.0, "q36": 42.0, "q37": 73.0, "q38": 151.0, "q39": 43.0, "q40": 243.0, "q41": 229.0, "q42": 154.0, "q43": 81.0, "q44": 241.0, "q45": 53.0, "q46": 210.0, "q47": 62.0, "q48": 74.0, "q49": 201.0, "q50": 200.0, "q51": 204.0, "q52": 53.0, "q53": 160.0, "q54": 201.0, "q55": 205.0, "q56": 220.0, "q57": 36.0, "q58": 95.0, "q59": 143.0, "q60": 132.0, "q61": 214.0, "q62": 104.0, "q63": 222.0}, "datetime": {"datetime": "2019-11-11 18:46:14", "elapsed": 1.863216, "delta": 0.006955}}
{"target": -0.127328120777092, "params": {"q00": 25.0, "q01": 2.0, "q02": 46.0, "q03": 5.0, "q04": 141.0, "q05": 173.0, "q06": 93.0, "q07": 116.0, "q08": 5.0, "q09": 8.0, "q10": 87.0, "q11": 49.0, "q12": 211.0, "q13": 118.0, "q14": 242.0, "q15": 184.0, "q16": 48.0, "q17": 109.0, "q18": 106.0, "q19": 111.0, "q20": 120.0, "q21": 242.0, "q22": 226.0, "q23": 225.0, "q24": 153.0, "q25": 126.0, "q26": 218.0, "q27": 203.0, "q28": 240.0, "q29": 223.0, "q30": 38.0, "q31": 27.0, "q32": 79.0, "q33": 70.0, "q34": 176.0, "q35": 180.0, "q36": 2.0, "q37": 212.0, "q38": 6.0, "q39": 6.0, "q40": 208.0, "q41": 157.0, "q42": 61.0, "q43": 40.0, "q44": 164.0, "q45": 250.0, "q46": 78.0, "q47": 132.0, "q48": 137.0, "q49": 26.0, "q50": 124.0, "q51": 69.0, "q52": 208.0, "q53": 209.0, "q54": 181.0, "q55": 57.0, "q56": 236.0, "q57": 236.0, "q58": 85.0, "q59": 112.0, "q60": 164.0, "q61": 184.0, "q62": 217.0, "q63": 59.0}, "datetime": {"datetime": "2019-11-11 18:46:14", "elapsed": 1.870229, "delta": 0.007013}}
{"target": -0.0983440808421927, "params": {"q00": 1.0, "q01": 20.0, "q02": 67.0, "q03": 156.0, "q04": 186.0, "q05": 96.0, "q06": 95.0, "q07": 148.0, "q08": 37.0, "q09": 2.0, "q10": 79.0, "q11": 60.0, "q12": 96.0, "q13": 18.0, "q14": 45.0, "q15": 203.0, "q16": 18.0, "q17": 178.0, "q18": 74.0, "q19": 19.0, "q20": 9.0, "q21": 15.0, "q22": 203.0, "q23": 223.0, "q24": 44.0, "q25": 107.0, "q26": 109.0, "q27": 96.0, "q28": 119.0, "q29": 100.0, "q30": 113.0, "q31": 229.0, "q32": 252.0, "q33": 152.0, "q34": 232.0, "q35": 227.0, "q36": 56.0, "q37": 177.0, "q38": 245.0, "q39": 132.0, "q40": 158.0, "q41": 201.0, "q42": 47.0, "q43": 104.0, "q44": 174.0, "q45": 82.0, "q46": 228.0, "q47": 199.0, "q48": 169.0, "q49": 242.0, "q50": 168.0, "q51": 84.0, "q52": 107.0, "q53": 123.0, "q54": 27.0, "q55": 119.0, "q56": 206.0, "q57": 186.0, "q58": 62.0, "q59": 86.0, "q60": 249.0, "q61": 92.0, "q62": 109.0, "q63": 92.0}, "datetime": {"datetime": "2019-11-11 18:46:14", "elapsed": 1.877271, "delta": 0.007042}}
{"target": -0.111823386261869, "params": {"q00": 7.0, "q01": 55.0, "q02": 3.0, "q03": 166.0, "q04": 238.0, "q05": 118.0, "q06": 231.0, "q07": 51.0, "q08": 76.0, "q09": 12.0, "q10": 19.0, "q11": 186.0, "q12": 231.0, "q13": 67.0, "q14": 240.0, "q15": 210.0, "q16": 10.0, "q17": 133.0, "q18": 58.0, "q19": 86.0, "q20": 9.0, "q21": 73.0, "q22": 81.0, "q23": 174.0, "q24": 86.0, "q25": 75.0, "q26": 190.0, "q27": 107.0, "q28": 162.0, "q29": 25.0, "q30": 126.0, "q31": 71.0, "q32": 211.0, "q33": 106.0, "q34": 158.0, "q35": 236.0, "q36": 171.0, "q37": 121.0, "q38": 119.0, "q39": 59.0, "q40": 148.0, "q41": 9.0, "q42": 252.0, "q43": 191.0, "q44": 25.0, "q45": 164.0, "q46": 131.0, "q47": 76.0, "q48": 67.0, "q49": 217.0, "q50": 105.0, "q51": 9.0, "q52": 16.0, "q53": 66.0, "q54": 17.0, "q55": 235.0, "q56": 60.0, "q57": 178.0, "q58": 62.0, "q59": 40.0, "q60": 150.0, "q61": 134.0, "q62": 87.0, "q63": 136.0}, "datetime": {"datetime": "2019-11-11 18:46:14", "elapsed": 1.884286, "delta": 0.007015}}
{"target": -0.13892702935540913, "params": {"q00": 101.0, "q01": 16.0, "q02": 83.0, "q03": 232.0, "q04": 172.0, "q05": 208.0, "q06": 218.0, "q07": 52.0, "q08": 17.0, "q09": 39.0, "q10": 117.0, "q11": 155.0, "q12": 22.0, "q13": 82.0, "q14": 181.0, "q15": 228.0, "q16": 56.0, "q17": 68.0, "q18": 98.0, "q19": 210.0, "q20": 148.0, "q21": 19.0, "q22": 58.0, "q23": 235.0, "q24": 153.0, "q25": 22.0, "q26": 17.0, "q27": 42.0, "q28": 221.0, "q29": 10.0, "q30": 86.0, "q31": 27.0, "q32": 177.0, "q33": 96.0, "q34": 94.0, "q35": 242.0, "q36": 23.0, "q37": 105.0, "q38": 8.0, "q39": 97.0, "q40": 53.0, "q41": 209.0, "q42": 248.0, "q43": 37.0, "q44": 130.0, "q45": 11.0, "q46": 213.0, "q47": 173.0, "q48": 22.0, "q49": 147.0, "q50": 64.0, "q51": 184.0, "q52": 160.0, "q53": 40.0, "q54": 7.0, "q55": 226.0, "q56": 206.0, "q57": 191.0, "q58": 53.0, "q59": 104.0, "q60": 74.0, "q61": 31.0, "q62": 77.0, "q63": 246.0}, "datetime": {"datetime": "2019-11-11 18:46:14", "elapsed": 1.891378, "delta": 0.007092}}
{"target": -0.06930777724291842, "params": {"q00": 7.0, "q01": 12.0, "q02": 86.0, "q03": 6.0, "q04": 45.0, "q05": 104.0, "q06": 99.0, "q07": 231.0, "q08": 49.0, "q09": 66.0, "q10": 56.0, "q11": 59.0, "q12": 61.0, "q13": 170.0, "q14": 219.0, "q15": 47.0, "q16": 13.0, "q17": 163.0, "q18": 40.0, "q19": 129.0, "q20": 145.0, "q21": 27.0, "q22": 188.0, "q23": 250.0, "q24": 71.0, "q25": 46.0, "q26": 87.0, "q27": 41.0, "q28": 200.0, "q29": 223.0, "q30": 89.0, "q31": 72.0, "q32": 181.0, "q33": 16.0, "q34": 115.0, "q35": 63.0, "q36": 189.0, "q37": 49.0, "q38": 29.0, "q39": 98.0, "q40": 172.0, "q41": 102.0, "q42": 30.0, "q43": 84.0, "q44": 136.0, "q45": 35.0, "q46": 132.0, "q47": 30.0, "q48": 118.0, "q49": 32.0, "q50": 208.0, "q51": 162.0, "q52": 43.0, "q53": 73.0, "q54": 27.0, "q55": 206.0, "q56": 76.0, "q57": 191.0, "q58": 207.0, "q59": 175.0, "q60": 150.0, "q61": 19.0, "q62": 81.0, "q63": 132.0}, "datetime": {"datetime": "2019-11-11 18:46:14", "elapsed": 1.898453, "delta": 0.007075}}
{"target": -0.03930007245287648, "params": {"q00": 23.0, "q01": 25.0, "q02": 97.0, "q03": 42.0, "q04": 66.0, "q05": 108.0, "q06": 207.0, "q07": 37.0, "q08": 20.0, "q09": 32.0, "q10": 8.0, "q11": 83.0, "q12": 138.0, "q13": 225.0, "q14": 88.0, "q15": 56.0, "q16": 22.0, "q17": 29.0, "q18": 35.0, "q19": 95.0, "q20": 95.0, "q21": 220.0, "q22": 79.0, "q23": 210.0, "q24": 54.0, "q25": 134.0, "q26": 228.0, "q27": 93.0, "q28": 206.0, "q29": 182.0, "q30": 229.0, "q31": 221.0, "q32": 136.0, "q33": 80.0, "q34": 179.0, "q35": 130.0, "q36": 217.0, "q37": 218.0, "q38": 57.0, "q39": 59.0, "q40": 144.0, "q41": 106.0, "q42": 129.0, "q43": 179.0, "q44": 208.0, "q45": 179.0, "q46": 114.0, "q47": 129.0, "q48": 233.0, "q49": 72.0, "q50": 186.0, "q51": 229.0, "q52": 166.0, "q53": 139.0, "q54": 176.0, "q55": 89.0, "q56": 93.0, "q57": 38.0, "q58": 24.0, "q59": 89.0, "q60": 242.0, "q61": 30.0, "q62": 123.0, "q63": 47.0}, "datetime": {"datetime": "2019-11-11 18:46:14", "elapsed": 1.905566, "delta": 0.007113}}
{"target": -0.07665648487098209, "params": {"q00": 1.0, "q01": 3.0, "q02": 62.0, "q03": 71.0, "q04": 134.0, "q05": 111.0, "q06": 115.0, "q07": 84.0, "q08": 40.0, "q09": 23.0, "q10": 17.0, "q11": 61.0, "q12": 140.0, "q13": 245.0, "q14": 192.0, "q15": 88.0, "q16": 14.0, "q17": 63.0, "q18": 10.0, "q19": 130.0, "q20": 33.0, "q21": 185.0, "q22": 8.0, "q23": 206.0, "q24": 34.0, "q25": 30.0, "q26": 65.0, "q27": 45.0, "q28": 13.0, "q29": 215.0, "q30": 46.0, "q31": 251.0, "q32": 42.0, "q33": 199.0, "q34": 219.0, "q35": 21.0, "q36": 45.0, "q37": 158.0, "q38": 126.0, "q39": 75.0, "q40": 47.0, "q41": 78.0, "q42": 250.0, "q43": 113.0, "q44": 100.0, "q45": 129.0, "q46": 235.0, "q47": 223.0, "q48": 219.0, "q49": 90.0, "q50": 226.0, "q51": 75.0, "q52": 248.0, "q53": 36.0, "q54": 136.0, "q55": 120.0, "q56": 186.0, "q57": 43.0, "q58": 120.0, "q59": 137.0, "q60": 76.0, "q61": 243.0, "q62": 95.0, "q63": 8.0}, "datetime": {"datetime": "2019-11-11 18:46:14", "elapsed": 1.912838, "delta": 0.007272}}
{"target": -0.11632191852216384, "params": {"q00": 18.0, "q01": 43.0, "q02": 47.0, "q03": 35.0, "q04": 178.0, "q05": 163.0, "q06": 201.0, "q07": 79.0, "q08": 13.0, "q09": 6.0, "q10": 70.0, "q11": 1.0, "q12": 243.0, "q13": 7.0, "q14": 198.0, "q15": 119.0, "q16": 181.0, "q17": 80.0, "q18": 31.0, "q19": 175.0, "q20": 8.0, "q21": 11.0, "q22": 186.0, "q23": 230.0, "q24": 131.0, "q25": 149.0, "q26": 37.0, "q27": 73.0, "q28": 71.0, "q29": 161.0, "q30": 49.0, "q31": 96.0, "q32": 205.0, "q33": 52.0, "q34": 7.0, "q35": 37.0, "q36": 49.0, "q37": 150.0, "q38": 227.0, "q39": 158.0, "q40": 125.0, "q41": 179.0, "q42": 126.0, "q43": 115.0, "q44": 245.0, "q45": 111.0, "q46": 158.0, "q47": 107.0, "q48": 147.0, "q49": 253.0, "q50": 194.0, "q51": 176.0, "q52": 42.0, "q53": 245.0, "q54": 2.0, "q55": 73.0, "q56": 47.0, "q57": 170.0, "q58": 144.0, "q59": 58.0, "q60": 1.0, "q61": 66.0, "q62": 59.0, "q63": 227.0}, "datetime": {"datetime": "2019-11-11 18:46:14", "elapsed": 1.919934, "delta": 0.007096}}
{"target": -0.1043868205033161, "params": {"q00": 16.0, "q01": 53.0, "q02": 162.0, "q03": 141.0, "q04": 225.0, "q05": 194.0, "q06": 102.0, "q07": 61.0, "q08": 53.0, "q09": 17.0, "q10": 3.0, "q11": 53.0, "q12": 94.0, "q13": 248.0, "q14": 234.0, "q15": 99.0, "q16": 66.0, "q17": 12.0, "q18": 226.0, "q19": 135.0, "q20": 183.0, "q21": 22.0, "q22": 246.0, "q23": 246.0, "q24": 236.0, "q25": 30.0, "q26": 183.0, "q27": 73.0, "q28": 239.0, "q29": 254.0, "q30": 201.0, "q31": 162.0, "q32": 220.0, "q33": 120.0, "q34": 194.0, "q35": 168.0, "q36": 204.0, "q37": 60.0, "q38": 243.0, "q39": 33.0, "q40": 201.0, "q41": 245.0, "q42": 56.0, "q43": 112.0, "q44": 22.0, "q45": 147.0, "q46": 42.0, "q47": 101.0, "q48": 219.0, "q49": 238.0, "q50": 196.0, "q51": 214.0, "q52": 72.0, "q53": 162.0, "q54": 98.0, "q55": 59.0, "q56": 170.0, "q57": 247.0, "q58": 24.0, "q59": 162.0, "q60": 164.0, "q61": 101.0, "q62": 45.0, "q63": 183.0}, "datetime": {"datetime": "2019-11-11 18:46:14", "elapsed": 1.927202, "delta": 0.007268}}
