{"target": -0.08379634929106072, "params": {"q00": 38.0, "q01": 32.0, "q02": 14.0, "q03": 192.0, "q04": 191.0, "q05": 114.0, "q06": 98.0, "q07": 135.0, "q08": 8.0, "q09": 1.0, "q10": 12.0, "q11": 164.0, "q12": 236.0, "q13": 60.0, "q14": 89.0, "q15": 185.0, "q16": 34.0, "q17": 18.0, "q18": 40.0, "q19": 154.0, "q20": 40.0, "q21": 84.0, "q22": 113.0, "q23": 225.0, "q24": 174.0, "q25": 20.0, "q26": 139.0, "q27": 212.0, "q28": 250.0, "q29": 144.0, "q30": 206.0, "q31": 239.0, "q32": 200.0, "q33": 99.0, "q34": 193.0, "q35": 253.0, "q36": 184.0, "q37": 13.0, "q38": 137.0, "q39": 118.0, "q40": 225.0, "q41": 240.0, "q42": 32.0, "q43": 217.0, "q44": 9.0, "q45": 230.0, "q46": 104.0, "q47": 56.0, "q48": 216.0, "q49": 94.0, "q50": 183.0, "q51": 112.0, "q52": 96.0, "q53": 188.0, "q54": 161.0, "q55": 86.0, "q56": 175.0, "q57": 242.0, "q58": 243.0, "q59": 213.0, "q60": 233.0, "q61": 150.0, "q62": 250.0, "q63": 149.0}, "datetime": {"datetime": "2019-11-11 18:46:14", "elapsed": 1.934376, "delta": 0.007174}}
{"target": -0.10470259424994954, "params": {"q00": 1.0, "q01": 81.0, "q02": 75.0, "q03": 217.0, "q04": 25.0, "q05": 132.0, "q06": 146.0, "q07": 111.0, "q08": 31.0, "q09": 25.0, "q10": 28.0, "q11": 44.0, "q12": 67.0, "q13": 95.0, "q14": 92.0, "q15": 7.0, "q16": 111.0, "q17": 4.0, "q18": 44.0, "q19": 173.0, "q20": 14.0, "q21": 79.0, "q22": 76.0, "q23": 114.0, "q24": 79.0, "q25": 9.0, "q26": 7.0, "q27": 136.0, "q28": 117.0, "q29": 125.0, "q30": 208.0, "q31": 216.0, "q32": 213.0, "q33": 95.0, "q34": 83.0, "q35": 145.0, "q36": 215.0, "q37": 225.0, "q38": 211.0, "q39": 220.0, "q40": 215.0, "q41": 19.0, "q42": 203.0, "q43": 166.0, "q44": 248.0, "q45": 232.0, "q46": 124.0, "q47": 103.0, "q48": 250.0, "q49": 84.0, "q50": 60.0, "q51": 43.0, "q52": 227.0, "q53": 165.0, "q54": 42.0, "q55": 240.0, "q56": 143.0, "q57": 81.0, "q58": 171.0, "q59": 34.0, "q60": 184.0, "q61": 99.0, "q62": 244.0, "q63": 186.0}, "datetime": {"datetime": "2019-11-11 18:46:14", "elapsed": 1.941684, "delta": 0.007308}}
{"target": -0.1517565183162286, "params": {"q00": 2.0, "q01": 42.0, "q02": 8.0, "q03": 176.0, "q04": 130.0, "q05": 170.0, "q06": 145.0, "q07": 37.0, "q08": 9.0, "q09": 55.0, "q10": 168.0, "q11": 158.0, "q12": 226.0, "q13": 15.0, "q14": 101.0, "q15": 188.0, "q16": 125.0, "q17": 197.0, "q18": 24.0, "q19": 43.0, "q20": 96.0, "q21": 148.0, "q22": 241.0, "q23": 217.0, "q24": 38.0, "q25": 100.0, "q26": 147.0, "q27": 147.0, "q28": 231.0, "q29": 247.0, "q30": 191.0, "q31": 28.0, "q32": 57.0, "q33": 164.0, "q34": 6.0, "q35": 202.0, "q36": 91.0, "q37": 244.0, "q38": 214.0, "q39": 122.0, "q40": 206.0, "q41": 222.0, "q42": 107.0, "q43": 125.0, "q44": 133.0, "q45": 174.0, "q46": 75.0, "q47": 222.0, "q48": 252.0, "q49": 118.0, "q50": 251.0, "q51": 1.0, "q52": 111.0, "q53": 32.0, "q54": 35.0, "q55": 148.0, "q56": 245.0, "q57": 124.0, "q58": 63.0, "q59": 108.0, "q60": 224.0, "q61": 41.0, "q62": 9.0, "q63": 150.0}, "datetime": {"datetime": "2019-11-11 18:46:14", "elapsed": 1.949115, "delta": 0.007431}}
{"target": -0.07391515335683707, "params": {"q00": 14.0, "q01": 54.0, "q02": 3.0, "q03": 15.0, "q04": 27.0, "q05": 124.0, "q06": 244.0, "q07": 114.0, "q08": 35.0, "q09": 52.0, "q10": 39.0, "q11": 56.0, "q12": 184.0, "q13": 105.0, "q14": 133.0, "q15": 95.0, "q16": 2.0, "q17": 24.0, "q18": 147.0, "q19": 43.0, "q20": 232.0, "q21": 229.0, "q22": 167.0, "q23": 180.0, "q24": 17.0, "q25": 55.0, "q26": 218.0, "q27": 107.0, "q28": 209.0, "q29": 242.0, "q30": 143.0, "q31": 32.0, "q32": 85.0, "q33": 82.0, "q34": 195.0, "q35": 200.0, "q36": 18.0, "q37": 210.0, "q38": 65.0, "q39": 22.0, "q40": 190.0, "q41": 146.0, "q42": 228.0, "q43": 228.0, "q44": 192.0, "q45": 234.0, "q46": 172.0, "q47": 50.0, "q48": 98.0, "q49": 111.0, "q50": 103.0, "q51": 129.0, "q52": 128.0, "q53": 200.0, "q54": 112.0, "q55": 77.0, "q56": 103.0, "q57": 121.0, "q58": 115.0, "q59": 55.0, "q60": 99.0, "q61": 194.0, "q62": 121.0, "q63": 104.0}, "datetime": {"datetime": "2019-11-11 18:46:14", "elapsed": 1.956028, "delta": 0.006913}}
{"target": -0.07743771303032843, "params": {"q00": 51.0, "q01": 15.0, "q02": 20.0, "q03": 91.0, "q04": 151.0, "q05": 224.0, "q06": 235.0, "q07": 54.0, "q08": 6.0, "q09": 8.0, "q10": 7.0, "q11": 231.0, "q12": 108.0, "q13": 21.0, "q14": 11.0, "q15": 102.0, "q16": 29.0, "q17": 19.0, "q18": 24.0, "q19": 195.0, "q20": 161.0, "q21": 107.0, "q22": 86.0, "q23": 187.0, "q24": 119.0, "q25": 109.0, "q26": 159.0, "q27": 8.0, "q28": 235.0, "q29": 116.0, "q30": 109.0, "q31": 195.0, "q32": 100.0, "q33": 128.0, "q34": 64.0, "q35": 103.0, "q36": 48.0, "q37": 7.0, "q38": 81.0, "q39": 95.0, "q40": 102.0, "q41": 75.0, "q42": 213.0, "q43": 36.0, "q44": 17.0, "q45": 108.0, "q46": 215.0, "q47": 33.0, "q48": 175.0, "q49": 227.0, "q50": 179.0, "q51": 154.0, "q52": 119.0, "q53": 233.0, "q54": 91.0, "q55": 135.0, "q56": 193.0, "q57": 153.0, "q58": 211.0, "q59": 250.0, "q60": 68.0, "q61": 78.0, "q62": 89.0, "q63": 56.0}, "datetime": {"datetime": "2019-11-11 18:46:14", "elapsed": 1.96243, "delta": 0.006402}}
{"target": -0.06776523739740548, "params": {"q00": 24.0, "q01": 15.0, "q02": 5.0, "q03": 8.0, "q04": 246.0, "q05": 232.0, "q06": 127.0, "q07": 91.0, "q08": 16.0, "q09": 30.0, "q10": 23.0, "q11": 60.0, "q12": 95.0, "q13": 107.0, "q14": 82.0, "q15": 173.0, "q16": 7.0, "q17": 14.0, "q18": 115.0, "q19": 180.0, "q20": 178.0, "q21": 146.0, "q22": 51.0, "q23": 53.0, "q24": 72.0, "q25": 122.0, "q26": 11.0, "q27": 75.0, "q28": 71.0, "q29": 223.0, "q30": 84.0, "q31": 174.0, "q32": 190.0, "q33": 123.0, "q34": 191.0, "q35": 98.0, "q36": 152.0, "q37": 114.0, "q38": 242.0, "q39": 89.0, "q40": 101.0, "q41": 61.0, "q42": 147.0, "q43": 102.0, "q44": 133.0, "q45": 228.0, "q46": 252.0, "q47": 197.0, "q48": 130.0, "q49": 27.0, "q50": 93.0, "q51": 229.0, "q52": 82.0, "q53": 23.0, "q54": 229.0, "q55": 3.0, "q56": 101.0, "q57": 193.0, "q58": 33.0, "q59": 206.0, "q60": 242.0, "q61": 115.0, "q62": 207.0, "q63": 149.0}, "datetime": {"datetime": "2019-11-11 18:46:14", "elapsed": 1.968409, "delta": 0.005979}}
{"target": -0.09967525366167157, "params": {"q00": 5.0, "q01": 24.0, "q02": 211.0, "q03": 15.0, "q04": 186.0, "q05": 86.0, "q06": 156.0, "q07": 217.0, "q08": 78.0, "q09": 31.0, "q10": 64.0, "q11": 71.0, "q12": 20.0, "q13": 115.0, "q14": 93.0, "q15": 199.0, "q16": 94.0, "q17": 10.0, "q18": 23.0, "q19": 220.0, "q20": 175.0, "q21": 173.0, "q22": 16.0, "q23": 127.0, "q24": 24.0, "q25": 137.0, "q26": 119.0, "q27": 222.0, "q28": 203.0, "q29": 160.0, "q30": 134.0, "q31": 137.0, "q32": 77.0, "q33": 128.0, "q34": 109.0, "q35": 26.0, "q36": 246.0, "q37": 216.0, "q38": 146.0, "q39": 61.0, "q40": 17.0, "q41": 135.0, "q42": 71.0, "q43": 43.0, "q44": 148.0, "q45": 11.0, "q46": 204.0, "q47": 249.0, "q48": 131.0, "q49": 39.0, "q50": 228.0, "q51": 173.0, "q52": 120.0, "q53": 191.0, "q54": 237.0, "q55": 162.0, "q56": 110.0, "q57": 129.0, "q58": 200.0, "q59": 225.0, "q60": 84.0, "q61": 238.0, "q62": 249.0, "q63": 254.0}, "datetime": {"datetime": "2019-11-11 18:46:14", "elapsed": 1.974386, "delta": 0.005977}}
{"target": -0.13293942152055704, "params": {"q00": 11.0, "q01": 49.0, "q02": 2.0, "q03": 245.0, "q04": 244.0, "q05": 238.0, "q06": 28.0, "q07": 13.0, "q08": 40.0, "q09": 59.0, "q10": 73.0, "q11": 111.0, "q12": 235.0, "q13": 29.0, "q14": 231.0, "q15": 185.0, "q16": 82.0, "q17": 1.0, "q18": 59.0, "q19": 80.0, "q20": 10.0, "q21": 21.0, "q22": 189.0, "q23": 79.0, "q24": 105.0, "q25": 189.0, "q26": 130.0, "q27": 117.0, "q28": 194.0, "q29": 252.0, "q30": 183.0, "q31": 138.0, "q32": 54.0, "q33": 221.0, "q34": 49.0, "q35": 175.0, "q36": 1.0, "q37": 33.0, "q38": 53.0, "q39": 36.0, "q40": 105.0, "q41": 194.0, "q42": 19.0, "q43": 191.0, "q44": 166.0, "q45": 41.0, "q46": 187.0, "q47": 219.0, "q48": 46.0, "q49": 43.0, "q50": 156.0, "q51": 228.0, "q52": 93.0, "q53": 12.0, "q54": 223.0, "q55": 248.0, "q56": 239.0, "q57": 194.0, "q58": 235.0, "q59": 75.0, "q60": 166.0, "q61": 78.0, "q62": 57.0, "q63": 238.0}, "datetime": {"datetime": "2019-11-11 18:46:14", "elapsed": 1.980386, "delta": 0.006}}
{"target": -0.10365448561957769, "params": {"q00": 2.0, "q01": 16.0, "q02": 67.0, "q03": 89.0, "q04": 107.0, "q05": 173.0, "q06": 45.0, "q07": 68.0, "q08": 7.0, "q09": 72.0, "q10": 23.0, "q11": 102.0, "q12": 252.0, "q13": 111.0, "q14": 212.0, "q15": 128.0, "q16": 11.0, "q17": 68.0, "q18": 15.0, "q19": 113.0, "q20": 53.0, "q21": 3.0, "q22": 65.0, "q23": 216.0, "q24": 10.0, "q25": 142.0, "q26": 6.0, "q27": 1.0, "q28": 36.0, "q29": 173.0, "q30": 109.0, "q31": 7.0, "q32": 117.0, "q33": 206.0, "q34": 250.0, "q35": 1.0, "q36": 105.0, "q37": 8.0, "q38": 64.0, "q39": 37.0, "q40": 160.0, "q41": 202.0, "q42": 51.0, "q43": 12.0, "q44": 47.0, "q45": 63.0, "q46": 164.0, "q47": 122.0, "q48": 219.0, "q49": 211.0, "q50": 104.0, "q51": 86.0, "q52": 89.0, "q53": 234.0, "q54": 71.0, "q55": 90.0, "q56": 221.0, "q57": 183.0, "q58": 43.0, "q59": 76.0, "q60": 14.0, "q61": 49.0, "q62": 37.0, "q63": 204.0}, "datetime": {"datetime": "2019-11-11 18:46:14", "elapsed": 1.986467, "delta": 0.006081}}
{"target": -0.07732543751719062, "params": {"q00": 11.0, "q01": 12.0, "q02": 65.0, "q03": 123.0, "q04": 77.0, "q05": 225.0, "q06": 222.0, "q07": 208.0, "q08": 6.0, "q09": 19.0, "q10": 156.0, "q11": 120.0, "q12": 193.0, "q13": 143.0, "q14": 14.0, "q15": 229.0, "q16": 50.0, "q17": 182.0, "q18": 29.0, "q19": 19.0, "q20": 206.0, "q21": 95.0, "q22": 112.0, "q23": 149.0, "q24": 170.0, "q25": 98.0, "q26": 47.0, "q27": 75.0, "q28": 249.0, "q29": 225.0, "q30": 72.0, "q31": 69.0, "q32": 113.0, "q33": 44.0, "q34": 29.0, "q35": 101.0, "q36": 113.0, "q37": 226.0, "q38": 118.0, "q39": 121.0, "q40": 87.0, "q41": 18.0, "q42": 56.0, "q43": 22.0, "q44": 165.0, "q45": 92.0, "q46": 245.0, "q47": 9.0, "q48": 73.0, "q49": 167.0, "q50": 190.0, "q51": 165.0, "q52": 134.0, "q53": 155.0, "q54": 203.0, "q55": 97.0, "q56": 197.0, "q57": 29.0, "q58": 44.0, "q59": 33.0, "q60": 163.0, "q61": 23.0, "q62": 188.0, "q63": 39.0}, "datetime": {"datetime": "2019-11-11 18:46:14", "elapsed": 1.992399, "delta": 0.005932}}
{"target": -0.11833612140347677, "params": {"q00": 38.0, "q01": 15.0, "q02": 134.0, "q03": 189.0, "q04": 237.0, "q05": 243.0, "q06": 114.0, "q07": 1.0, "q08": 4.0, "q09": 12.0, "q10": 132.0, "q11": 2.0, "q12": 153.0, "q13": 219.0, "q14": 26.0, "q15": 164.0, "q16": 75.0, "q17": 9.0, "q18": 50.0, "q19": 36.0, "q20": 44.0, "q21": 47.0, "q22": 19.0, "q23": 231.0, "q24": 246.0, "q25": 19.0, "q26": 80.0, "q27": 15.0, "q28": 241.0, "q29": 179.0, "q30": 188.0, "q31": 43.0, "q32": 43.0, "q33": 179.0, "q34": 144.0, "q35": 211.0, "q36": 109.0, "q37": 124.0, "q38": 77.0, "q39": 136.0, "q40": 61.0, "q41": 89.0, "q42": 156.0, "q43": 34.0, "q44": 176.0, "q45": 198.0, "q46": 26.0, "q47": 71.0, "q48": 42.0, "q49": 11.0, "q50": 109.0, "q51": 167.0, "q52": 57.0, "q53": 189.0, "q54": 31.0, "q55": 106.0, "q56": 157.0, "q57": 50.0, "q58": 227.0, "q59": 57.0, "q60": 80.0, "q61": 157.0, "q62": 103.0, "q63": 205.0}, "datetime": {"datetime": "2019-11-11 18:46:14", "elapsed": 1.99848, "delta": 0.006081}}
{"target": -0.06871624672362092, "params": {"q00": 32.0, "q01": 52.0, "q02": 55.0, "q03": 2.0, "q04": 149.0, "q05": 15.0, "q06": 113.0, "q07": 212.0, "q08": 20.0, "q09": 28.0, "q10": 30.0, "q11": 64.0, "q12": 25.0, "q13": 139.0, "q14": 80.0, "q15": 163.0, "q16": 9.0, "q17": 17.0, "q18": 80.0, "q19": 251.0, "q20": 20.0, "q21": 248.0, "q22": 71.0, "q23": 252.0, "q24": 118.0, "q25": 112.0, "q26": 94.0, "q27": 131.0, "q28": 210.0, "q29": 96.0, "q30": 97.0, "q31": 56.0, "q32": 225.0, "q33": 138.0, "q34": 165.0, "q35": 175.0, "q36": 41.0, "q37": 34.0, "q38": 179.0, "q39": 42.0, "q40": 251.0, "q41": 106.0, "q42": 74.0, "q43": 164.0, "q44": 55.0, "q45": 244.0, "q46": 34.0, "q47": 103.0, "q48": 223.0, "q49": 93.0, "q50": 39.0, "q51": 239.0, "q52": 42.0, "q53": 17.0, "q54": 81.0, "q55": 60.0, "q56": 83.0, "q57": 131.0, "q58": 122.0, "q59": 104.0, "q60": 224.0, "q61": 163.0, "q62": 49.0, "q63": 47.0}, "datetime": {"datetime": "2019-11-11 18:46:14", "elapsed": 2.005064, "delta": 0.006584}}
{"target": -0.1008282809598478, "params": {"q00": 25.0, "q01": 16.0, "q02": 74.0, "q03": 170.0, "q04": 151.0, "q05": 150.0, "q06": 161.0, "q07": 39.0, "q08": 8.0, "q09": 11.0, "q10": 137.0, "q11": 20.0, "q12": 94.0, "q13": 19.0, "q14": 251.0, "q15": 227.0, "q16": 19.0, "q17": 148.0, "q18": 32.0, "q19": 236.0, "q20": 238.0, "q21": 198.0, "q22": 216.0, "q23": 186.0, "q24": 97.0, "q25": 118.0, "q26": 231.0, "q27": 34.0, "q28": 207.0, "q29": 237.0, "q30": 116.0, "q31": 38.0, "q32": 216.0, "q33": 7.0, "q34": 146.0, "q35": 198.0, "q36": 4.0, "q37": 187.0, "q38": 92.0, "q39": 186.0, "q40": 142.0, "q41": 66.0, "q42": 214.0, "q43": 168.0, "q44": 53.0, "q45": 79.0, "q46": 181.0, "q47": 7.0, "q48": 206.0, "q49": 200.0, "q50": 75.0, "q51": 238.0, "q52": 152.0, "q53": 200.0, "q54": 22.0, "q55": 14.0, "q56": 45.0, "q57": 189.0, "q58": 122.0, "q59": 58.0, "q60": 244.0, "q61": 151.0, "q62": 242.0, "q63": 230.0}, "datetime": {"datetime": "2019-11-11 18:46:14", "elapsed": 2.011783, "delta": 0.006719}}
{"target": -0.10200961644795775, "params": {"q00": 22.0, "q01": 2.0, "q02": 225.0, "q03": 253.0, "q04": 182.0, "q05": 85.0, "q06": 41.0, "q07": 36.0, "q08": 10.0, "q09": 38.0, "q10": 78.0, "q11": 34.0, "q12": 47.0, "q13": 38.0, "q14": 67.0, "q15": 151.0, "q16": 117.0, "q17": 75.0, "q18": 48.0, "q19": 241.0, "q20": 70.0, "q21": 147.0, "q22": 140.0, "q23": 207.0, "q24": 79.0, "q25": 86.0, "q26": 233.0, "q27": 54.0, "q28": 25.0, "q29": 35.0, "q30": 219.0, "q31": 7.0, "q32": 12.0, "q33": 37.0, "q34": 33.0, "q35": 47.0, "q36": 152.0, "q37": 78.0, "q38": 82.0, "q39": 156.0, "q40": 74.0, "q41": 28.0, "q42": 15.0, "q43": 59.0, "q44": 160.0, "q45": 178.0, "q46": 38.0, "q47": 145.0, "q48": 149.0, "q49": 5.0, "q50": 64.0, "q51": 79.0, "q52": 63.0, "q53": 178.0, "q54": 85.0, "q55": 49.0, "q56": 14.0, "q57": 103.0, "q58": 110.0, "q59": 97.0, "q60": 112.0, "q61": 30.0, "q62": 113.0, "q63": 200.0}, "datetime": {"datetime": "2019-11-11 18:46:14", "elapsed": 2.018427, "delta": 0.006644}}
{"target": -0.13737283684607782, "params": {"q00": 11.0, "q01": 17.0, "q02": 235.0, "q03": 65.0, "q04": 230.0, "q05": 88.0, "q06": 234.0, "q07": 128.0, "q08": 19.0, "q09": 3.0, "q10": 96.0, "q11": 236.0, "q12": 252.0, "q13": 117.0, "q14": 65.0, "q15": 160.0, "q16": 120.0, "q17": 13.0, "q18": 85.0, "q19": 28.0, "q20": 6.0, "q21": 66.0, "q22": 231.0, "q23": 184.0, "q24": 64.0, "q25": 191.0, "q26": 231.0, "q27": 45.0, "q28": 151.0, "q29": 223.0, "q30": 191.0, "q31": 3.0, "q32": 93.0, "q33": 226.0, "q34": 190.0, "q35": 68.0, "q36": 87.0, "q37": 122.0, "q38": 171.0, "q39": 106.0, "q40": 99.0, "q41": 143.0, "q42": 215.0, "q43": 173.0, "q44": 43.0, "q45": 204.0, "q46": 229.0, "q47": 39.0, "q48": 225.0, "q49": 235.0, "q50": 171.0, "q51": 25.0, "q52": 180.0, "q53": 111.0, "q54": 66.0, "q55": 183.0, "q56": 189.0, "q57": 211.0, "q58": 4.0, "q59": 129.0, "q60": 26.0, "q61": 113.0, "q62": 247.0, "q63": 120.0}, "datetime": {"datetime": "2019-11-11 18:46:14", "elapsed": 2.024827, "delta": 0.0064}}
{"target": -0.08322960187180378, "params": {"q00": 9.0, "q01": 86.0, "q02": 23.0, "q03": 4.0, "q04": 12.0, "q05": 214.0, "q06": 240.0, "q07": 150.0, "q08": 30.0, "q09": 2.0, "q10": 104.0, "q11": 41.0, "q12": 143.0, "q13": 160.0, "q14": 107.0, "q15": 231.0, "q16": 10.0, "q17": 39.0, "q18": 134.0, "q19": 30.0, "q20": 133.0, "q21": 107.0, "q22": 22.0, "q23": 150.0, "q24": 22.0, "q25": 236.0, "q26": 128.0, "q27": 33.0, "q28": 144.0, "q29": 58.0, "q30": 88.0, "q31": 175.0, "q32": 167.0, "q33": 223.0, "q34": 35.0, "q35": 159.0, "q36": 228.0, "q37": 111.0, "q38": 239.0, "q39": 199.0, "q40": 61.0, "q41": 212.0, "q42": 91.0, "q43": 13.0, "q44": 76.0, "q45": 49.0, "q46": 149.0, "q47": 96.0, "q48": 230.0, "q49": 146.0, "q50": 242.0, "q51": 226.0, "q52": 201.0, "q53": 176.0, "q54": 232.0, "q55": 168.0, "q56": 146.0, "q57": 85.0, "q58": 187.0, "q59": 20.0, "q60": 59.0, "q61": 201.0, "q62": 109.0, "q63": 235.0}, "datetime": {"datetime": "2019-11-11 18:46:14", "elapsed": 2.031386, "delta": 0.006559}}
{"target": -0.15185812453488812, "params": {"q00": 31.0, "q01": 81.0, "q02": 66.0, "q03": 84.0, "q04": 152.0, "q05": 223.0, "q06": 76.0, "q07": 189.0, "q08": 51.0, "q09": 47.0, "q10": 16.0, "q11": 244.0, "q12": 114.0, "q13": 95.0, "q14": 18.0, "q15": 86.0, "q16": 39.0, "q17": 41.0, "q18": 31.0, "q19": 145.0, "q20": 113.0, "q21": 95.0, "q22": 158.0, "q23": 126.0, "q24": 242.0, "q25": 73.0, "q26": 247.0, "q27": 6.0, "q28": 190.0, "q29": 55.0, "q30": 83.0, "q31": 87.0, "q32": 175.0, "q33": 56.0, "q34": 87.0, "q35": 228.0, "q36": 218.0, "q37": 22.0, "q38": 3.0, "q39": 138.0, "q40": 135.0, "q41": 201.0, "q42": 37.0, "q43": 224.0, "q44": 9.0, "q45": 8.0, "q46": 234.0, "q47": 95.0, "q48": 30.0, "q49": 185.0, "q50": 202.0, "q51": 115.0, "q52": 96.0, "q53": 39.0, "q54": 1.0, "q55": 103.0, "q56": 213.0, "q57": 61.0, "q58": 102.0, "q59": 15.0, "q60": 12.0, "q61": 34.0, "q62": 8.0, "q63": 107.0}, "datetime": {"datetime": "2019-11-11 18:46:14", "elapsed": 2.037795, "delta": 0.006409}}
{"target": -0.08290626713709476, "params": {"q00": 3.0, "q01": 13.0, "q02": 46.0, "q03": 42.0, "q04": 37.0, "q05": 239.0, "q06": 199.0, "q07": 136.0, "q08": 98.0, "q09": 32.0, "q10": 12.0, "q11": 95.0, "q12": 37.0, "q13": 159.0, "q14": 37.0, "q15": 79.0, "q16": 65.0, "q17": 88.0, "q18": 118.0, "q19": 91.0, "q20": 107.0, "q21": 231.0, "q22": 9.0, "q23": 200.0, "q24": 45.0, "q25": 12.0, "q26": 245.0, "q27": 20.0, "q28": 119.0, "q29": 74.0, "q30": 172.0, "q31": 47.0, "q32": 210.0, "q33": 21.0, "q34": 10.0, "q35": 219.0, "q36": 187.0, "q37": 166.0, "q38": 27.0, "q39": 104.0, "q40": 78.0, "q41": 214.0, "q42": 44.0, "q43": 233.0, "q44": 197.0, "q45": 46.0, "q46": 251.0, "q47": 184.0, "q48": 233.0, "q49": 52.0, "q50": 223.0, "q51": 252.0, "q52": 186.0, "q53": 194.0, "q54": 86.0, "q55": 182.0, "q56": 26.0, "q57": 144.0, "q58": 207.0, "q59": 47.0, "q60": 254.0, "q61": 215.0, "q62": 236.0, "q63": 139.0}, "datetime": {"datetime": "2019-11-11 18:46:14", "elapsed": 2.044147, "delta": 0.006352}}
{"target": -0.12987035574451383, "params": {"q00": 16.0, "q01": 11.0, "q02": 213.0, "q03": 28.0, "q04": 87.0, "q05": 84.0, "q06": 221.0, "q07": 129.0, "q08": 15.0, "q09": 127.0, "q10": 24.0, "q11": 26.0, "q12": 7.0, "q13": 92.0, "q14": 127.0, "q15": 251.0, "q16": 32.0, "q17": 3.0, "q18": 171.0, "q19": 215.0, "q20": 46.0, "q21": 84.0, "q22": 70.0, "q23": 58.0, "q24": 207.0, "q25": 39.0, "q26": 102.0, "q27": 137.0, "q28": 96.0, "q29": 36.0, "q30": 224.0, "q31": 45.0, "q32": 95.0, "q33": 145.0, "q34": 162.0, "q35": 207.0, "q36": 110.0, "q37": 91.0, "q38": 105.0, "q39": 12.0, "q40": 161.0, "q41": 58.0, "q42": 119.0, "q43": 122.0, "q44": 245.0, "q45": 229.0, "q46": 185.0, "q47": 184.0, "q48": 241.0, "q49": 102.0, "q50": 34.0, "q51": 2.0, "q52": 82.0, "q53": 93.0, "q54": 243.0, "q55": 131.0, "q56": 195.0, "q57": 171.0, "q58": 119.0, "q59": 84.0, "q60": 248.0, "q61": 16.0, "q62": 221.0, "q63": 53.0}, "datetime": {"datetime": "2019-11-11 18:46:14", "elapsed": 2.050419, "delta": 0.006272}}
{"target": -0.11113924681039922, "params": {"q00": 7.0, "q01": 6.0, "q02": 92.0, "q03": 175.0, "q04": 27.0, "q05": 213.0, "q06": 116.0, "q07": 236.0, "q08": 49.0, "q09": 48.0, "q10": 4.0, "q11": 167.0, "q12": 65.0, "q13": 39.0, "q14": 13.0, "q15": 230.0, "q16": 5.0, "q17": 6.0, "q18": 106.0, "q19": 229.0, "q20": 152.0, "q21": 46.0, "q22": 32.0, "q23": 158.0, "q24": 171.0, "q25": 232.0, "q26": 166.0, "q27": 5.0, "q28": 208.0, "q29": 198.0, "q30": 38.0, "q31": 62.0, "q32": 156.0, "q33": 254.0, "q34": 153.0, "q35": 60.0, "q36": 30.0, "q37": 62.0, "q38": 213.0, "q39": 73.0, "q40": 116.0, "q41": 207.0, "q42": 193.0, "q43": 163.0, "q44": 160.0, "q45": 146.0, "q46": 59.0, "q47": 227.0, "q48": 50.0, "q49": 35.0, "q50": 169.0, "q51": 81.0, "q52": 247.0, "q53": 3.0, "q54": 235.0, "q55": 134.0, "q56": 119.0, "q57": 180.0, "q58": 115.0, "q59": 12.0, "q60": 144.0, "q61": 23.0, "q62": 107.0, "q63": 8.0}, "datetime": {"datetime": "2019-11-11 18:46:14", "elapsed": 2.05677, "delta": 0.006351}}
{"target": -0.10475293578399358, "params": {"q00": 32.0, "q01": 14.0, "q02": 78.0, "q03": 61.0, "q04": 20.0, "q05": 15.0, "q06": 93.0, "q07": 20.0, "q08": 4.0, "q09": 27.0, "q10": 40.0, "q11": 212.0, "q12": 223.0, "q13": 48.0, "q14": 26.0, "q15": 205.0, "q16": 197.0, "q17": 2.0, "q18": 87.0, "q19": 27.0, "q20": 174.0, "q21": 153.0, "q22": 50.0, "q23": 225.0, "q24": 5.0, "q25": 253.0, "q26": 53.0, "q27": 68.0, "q28": 3.0, "q29": 23.0, "q30": 124.0, "q31": 159.0, "q32": 80.0, "q33": 116.0, "q34": 27.0, "q35": 163.0, "q36": 82.0, "q37": 151.0, "q38": 187.0, "q39": 158.0, "q40": 223.0, "q41": 93.0, "q42": 139.0, "q43": 90.0, "q44": 30.0, "q45": 193.0, "q46": 210.0, "q47": 155.0, "q48": 27.0, "q49": 50.0, "q50": 23.0, "q51": 181.0, "q52": 25.0, "q53": 131.0, "q54": 96.0, "q55": 42.0, "q56": 53.0, "q57": 194.0, "q58": 128.0, "q59": 93.0, "q60": 21.0, "q61": 25.0, "q62": 168.0, "q63": 87.0}, "datetime": {"datetime": "2019-11-11 18:46:14", "elapsed": 2.063109, "delta": 0.006339}}
{"target": -0.08979264892618471, "params": {"q00": 33.0, "q01": 41.0, "q02": 53.0, "q03": 14.0, "q04": 197.0, "q05": 20.0, "q06": 188.0, "q07": 227.0, "q08": 43.0, "q09": 3.0, "q10": 20.0, "q11": 73.0, "q12": 193.0, "q13": 38.0, "q14": 223.0, "q15": 229.0, "q16": 2.0, "q17": 64.0, "q18": 85.0, "q19": 152.0, "q20": 42.0, "q21": 121.0, "q22": 197.0, "q23": 131.0, "q24": 213.0, "q25": 41.0, "q26": 126.0, "q27": 11.0, "q28": 252.0, "q29": 160.0, "q30": 121.0, "q31": 83.0, "q32": 80.0, "q33": 164.0, "q34": 122.0, "q35": 121.0, "q36": 38.0, "q37": 231.0, "q38": 155.0, "q39": 17.0, "q40": 248.0, "q41": 196.0, "q42": 150.0, "q43": 190.0, "q44": 254.0, "q45": 47.0, "q46": 220.0, "q47": 56.0, "q48": 104.0, "q49": 247.0, "q50": 171.0, "q51": 221.0, "q52": 92.0, "q53": 43.0, "q54": 154.0, "q55": 157.0, "q56": 193.0, "q57": 162.0, "q58": 117.0, "q59": 19.0, "q60": 69.0, "q61": 175.0, "q62": 149.0, "q63": 178.0}, "datetime": {"datetime": "2019-11-11 18:46:14", "elapsed": 2.069868, "delta": 0.006759}}
