{"target": -0.017824625977185704, "params": {"q00": 6.0, "q01": 4.0, "q02": 11.0, "q03": 10.0, "q04": 29.0, "q05": 47.0, "q06": 56.0, "q07": 59.0, "q08": 16.0, "q09": 11.0, "q10": 19.0, "q11": 26.0, "q12": 17.0, "q13": 57.0, "q14": 51.0, "q15": 64.0, "q16": 8.0, "q17": 19.0, "q18": 10.0, "q19": 24.0, "q20": 32.0, "q21": 55.0, "q22": 66.0, "q23": 46.0, "q24": 5.0, "q25": 9.0, "q26": 28.0, "q27": 30.0, "q28": 58.0, "q29": 84.0, "q30": 70.0, "q31": 64.0, "q32": 13.0, "q33": 17.0, "q34": 29.0, "q35": 57.0, "q36": 59.0, "q37": 111.0, "q38": 94.0, "q39": 86.0, "q40": 24.0, "q41": 25.0, "q42": 60.0, "q43": 61.0, "q44": 80.0, "q45": 107.0, "q46": 121.0, "q47": 94.0, "q48": 41.0, "q49": 64.0, "q50": 70.0, "q51": 80.0, "q52": 107.0, "q53": 113.0, "q54": 121.0, "q55": 110.0, "q56": 68.0, "q57": 95.0, "q58": 103.0, "q59": 107.0, "q60": 102.0, "q61": 109.0, "q62": 95.0, "q63": 101.0}, "datetime": {"datetime": "2019-11-22 15:48:09", "elapsed": 20101.876487, "delta": 512.425883}}
{"target": -0.005394266062657804, "params": {"q00": 10.0, "q01": 20.0, "q02": 17.0, "q03": 22.0, "q04": 15.0, "q05": 33.0, "q06": 60.0, "q07": 56.0, "q08": 16.0, "q09": 20.0, "q10": 22.0, "q11": 13.0, "q12": 22.0, "q13": 66.0, "q14": 61.0, "q15": 59.0, "q16": 13.0, "q17": 22.0, "q18": 10.0, "q19": 14.0, "q20": 39.0, "q21": 63.0, "q22": 69.0, "q23": 62.0, "q24": 21.0, "q25": 17.0, "q26": 15.0, "q27": 35.0, "q28": 47.0, "q29": 77.0, "q30": 84.0, "q31": 55.0, "q32": 15.0, "q33": 28.0, "q34": 39.0, "q35": 50.0, "q36": 63.0, "q37": 111.0, "q38": 94.0, "q39": 81.0, "q40": 20.0, "q41": 28.0, "q42": 48.0, "q43": 55.0, "q44": 80.0, "q45": 98.0, "q46": 103.0, "q47": 101.0, "q48": 46.0, "q49": 57.0, "q50": 83.0, "q51": 96.0, "q52": 107.0, "q53": 130.0, "q54": 118.0, "q55": 92.0, "q56": 67.0, "q57": 92.0, "q58": 94.0, "q59": 96.0, "q60": 105.0, "q61": 106.0, "q62": 101.0, "q63": 103.0}, "datetime": {"datetime": "2019-11-22 15:58:30", "elapsed": 20723.032546, "delta": 621.156059}}
{"target": -0.015125499884148685, "params": {"q00": 17.0, "q01": 20.0, "q02": 13.0, "q03": 6.0, "q04": 15.0, "q05": 33.0, "q06": 42.0, "q07": 66.0, "q08": 17.0, "q09": 5.0, "q10": 22.0, "q11": 11.0, "q12": 32.0, "q13": 50.0, "q14": 51.0, "q15": 56.0, "q16": 20.0, "q17": 6.0, "q18": 12.0, "q19": 15.0, "q20": 46.0, "q21": 62.0, "q22": 61.0, "q23": 64.0, "q24": 20.0, "q25": 26.0, "q26": 25.0, "q27": 36.0, "q28": 48.0, "q29": 92.0, "q30": 81.0, "q31": 66.0, "q32": 21.0, "q33": 30.0, "q34": 31.0, "q35": 47.0, "q36": 58.0, "q37": 110.0, "q38": 93.0, "q39": 77.0, "q40": 16.0, "q41": 29.0, "q42": 55.0, "q43": 58.0, "q44": 77.0, "q45": 103.0, "q46": 112.0, "q47": 90.0, "q48": 40.0, "q49": 57.0, "q50": 73.0, "q51": 78.0, "q52": 97.0, "q53": 128.0, "q54": 124.0, "q55": 101.0, "q56": 68.0, "q57": 90.0, "q58": 95.0, "q59": 103.0, "q60": 110.0, "q61": 106.0, "q62": 112.0, "q63": 106.0}, "datetime": {"datetime": "2019-11-22 16:07:00", "elapsed": 21232.754692, "delta": 509.722146}}
{"target": -0.012773438987034647, "params": {"q00": 10.0, "q01": 4.0, "q02": 19.0, "q03": 6.0, "q04": 15.0, "q05": 37.0, "q06": 57.0, "q07": 58.0, "q08": 21.0, "q09": 18.0, "q10": 19.0, "q11": 26.0, "q12": 35.0, "q13": 58.0, "q14": 68.0, "q15": 59.0, "q16": 16.0, "q17": 22.0, "q18": 6.0, "q19": 16.0, "q20": 37.0, "q21": 61.0, "q22": 67.0, "q23": 57.0, "q24": 13.0, "q25": 16.0, "q26": 29.0, "q27": 27.0, "q28": 54.0, "q29": 79.0, "q30": 77.0, "q31": 56.0, "q32": 8.0, "q33": 30.0, "q34": 33.0, "q35": 52.0, "q36": 61.0, "q37": 115.0, "q38": 101.0, "q39": 72.0, "q40": 24.0, "q41": 38.0, "q42": 45.0, "q43": 71.0, "q44": 88.0, "q45": 101.0, "q46": 103.0, "q47": 89.0, "q48": 43.0, "q49": 65.0, "q50": 77.0, "q51": 96.0, "q52": 104.0, "q53": 128.0, "q54": 128.0, "q55": 104.0, "q56": 80.0, "q57": 101.0, "q58": 98.0, "q59": 93.0, "q60": 110.0, "q61": 99.0, "q62": 95.0, "q63": 99.0}, "datetime": {"datetime": "2019-11-22 16:16:17", "elapsed": 21790.021635, "delta": 557.266943}}
{"target": -0.008844639544096311, "params": {"q00": 20.0, "q01": 11.0, "q02": 14.0, "q03": 18.0, "q04": 23.0, "q05": 32.0, "q06": 58.0, "q07": 67.0, "q08": 14.0, "q09": 12.0, "q10": 10.0, "q11": 25.0, "q12": 32.0, "q13": 61.0, "q14": 67.0, "q15": 57.0, "q16": 20.0, "q17": 13.0, "q18": 22.0, "q19": 24.0, "q20": 30.0, "q21": 62.0, "q22": 73.0, "q23": 46.0, "q24": 23.0, "q25": 25.0, "q26": 20.0, "q27": 25.0, "q28": 53.0, "q29": 90.0, "q30": 78.0, "q31": 67.0, "q32": 25.0, "q33": 16.0, "q34": 41.0, "q35": 46.0, "q36": 66.0, "q37": 114.0, "q38": 100.0, "q39": 77.0, "q40": 27.0, "q41": 38.0, "q42": 51.0, "q43": 64.0, "q44": 72.0, "q45": 105.0, "q46": 112.0, "q47": 83.0, "q48": 53.0, "q49": 61.0, "q50": 85.0, "q51": 83.0, "q52": 109.0, "q53": 113.0, "q54": 123.0, "q55": 93.0, "q56": 69.0, "q57": 83.0, "q58": 98.0, "q59": 106.0, "q60": 106.0, "q61": 99.0, "q62": 94.0, "q63": 105.0}, "datetime": {"datetime": "2019-11-22 16:32:18", "elapsed": 22750.975644, "delta": 960.954009}}
{"target": -0.0166525565009199, "params": {"q00": 16.0, "q01": 18.0, "q02": 6.0, "q03": 23.0, "q04": 16.0, "q05": 30.0, "q06": 58.0, "q07": 70.0, "q08": 21.0, "q09": 18.0, "q10": 9.0, "q11": 10.0, "q12": 22.0, "q13": 48.0, "q14": 63.0, "q15": 45.0, "q16": 23.0, "q17": 5.0, "q18": 15.0, "q19": 20.0, "q20": 31.0, "q21": 47.0, "q22": 76.0, "q23": 51.0, "q24": 13.0, "q25": 11.0, "q26": 16.0, "q27": 38.0, "q28": 44.0, "q29": 96.0, "q30": 81.0, "q31": 62.0, "q32": 18.0, "q33": 17.0, "q34": 32.0, "q35": 58.0, "q36": 70.0, "q37": 113.0, "q38": 99.0, "q39": 69.0, "q40": 18.0, "q41": 37.0, "q42": 47.0, "q43": 61.0, "q44": 78.0, "q45": 103.0, "q46": 111.0, "q47": 90.0, "q48": 43.0, "q49": 68.0, "q50": 74.0, "q51": 78.0, "q52": 94.0, "q53": 123.0, "q54": 121.0, "q55": 94.0, "q56": 62.0, "q57": 101.0, "q58": 98.0, "q59": 99.0, "q60": 104.0, "q61": 105.0, "q62": 94.0, "q63": 90.0}, "datetime": {"datetime": "2019-11-22 16:41:49", "elapsed": 23321.865819, "delta": 570.890175}}
