{"target": -0.0073827449291556935, "params": {"q00": 23.0, "q01": 24.0, "q02": 25.0, "q03": 25.0, "q04": 27.0, "q05": 27.0, "q06": 34.0, "q07": 34.0, "q08": 24.0, "q09": 25.0, "q10": 25.0, "q11": 27.0, "q12": 28.0, "q13": 34.0, "q14": 34.0, "q15": 41.0, "q16": 24.0, "q17": 26.0, "q18": 27.0, "q19": 29.0, "q20": 33.0, "q21": 34.0, "q22": 41.0, "q23": 42.0, "q24": 26.0, "q25": 27.0, "q26": 29.0, "q27": 33.0, "q28": 35.0, "q29": 40.0, "q30": 44.0, "q31": 52.0, "q32": 26.0, "q33": 30.0, "q34": 33.0, "q35": 35.0, "q36": 38.0, "q37": 44.0, "q38": 51.0, "q39": 53.0, "q40": 30.0, "q41": 32.0, "q42": 36.0, "q43": 38.0, "q44": 44.0, "q45": 49.0, "q46": 54.0, "q47": 63.0, "q48": 32.0, "q49": 36.0, "q50": 37.0, "q51": 45.0, "q52": 48.0, "q53": 57.0, "q54": 60.0, "q55": 64.0, "q56": 36.0, "q57": 36.0, "q58": 46.0, "q59": 47.0, "q60": 58.0, "q61": 60.0, "q62": 65.0, "q63": 82.0}, "datetime": {"datetime": "2019-11-11 18:46:12", "elapsed": 0.060554, "delta": 0.001441}}
{"target": 0.00042495394443498036, "params": {"q00": 10.0, "q01": 10.0, "q02": 13.0, "q03": 13.0, "q04": 16.0, "q05": 16.0, "q06": 22.0, "q07": 22.0, "q08": 11.0, "q09": 12.0, "q10": 13.0, "q11": 15.0, "q12": 16.0, "q13": 21.0, "q14": 23.0, "q15": 28.0, "q16": 11.0, "q17": 13.0, "q18": 15.0, "q19": 17.0, "q20": 21.0, "q21": 23.0, "q22": 28.0, "q23": 29.0, "q24": 13.0, "q25": 14.0, "q26": 17.0, "q27": 19.0, "q28": 24.0, "q29": 27.0, "q30": 32.0, "q31": 41.0, "q32": 14.0, "q33": 18.0, "q34": 19.0, "q35": 24.0, "q36": 27.0, "q37": 33.0, "q38": 40.0, "q39": 42.0, "q40": 18.0, "q41": 19.0, "q42": 24.0, "q43": 25.0, "q44": 36.0, "q45": 39.0, "q46": 42.0, "q47": 50.0, "q48": 18.0, "q49": 24.0, "q50": 25.0, "q51": 36.0, "q52": 39.0, "q53": 43.0, "q54": 47.0, "q55": 63.0, "q56": 25.0, "q57": 25.0, "q58": 38.0, "q59": 39.0, "q60": 44.0, "q61": 45.0, "q62": 75.0, "q63": 79.0}, "datetime": {"datetime": "2019-11-11 18:46:12", "elapsed": 0.062031, "delta": 0.001477}}
{"target": -0.006243827664254575, "params": {"q00": 15.0, "q01": 15.0, "q02": 17.0, "q03": 18.0, "q04": 24.0, "q05": 26.0, "q06": 34.0, "q07": 34.0, "q08": 16.0, "q09": 17.0, "q10": 18.0, "q11": 24.0, "q12": 26.0, "q13": 33.0, "q14": 35.0, "q15": 46.0, "q16": 17.0, "q17": 19.0, "q18": 23.0, "q19": 27.0, "q20": 33.0, "q21": 36.0, "q22": 46.0, "q23": 46.0, "q24": 19.0, "q25": 23.0, "q26": 27.0, "q27": 33.0, "q28": 37.0, "q29": 45.0, "q30": 46.0, "q31": 60.0, "q32": 22.0, "q33": 27.0, "q34": 32.0, "q35": 37.0, "q36": 43.0, "q37": 47.0, "q38": 58.0, "q39": 62.0, "q40": 29.0, "q41": 32.0, "q42": 39.0, "q43": 43.0, "q44": 51.0, "q45": 57.0, "q46": 64.0, "q47": 72.0, "q48": 30.0, "q49": 39.0, "q50": 42.0, "q51": 53.0, "q52": 56.0, "q53": 66.0, "q54": 71.0, "q55": 73.0, "q56": 40.0, "q57": 40.0, "q58": 53.0, "q59": 54.0, "q60": 68.0, "q61": 69.0, "q62": 80.0, "q63": 102.0}, "datetime": {"datetime": "2019-11-11 18:46:12", "elapsed": 0.063497, "delta": 0.001466}}
{"target": 0.0015058234512312918, "params": {"q00": 10.0, "q01": 10.0, "q02": 11.0, "q03": 11.0, "q04": 14.0, "q05": 15.0, "q06": 18.0, "q07": 19.0, "q08": 10.0, "q09": 10.0, "q10": 11.0, "q11": 14.0, "q12": 15.0, "q13": 18.0, "q14": 20.0, "q15": 26.0, "q16": 10.0, "q17": 11.0, "q18": 13.0, "q19": 15.0, "q20": 18.0, "q21": 20.0, "q22": 26.0, "q23": 27.0, "q24": 12.0, "q25": 13.0, "q26": 16.0, "q27": 17.0, "q28": 21.0, "q29": 25.0, "q30": 28.0, "q31": 33.0, "q32": 12.0, "q33": 16.0, "q34": 17.0, "q35": 22.0, "q36": 25.0, "q37": 28.0, "q38": 32.0, "q39": 34.0, "q40": 16.0, "q41": 16.0, "q42": 22.0, "q43": 25.0, "q44": 28.0, "q45": 31.0, "q46": 34.0, "q47": 40.0, "q48": 16.0, "q49": 22.0, "q50": 24.0, "q51": 28.0, "q52": 29.0, "q53": 35.0, "q54": 37.0, "q55": 42.0, "q56": 23.0, "q57": 23.0, "q58": 29.0, "q59": 29.0, "q60": 35.0, "q61": 36.0, "q62": 43.0, "q63": 50.0}, "datetime": {"datetime": "2019-11-11 18:46:12", "elapsed": 0.064983, "delta": 0.001486}}
{"target": 0.0008635115085509071, "params": {"q00": 4.0, "q01": 5.0, "q02": 7.0, "q03": 8.0, "q04": 11.0, "q05": 11.0, "q06": 15.0, "q07": 16.0, "q08": 5.0, "q09": 7.0, "q10": 8.0, "q11": 11.0, "q12": 11.0, "q13": 14.0, "q14": 17.0, "q15": 24.0, "q16": 6.0, "q17": 9.0, "q18": 10.0, "q19": 11.0, "q20": 14.0, "q21": 17.0, "q22": 24.0, "q23": 24.0, "q24": 9.0, "q25": 10.0, "q26": 12.0, "q27": 14.0, "q28": 17.0, "q29": 23.0, "q30": 25.0, "q31": 32.0, "q32": 9.0, "q33": 12.0, "q34": 14.0, "q35": 18.0, "q36": 22.0, "q37": 25.0, "q38": 30.0, "q39": 34.0, "q40": 12.0, "q41": 13.0, "q42": 19.0, "q43": 21.0, "q44": 26.0, "q45": 30.0, "q46": 36.0, "q47": 43.0, "q48": 12.0, "q49": 20.0, "q50": 21.0, "q51": 28.0, "q52": 29.0, "q53": 36.0, "q54": 42.0, "q55": 44.0, "q56": 20.0, "q57": 20.0, "q58": 28.0, "q59": 29.0, "q60": 41.0, "q61": 42.0, "q62": 51.0, "q63": 60.0}, "datetime": {"datetime": "2019-11-11 18:46:12", "elapsed": 0.066491, "delta": 0.001508}}
{"target": -0.004756683911719906, "params": {"q00": 18.0, "q01": 19.0, "q02": 20.0, "q03": 20.0, "q04": 24.0, "q05": 24.0, "q06": 31.0, "q07": 31.0, "q08": 19.0, "q09": 20.0, "q10": 21.0, "q11": 23.0, "q12": 24.0, "q13": 30.0, "q14": 31.0, "q15": 36.0, "q16": 19.0, "q17": 22.0, "q18": 23.0, "q19": 24.0, "q20": 30.0, "q21": 31.0, "q22": 36.0, "q23": 36.0, "q24": 22.0, "q25": 23.0, "q26": 25.0, "q27": 30.0, "q28": 31.0, "q29": 35.0, "q30": 37.0, "q31": 44.0, "q32": 22.0, "q33": 25.0, "q34": 28.0, "q35": 32.0, "q36": 35.0, "q37": 37.0, "q38": 42.0, "q39": 46.0, "q40": 26.0, "q41": 27.0, "q42": 32.0, "q43": 35.0, "q44": 38.0, "q45": 42.0, "q46": 48.0, "q47": 58.0, "q48": 26.0, "q49": 33.0, "q50": 35.0, "q51": 38.0, "q52": 40.0, "q53": 50.0, "q54": 57.0, "q55": 58.0, "q56": 33.0, "q57": 34.0, "q58": 38.0, "q59": 39.0, "q60": 50.0, "q61": 51.0, "q62": 62.0, "q63": 64.0}, "datetime": {"datetime": "2019-11-11 18:46:12", "elapsed": 0.068007, "delta": 0.001516}}
{"target": -0.001311423595231509, "params": {"q00": 17.0, "q01": 17.0, "q02": 19.0, "q03": 19.0, "q04": 20.0, "q05": 21.0, "q06": 25.0, "q07": 25.0, "q08": 18.0, "q09": 18.0, "q10": 19.0, "q11": 20.0, "q12": 21.0, "q13": 25.0, "q14": 26.0, "q15": 30.0, "q16": 18.0, "q17": 19.0, "q18": 20.0, "q19": 21.0, "q20": 24.0, "q21": 27.0, "q22": 30.0, "q23": 30.0, "q24": 19.0, "q25": 20.0, "q26": 22.0, "q27": 24.0, "q28": 27.0, "q29": 30.0, "q30": 30.0, "q31": 41.0, "q32": 20.0, "q33": 22.0, "q34": 24.0, "q35": 27.0, "q36": 29.0, "q37": 32.0, "q38": 41.0, "q39": 41.0, "q40": 23.0, "q41": 24.0, "q42": 27.0, "q43": 28.0, "q44": 33.0, "q45": 40.0, "q46": 42.0, "q47": 46.0, "q48": 24.0, "q49": 27.0, "q50": 28.0, "q51": 34.0, "q52": 39.0, "q53": 42.0, "q54": 46.0, "q55": 48.0, "q56": 27.0, "q57": 27.0, "q58": 35.0, "q59": 38.0, "q60": 43.0, "q61": 44.0, "q62": 48.0, "q63": 52.0}, "datetime": {"datetime": "2019-11-11 18:46:12", "elapsed": 0.069523, "delta": 0.001516}}
{"target": 0.003301402967925915, "params": {"q00": 4.0, "q01": 5.0, "q02": 6.0, "q03": 7.0, "q04": 10.0, "q05": 11.0, "q06": 15.0, "q07": 15.0, "q08": 5.0, "q09": 6.0, "q10": 7.0, "q11": 10.0, "q12": 11.0, "q13": 14.0, "q14": 15.0, "q15": 20.0, "q16": 5.0, "q17": 7.0, "q18": 10.0, "q19": 11.0, "q20": 14.0, "q21": 16.0, "q22": 19.0, "q23": 20.0, "q24": 7.0, "q25": 10.0, "q26": 11.0, "q27": 14.0, "q28": 16.0, "q29": 19.0, "q30": 20.0, "q31": 26.0, "q32": 8.0, "q33": 12.0, "q34": 13.0, "q35": 16.0, "q36": 18.0, "q37": 20.0, "q38": 26.0, "q39": 29.0, "q40": 12.0, "q41": 13.0, "q42": 17.0, "q43": 18.0, "q44": 21.0, "q45": 25.0, "q46": 32.0, "q47": 39.0, "q48": 13.0, "q49": 17.0, "q50": 18.0, "q51": 21.0, "q52": 24.0, "q53": 32.0, "q54": 36.0, "q55": 42.0, "q56": 18.0, "q57": 18.0, "q58": 22.0, "q59": 24.0, "q60": 33.0, "q61": 35.0, "q62": 46.0, "q63": 54.0}, "datetime": {"datetime": "2019-11-11 18:46:12", "elapsed": 0.071059, "delta": 0.001536}}
{"target": -0.005775380255097606, "params": {"q00": 19.0, "q01": 20.0, "q02": 23.0, "q03": 24.0, "q04": 32.0, "q05": 34.0, "q06": 46.0, "q07": 48.0, "q08": 21.0, "q09": 21.0, "q10": 24.0, "q11": 31.0, "q12": 34.0, "q13": 46.0, "q14": 49.0, "q15": 61.0, "q16": 21.0, "q17": 24.0, "q18": 31.0, "q19": 36.0, "q20": 41.0, "q21": 50.0, "q22": 61.0, "q23": 62.0, "q24": 24.0, "q25": 27.0, "q26": 38.0, "q27": 41.0, "q28": 51.0, "q29": 61.0, "q30": 65.0, "q31": 80.0, "q32": 25.0, "q33": 39.0, "q34": 40.0, "q35": 51.0, "q36": 59.0, "q37": 66.0, "q38": 80.0, "q39": 81.0, "q40": 39.0, "q41": 39.0, "q42": 52.0, "q43": 59.0, "q44": 66.0, "q45": 78.0, "q46": 82.0, "q47": 92.0, "q48": 39.0, "q49": 54.0, "q50": 58.0, "q51": 66.0, "q52": 74.0, "q53": 84.0, "q54": 87.0, "q55": 97.0, "q56": 55.0, "q57": 57.0, "q58": 68.0, "q59": 68.0, "q60": 87.0, "q61": 87.0, "q62": 108.0, "q63": 119.0}, "datetime": {"datetime": "2019-11-11 18:46:12", "elapsed": 0.072588, "delta": 0.001529}}
{"target": 0.0037558094741183545, "params": {"q00": 21.0, "q01": 22.0, "q02": 28.0, "q03": 30.0, "q04": 37.0, "q05": 40.0, "q06": 56.0, "q07": 56.0, "q08": 24.0, "q09": 28.0, "q10": 30.0, "q11": 36.0, "q12": 41.0, "q13": 54.0, "q14": 58.0, "q15": 78.0, "q16": 26.0, "q17": 31.0, "q18": 35.0, "q19": 44.0, "q20": 51.0, "q21": 58.0, "q22": 78.0, "q23": 79.0, "q24": 33.0, "q25": 35.0, "q26": 45.0, "q27": 50.0, "q28": 58.0, "q29": 77.0, "q30": 80.0, "q31": 92.0, "q32": 34.0, "q33": 45.0, "q34": 48.0, "q35": 60.0, "q36": 72.0, "q37": 80.0, "q38": 90.0, "q39": 92.0, "q40": 47.0, "q41": 48.0, "q42": 60.0, "q43": 70.0, "q44": 81.0, "q45": 86.0, "q46": 97.0, "q47": 121.0, "q48": 48.0, "q49": 62.0, "q50": 68.0, "q51": 81.0, "q52": 85.0, "q53": 101.0, "q54": 119.0, "q55": 129.0, "q56": 62.0, "q57": 64.0, "q58": 84.0, "q59": 84.0, "q60": 104.0, "q61": 110.0, "q62": 142.0, "q63": 145.0}, "datetime": {"datetime": "2019-11-11 18:46:12", "elapsed": 0.074159, "delta": 0.001571}}
{"target": -0.0025259821486010026, "params": {"q00": 17.0, "q01": 17.0, "q02": 20.0, "q03": 20.0, "q04": 23.0, "q05": 24.0, "q06": 28.0, "q07": 28.0, "q08": 17.0, "q09": 18.0, "q10": 21.0, "q11": 22.0, "q12": 24.0, "q13": 28.0, "q14": 28.0, "q15": 37.0, "q16": 18.0, "q17": 21.0, "q18": 22.0, "q19": 25.0, "q20": 28.0, "q21": 28.0, "q22": 36.0, "q23": 37.0, "q24": 21.0, "q25": 22.0, "q26": 26.0, "q27": 28.0, "q28": 29.0, "q29": 35.0, "q30": 39.0, "q31": 46.0, "q32": 21.0, "q33": 26.0, "q34": 27.0, "q35": 29.0, "q36": 35.0, "q37": 39.0, "q38": 45.0, "q39": 46.0, "q40": 26.0, "q41": 27.0, "q42": 29.0, "q43": 34.0, "q44": 41.0, "q45": 44.0, "q46": 47.0, "q47": 52.0, "q48": 27.0, "q49": 29.0, "q50": 33.0, "q51": 41.0, "q52": 42.0, "q53": 47.0, "q54": 51.0, "q55": 53.0, "q56": 30.0, "q57": 31.0, "q58": 41.0, "q59": 41.0, "q60": 47.0, "q61": 48.0, "q62": 56.0, "q63": 84.0}, "datetime": {"datetime": "2019-11-11 18:46:12", "elapsed": 0.075726, "delta": 0.001567}}
{"target": 0.00022710314380369745, "params": {"q00": 2.0, "q01": 2.0, "q02": 4.0, "q03": 5.0, "q04": 7.0, "q05": 7.0, "q06": 12.0, "q07": 13.0, "q08": 2.0, "q09": 4.0, "q10": 5.0, "q11": 7.0, "q12": 8.0, "q13": 12.0, "q14": 13.0, "q15": 17.0, "q16": 4.0, "q17": 6.0, "q18": 7.0, "q19": 8.0, "q20": 11.0, "q21": 13.0, "q22": 16.0, "q23": 17.0, "q24": 6.0, "q25": 7.0, "q26": 8.0, "q27": 10.0, "q28": 13.0, "q29": 16.0, "q30": 17.0, "q31": 24.0, "q32": 7.0, "q33": 9.0, "q34": 10.0, "q35": 14.0, "q36": 15.0, "q37": 18.0, "q38": 23.0, "q39": 24.0, "q40": 9.0, "q41": 10.0, "q42": 14.0, "q43": 15.0, "q44": 18.0, "q45": 22.0, "q46": 24.0, "q47": 34.0, "q48": 10.0, "q49": 14.0, "q50": 15.0, "q51": 20.0, "q52": 21.0, "q53": 26.0, "q54": 32.0, "q55": 47.0, "q56": 15.0, "q57": 15.0, "q58": 20.0, "q59": 21.0, "q60": 29.0, "q61": 31.0, "q62": 48.0, "q63": 50.0}, "datetime": {"datetime": "2019-11-11 18:46:12", "elapsed": 0.077317, "delta": 0.001591}}
{"target": -0.005578824140712091, "params": {"q00": 1.0, "q01": 1.0, "q02": 3.0, "q03": 3.0, "q04": 7.0, "q05": 8.0, "q06": 13.0, "q07": 14.0, "q08": 2.0, "q09": 2.0, "q10": 3.0, "q11": 5.0, "q12": 9.0, "q13": 12.0, "q14": 14.0, "q15": 25.0, "q16": 2.0, "q17": 4.0, "q18": 5.0, "q19": 9.0, "q20": 12.0, "q21": 14.0, "q22": 25.0, "q23": 25.0, "q24": 4.0, "q25": 5.0, "q26": 10.0, "q27": 12.0, "q28": 15.0, "q29": 23.0, "q30": 26.0, "q31": 34.0, "q32": 5.0, "q33": 10.0, "q34": 11.0, "q35": 16.0, "q36": 22.0, "q37": 29.0, "q38": 33.0, "q39": 34.0, "q40": 10.0, "q41": 11.0, "q42": 17.0, "q43": 22.0, "q44": 29.0, "q45": 32.0, "q46": 35.0, "q47": 41.0, "q48": 11.0, "q49": 21.0, "q50": 22.0, "q51": 29.0, "q52": 32.0, "q53": 35.0, "q54": 40.0, "q55": 41.0, "q56": 21.0, "q57": 22.0, "q58": 30.0, "q59": 31.0, "q60": 38.0, "q61": 39.0, "q62": 55.0, "q63": 71.0}, "datetime": {"datetime": "2019-11-11 18:46:12", "elapsed": 0.078924, "delta": 0.001607}}
{"target": 0.0004196529776202551, "params": {"q00": 6.0, "q01": 6.0, "q02": 8.0, "q03": 9.0, "q04": 12.0, "q05": 13.0, "q06": 16.0, "q07": 16.0, "q08": 6.0, "q09": 8.0, "q10": 9.0, "q11": 12.0, "q12": 14.0, "q13": 16.0, "q14": 16.0, "q15": 29.0, "q16": 7.0, "q17": 9.0, "q18": 10.0, "q19": 14.0, "q20": 16.0, "q21": 17.0, "q22": 29.0, "q23": 30.0, "q24": 10.0, "q25": 10.0, "q26": 14.0, "q27": 16.0, "q28": 18.0, "q29": 28.0, "q30": 31.0, "q31": 43.0, "q32": 10.0, "q33": 14.0, "q34": 16.0, "q35": 18.0, "q36": 26.0, "q37": 31.0, "q38": 40.0, "q39": 43.0, "q40": 15.0, "q41": 15.0, "q42": 20.0, "q43": 26.0, "q44": 32.0, "q45": 39.0, "q46": 45.0, "q47": 50.0, "q48": 15.0, "q49": 22.0, "q50": 24.0, "q51": 33.0, "q52": 39.0, "q53": 45.0, "q54": 50.0, "q55": 50.0, "q56": 24.0, "q57": 24.0, "q58": 34.0, "q59": 38.0, "q60": 49.0, "q61": 49.0, "q62": 52.0, "q63": 61.0}, "datetime": {"datetime": "2019-11-11 18:46:12", "elapsed": 0.080524, "delta": 0.0016}}
{"target": -0.0027301325362871776, "params": {"q00": 17.0, "q01": 19.0, "q02": 21.0, "q03": 23.0, "q04": 31.0, "q05": 32.0, "q06": 44.0, "q07": 46.0, "q08": 19.0, "q09": 20.0, "q10": 25.0, "q11": 30.0, "q12": 33.0, "q13": 43.0, "q14": 46.0, "q15": 59.0, "q16": 20.0, "q17": 25.0, "q18": 29.0, "q19": 33.0, "q20": 40.0, "q21": 47.0, "q22": 57.0, "q23": 60.0, "q24": 26.0, "q25": 27.0, "q26": 34.0, "q27": 39.0, "q28": 48.0, "q29": 57.0, "q30": 62.0, "q31": 77.0, "q32": 26.0, "q33": 34.0, "q34": 38.0, "q35": 49.0, "q36": 57.0, "q37": 69.0, "q38": 76.0, "q39": 79.0, "q40": 35.0, "q41": 37.0, "q42": 50.0, "q43": 55.0, "q44": 70.0, "q45": 76.0, "q46": 80.0, "q47": 97.0, "q48": 37.0, "q49": 54.0, "q50": 54.0, "q51": 71.0, "q52": 76.0, "q53": 80.0, "q54": 84.0, "q55": 105.0, "q56": 54.0, "q57": 54.0, "q58": 73.0, "q59": 75.0, "q60": 81.0, "q61": 83.0, "q62": 120.0, "q63": 147.0}, "datetime": {"datetime": "2019-11-11 18:46:12", "elapsed": 0.082159, "delta": 0.001635}}
{"target": 0.004044056103914451, "params": {"q00": 8.0, "q01": 9.0, "q02": 11.0, "q03": 11.0, "q04": 13.0, "q05": 13.0, "q06": 20.0, "q07": 20.0, "q08": 10.0, "q09": 11.0, "q10": 11.0, "q11": 13.0, "q12": 14.0, "q13": 20.0, "q14": 20.0, "q15": 27.0, "q16": 10.0, "q17": 12.0, "q18": 13.0, "q19": 14.0, "q20": 19.0, "q21": 21.0, "q22": 27.0, "q23": 28.0, "q24": 12.0, "q25": 13.0, "q26": 15.0, "q27": 19.0, "q28": 21.0, "q29": 25.0, "q30": 28.0, "q31": 34.0, "q32": 12.0, "q33": 15.0, "q34": 17.0, "q35": 21.0, "q36": 24.0, "q37": 29.0, "q38": 33.0, "q39": 38.0, "q40": 16.0, "q41": 17.0, "q42": 22.0, "q43": 23.0, "q44": 29.0, "q45": 33.0, "q46": 38.0, "q47": 50.0, "q48": 16.0, "q49": 22.0, "q50": 23.0, "q51": 30.0, "q52": 32.0, "q53": 40.0, "q54": 48.0, "q55": 51.0, "q56": 22.0, "q57": 22.0, "q58": 31.0, "q59": 32.0, "q60": 41.0, "q61": 45.0, "q62": 52.0, "q63": 54.0}, "datetime": {"datetime": "2019-11-11 18:46:12", "elapsed": 0.083792, "delta": 0.001633}}
{"target": -0.002084219748131777, "params": {"q00": 16.0, "q01": 16.0, "q02": 18.0, "q03": 19.0, "q04": 20.0, "q05": 22.0, "q06": 26.0, "q07": 28.0, "q08": 17.0, "q09": 17.0, "q10": 19.0, "q11": 20.0, "q12": 22.0, "q13": 26.0, "q14": 29.0, "q15": 38.0, "q16": 17.0, "q17": 19.0, "q18": 20.0, "q19": 23.0, "q20": 26.0, "q21": 30.0, "q22": 38.0, "q23": 41.0, "q24": 19.0, "q25": 20.0, "q26": 23.0, "q27": 26.0, "q28": 32.0, "q29": 38.0, "q30": 42.0, "q31": 65.0, "q32": 20.0, "q33": 24.0, "q34": 26.0, "q35": 32.0, "q36": 38.0, "q37": 42.0, "q38": 52.0, "q39": 65.0, "q40": 25.0, "q41": 25.0, "q42": 33.0, "q43": 37.0, "q44": 43.0, "q45": 50.0, "q46": 67.0, "q47": 73.0, "q48": 25.0, "q49": 34.0, "q50": 37.0, "q51": 43.0, "q52": 50.0, "q53": 67.0, "q54": 72.0, "q55": 78.0, "q56": 34.0, "q57": 36.0, "q58": 46.0, "q59": 48.0, "q60": 67.0, "q61": 68.0, "q62": 93.0, "q63": 109.0}, "datetime": {"datetime": "2019-11-11 18:46:12", "elapsed": 0.085433, "delta": 0.001641}}
{"target": -0.0028253498447435854, "params": {"q00": 11.0, "q01": 11.0, "q02": 14.0, "q03": 14.0, "q04": 19.0, "q05": 19.0, "q06": 26.0, "q07": 26.0, "q08": 11.0, "q09": 13.0, "q10": 15.0, "q11": 18.0, "q12": 20.0, "q13": 25.0, "q14": 26.0, "q15": 37.0, "q16": 12.0, "q17": 15.0, "q18": 17.0, "q19": 20.0, "q20": 25.0, "q21": 28.0, "q22": 36.0, "q23": 37.0, "q24": 15.0, "q25": 17.0, "q26": 21.0, "q27": 23.0, "q28": 28.0, "q29": 34.0, "q30": 38.0, "q31": 46.0, "q32": 15.0, "q33": 21.0, "q34": 23.0, "q35": 30.0, "q36": 33.0, "q37": 38.0, "q38": 44.0, "q39": 47.0, "q40": 21.0, "q41": 22.0, "q42": 30.0, "q43": 33.0, "q44": 38.0, "q45": 44.0, "q46": 48.0, "q47": 69.0, "q48": 22.0, "q49": 30.0, "q50": 32.0, "q51": 38.0, "q52": 42.0, "q53": 48.0, "q54": 69.0, "q55": 73.0, "q56": 30.0, "q57": 30.0, "q58": 39.0, "q59": 39.0, "q60": 53.0, "q61": 59.0, "q62": 75.0, "q63": 80.0}, "datetime": {"datetime": "2019-11-11 18:46:12", "elapsed": 0.087125, "delta": 0.001692}}
{"target": 0.0017959175851964826, "params": {"q00": 15.0, "q01": 15.0, "q02": 16.0, "q03": 17.0, "q04": 19.0, "q05": 19.0, "q06": 22.0, "q07": 22.0, "q08": 15.0, "q09": 15.0, "q10": 17.0, "q11": 18.0, "q12": 20.0, "q13": 21.0, "q14": 22.0, "q15": 27.0, "q16": 15.0, "q17": 17.0, "q18": 18.0, "q19": 20.0, "q20": 21.0, "q21": 22.0, "q22": 27.0, "q23": 27.0, "q24": 17.0, "q25": 18.0, "q26": 21.0, "q27": 21.0, "q28": 23.0, "q29": 26.0, "q30": 27.0, "q31": 32.0, "q32": 17.0, "q33": 21.0, "q34": 21.0, "q35": 24.0, "q36": 26.0, "q37": 28.0, "q38": 32.0, "q39": 33.0, "q40": 21.0, "q41": 21.0, "q42": 24.0, "q43": 26.0, "q44": 28.0, "q45": 31.0, "q46": 34.0, "q47": 41.0, "q48": 21.0, "q49": 24.0, "q50": 25.0, "q51": 28.0, "q52": 30.0, "q53": 36.0, "q54": 38.0, "q55": 41.0, "q56": 25.0, "q57": 25.0, "q58": 29.0, "q59": 30.0, "q60": 36.0, "q61": 38.0, "q62": 46.0, "q63": 53.0}, "datetime": {"datetime": "2019-11-11 18:46:12", "elapsed": 0.088792, "delta": 0.001667}}
{"target": -0.004572652949809908, "params": {"q00": 17.0, "q01": 17.0, "q02": 19.0, "q03": 20.0, "q04": 25.0, "q05": 26.0, "q06": 39.0, "q07": 40.0, "q08": 17.0, "q09": 18.0, "q10": 20.0, "q11": 24.0, "q12": 27.0, "q13": 36.0, "q14": 40.0, "q15": 48.0, "q16": 18.0, "q17": 21.0, "q18": 24.0, "q19": 27.0, "q20": 35.0, "q21": 41.0, "q22": 48.0, "q23": 49.0, "q24": 21.0, "q25": 23.0, "q26": 31.0, "q27": 35.0, "q28": 41.0, "q29": 47.0, "q30": 50.0, "q31": 60.0, "q32": 22.0, "q33": 32.0, "q34": 34.0, "q35": 42.0, "q36": 47.0, "q37": 51.0, "q38": 60.0, "q39": 64.0, "q40": 33.0, "q41": 34.0, "q42": 44.0, "q43": 45.0, "q44": 51.0, "q45": 58.0, "q46": 65.0, "q47": 77.0, "q48": 33.0, "q49": 44.0, "q50": 45.0, "q51": 52.0, "q52": 54.0, "q53": 68.0, "q54": 76.0, "q55": 78.0, "q56": 44.0, "q57": 45.0, "q58": 53.0, "q59": 54.0, "q60": 69.0, "q61": 71.0, "q62": 88.0, "q63": 89.0}, "datetime": {"datetime": "2019-11-11 18:46:12", "elapsed": 0.090488, "delta": 0.001696}}
{"target": -0.2283659309476519, "params": {"q00": 109.0, "q01": 138.0, "q02": 64.0, "q03": 37.0, "q04": 85.0, "q05": 19.0, "q06": 43.0, "q07": 64.0, "q08": 4.0, "q09": 157.0, "q10": 12.0, "q11": 227.0, "q12": 28.0, "q13": 150.0, "q14": 166.0, "q15": 177.0, "q16": 185.0, "q17": 28.0, "q18": 120.0, "q19": 76.0, "q20": 16.0, "q21": 186.0, "q22": 18.0, "q23": 245.0, "q24": 253.0, "q25": 180.0, "q26": 190.0, "q27": 192.0, "q28": 248.0, "q29": 36.0, "q30": 45.0, "q31": 195.0, "q32": 52.0, "q33": 22.0, "q34": 38.0, "q35": 77.0, "q36": 251.0, "q37": 89.0, "q38": 65.0, "q39": 156.0, "q40": 132.0, "q41": 178.0, "q42": 98.0, "q43": 37.0, "q44": 189.0, "q45": 130.0, "q46": 187.0, "q47": 202.0, "q48": 190.0, "q49": 43.0, "q50": 140.0, "q51": 86.0, "q52": 104.0, "q53": 64.0, "q54": 201.0, "q55": 152.0, "q56": 131.0, "q57": 105.0, "q58": 240.0, "q59": 147.0, "q60": 198.0, "q61": 240.0, "q62": 179.0, "q63": 209.0}, "datetime": {"datetime": "2019-11-11 18:46:12", "elapsed": 0.092182, "delta": 0.001694}}
{"target": -0.3497652537398284, "params": {"q00": 173.0, "q01": 42.0, "q02": 5.0, "q03": 246.0, "q04": 67.0, "q05": 223.0, "q06": 4.0, "q07": 230.0, "q08": 208.0, "q09": 203.0, "q10": 254.0, "q11": 192.0, "q12": 9.0, "q13": 44.0, "q14": 227.0, "q15": 203.0, "q16": 39.0, "q17": 141.0, "q18": 125.0, "q19": 102.0, "q20": 140.0, "q21": 221.0, "q22": 175.0, "q23": 237.0, "q24": 65.0, "q25": 7.0, "q26": 210.0, "q27": 40.0, "q28": 138.0, "q29": 226.0, "q30": 115.0, "q31": 136.0, "q32": 21.0, "q33": 171.0, "q34": 141.0, "q35": 15.0, "q36": 66.0, "q37": 46.0, "q38": 62.0, "q39": 156.0, "q40": 51.0, "q41": 57.0, "q42": 230.0, "q43": 74.0, "q44": 20.0, "q45": 25.0, "q46": 151.0, "q47": 242.0, "q48": 120.0, "q49": 140.0, "q50": 20.0, "q51": 90.0, "q52": 11.0, "q53": 152.0, "q54": 12.0, "q55": 147.0, "q56": 87.0, "q57": 211.0, "q58": 203.0, "q59": 79.0, "q60": 228.0, "q61": 223.0, "q62": 187.0, "q63": 248.0}, "datetime": {"datetime": "2019-11-11 18:46:12", "elapsed": 0.093903, "delta": 0.001721}}
