{"target": -0.10915034020496661, "params": {"q00": 11.0, "q01": 19.0, "q02": 150.0, "q03": 58.0, "q04": 128.0, "q05": 68.0, "q06": 169.0, "q07": 114.0, "q08": 66.0, "q09": 2.0, "q10": 60.0, "q11": 127.0, "q12": 129.0, "q13": 114.0, "q14": 242.0, "q15": 209.0, "q16": 1.0, "q17": 9.0, "q18": 76.0, "q19": 94.0, "q20": 52.0, "q21": 87.0, "q22": 243.0, "q23": 217.0, "q24": 93.0, "q25": 155.0, "q26": 243.0, "q27": 185.0, "q28": 27.0, "q29": 124.0, "q30": 85.0, "q31": 36.0, "q32": 211.0, "q33": 117.0, "q34": 242.0, "q35": 18.0, "q36": 216.0, "q37": 50.0, "q38": 169.0, "q39": 36.0, "q40": 133.0, "q41": 174.0, "q42": 215.0, "q43": 208.0, "q44": 132.0, "q45": 183.0, "q46": 126.0, "q47": 35.0, "q48": 57.0, "q49": 180.0, "q50": 228.0, "q51": 150.0, "q52": 109.0, "q53": 117.0, "q54": 64.0, "q55": 187.0, "q56": 27.0, "q57": 143.0, "q58": 248.0, "q59": 127.0, "q60": 110.0, "q61": 91.0, "q62": 105.0, "q63": 66.0}, "datetime": {"datetime": "2019-11-11 18:46:14", "elapsed": 2.076533, "delta": 0.006665}}
{"target": -0.08882179275436891, "params": {"q00": 47.0, "q01": 20.0, "q02": 131.0, "q03": 188.0, "q04": 153.0, "q05": 249.0, "q06": 8.0, "q07": 92.0, "q08": 11.0, "q09": 32.0, "q10": 8.0, "q11": 56.0, "q12": 221.0, "q13": 89.0, "q14": 186.0, "q15": 100.0, "q16": 26.0, "q17": 34.0, "q18": 9.0, "q19": 42.0, "q20": 97.0, "q21": 63.0, "q22": 165.0, "q23": 36.0, "q24": 100.0, "q25": 134.0, "q26": 215.0, "q27": 148.0, "q28": 252.0, "q29": 55.0, "q30": 12.0, "q31": 109.0, "q32": 202.0, "q33": 24.0, "q34": 20.0, "q35": 88.0, "q36": 207.0, "q37": 67.0, "q38": 178.0, "q39": 124.0, "q40": 252.0, "q41": 252.0, "q42": 80.0, "q43": 63.0, "q44": 75.0, "q45": 87.0, "q46": 18.0, "q47": 158.0, "q48": 209.0, "q49": 199.0, "q50": 49.0, "q51": 239.0, "q52": 8.0, "q53": 25.0, "q54": 85.0, "q55": 111.0, "q56": 133.0, "q57": 224.0, "q58": 198.0, "q59": 146.0, "q60": 26.0, "q61": 17.0, "q62": 27.0, "q63": 200.0}, "datetime": {"datetime": "2019-11-11 18:46:14", "elapsed": 2.083251, "delta": 0.006718}}
{"target": -0.10308672795670493, "params": {"q00": 59.0, "q01": 10.0, "q02": 74.0, "q03": 61.0, "q04": 143.0, "q05": 207.0, "q06": 135.0, "q07": 49.0, "q08": 30.0, "q09": 17.0, "q10": 113.0, "q11": 61.0, "q12": 162.0, "q13": 77.0, "q14": 51.0, "q15": 226.0, "q16": 48.0, "q17": 54.0, "q18": 182.0, "q19": 209.0, "q20": 111.0, "q21": 129.0, "q22": 54.0, "q23": 246.0, "q24": 103.0, "q25": 69.0, "q26": 143.0, "q27": 106.0, "q28": 156.0, "q29": 139.0, "q30": 9.0, "q31": 191.0, "q32": 75.0, "q33": 34.0, "q34": 12.0, "q35": 43.0, "q36": 48.0, "q37": 173.0, "q38": 199.0, "q39": 36.0, "q40": 23.0, "q41": 156.0, "q42": 165.0, "q43": 142.0, "q44": 246.0, "q45": 115.0, "q46": 59.0, "q47": 27.0, "q48": 125.0, "q49": 78.0, "q50": 235.0, "q51": 234.0, "q52": 14.0, "q53": 244.0, "q54": 240.0, "q55": 133.0, "q56": 15.0, "q57": 231.0, "q58": 83.0, "q59": 216.0, "q60": 65.0, "q61": 136.0, "q62": 195.0, "q63": 144.0}, "datetime": {"datetime": "2019-11-11 18:46:14", "elapsed": 2.089912, "delta": 0.006661}}
{"target": -0.06210301637581839, "params": {"q00": 35.0, "q01": 11.0, "q02": 11.0, "q03": 62.0, "q04": 83.0, "q05": 9.0, "q06": 96.0, "q07": 231.0, "q08": 50.0, "q09": 2.0, "q10": 43.0, "q11": 42.0, "q12": 156.0, "q13": 30.0, "q14": 134.0, "q15": 120.0, "q16": 59.0, "q17": 21.0, "q18": 46.0, "q19": 16.0, "q20": 21.0, "q21": 143.0, "q22": 165.0, "q23": 155.0, "q24": 152.0, "q25": 34.0, "q26": 153.0, "q27": 83.0, "q28": 212.0, "q29": 216.0, "q30": 251.0, "q31": 209.0, "q32": 166.0, "q33": 246.0, "q34": 107.0, "q35": 226.0, "q36": 113.0, "q37": 128.0, "q38": 122.0, "q39": 98.0, "q40": 55.0, "q41": 39.0, "q42": 246.0, "q43": 21.0, "q44": 203.0, "q45": 232.0, "q46": 246.0, "q47": 247.0, "q48": 197.0, "q49": 105.0, "q50": 28.0, "q51": 57.0, "q52": 107.0, "q53": 113.0, "q54": 108.0, "q55": 182.0, "q56": 19.0, "q57": 252.0, "q58": 65.0, "q59": 124.0, "q60": 194.0, "q61": 34.0, "q62": 194.0, "q63": 132.0}, "datetime": {"datetime": "2019-11-11 18:46:14", "elapsed": 2.096282, "delta": 0.00637}}
{"target": -0.10008074122147531, "params": {"q00": 23.0, "q01": 7.0, "q02": 8.0, "q03": 179.0, "q04": 30.0, "q05": 8.0, "q06": 38.0, "q07": 102.0, "q08": 33.0, "q09": 12.0, "q10": 47.0, "q11": 33.0, "q12": 199.0, "q13": 245.0, "q14": 1.0, "q15": 242.0, "q16": 34.0, "q17": 61.0, "q18": 41.0, "q19": 104.0, "q20": 216.0, "q21": 244.0, "q22": 40.0, "q23": 72.0, "q24": 83.0, "q25": 189.0, "q26": 88.0, "q27": 159.0, "q28": 187.0, "q29": 28.0, "q30": 208.0, "q31": 56.0, "q32": 247.0, "q33": 140.0, "q34": 111.0, "q35": 64.0, "q36": 219.0, "q37": 246.0, "q38": 97.0, "q39": 27.0, "q40": 242.0, "q41": 105.0, "q42": 2.0, "q43": 35.0, "q44": 74.0, "q45": 170.0, "q46": 226.0, "q47": 48.0, "q48": 198.0, "q49": 53.0, "q50": 103.0, "q51": 52.0, "q52": 203.0, "q53": 140.0, "q54": 174.0, "q55": 210.0, "q56": 108.0, "q57": 153.0, "q58": 220.0, "q59": 192.0, "q60": 216.0, "q61": 207.0, "q62": 238.0, "q63": 88.0}, "datetime": {"datetime": "2019-11-11 18:46:14", "elapsed": 2.102463, "delta": 0.006181}}
{"target": -0.0748210529648855, "params": {"q00": 28.0, "q01": 15.0, "q02": 40.0, "q03": 42.0, "q04": 219.0, "q05": 193.0, "q06": 62.0, "q07": 217.0, "q08": 16.0, "q09": 40.0, "q10": 62.0, "q11": 8.0, "q12": 40.0, "q13": 40.0, "q14": 240.0, "q15": 76.0, "q16": 46.0, "q17": 101.0, "q18": 44.0, "q19": 148.0, "q20": 149.0, "q21": 183.0, "q22": 89.0, "q23": 81.0, "q24": 131.0, "q25": 5.0, "q26": 219.0, "q27": 202.0, "q28": 228.0, "q29": 116.0, "q30": 21.0, "q31": 104.0, "q32": 158.0, "q33": 17.0, "q34": 48.0, "q35": 15.0, "q36": 110.0, "q37": 88.0, "q38": 20.0, "q39": 52.0, "q40": 162.0, "q41": 22.0, "q42": 33.0, "q43": 59.0, "q44": 51.0, "q45": 6.0, "q46": 95.0, "q47": 82.0, "q48": 220.0, "q49": 82.0, "q50": 94.0, "q51": 246.0, "q52": 163.0, "q53": 216.0, "q54": 134.0, "q55": 187.0, "q56": 95.0, "q57": 94.0, "q58": 80.0, "q59": 70.0, "q60": 224.0, "q61": 58.0, "q62": 22.0, "q63": 248.0}, "datetime": {"datetime": "2019-11-11 18:46:14", "elapsed": 2.108717, "delta": 0.006254}}
{"target": -0.10911698792264701, "params": {"q00": 13.0, "q01": 12.0, "q02": 69.0, "q03": 70.0, "q04": 127.0, "q05": 110.0, "q06": 7.0, "q07": 99.0, "q08": 19.0, "q09": 108.0, "q10": 14.0, "q11": 110.0, "q12": 159.0, "q13": 48.0, "q14": 134.0, "q15": 248.0, "q16": 111.0, "q17": 13.0, "q18": 64.0, "q19": 16.0, "q20": 65.0, "q21": 192.0, "q22": 103.0, "q23": 88.0, "q24": 86.0, "q25": 96.0, "q26": 215.0, "q27": 100.0, "q28": 154.0, "q29": 139.0, "q30": 253.0, "q31": 143.0, "q32": 16.0, "q33": 190.0, "q34": 199.0, "q35": 89.0, "q36": 251.0, "q37": 231.0, "q38": 116.0, "q39": 68.0, "q40": 249.0, "q41": 34.0, "q42": 52.0, "q43": 214.0, "q44": 134.0, "q45": 104.0, "q46": 201.0, "q47": 231.0, "q48": 235.0, "q49": 33.0, "q50": 242.0, "q51": 237.0, "q52": 202.0, "q53": 253.0, "q54": 4.0, "q55": 208.0, "q56": 244.0, "q57": 250.0, "q58": 6.0, "q59": 26.0, "q60": 137.0, "q61": 32.0, "q62": 218.0, "q63": 102.0}, "datetime": {"datetime": "2019-11-11 18:46:14", "elapsed": 2.115045, "delta": 0.006328}}
{"target": -0.11446269126527919, "params": {"q00": 7.0, "q01": 52.0, "q02": 28.0, "q03": 220.0, "q04": 34.0, "q05": 223.0, "q06": 242.0, "q07": 152.0, "q08": 4.0, "q09": 28.0, "q10": 73.0, "q11": 39.0, "q12": 96.0, "q13": 74.0, "q14": 229.0, "q15": 119.0, "q16": 28.0, "q17": 71.0, "q18": 31.0, "q19": 219.0, "q20": 70.0, "q21": 91.0, "q22": 254.0, "q23": 110.0, "q24": 254.0, "q25": 8.0, "q26": 180.0, "q27": 151.0, "q28": 126.0, "q29": 197.0, "q30": 88.0, "q31": 171.0, "q32": 191.0, "q33": 126.0, "q34": 1.0, "q35": 194.0, "q36": 147.0, "q37": 13.0, "q38": 139.0, "q39": 108.0, "q40": 133.0, "q41": 29.0, "q42": 40.0, "q43": 72.0, "q44": 210.0, "q45": 89.0, "q46": 26.0, "q47": 46.0, "q48": 44.0, "q49": 196.0, "q50": 150.0, "q51": 71.0, "q52": 76.0, "q53": 58.0, "q54": 1.0, "q55": 189.0, "q56": 9.0, "q57": 197.0, "q58": 92.0, "q59": 48.0, "q60": 38.0, "q61": 91.0, "q62": 64.0, "q63": 175.0}, "datetime": {"datetime": "2019-11-11 18:46:14", "elapsed": 2.121441, "delta": 0.006396}}
{"target": -0.0694193791079461, "params": {"q00": 5.0, "q01": 26.0, "q02": 7.0, "q03": 106.0, "q04": 125.0, "q05": 148.0, "q06": 157.0, "q07": 167.0, "q08": 23.0, "q09": 62.0, "q10": 40.0, "q11": 20.0, "q12": 197.0, "q13": 107.0, "q14": 237.0, "q15": 145.0, "q16": 127.0, "q17": 8.0, "q18": 49.0, "q19": 147.0, "q20": 109.0, "q21": 224.0, "q22": 129.0, "q23": 229.0, "q24": 250.0, "q25": 142.0, "q26": 175.0, "q27": 194.0, "q28": 125.0, "q29": 96.0, "q30": 119.0, "q31": 24.0, "q32": 163.0, "q33": 129.0, "q34": 63.0, "q35": 153.0, "q36": 213.0, "q37": 47.0, "q38": 158.0, "q39": 214.0, "q40": 251.0, "q41": 240.0, "q42": 153.0, "q43": 160.0, "q44": 242.0, "q45": 140.0, "q46": 231.0, "q47": 68.0, "q48": 131.0, "q49": 95.0, "q50": 90.0, "q51": 50.0, "q52": 164.0, "q53": 93.0, "q54": 114.0, "q55": 206.0, "q56": 143.0, "q57": 229.0, "q58": 185.0, "q59": 54.0, "q60": 249.0, "q61": 171.0, "q62": 52.0, "q63": 235.0}, "datetime": {"datetime": "2019-11-11 18:46:14", "elapsed": 2.127792, "delta": 0.006351}}
{"target": -0.10690437102375344, "params": {"q00": 10.0, "q01": 17.0, "q02": 171.0, "q03": 57.0, "q04": 219.0, "q05": 14.0, "q06": 43.0, "q07": 111.0, "q08": 9.0, "q09": 1.0, "q10": 246.0, "q11": 22.0, "q12": 146.0, "q13": 107.0, "q14": 213.0, "q15": 175.0, "q16": 11.0, "q17": 53.0, "q18": 66.0, "q19": 47.0, "q20": 28.0, "q21": 170.0, "q22": 23.0, "q23": 138.0, "q24": 237.0, "q25": 202.0, "q26": 35.0, "q27": 146.0, "q28": 67.0, "q29": 33.0, "q30": 79.0, "q31": 11.0, "q32": 25.0, "q33": 184.0, "q34": 81.0, "q35": 119.0, "q36": 95.0, "q37": 213.0, "q38": 207.0, "q39": 15.0, "q40": 127.0, "q41": 210.0, "q42": 216.0, "q43": 142.0, "q44": 129.0, "q45": 128.0, "q46": 247.0, "q47": 124.0, "q48": 162.0, "q49": 26.0, "q50": 66.0, "q51": 103.0, "q52": 8.0, "q53": 18.0, "q54": 176.0, "q55": 225.0, "q56": 178.0, "q57": 76.0, "q58": 54.0, "q59": 48.0, "q60": 44.0, "q61": 26.0, "q62": 186.0, "q63": 200.0}, "datetime": {"datetime": "2019-11-11 18:46:14", "elapsed": 2.134232, "delta": 0.00644}}
{"target": -0.09590797450769534, "params": {"q00": 26.0, "q01": 5.0, "q02": 16.0, "q03": 166.0, "q04": 236.0, "q05": 84.0, "q06": 109.0, "q07": 208.0, "q08": 42.0, "q09": 31.0, "q10": 38.0, "q11": 10.0, "q12": 103.0, "q13": 249.0, "q14": 184.0, "q15": 126.0, "q16": 3.0, "q17": 128.0, "q18": 238.0, "q19": 88.0, "q20": 244.0, "q21": 175.0, "q22": 253.0, "q23": 174.0, "q24": 189.0, "q25": 107.0, "q26": 202.0, "q27": 225.0, "q28": 153.0, "q29": 185.0, "q30": 105.0, "q31": 24.0, "q32": 254.0, "q33": 181.0, "q34": 236.0, "q35": 23.0, "q36": 138.0, "q37": 77.0, "q38": 151.0, "q39": 153.0, "q40": 144.0, "q41": 246.0, "q42": 131.0, "q43": 52.0, "q44": 176.0, "q45": 39.0, "q46": 57.0, "q47": 191.0, "q48": 14.0, "q49": 248.0, "q50": 206.0, "q51": 130.0, "q52": 219.0, "q53": 31.0, "q54": 186.0, "q55": 226.0, "q56": 195.0, "q57": 76.0, "q58": 197.0, "q59": 15.0, "q60": 236.0, "q61": 167.0, "q62": 17.0, "q63": 211.0}, "datetime": {"datetime": "2019-11-11 18:46:14", "elapsed": 2.141289, "delta": 0.007057}}
{"target": -0.09254189854864503, "params": {"q00": 8.0, "q01": 42.0, "q02": 12.0, "q03": 26.0, "q04": 141.0, "q05": 191.0, "q06": 207.0, "q07": 181.0, "q08": 3.0, "q09": 15.0, "q10": 111.0, "q11": 53.0, "q12": 126.0, "q13": 152.0, "q14": 220.0, "q15": 244.0, "q16": 14.0, "q17": 7.0, "q18": 136.0, "q19": 113.0, "q20": 230.0, "q21": 35.0, "q22": 203.0, "q23": 172.0, "q24": 12.0, "q25": 30.0, "q26": 230.0, "q27": 100.0, "q28": 157.0, "q29": 160.0, "q30": 75.0, "q31": 245.0, "q32": 222.0, "q33": 208.0, "q34": 37.0, "q35": 137.0, "q36": 116.0, "q37": 60.0, "q38": 234.0, "q39": 230.0, "q40": 22.0, "q41": 206.0, "q42": 145.0, "q43": 162.0, "q44": 57.0, "q45": 85.0, "q46": 154.0, "q47": 4.0, "q48": 87.0, "q49": 71.0, "q50": 76.0, "q51": 208.0, "q52": 86.0, "q53": 4.0, "q54": 42.0, "q55": 67.0, "q56": 115.0, "q57": 235.0, "q58": 21.0, "q59": 124.0, "q60": 142.0, "q61": 161.0, "q62": 154.0, "q63": 177.0}, "datetime": {"datetime": "2019-11-11 18:46:14", "elapsed": 2.148446, "delta": 0.007157}}
{"target": -0.10477992546033876, "params": {"q00": 26.0, "q01": 87.0, "q02": 80.0, "q03": 77.0, "q04": 9.0, "q05": 248.0, "q06": 49.0, "q07": 141.0, "q08": 10.0, "q09": 2.0, "q10": 4.0, "q11": 62.0, "q12": 31.0, "q13": 239.0, "q14": 187.0, "q15": 141.0, "q16": 44.0, "q17": 42.0, "q18": 35.0, "q19": 100.0, "q20": 21.0, "q21": 55.0, "q22": 74.0, "q23": 220.0, "q24": 153.0, "q25": 138.0, "q26": 213.0, "q27": 113.0, "q28": 197.0, "q29": 172.0, "q30": 131.0, "q31": 201.0, "q32": 63.0, "q33": 30.0, "q34": 165.0, "q35": 176.0, "q36": 229.0, "q37": 140.0, "q38": 167.0, "q39": 59.0, "q40": 219.0, "q41": 90.0, "q42": 176.0, "q43": 72.0, "q44": 238.0, "q45": 79.0, "q46": 119.0, "q47": 96.0, "q48": 120.0, "q49": 60.0, "q50": 207.0, "q51": 221.0, "q52": 166.0, "q53": 253.0, "q54": 22.0, "q55": 196.0, "q56": 236.0, "q57": 119.0, "q58": 129.0, "q59": 16.0, "q60": 162.0, "q61": 166.0, "q62": 175.0, "q63": 108.0}, "datetime": {"datetime": "2019-11-11 18:46:14", "elapsed": 2.155757, "delta": 0.007311}}
{"target": -0.12079262658269346, "params": {"q00": 33.0, "q01": 29.0, "q02": 42.0, "q03": 120.0, "q04": 102.0, "q05": 155.0, "q06": 243.0, "q07": 180.0, "q08": 14.0, "q09": 14.0, "q10": 133.0, "q11": 195.0, "q12": 101.0, "q13": 183.0, "q14": 233.0, "q15": 123.0, "q16": 84.0, "q17": 6.0, "q18": 91.0, "q19": 171.0, "q20": 183.0, "q21": 230.0, "q22": 250.0, "q23": 188.0, "q24": 16.0, "q25": 175.0, "q26": 4.0, "q27": 179.0, "q28": 216.0, "q29": 131.0, "q30": 196.0, "q31": 89.0, "q32": 46.0, "q33": 157.0, "q34": 26.0, "q35": 59.0, "q36": 44.0, "q37": 210.0, "q38": 108.0, "q39": 198.0, "q40": 195.0, "q41": 106.0, "q42": 164.0, "q43": 103.0, "q44": 57.0, "q45": 247.0, "q46": 50.0, "q47": 138.0, "q48": 30.0, "q49": 13.0, "q50": 31.0, "q51": 216.0, "q52": 45.0, "q53": 236.0, "q54": 17.0, "q55": 217.0, "q56": 149.0, "q57": 62.0, "q58": 12.0, "q59": 14.0, "q60": 104.0, "q61": 23.0, "q62": 2.0, "q63": 249.0}, "datetime": {"datetime": "2019-11-11 18:46:14", "elapsed": 2.162646, "delta": 0.006889}}
{"target": -0.15274469139918806, "params": {"q00": 12.0, "q01": 11.0, "q02": 79.0, "q03": 239.0, "q04": 243.0, "q05": 246.0, "q06": 102.0, "q07": 64.0, "q08": 178.0, "q09": 30.0, "q10": 2.0, "q11": 133.0, "q12": 1.0, "q13": 252.0, "q14": 23.0, "q15": 184.0, "q16": 4.0, "q17": 30.0, "q18": 12.0, "q19": 188.0, "q20": 22.0, "q21": 212.0, "q22": 4.0, "q23": 226.0, "q24": 6.0, "q25": 202.0, "q26": 58.0, "q27": 124.0, "q28": 248.0, "q29": 145.0, "q30": 195.0, "q31": 223.0, "q32": 95.0, "q33": 247.0, "q34": 86.0, "q35": 33.0, "q36": 84.0, "q37": 181.0, "q38": 111.0, "q39": 46.0, "q40": 202.0, "q41": 66.0, "q42": 164.0, "q43": 111.0, "q44": 31.0, "q45": 36.0, "q46": 178.0, "q47": 31.0, "q48": 193.0, "q49": 50.0, "q50": 180.0, "q51": 196.0, "q52": 55.0, "q53": 62.0, "q54": 93.0, "q55": 169.0, "q56": 42.0, "q57": 9.0, "q58": 117.0, "q59": 119.0, "q60": 162.0, "q61": 138.0, "q62": 162.0, "q63": 60.0}, "datetime": {"datetime": "2019-11-11 18:46:14", "elapsed": 2.169569, "delta": 0.006923}}
{"target": -0.13914060286290025, "params": {"q00": 7.0, "q01": 137.0, "q02": 15.0, "q03": 132.0, "q04": 64.0, "q05": 36.0, "q06": 16.0, "q07": 105.0, "q08": 5.0, "q09": 68.0, "q10": 83.0, "q11": 75.0, "q12": 14.0, "q13": 118.0, "q14": 126.0, "q15": 101.0, "q16": 81.0, "q17": 41.0, "q18": 48.0, "q19": 152.0, "q20": 8.0, "q21": 52.0, "q22": 11.0, "q23": 243.0, "q24": 157.0, "q25": 122.0, "q26": 36.0, "q27": 82.0, "q28": 190.0, "q29": 186.0, "q30": 221.0, "q31": 148.0, "q32": 144.0, "q33": 88.0, "q34": 63.0, "q35": 72.0, "q36": 96.0, "q37": 144.0, "q38": 67.0, "q39": 163.0, "q40": 152.0, "q41": 250.0, "q42": 32.0, "q43": 6.0, "q44": 17.0, "q45": 86.0, "q46": 184.0, "q47": 206.0, "q48": 151.0, "q49": 15.0, "q50": 171.0, "q51": 202.0, "q52": 21.0, "q53": 245.0, "q54": 126.0, "q55": 125.0, "q56": 212.0, "q57": 63.0, "q58": 168.0, "q59": 153.0, "q60": 122.0, "q61": 196.0, "q62": 201.0, "q63": 240.0}, "datetime": {"datetime": "2019-11-11 18:46:14", "elapsed": 2.176408, "delta": 0.006839}}
{"target": -0.1287586248425373, "params": {"q00": 71.0, "q01": 21.0, "q02": 88.0, "q03": 60.0, "q04": 194.0, "q05": 205.0, "q06": 248.0, "q07": 161.0, "q08": 27.0, "q09": 66.0, "q10": 189.0, "q11": 221.0, "q12": 33.0, "q13": 6.0, "q14": 243.0, "q15": 254.0, "q16": 12.0, "q17": 75.0, "q18": 43.0, "q19": 3.0, "q20": 46.0, "q21": 163.0, "q22": 80.0, "q23": 222.0, "q24": 134.0, "q25": 91.0, "q26": 50.0, "q27": 41.0, "q28": 158.0, "q29": 36.0, "q30": 240.0, "q31": 4.0, "q32": 153.0, "q33": 203.0, "q34": 99.0, "q35": 95.0, "q36": 151.0, "q37": 168.0, "q38": 181.0, "q39": 119.0, "q40": 139.0, "q41": 72.0, "q42": 189.0, "q43": 176.0, "q44": 121.0, "q45": 177.0, "q46": 177.0, "q47": 246.0, "q48": 183.0, "q49": 124.0, "q50": 33.0, "q51": 166.0, "q52": 52.0, "q53": 197.0, "q54": 214.0, "q55": 169.0, "q56": 77.0, "q57": 253.0, "q58": 27.0, "q59": 153.0, "q60": 175.0, "q61": 131.0, "q62": 158.0, "q63": 116.0}, "datetime": {"datetime": "2019-11-11 18:46:14", "elapsed": 2.183124, "delta": 0.006716}}
{"target": -0.1152314898426745, "params": {"q00": 15.0, "q01": 8.0, "q02": 122.0, "q03": 23.0, "q04": 188.0, "q05": 226.0, "q06": 249.0, "q07": 50.0, "q08": 8.0, "q09": 44.0, "q10": 3.0, "q11": 51.0, "q12": 194.0, "q13": 159.0, "q14": 230.0, "q15": 152.0, "q16": 82.0, "q17": 13.0, "q18": 218.0, "q19": 3.0, "q20": 139.0, "q21": 131.0, "q22": 42.0, "q23": 123.0, "q24": 65.0, "q25": 182.0, "q26": 96.0, "q27": 1.0, "q28": 48.0, "q29": 181.0, "q30": 39.0, "q31": 213.0, "q32": 114.0, "q33": 180.0, "q34": 195.0, "q35": 26.0, "q36": 158.0, "q37": 205.0, "q38": 158.0, "q39": 8.0, "q40": 127.0, "q41": 155.0, "q42": 165.0, "q43": 193.0, "q44": 37.0, "q45": 57.0, "q46": 195.0, "q47": 17.0, "q48": 186.0, "q49": 23.0, "q50": 241.0, "q51": 252.0, "q52": 197.0, "q53": 1.0, "q54": 117.0, "q55": 245.0, "q56": 91.0, "q57": 237.0, "q58": 122.0, "q59": 232.0, "q60": 189.0, "q61": 116.0, "q62": 144.0, "q63": 228.0}, "datetime": {"datetime": "2019-11-11 18:46:14", "elapsed": 2.190126, "delta": 0.007002}}
{"target": -0.08622205988845871, "params": {"q00": 10.0, "q01": 4.0, "q02": 140.0, "q03": 247.0, "q04": 241.0, "q05": 27.0, "q06": 217.0, "q07": 143.0, "q08": 40.0, "q09": 79.0, "q10": 101.0, "q11": 115.0, "q12": 246.0, "q13": 17.0, "q14": 113.0, "q15": 248.0, "q16": 27.0, "q17": 17.0, "q18": 59.0, "q19": 84.0, "q20": 28.0, "q21": 178.0, "q22": 193.0, "q23": 186.0, "q24": 137.0, "q25": 246.0, "q26": 147.0, "q27": 69.0, "q28": 208.0, "q29": 57.0, "q30": 202.0, "q31": 49.0, "q32": 226.0, "q33": 191.0, "q34": 19.0, "q35": 42.0, "q36": 166.0, "q37": 57.0, "q38": 74.0, "q39": 88.0, "q40": 232.0, "q41": 188.0, "q42": 140.0, "q43": 79.0, "q44": 73.0, "q45": 44.0, "q46": 98.0, "q47": 16.0, "q48": 154.0, "q49": 222.0, "q50": 110.0, "q51": 77.0, "q52": 19.0, "q53": 71.0, "q54": 237.0, "q55": 74.0, "q56": 229.0, "q57": 253.0, "q58": 123.0, "q59": 109.0, "q60": 46.0, "q61": 193.0, "q62": 67.0, "q63": 125.0}, "datetime": {"datetime": "2019-11-11 18:46:14", "elapsed": 2.196953, "delta": 0.006827}}
{"target": -0.08153095057603704, "params": {"q00": 10.0, "q01": 13.0, "q02": 32.0, "q03": 112.0, "q04": 219.0, "q05": 224.0, "q06": 122.0, "q07": 141.0, "q08": 52.0, "q09": 49.0, "q10": 149.0, "q11": 47.0, "q12": 116.0, "q13": 149.0, "q14": 35.0, "q15": 250.0, "q16": 4.0, "q17": 50.0, "q18": 51.0, "q19": 98.0, "q20": 126.0, "q21": 110.0, "q22": 249.0, "q23": 203.0, "q24": 133.0, "q25": 195.0, "q26": 226.0, "q27": 17.0, "q28": 244.0, "q29": 162.0, "q30": 105.0, "q31": 221.0, "q32": 217.0, "q33": 244.0, "q34": 218.0, "q35": 194.0, "q36": 237.0, "q37": 57.0, "q38": 168.0, "q39": 91.0, "q40": 215.0, "q41": 149.0, "q42": 9.0, "q43": 103.0, "q44": 162.0, "q45": 71.0, "q46": 60.0, "q47": 222.0, "q48": 130.0, "q49": 165.0, "q50": 212.0, "q51": 236.0, "q52": 169.0, "q53": 219.0, "q54": 40.0, "q55": 132.0, "q56": 179.0, "q57": 235.0, "q58": 67.0, "q59": 180.0, "q60": 144.0, "q61": 130.0, "q62": 15.0, "q63": 210.0}, "datetime": {"datetime": "2019-11-11 18:46:14", "elapsed": 2.203682, "delta": 0.006729}}
{"target": -0.1067753473355908, "params": {"q00": 25.0, "q01": 9.0, "q02": 7.0, "q03": 113.0, "q04": 183.0, "q05": 164.0, "q06": 103.0, "q07": 127.0, "q08": 10.0, "q09": 106.0, "q10": 12.0, "q11": 192.0, "q12": 191.0, "q13": 133.0, "q14": 202.0, "q15": 75.0, "q16": 16.0, "q17": 11.0, "q18": 1.0, "q19": 217.0, "q20": 89.0, "q21": 227.0, "q22": 39.0, "q23": 137.0, "q24": 81.0, "q25": 192.0, "q26": 159.0, "q27": 35.0, "q28": 72.0, "q29": 69.0, "q30": 29.0, "q31": 105.0, "q32": 245.0, "q33": 228.0, "q34": 177.0, "q35": 143.0, "q36": 236.0, "q37": 210.0, "q38": 47.0, "q39": 191.0, "q40": 194.0, "q41": 75.0, "q42": 23.0, "q43": 5.0, "q44": 69.0, "q45": 67.0, "q46": 233.0, "q47": 86.0, "q48": 224.0, "q49": 200.0, "q50": 17.0, "q51": 180.0, "q52": 232.0, "q53": 207.0, "q54": 228.0, "q55": 231.0, "q56": 88.0, "q57": 40.0, "q58": 119.0, "q59": 7.0, "q60": 117.0, "q61": 189.0, "q62": 158.0, "q63": 228.0}, "datetime": {"datetime": "2019-11-11 18:46:14", "elapsed": 2.210629, "delta": 0.006947}}
{"target": -0.08503087885399829, "params": {"q00": 21.0, "q01": 16.0, "q02": 124.0, "q03": 15.0, "q04": 193.0, "q05": 158.0, "q06": 116.0, "q07": 205.0, "q08": 10.0, "q09": 54.0, "q10": 61.0, "q11": 23.0, "q12": 232.0, "q13": 19.0, "q14": 229.0, "q15": 165.0, "q16": 191.0, "q17": 11.0, "q18": 119.0, "q19": 189.0, "q20": 17.0, "q21": 208.0, "q22": 114.0, "q23": 226.0, "q24": 36.0, "q25": 49.0, "q26": 59.0, "q27": 179.0, "q28": 52.0, "q29": 251.0, "q30": 106.0, "q31": 109.0, "q32": 60.0, "q33": 5.0, "q34": 230.0, "q35": 192.0, "q36": 191.0, "q37": 189.0, "q38": 97.0, "q39": 87.0, "q40": 199.0, "q41": 215.0, "q42": 186.0, "q43": 44.0, "q44": 190.0, "q45": 220.0, "q46": 207.0, "q47": 187.0, "q48": 233.0, "q49": 150.0, "q50": 203.0, "q51": 71.0, "q52": 170.0, "q53": 211.0, "q54": 144.0, "q55": 252.0, "q56": 79.0, "q57": 203.0, "q58": 36.0, "q59": 97.0, "q60": 73.0, "q61": 209.0, "q62": 248.0, "q63": 175.0}, "datetime": {"datetime": "2019-11-11 18:46:14", "elapsed": 2.217486, "delta": 0.006857}}
