{"target": -0.18281470467598882, "params": {"q00": 71.0, "q01": 207.0, "q02": 94.0, "q03": 168.0, "q04": 9.0, "q05": 19.0, "q06": 109.0, "q07": 32.0, "q08": 60.0, "q09": 33.0, "q10": 49.0, "q11": 19.0, "q12": 109.0, "q13": 111.0, "q14": 4.0, "q15": 212.0, "q16": 66.0, "q17": 49.0, "q18": 36.0, "q19": 148.0, "q20": 135.0, "q21": 146.0, "q22": 193.0, "q23": 240.0, "q24": 39.0, "q25": 73.0, "q26": 78.0, "q27": 41.0, "q28": 175.0, "q29": 254.0, "q30": 51.0, "q31": 145.0, "q32": 10.0, "q33": 197.0, "q34": 50.0, "q35": 141.0, "q36": 69.0, "q37": 116.0, "q38": 175.0, "q39": 71.0, "q40": 94.0, "q41": 46.0, "q42": 115.0, "q43": 4.0, "q44": 23.0, "q45": 93.0, "q46": 155.0, "q47": 92.0, "q48": 240.0, "q49": 178.0, "q50": 166.0, "q51": 118.0, "q52": 52.0, "q53": 91.0, "q54": 36.0, "q55": 106.0, "q56": 26.0, "q57": 151.0, "q58": 182.0, "q59": 87.0, "q60": 118.0, "q61": 151.0, "q62": 81.0, "q63": 226.0}, "datetime": {"datetime": "2019-11-11 18:46:12", "elapsed": 0.240305, "delta": 0.002593}}
{"target": -0.169029833878523, "params": {"q00": 5.0, "q01": 123.0, "q02": 17.0, "q03": 168.0, "q04": 12.0, "q05": 11.0, "q06": 8.0, "q07": 106.0, "q08": 13.0, "q09": 189.0, "q10": 78.0, "q11": 9.0, "q12": 229.0, "q13": 181.0, "q14": 33.0, "q15": 36.0, "q16": 205.0, "q17": 51.0, "q18": 50.0, "q19": 146.0, "q20": 70.0, "q21": 15.0, "q22": 69.0, "q23": 180.0, "q24": 115.0, "q25": 25.0, "q26": 145.0, "q27": 3.0, "q28": 220.0, "q29": 81.0, "q30": 221.0, "q31": 149.0, "q32": 3.0, "q33": 82.0, "q34": 72.0, "q35": 17.0, "q36": 33.0, "q37": 15.0, "q38": 112.0, "q39": 19.0, "q40": 35.0, "q41": 29.0, "q42": 44.0, "q43": 24.0, "q44": 180.0, "q45": 54.0, "q46": 112.0, "q47": 99.0, "q48": 213.0, "q49": 238.0, "q50": 70.0, "q51": 247.0, "q52": 162.0, "q53": 244.0, "q54": 75.0, "q55": 223.0, "q56": 63.0, "q57": 6.0, "q58": 82.0, "q59": 138.0, "q60": 133.0, "q61": 251.0, "q62": 236.0, "q63": 237.0}, "datetime": {"datetime": "2019-11-11 18:46:12", "elapsed": 0.242971, "delta": 0.002666}}
{"target": -0.10063763848938906, "params": {"q00": 64.0, "q01": 24.0, "q02": 22.0, "q03": 4.0, "q04": 17.0, "q05": 195.0, "q06": 69.0, "q07": 3.0, "q08": 52.0, "q09": 21.0, "q10": 77.0, "q11": 32.0, "q12": 197.0, "q13": 185.0, "q14": 137.0, "q15": 246.0, "q16": 103.0, "q17": 92.0, "q18": 30.0, "q19": 166.0, "q20": 137.0, "q21": 107.0, "q22": 79.0, "q23": 182.0, "q24": 72.0, "q25": 14.0, "q26": 60.0, "q27": 117.0, "q28": 61.0, "q29": 100.0, "q30": 49.0, "q31": 225.0, "q32": 63.0, "q33": 143.0, "q34": 80.0, "q35": 53.0, "q36": 58.0, "q37": 233.0, "q38": 41.0, "q39": 135.0, "q40": 174.0, "q41": 134.0, "q42": 183.0, "q43": 78.0, "q44": 115.0, "q45": 31.0, "q46": 248.0, "q47": 193.0, "q48": 138.0, "q49": 78.0, "q50": 169.0, "q51": 104.0, "q52": 63.0, "q53": 194.0, "q54": 226.0, "q55": 136.0, "q56": 202.0, "q57": 60.0, "q58": 206.0, "q59": 148.0, "q60": 195.0, "q61": 241.0, "q62": 218.0, "q63": 140.0}, "datetime": {"datetime": "2019-11-11 18:46:12", "elapsed": 0.24561, "delta": 0.002639}}
{"target": -0.09527850308938396, "params": {"q00": 33.0, "q01": 17.0, "q02": 22.0, "q03": 105.0, "q04": 28.0, "q05": 4.0, "q06": 152.0, "q07": 22.0, "q08": 12.0, "q09": 92.0, "q10": 41.0, "q11": 57.0, "q12": 242.0, "q13": 204.0, "q14": 188.0, "q15": 174.0, "q16": 67.0, "q17": 4.0, "q18": 175.0, "q19": 48.0, "q20": 122.0, "q21": 42.0, "q22": 47.0, "q23": 171.0, "q24": 18.0, "q25": 92.0, "q26": 75.0, "q27": 73.0, "q28": 152.0, "q29": 54.0, "q30": 35.0, "q31": 85.0, "q32": 99.0, "q33": 177.0, "q34": 114.0, "q35": 51.0, "q36": 108.0, "q37": 67.0, "q38": 47.0, "q39": 246.0, "q40": 16.0, "q41": 215.0, "q42": 242.0, "q43": 194.0, "q44": 205.0, "q45": 208.0, "q46": 120.0, "q47": 78.0, "q48": 142.0, "q49": 167.0, "q50": 15.0, "q51": 130.0, "q52": 45.0, "q53": 102.0, "q54": 104.0, "q55": 248.0, "q56": 88.0, "q57": 109.0, "q58": 235.0, "q59": 167.0, "q60": 8.0, "q61": 184.0, "q62": 164.0, "q63": 48.0}, "datetime": {"datetime": "2019-11-11 18:46:12", "elapsed": 0.24826, "delta": 0.00265}}
{"target": -0.1089677082883369, "params": {"q00": 21.0, "q01": 7.0, "q02": 30.0, "q03": 28.0, "q04": 67.0, "q05": 127.0, "q06": 116.0, "q07": 126.0, "q08": 79.0, "q09": 124.0, "q10": 80.0, "q11": 40.0, "q12": 107.0, "q13": 44.0, "q14": 226.0, "q15": 225.0, "q16": 27.0, "q17": 57.0, "q18": 84.0, "q19": 194.0, "q20": 37.0, "q21": 9.0, "q22": 251.0, "q23": 222.0, "q24": 5.0, "q25": 139.0, "q26": 126.0, "q27": 157.0, "q28": 190.0, "q29": 232.0, "q30": 196.0, "q31": 32.0, "q32": 104.0, "q33": 111.0, "q34": 73.0, "q35": 57.0, "q36": 131.0, "q37": 127.0, "q38": 76.0, "q39": 30.0, "q40": 110.0, "q41": 57.0, "q42": 212.0, "q43": 226.0, "q44": 121.0, "q45": 148.0, "q46": 245.0, "q47": 10.0, "q48": 14.0, "q49": 34.0, "q50": 36.0, "q51": 204.0, "q52": 18.0, "q53": 18.0, "q54": 36.0, "q55": 155.0, "q56": 16.0, "q57": 221.0, "q58": 187.0, "q59": 35.0, "q60": 63.0, "q61": 206.0, "q62": 247.0, "q63": 121.0}, "datetime": {"datetime": "2019-11-11 18:46:12", "elapsed": 0.250906, "delta": 0.002646}}
{"target": -0.09396574537230301, "params": {"q00": 4.0, "q01": 42.0, "q02": 23.0, "q03": 142.0, "q04": 21.0, "q05": 50.0, "q06": 126.0, "q07": 86.0, "q08": 16.0, "q09": 193.0, "q10": 41.0, "q11": 140.0, "q12": 158.0, "q13": 36.0, "q14": 180.0, "q15": 147.0, "q16": 17.0, "q17": 9.0, "q18": 50.0, "q19": 98.0, "q20": 154.0, "q21": 171.0, "q22": 89.0, "q23": 229.0, "q24": 80.0, "q25": 95.0, "q26": 18.0, "q27": 81.0, "q28": 210.0, "q29": 249.0, "q30": 203.0, "q31": 243.0, "q32": 18.0, "q33": 26.0, "q34": 204.0, "q35": 139.0, "q36": 74.0, "q37": 227.0, "q38": 225.0, "q39": 13.0, "q40": 202.0, "q41": 122.0, "q42": 86.0, "q43": 175.0, "q44": 18.0, "q45": 194.0, "q46": 143.0, "q47": 110.0, "q48": 123.0, "q49": 105.0, "q50": 217.0, "q51": 111.0, "q52": 110.0, "q53": 151.0, "q54": 252.0, "q55": 226.0, "q56": 227.0, "q57": 10.0, "q58": 226.0, "q59": 176.0, "q60": 216.0, "q61": 210.0, "q62": 104.0, "q63": 246.0}, "datetime": {"datetime": "2019-11-11 18:46:12", "elapsed": 0.253561, "delta": 0.002655}}
{"target": -0.06578813234191505, "params": {"q00": 22.0, "q01": 5.0, "q02": 69.0, "q03": 28.0, "q04": 101.0, "q05": 22.0, "q06": 136.0, "q07": 51.0, "q08": 14.0, "q09": 113.0, "q10": 23.0, "q11": 149.0, "q12": 161.0, "q13": 13.0, "q14": 121.0, "q15": 43.0, "q16": 29.0, "q17": 30.0, "q18": 49.0, "q19": 20.0, "q20": 189.0, "q21": 96.0, "q22": 35.0, "q23": 179.0, "q24": 42.0, "q25": 4.0, "q26": 45.0, "q27": 60.0, "q28": 108.0, "q29": 15.0, "q30": 252.0, "q31": 184.0, "q32": 8.0, "q33": 77.0, "q34": 75.0, "q35": 166.0, "q36": 5.0, "q37": 38.0, "q38": 51.0, "q39": 53.0, "q40": 118.0, "q41": 87.0, "q42": 199.0, "q43": 130.0, "q44": 17.0, "q45": 246.0, "q46": 140.0, "q47": 105.0, "q48": 191.0, "q49": 55.0, "q50": 192.0, "q51": 92.0, "q52": 71.0, "q53": 191.0, "q54": 241.0, "q55": 132.0, "q56": 97.0, "q57": 233.0, "q58": 186.0, "q59": 231.0, "q60": 209.0, "q61": 204.0, "q62": 194.0, "q63": 110.0}, "datetime": {"datetime": "2019-11-11 18:46:12", "elapsed": 0.256233, "delta": 0.002672}}
{"target": -0.07567715968503408, "params": {"q00": 37.0, "q01": 49.0, "q02": 27.0, "q03": 252.0, "q04": 27.0, "q05": 85.0, "q06": 79.0, "q07": 101.0, "q08": 99.0, "q09": 145.0, "q10": 15.0, "q11": 63.0, "q12": 145.0, "q13": 147.0, "q14": 46.0, "q15": 145.0, "q16": 51.0, "q17": 23.0, "q18": 70.0, "q19": 214.0, "q20": 254.0, "q21": 43.0, "q22": 96.0, "q23": 231.0, "q24": 16.0, "q25": 135.0, "q26": 27.0, "q27": 116.0, "q28": 253.0, "q29": 105.0, "q30": 102.0, "q31": 185.0, "q32": 93.0, "q33": 177.0, "q34": 88.0, "q35": 129.0, "q36": 144.0, "q37": 133.0, "q38": 159.0, "q39": 173.0, "q40": 123.0, "q41": 112.0, "q42": 180.0, "q43": 158.0, "q44": 237.0, "q45": 251.0, "q46": 161.0, "q47": 185.0, "q48": 203.0, "q49": 89.0, "q50": 176.0, "q51": 207.0, "q52": 184.0, "q53": 147.0, "q54": 135.0, "q55": 174.0, "q56": 90.0, "q57": 199.0, "q58": 162.0, "q59": 158.0, "q60": 80.0, "q61": 204.0, "q62": 239.0, "q63": 132.0}, "datetime": {"datetime": "2019-11-11 18:46:12", "elapsed": 0.258927, "delta": 0.002694}}
{"target": -0.08854149467585753, "params": {"q00": 14.0, "q01": 143.0, "q02": 51.0, "q03": 120.0, "q04": 167.0, "q05": 22.0, "q06": 111.0, "q07": 223.0, "q08": 18.0, "q09": 105.0, "q10": 88.0, "q11": 21.0, "q12": 110.0, "q13": 119.0, "q14": 94.0, "q15": 175.0, "q16": 11.0, "q17": 41.0, "q18": 76.0, "q19": 189.0, "q20": 121.0, "q21": 90.0, "q22": 112.0, "q23": 246.0, "q24": 84.0, "q25": 140.0, "q26": 34.0, "q27": 30.0, "q28": 16.0, "q29": 55.0, "q30": 175.0, "q31": 97.0, "q32": 136.0, "q33": 67.0, "q34": 169.0, "q35": 133.0, "q36": 88.0, "q37": 207.0, "q38": 249.0, "q39": 195.0, "q40": 70.0, "q41": 49.0, "q42": 134.0, "q43": 136.0, "q44": 158.0, "q45": 92.0, "q46": 184.0, "q47": 173.0, "q48": 102.0, "q49": 96.0, "q50": 67.0, "q51": 106.0, "q52": 77.0, "q53": 134.0, "q54": 203.0, "q55": 77.0, "q56": 20.0, "q57": 96.0, "q58": 217.0, "q59": 63.0, "q60": 218.0, "q61": 198.0, "q62": 206.0, "q63": 157.0}, "datetime": {"datetime": "2019-11-11 18:46:12", "elapsed": 0.261635, "delta": 0.002708}}
{"target": -0.11488526491423423, "params": {"q00": 21.0, "q01": 13.0, "q02": 210.0, "q03": 248.0, "q04": 1.0, "q05": 101.0, "q06": 44.0, "q07": 159.0, "q08": 54.0, "q09": 37.0, "q10": 121.0, "q11": 18.0, "q12": 214.0, "q13": 61.0, "q14": 24.0, "q15": 171.0, "q16": 13.0, "q17": 210.0, "q18": 47.0, "q19": 207.0, "q20": 120.0, "q21": 163.0, "q22": 62.0, "q23": 201.0, "q24": 62.0, "q25": 3.0, "q26": 64.0, "q27": 11.0, "q28": 73.0, "q29": 169.0, "q30": 48.0, "q31": 190.0, "q32": 107.0, "q33": 203.0, "q34": 22.0, "q35": 46.0, "q36": 175.0, "q37": 30.0, "q38": 229.0, "q39": 129.0, "q40": 77.0, "q41": 154.0, "q42": 96.0, "q43": 53.0, "q44": 184.0, "q45": 106.0, "q46": 176.0, "q47": 87.0, "q48": 35.0, "q49": 91.0, "q50": 34.0, "q51": 233.0, "q52": 30.0, "q53": 48.0, "q54": 146.0, "q55": 238.0, "q56": 20.0, "q57": 49.0, "q58": 198.0, "q59": 109.0, "q60": 239.0, "q61": 220.0, "q62": 158.0, "q63": 64.0}, "datetime": {"datetime": "2019-11-11 18:46:12", "elapsed": 0.264368, "delta": 0.002733}}
{"target": -0.11713193373740938, "params": {"q00": 9.0, "q01": 51.0, "q02": 123.0, "q03": 207.0, "q04": 2.0, "q05": 18.0, "q06": 209.0, "q07": 57.0, "q08": 53.0, "q09": 66.0, "q10": 15.0, "q11": 15.0, "q12": 21.0, "q13": 43.0, "q14": 18.0, "q15": 98.0, "q16": 82.0, "q17": 52.0, "q18": 89.0, "q19": 51.0, "q20": 132.0, "q21": 64.0, "q22": 159.0, "q23": 138.0, "q24": 12.0, "q25": 1.0, "q26": 136.0, "q27": 141.0, "q28": 45.0, "q29": 124.0, "q30": 191.0, "q31": 223.0, "q32": 176.0, "q33": 206.0, "q34": 208.0, "q35": 167.0, "q36": 105.0, "q37": 67.0, "q38": 210.0, "q39": 37.0, "q40": 167.0, "q41": 99.0, "q42": 227.0, "q43": 12.0, "q44": 98.0, "q45": 141.0, "q46": 158.0, "q47": 58.0, "q48": 144.0, "q49": 149.0, "q50": 91.0, "q51": 150.0, "q52": 7.0, "q53": 84.0, "q54": 156.0, "q55": 191.0, "q56": 99.0, "q57": 240.0, "q58": 201.0, "q59": 224.0, "q60": 48.0, "q61": 254.0, "q62": 57.0, "q63": 148.0}, "datetime": {"datetime": "2019-11-11 18:46:12", "elapsed": 0.26711, "delta": 0.002742}}
{"target": -0.12647233006831043, "params": {"q00": 1.0, "q01": 41.0, "q02": 81.0, "q03": 252.0, "q04": 51.0, "q05": 7.0, "q06": 184.0, "q07": 107.0, "q08": 15.0, "q09": 30.0, "q10": 63.0, "q11": 156.0, "q12": 35.0, "q13": 80.0, "q14": 53.0, "q15": 170.0, "q16": 47.0, "q17": 29.0, "q18": 245.0, "q19": 101.0, "q20": 68.0, "q21": 81.0, "q22": 50.0, "q23": 199.0, "q24": 192.0, "q25": 243.0, "q26": 92.0, "q27": 184.0, "q28": 73.0, "q29": 98.0, "q30": 242.0, "q31": 49.0, "q32": 200.0, "q33": 93.0, "q34": 54.0, "q35": 41.0, "q36": 61.0, "q37": 90.0, "q38": 180.0, "q39": 190.0, "q40": 232.0, "q41": 235.0, "q42": 229.0, "q43": 110.0, "q44": 244.0, "q45": 49.0, "q46": 246.0, "q47": 155.0, "q48": 82.0, "q49": 108.0, "q50": 182.0, "q51": 193.0, "q52": 187.0, "q53": 56.0, "q54": 166.0, "q55": 40.0, "q56": 3.0, "q57": 159.0, "q58": 153.0, "q59": 23.0, "q60": 234.0, "q61": 219.0, "q62": 133.0, "q63": 157.0}, "datetime": {"datetime": "2019-11-11 18:46:12", "elapsed": 0.269829, "delta": 0.002719}}
{"target": -0.1303222893804638, "params": {"q00": 67.0, "q01": 26.0, "q02": 132.0, "q03": 172.0, "q04": 105.0, "q05": 73.0, "q06": 22.0, "q07": 14.0, "q08": 7.0, "q09": 124.0, "q10": 8.0, "q11": 8.0, "q12": 74.0, "q13": 4.0, "q14": 235.0, "q15": 85.0, "q16": 10.0, "q17": 7.0, "q18": 122.0, "q19": 14.0, "q20": 121.0, "q21": 228.0, "q22": 66.0, "q23": 214.0, "q24": 159.0, "q25": 106.0, "q26": 70.0, "q27": 50.0, "q28": 170.0, "q29": 205.0, "q30": 159.0, "q31": 61.0, "q32": 20.0, "q33": 83.0, "q34": 3.0, "q35": 7.0, "q36": 157.0, "q37": 186.0, "q38": 128.0, "q39": 157.0, "q40": 38.0, "q41": 100.0, "q42": 35.0, "q43": 217.0, "q44": 78.0, "q45": 25.0, "q46": 221.0, "q47": 52.0, "q48": 83.0, "q49": 180.0, "q50": 29.0, "q51": 167.0, "q52": 90.0, "q53": 174.0, "q54": 187.0, "q55": 203.0, "q56": 241.0, "q57": 175.0, "q58": 92.0, "q59": 147.0, "q60": 81.0, "q61": 205.0, "q62": 221.0, "q63": 179.0}, "datetime": {"datetime": "2019-11-11 18:46:12", "elapsed": 0.273006, "delta": 0.003177}}
{"target": -0.06998970148157252, "params": {"q00": 47.0, "q01": 46.0, "q02": 155.0, "q03": 104.0, "q04": 64.0, "q05": 51.0, "q06": 114.0, "q07": 162.0, "q08": 17.0, "q09": 28.0, "q10": 125.0, "q11": 117.0, "q12": 76.0, "q13": 130.0, "q14": 174.0, "q15": 67.0, "q16": 29.0, "q17": 12.0, "q18": 63.0, "q19": 116.0, "q20": 72.0, "q21": 75.0, "q22": 163.0, "q23": 250.0, "q24": 20.0, "q25": 212.0, "q26": 239.0, "q27": 55.0, "q28": 216.0, "q29": 99.0, "q30": 171.0, "q31": 42.0, "q32": 134.0, "q33": 169.0, "q34": 184.0, "q35": 101.0, "q36": 246.0, "q37": 72.0, "q38": 60.0, "q39": 251.0, "q40": 175.0, "q41": 251.0, "q42": 45.0, "q43": 114.0, "q44": 63.0, "q45": 181.0, "q46": 135.0, "q47": 163.0, "q48": 105.0, "q49": 105.0, "q50": 251.0, "q51": 252.0, "q52": 103.0, "q53": 137.0, "q54": 210.0, "q55": 237.0, "q56": 189.0, "q57": 57.0, "q58": 168.0, "q59": 115.0, "q60": 159.0, "q61": 189.0, "q62": 240.0, "q63": 250.0}, "datetime": {"datetime": "2019-11-11 18:46:12", "elapsed": 0.27598, "delta": 0.002974}}
{"target": -0.08338460712685375, "params": {"q00": 11.0, "q01": 37.0, "q02": 34.0, "q03": 32.0, "q04": 38.0, "q05": 134.0, "q06": 20.0, "q07": 13.0, "q08": 20.0, "q09": 13.0, "q10": 229.0, "q11": 61.0, "q12": 124.0, "q13": 48.0, "q14": 176.0, "q15": 181.0, "q16": 161.0, "q17": 4.0, "q18": 31.0, "q19": 120.0, "q20": 41.0, "q21": 85.0, "q22": 248.0, "q23": 201.0, "q24": 122.0, "q25": 67.0, "q26": 155.0, "q27": 68.0, "q28": 123.0, "q29": 42.0, "q30": 34.0, "q31": 111.0, "q32": 117.0, "q33": 25.0, "q34": 94.0, "q35": 94.0, "q36": 100.0, "q37": 11.0, "q38": 44.0, "q39": 143.0, "q40": 252.0, "q41": 26.0, "q42": 54.0, "q43": 219.0, "q44": 184.0, "q45": 103.0, "q46": 233.0, "q47": 102.0, "q48": 12.0, "q49": 125.0, "q50": 11.0, "q51": 111.0, "q52": 19.0, "q53": 96.0, "q54": 73.0, "q55": 37.0, "q56": 42.0, "q57": 59.0, "q58": 163.0, "q59": 131.0, "q60": 82.0, "q61": 15.0, "q62": 220.0, "q63": 147.0}, "datetime": {"datetime": "2019-11-11 18:46:12", "elapsed": 0.278914, "delta": 0.002934}}
{"target": -0.12183657721043795, "params": {"q00": 4.0, "q01": 61.0, "q02": 68.0, "q03": 153.0, "q04": 37.0, "q05": 1.0, "q06": 92.0, "q07": 24.0, "q08": 2.0, "q09": 20.0, "q10": 63.0, "q11": 219.0, "q12": 6.0, "q13": 107.0, "q14": 179.0, "q15": 173.0, "q16": 90.0, "q17": 8.0, "q18": 38.0, "q19": 249.0, "q20": 43.0, "q21": 60.0, "q22": 80.0, "q23": 11.0, "q24": 80.0, "q25": 203.0, "q26": 68.0, "q27": 59.0, "q28": 28.0, "q29": 243.0, "q30": 177.0, "q31": 181.0, "q32": 193.0, "q33": 218.0, "q34": 37.0, "q35": 196.0, "q36": 241.0, "q37": 242.0, "q38": 38.0, "q39": 11.0, "q40": 77.0, "q41": 11.0, "q42": 88.0, "q43": 124.0, "q44": 16.0, "q45": 207.0, "q46": 57.0, "q47": 238.0, "q48": 164.0, "q49": 151.0, "q50": 110.0, "q51": 208.0, "q52": 24.0, "q53": 245.0, "q54": 119.0, "q55": 113.0, "q56": 61.0, "q57": 8.0, "q58": 171.0, "q59": 176.0, "q60": 184.0, "q61": 150.0, "q62": 155.0, "q63": 251.0}, "datetime": {"datetime": "2019-11-11 18:46:12", "elapsed": 0.281792, "delta": 0.002878}}
{"target": -0.07468260609258393, "params": {"q00": 44.0, "q01": 45.0, "q02": 6.0, "q03": 163.0, "q04": 182.0, "q05": 19.0, "q06": 95.0, "q07": 23.0, "q08": 13.0, "q09": 19.0, "q10": 19.0, "q11": 164.0, "q12": 64.0, "q13": 96.0, "q14": 228.0, "q15": 69.0, "q16": 31.0, "q17": 27.0, "q18": 54.0, "q19": 20.0, "q20": 74.0, "q21": 192.0, "q22": 223.0, "q23": 206.0, "q24": 213.0, "q25": 143.0, "q26": 130.0, "q27": 75.0, "q28": 29.0, "q29": 231.0, "q30": 117.0, "q31": 170.0, "q32": 211.0, "q33": 30.0, "q34": 54.0, "q35": 42.0, "q36": 54.0, "q37": 110.0, "q38": 35.0, "q39": 228.0, "q40": 51.0, "q41": 239.0, "q42": 243.0, "q43": 12.0, "q44": 244.0, "q45": 101.0, "q46": 251.0, "q47": 198.0, "q48": 250.0, "q49": 104.0, "q50": 113.0, "q51": 162.0, "q52": 28.0, "q53": 5.0, "q54": 112.0, "q55": 213.0, "q56": 182.0, "q57": 92.0, "q58": 210.0, "q59": 31.0, "q60": 202.0, "q61": 229.0, "q62": 236.0, "q63": 155.0}, "datetime": {"datetime": "2019-11-11 18:46:12", "elapsed": 0.284779, "delta": 0.002987}}
{"target": -0.1622188492844257, "params": {"q00": 41.0, "q01": 1.0, "q02": 35.0, "q03": 180.0, "q04": 60.0, "q05": 45.0, "q06": 9.0, "q07": 142.0, "q08": 129.0, "q09": 92.0, "q10": 111.0, "q11": 215.0, "q12": 31.0, "q13": 104.0, "q14": 6.0, "q15": 251.0, "q16": 71.0, "q17": 43.0, "q18": 132.0, "q19": 169.0, "q20": 248.0, "q21": 12.0, "q22": 244.0, "q23": 206.0, "q24": 82.0, "q25": 35.0, "q26": 37.0, "q27": 3.0, "q28": 105.0, "q29": 52.0, "q30": 163.0, "q31": 240.0, "q32": 94.0, "q33": 176.0, "q34": 223.0, "q35": 14.0, "q36": 203.0, "q37": 57.0, "q38": 208.0, "q39": 201.0, "q40": 9.0, "q41": 210.0, "q42": 14.0, "q43": 60.0, "q44": 13.0, "q45": 123.0, "q46": 227.0, "q47": 85.0, "q48": 178.0, "q49": 178.0, "q50": 147.0, "q51": 175.0, "q52": 64.0, "q53": 68.0, "q54": 138.0, "q55": 53.0, "q56": 125.0, "q57": 65.0, "q58": 103.0, "q59": 129.0, "q60": 233.0, "q61": 48.0, "q62": 142.0, "q63": 216.0}, "datetime": {"datetime": "2019-11-11 18:46:12", "elapsed": 0.287763, "delta": 0.002984}}
{"target": -0.09538629890654332, "params": {"q00": 61.0, "q01": 15.0, "q02": 25.0, "q03": 54.0, "q04": 81.0, "q05": 20.0, "q06": 141.0, "q07": 13.0, "q08": 10.0, "q09": 61.0, "q10": 11.0, "q11": 158.0, "q12": 179.0, "q13": 16.0, "q14": 144.0, "q15": 248.0, "q16": 7.0, "q17": 16.0, "q18": 151.0, "q19": 93.0, "q20": 213.0, "q21": 207.0, "q22": 37.0, "q23": 237.0, "q24": 211.0, "q25": 154.0, "q26": 235.0, "q27": 84.0, "q28": 204.0, "q29": 186.0, "q30": 247.0, "q31": 15.0, "q32": 39.0, "q33": 229.0, "q34": 35.0, "q35": 79.0, "q36": 148.0, "q37": 55.0, "q38": 77.0, "q39": 227.0, "q40": 206.0, "q41": 61.0, "q42": 149.0, "q43": 104.0, "q44": 43.0, "q45": 204.0, "q46": 246.0, "q47": 25.0, "q48": 176.0, "q49": 174.0, "q50": 12.0, "q51": 220.0, "q52": 12.0, "q53": 214.0, "q54": 217.0, "q55": 150.0, "q56": 89.0, "q57": 34.0, "q58": 231.0, "q59": 33.0, "q60": 165.0, "q61": 58.0, "q62": 179.0, "q63": 237.0}, "datetime": {"datetime": "2019-11-11 18:46:12", "elapsed": 0.290748, "delta": 0.002985}}
{"target": -0.14561751542783674, "params": {"q00": 11.0, "q01": 5.0, "q02": 135.0, "q03": 191.0, "q04": 92.0, "q05": 35.0, "q06": 61.0, "q07": 71.0, "q08": 181.0, "q09": 34.0, "q10": 56.0, "q11": 13.0, "q12": 23.0, "q13": 45.0, "q14": 72.0, "q15": 25.0, "q16": 12.0, "q17": 7.0, "q18": 222.0, "q19": 153.0, "q20": 74.0, "q21": 50.0, "q22": 85.0, "q23": 243.0, "q24": 162.0, "q25": 45.0, "q26": 21.0, "q27": 139.0, "q28": 180.0, "q29": 184.0, "q30": 218.0, "q31": 41.0, "q32": 147.0, "q33": 69.0, "q34": 38.0, "q35": 157.0, "q36": 102.0, "q37": 118.0, "q38": 102.0, "q39": 198.0, "q40": 30.0, "q41": 29.0, "q42": 105.0, "q43": 47.0, "q44": 204.0, "q45": 205.0, "q46": 171.0, "q47": 148.0, "q48": 200.0, "q49": 193.0, "q50": 198.0, "q51": 169.0, "q52": 71.0, "q53": 148.0, "q54": 233.0, "q55": 225.0, "q56": 5.0, "q57": 181.0, "q58": 190.0, "q59": 107.0, "q60": 246.0, "q61": 244.0, "q62": 87.0, "q63": 171.0}, "datetime": {"datetime": "2019-11-11 18:46:12", "elapsed": 0.293692, "delta": 0.002944}}
{"target": -0.19265844397924065, "params": {"q00": 131.0, "q01": 18.0, "q02": 57.0, "q03": 50.0, "q04": 53.0, "q05": 1.0, "q06": 36.0, "q07": 130.0, "q08": 35.0, "q09": 67.0, "q10": 90.0, "q11": 67.0, "q12": 140.0, "q13": 124.0, "q14": 247.0, "q15": 104.0, "q16": 3.0, "q17": 31.0, "q18": 80.0, "q19": 226.0, "q20": 81.0, "q21": 76.0, "q22": 247.0, "q23": 81.0, "q24": 87.0, "q25": 69.0, "q26": 233.0, "q27": 109.0, "q28": 174.0, "q29": 113.0, "q30": 222.0, "q31": 185.0, "q32": 203.0, "q33": 187.0, "q34": 34.0, "q35": 111.0, "q36": 7.0, "q37": 86.0, "q38": 109.0, "q39": 211.0, "q40": 240.0, "q41": 63.0, "q42": 193.0, "q43": 11.0, "q44": 203.0, "q45": 13.0, "q46": 151.0, "q47": 34.0, "q48": 249.0, "q49": 4.0, "q50": 220.0, "q51": 165.0, "q52": 96.0, "q53": 113.0, "q54": 62.0, "q55": 112.0, "q56": 80.0, "q57": 178.0, "q58": 86.0, "q59": 230.0, "q60": 154.0, "q61": 177.0, "q62": 238.0, "q63": 144.0}, "datetime": {"datetime": "2019-11-11 18:46:12", "elapsed": 0.296643, "delta": 0.002951}}
{"target": -0.11868200756677205, "params": {"q00": 70.0, "q01": 71.0, "q02": 14.0, "q03": 247.0, "q04": 1.0, "q05": 124.0, "q06": 205.0, "q07": 125.0, "q08": 36.0, "q09": 17.0, "q10": 25.0, "q11": 85.0, "q12": 41.0, "q13": 136.0, "q14": 162.0, "q15": 179.0, "q16": 86.0, "q17": 14.0, "q18": 10.0, "q19": 130.0, "q20": 224.0, "q21": 182.0, "q22": 161.0, "q23": 152.0, "q24": 41.0, "q25": 10.0, "q26": 149.0, "q27": 76.0, "q28": 177.0, "q29": 166.0, "q30": 128.0, "q31": 205.0, "q32": 178.0, "q33": 203.0, "q34": 14.0, "q35": 24.0, "q36": 4.0, "q37": 91.0, "q38": 110.0, "q39": 62.0, "q40": 83.0, "q41": 254.0, "q42": 15.0, "q43": 17.0, "q44": 99.0, "q45": 216.0, "q46": 70.0, "q47": 244.0, "q48": 180.0, "q49": 86.0, "q50": 67.0, "q51": 82.0, "q52": 40.0, "q53": 154.0, "q54": 91.0, "q55": 173.0, "q56": 124.0, "q57": 231.0, "q58": 133.0, "q59": 116.0, "q60": 89.0, "q61": 11.0, "q62": 234.0, "q63": 148.0}, "datetime": {"datetime": "2019-11-11 18:46:12", "elapsed": 0.299592, "delta": 0.002949}}
