{"target": -0.11030712575786411, "params": {"q00": 8.0, "q01": 39.0, "q02": 204.0, "q03": 74.0, "q04": 77.0, "q05": 250.0, "q06": 71.0, "q07": 38.0, "q08": 35.0, "q09": 28.0, "q10": 42.0, "q11": 187.0, "q12": 12.0, "q13": 28.0, "q14": 89.0, "q15": 70.0, "q16": 12.0, "q17": 14.0, "q18": 8.0, "q19": 194.0, "q20": 198.0, "q21": 77.0, "q22": 134.0, "q23": 252.0, "q24": 219.0, "q25": 94.0, "q26": 43.0, "q27": 47.0, "q28": 128.0, "q29": 147.0, "q30": 106.0, "q31": 66.0, "q32": 52.0, "q33": 117.0, "q34": 235.0, "q35": 104.0, "q36": 252.0, "q37": 84.0, "q38": 83.0, "q39": 149.0, "q40": 235.0, "q41": 190.0, "q42": 101.0, "q43": 192.0, "q44": 143.0, "q45": 33.0, "q46": 63.0, "q47": 17.0, "q48": 153.0, "q49": 218.0, "q50": 113.0, "q51": 7.0, "q52": 40.0, "q53": 163.0, "q54": 128.0, "q55": 60.0, "q56": 54.0, "q57": 227.0, "q58": 93.0, "q59": 2.0, "q60": 20.0, "q61": 37.0, "q62": 117.0, "q63": 205.0}, "datetime": {"datetime": "2019-11-11 18:46:13", "elapsed": 1.409804, "delta": 0.006249}}
{"target": -0.12310676994925501, "params": {"q00": 3.0, "q01": 34.0, "q02": 5.0, "q03": 144.0, "q04": 39.0, "q05": 135.0, "q06": 236.0, "q07": 7.0, "q08": 11.0, "q09": 83.0, "q10": 56.0, "q11": 127.0, "q12": 211.0, "q13": 39.0, "q14": 242.0, "q15": 121.0, "q16": 37.0, "q17": 72.0, "q18": 116.0, "q19": 189.0, "q20": 113.0, "q21": 48.0, "q22": 252.0, "q23": 204.0, "q24": 99.0, "q25": 182.0, "q26": 29.0, "q27": 224.0, "q28": 31.0, "q29": 164.0, "q30": 84.0, "q31": 235.0, "q32": 238.0, "q33": 167.0, "q34": 133.0, "q35": 185.0, "q36": 218.0, "q37": 176.0, "q38": 131.0, "q39": 30.0, "q40": 22.0, "q41": 205.0, "q42": 116.0, "q43": 228.0, "q44": 47.0, "q45": 117.0, "q46": 141.0, "q47": 160.0, "q48": 61.0, "q49": 154.0, "q50": 81.0, "q51": 99.0, "q52": 162.0, "q53": 69.0, "q54": 28.0, "q55": 191.0, "q56": 21.0, "q57": 49.0, "q58": 202.0, "q59": 2.0, "q60": 35.0, "q61": 126.0, "q62": 60.0, "q63": 184.0}, "datetime": {"datetime": "2019-11-11 18:46:13", "elapsed": 1.41613, "delta": 0.006326}}
{"target": -0.08309803735958438, "params": {"q00": 27.0, "q01": 77.0, "q02": 130.0, "q03": 146.0, "q04": 69.0, "q05": 161.0, "q06": 75.0, "q07": 34.0, "q08": 5.0, "q09": 10.0, "q10": 47.0, "q11": 11.0, "q12": 42.0, "q13": 10.0, "q14": 236.0, "q15": 129.0, "q16": 3.0, "q17": 50.0, "q18": 33.0, "q19": 20.0, "q20": 183.0, "q21": 84.0, "q22": 139.0, "q23": 179.0, "q24": 122.0, "q25": 33.0, "q26": 130.0, "q27": 147.0, "q28": 50.0, "q29": 148.0, "q30": 115.0, "q31": 58.0, "q32": 18.0, "q33": 242.0, "q34": 62.0, "q35": 202.0, "q36": 41.0, "q37": 59.0, "q38": 78.0, "q39": 201.0, "q40": 36.0, "q41": 184.0, "q42": 105.0, "q43": 43.0, "q44": 201.0, "q45": 77.0, "q46": 167.0, "q47": 234.0, "q48": 167.0, "q49": 133.0, "q50": 127.0, "q51": 35.0, "q52": 28.0, "q53": 32.0, "q54": 34.0, "q55": 138.0, "q56": 153.0, "q57": 207.0, "q58": 122.0, "q59": 35.0, "q60": 229.0, "q61": 246.0, "q62": 245.0, "q63": 138.0}, "datetime": {"datetime": "2019-11-11 18:46:13", "elapsed": 1.422425, "delta": 0.006295}}
{"target": -0.08689778003374177, "params": {"q00": 15.0, "q01": 25.0, "q02": 185.0, "q03": 111.0, "q04": 143.0, "q05": 250.0, "q06": 225.0, "q07": 31.0, "q08": 10.0, "q09": 28.0, "q10": 94.0, "q11": 5.0, "q12": 17.0, "q13": 5.0, "q14": 215.0, "q15": 95.0, "q16": 33.0, "q17": 52.0, "q18": 37.0, "q19": 209.0, "q20": 8.0, "q21": 82.0, "q22": 76.0, "q23": 161.0, "q24": 61.0, "q25": 113.0, "q26": 39.0, "q27": 23.0, "q28": 226.0, "q29": 70.0, "q30": 213.0, "q31": 52.0, "q32": 238.0, "q33": 224.0, "q34": 62.0, "q35": 96.0, "q36": 117.0, "q37": 202.0, "q38": 241.0, "q39": 176.0, "q40": 84.0, "q41": 111.0, "q42": 219.0, "q43": 197.0, "q44": 34.0, "q45": 4.0, "q46": 174.0, "q47": 233.0, "q48": 19.0, "q49": 55.0, "q50": 157.0, "q51": 197.0, "q52": 210.0, "q53": 99.0, "q54": 21.0, "q55": 139.0, "q56": 139.0, "q57": 176.0, "q58": 37.0, "q59": 198.0, "q60": 99.0, "q61": 242.0, "q62": 101.0, "q63": 163.0}, "datetime": {"datetime": "2019-11-11 18:46:13", "elapsed": 1.428734, "delta": 0.006309}}
{"target": -0.09661003357339343, "params": {"q00": 11.0, "q01": 17.0, "q02": 108.0, "q03": 77.0, "q04": 73.0, "q05": 90.0, "q06": 110.0, "q07": 3.0, "q08": 1.0, "q09": 27.0, "q10": 70.0, "q11": 29.0, "q12": 66.0, "q13": 22.0, "q14": 145.0, "q15": 175.0, "q16": 46.0, "q17": 114.0, "q18": 21.0, "q19": 84.0, "q20": 177.0, "q21": 53.0, "q22": 150.0, "q23": 63.0, "q24": 210.0, "q25": 226.0, "q26": 25.0, "q27": 7.0, "q28": 245.0, "q29": 190.0, "q30": 61.0, "q31": 119.0, "q32": 63.0, "q33": 108.0, "q34": 77.0, "q35": 103.0, "q36": 25.0, "q37": 13.0, "q38": 113.0, "q39": 125.0, "q40": 241.0, "q41": 37.0, "q42": 167.0, "q43": 206.0, "q44": 10.0, "q45": 144.0, "q46": 66.0, "q47": 181.0, "q48": 111.0, "q49": 20.0, "q50": 186.0, "q51": 36.0, "q52": 16.0, "q53": 226.0, "q54": 23.0, "q55": 15.0, "q56": 205.0, "q57": 125.0, "q58": 79.0, "q59": 13.0, "q60": 67.0, "q61": 110.0, "q62": 106.0, "q63": 26.0}, "datetime": {"datetime": "2019-11-11 18:46:13", "elapsed": 1.435135, "delta": 0.006401}}
{"target": -0.12193448907879667, "params": {"q00": 7.0, "q01": 26.0, "q02": 246.0, "q03": 135.0, "q04": 240.0, "q05": 43.0, "q06": 171.0, "q07": 100.0, "q08": 19.0, "q09": 13.0, "q10": 69.0, "q11": 155.0, "q12": 162.0, "q13": 70.0, "q14": 74.0, "q15": 181.0, "q16": 54.0, "q17": 252.0, "q18": 50.0, "q19": 66.0, "q20": 56.0, "q21": 111.0, "q22": 105.0, "q23": 32.0, "q24": 149.0, "q25": 59.0, "q26": 25.0, "q27": 8.0, "q28": 227.0, "q29": 179.0, "q30": 40.0, "q31": 57.0, "q32": 100.0, "q33": 102.0, "q34": 45.0, "q35": 245.0, "q36": 3.0, "q37": 51.0, "q38": 89.0, "q39": 17.0, "q40": 228.0, "q41": 73.0, "q42": 232.0, "q43": 33.0, "q44": 246.0, "q45": 253.0, "q46": 216.0, "q47": 184.0, "q48": 74.0, "q49": 82.0, "q50": 50.0, "q51": 84.0, "q52": 146.0, "q53": 4.0, "q54": 196.0, "q55": 205.0, "q56": 26.0, "q57": 173.0, "q58": 4.0, "q59": 85.0, "q60": 79.0, "q61": 201.0, "q62": 143.0, "q63": 3.0}, "datetime": {"datetime": "2019-11-11 18:46:13", "elapsed": 1.441403, "delta": 0.006268}}
{"target": -0.10115645975493681, "params": {"q00": 46.0, "q01": 7.0, "q02": 175.0, "q03": 233.0, "q04": 49.0, "q05": 103.0, "q06": 85.0, "q07": 57.0, "q08": 22.0, "q09": 12.0, "q10": 79.0, "q11": 23.0, "q12": 11.0, "q13": 104.0, "q14": 53.0, "q15": 187.0, "q16": 55.0, "q17": 153.0, "q18": 52.0, "q19": 22.0, "q20": 237.0, "q21": 210.0, "q22": 186.0, "q23": 238.0, "q24": 61.0, "q25": 136.0, "q26": 154.0, "q27": 33.0, "q28": 161.0, "q29": 248.0, "q30": 211.0, "q31": 13.0, "q32": 105.0, "q33": 6.0, "q34": 32.0, "q35": 57.0, "q36": 169.0, "q37": 84.0, "q38": 57.0, "q39": 162.0, "q40": 240.0, "q41": 88.0, "q42": 249.0, "q43": 10.0, "q44": 90.0, "q45": 204.0, "q46": 193.0, "q47": 36.0, "q48": 164.0, "q49": 15.0, "q50": 26.0, "q51": 250.0, "q52": 113.0, "q53": 28.0, "q54": 24.0, "q55": 240.0, "q56": 109.0, "q57": 163.0, "q58": 83.0, "q59": 80.0, "q60": 184.0, "q61": 230.0, "q62": 234.0, "q63": 121.0}, "datetime": {"datetime": "2019-11-11 18:46:13", "elapsed": 1.447835, "delta": 0.006432}}
{"target": -0.11578839204052982, "params": {"q00": 4.0, "q01": 2.0, "q02": 26.0, "q03": 104.0, "q04": 249.0, "q05": 116.0, "q06": 72.0, "q07": 6.0, "q08": 26.0, "q09": 33.0, "q10": 208.0, "q11": 162.0, "q12": 22.0, "q13": 252.0, "q14": 42.0, "q15": 177.0, "q16": 205.0, "q17": 39.0, "q18": 16.0, "q19": 157.0, "q20": 240.0, "q21": 144.0, "q22": 157.0, "q23": 240.0, "q24": 12.0, "q25": 143.0, "q26": 112.0, "q27": 205.0, "q28": 160.0, "q29": 105.0, "q30": 151.0, "q31": 207.0, "q32": 98.0, "q33": 138.0, "q34": 220.0, "q35": 81.0, "q36": 158.0, "q37": 231.0, "q38": 191.0, "q39": 76.0, "q40": 143.0, "q41": 203.0, "q42": 56.0, "q43": 114.0, "q44": 222.0, "q45": 237.0, "q46": 143.0, "q47": 212.0, "q48": 194.0, "q49": 254.0, "q50": 204.0, "q51": 23.0, "q52": 101.0, "q53": 231.0, "q54": 144.0, "q55": 147.0, "q56": 232.0, "q57": 227.0, "q58": 242.0, "q59": 153.0, "q60": 229.0, "q61": 127.0, "q62": 220.0, "q63": 216.0}, "datetime": {"datetime": "2019-11-11 18:46:13", "elapsed": 1.454163, "delta": 0.006328}}
{"target": -0.11436470139639604, "params": {"q00": 13.0, "q01": 15.0, "q02": 93.0, "q03": 247.0, "q04": 8.0, "q05": 150.0, "q06": 131.0, "q07": 188.0, "q08": 63.0, "q09": 5.0, "q10": 50.0, "q11": 33.0, "q12": 117.0, "q13": 229.0, "q14": 206.0, "q15": 236.0, "q16": 1.0, "q17": 54.0, "q18": 204.0, "q19": 12.0, "q20": 89.0, "q21": 237.0, "q22": 123.0, "q23": 117.0, "q24": 217.0, "q25": 159.0, "q26": 254.0, "q27": 204.0, "q28": 168.0, "q29": 249.0, "q30": 192.0, "q31": 177.0, "q32": 140.0, "q33": 183.0, "q34": 17.0, "q35": 6.0, "q36": 227.0, "q37": 134.0, "q38": 122.0, "q39": 142.0, "q40": 158.0, "q41": 205.0, "q42": 211.0, "q43": 50.0, "q44": 225.0, "q45": 197.0, "q46": 126.0, "q47": 201.0, "q48": 212.0, "q49": 238.0, "q50": 122.0, "q51": 162.0, "q52": 21.0, "q53": 51.0, "q54": 71.0, "q55": 210.0, "q56": 112.0, "q57": 74.0, "q58": 144.0, "q59": 31.0, "q60": 201.0, "q61": 253.0, "q62": 172.0, "q63": 174.0}, "datetime": {"datetime": "2019-11-11 18:46:13", "elapsed": 1.460641, "delta": 0.006478}}
{"target": -0.07149836337015647, "params": {"q00": 28.0, "q01": 14.0, "q02": 2.0, "q03": 22.0, "q04": 146.0, "q05": 52.0, "q06": 161.0, "q07": 182.0, "q08": 6.0, "q09": 11.0, "q10": 194.0, "q11": 116.0, "q12": 238.0, "q13": 30.0, "q14": 179.0, "q15": 204.0, "q16": 5.0, "q17": 67.0, "q18": 4.0, "q19": 37.0, "q20": 62.0, "q21": 218.0, "q22": 251.0, "q23": 191.0, "q24": 60.0, "q25": 20.0, "q26": 217.0, "q27": 38.0, "q28": 171.0, "q29": 221.0, "q30": 135.0, "q31": 118.0, "q32": 175.0, "q33": 84.0, "q34": 172.0, "q35": 96.0, "q36": 192.0, "q37": 247.0, "q38": 241.0, "q39": 109.0, "q40": 167.0, "q41": 183.0, "q42": 213.0, "q43": 169.0, "q44": 121.0, "q45": 35.0, "q46": 56.0, "q47": 25.0, "q48": 79.0, "q49": 169.0, "q50": 136.0, "q51": 74.0, "q52": 48.0, "q53": 142.0, "q54": 57.0, "q55": 142.0, "q56": 150.0, "q57": 124.0, "q58": 187.0, "q59": 188.0, "q60": 156.0, "q61": 83.0, "q62": 102.0, "q63": 251.0}, "datetime": {"datetime": "2019-11-11 18:46:13", "elapsed": 1.467124, "delta": 0.006483}}
{"target": -0.10663219021883569, "params": {"q00": 2.0, "q01": 15.0, "q02": 2.0, "q03": 109.0, "q04": 93.0, "q05": 214.0, "q06": 3.0, "q07": 87.0, "q08": 1.0, "q09": 54.0, "q10": 33.0, "q11": 221.0, "q12": 125.0, "q13": 36.0, "q14": 154.0, "q15": 154.0, "q16": 37.0, "q17": 8.0, "q18": 140.0, "q19": 22.0, "q20": 85.0, "q21": 254.0, "q22": 205.0, "q23": 239.0, "q24": 123.0, "q25": 232.0, "q26": 103.0, "q27": 154.0, "q28": 51.0, "q29": 247.0, "q30": 65.0, "q31": 153.0, "q32": 88.0, "q33": 239.0, "q34": 151.0, "q35": 74.0, "q36": 32.0, "q37": 252.0, "q38": 157.0, "q39": 66.0, "q40": 253.0, "q41": 31.0, "q42": 206.0, "q43": 201.0, "q44": 201.0, "q45": 27.0, "q46": 196.0, "q47": 237.0, "q48": 176.0, "q49": 126.0, "q50": 74.0, "q51": 224.0, "q52": 244.0, "q53": 205.0, "q54": 89.0, "q55": 208.0, "q56": 193.0, "q57": 191.0, "q58": 89.0, "q59": 9.0, "q60": 33.0, "q61": 17.0, "q62": 12.0, "q63": 216.0}, "datetime": {"datetime": "2019-11-11 18:46:13", "elapsed": 1.473622, "delta": 0.006498}}
{"target": -0.08775768005033147, "params": {"q00": 7.0, "q01": 41.0, "q02": 4.0, "q03": 2.0, "q04": 13.0, "q05": 34.0, "q06": 129.0, "q07": 177.0, "q08": 9.0, "q09": 86.0, "q10": 35.0, "q11": 75.0, "q12": 38.0, "q13": 73.0, "q14": 15.0, "q15": 225.0, "q16": 26.0, "q17": 15.0, "q18": 216.0, "q19": 6.0, "q20": 198.0, "q21": 152.0, "q22": 239.0, "q23": 233.0, "q24": 63.0, "q25": 29.0, "q26": 179.0, "q27": 110.0, "q28": 192.0, "q29": 163.0, "q30": 162.0, "q31": 87.0, "q32": 20.0, "q33": 55.0, "q34": 196.0, "q35": 71.0, "q36": 87.0, "q37": 120.0, "q38": 116.0, "q39": 214.0, "q40": 80.0, "q41": 17.0, "q42": 237.0, "q43": 250.0, "q44": 187.0, "q45": 182.0, "q46": 176.0, "q47": 183.0, "q48": 178.0, "q49": 126.0, "q50": 109.0, "q51": 123.0, "q52": 104.0, "q53": 132.0, "q54": 98.0, "q55": 130.0, "q56": 104.0, "q57": 31.0, "q58": 139.0, "q59": 8.0, "q60": 44.0, "q61": 231.0, "q62": 235.0, "q63": 158.0}, "datetime": {"datetime": "2019-11-11 18:46:13", "elapsed": 1.480227, "delta": 0.006605}}
{"target": -0.12955609210286312, "params": {"q00": 27.0, "q01": 96.0, "q02": 34.0, "q03": 197.0, "q04": 23.0, "q05": 195.0, "q06": 51.0, "q07": 18.0, "q08": 34.0, "q09": 117.0, "q10": 70.0, "q11": 161.0, "q12": 222.0, "q13": 78.0, "q14": 194.0, "q15": 244.0, "q16": 88.0, "q17": 104.0, "q18": 6.0, "q19": 201.0, "q20": 21.0, "q21": 6.0, "q22": 146.0, "q23": 12.0, "q24": 3.0, "q25": 19.0, "q26": 60.0, "q27": 67.0, "q28": 187.0, "q29": 132.0, "q30": 219.0, "q31": 53.0, "q32": 203.0, "q33": 13.0, "q34": 36.0, "q35": 20.0, "q36": 9.0, "q37": 116.0, "q38": 78.0, "q39": 41.0, "q40": 58.0, "q41": 47.0, "q42": 105.0, "q43": 33.0, "q44": 33.0, "q45": 223.0, "q46": 138.0, "q47": 95.0, "q48": 72.0, "q49": 106.0, "q50": 56.0, "q51": 218.0, "q52": 34.0, "q53": 29.0, "q54": 23.0, "q55": 81.0, "q56": 53.0, "q57": 208.0, "q58": 94.0, "q59": 47.0, "q60": 55.0, "q61": 7.0, "q62": 15.0, "q63": 73.0}, "datetime": {"datetime": "2019-11-11 18:46:13", "elapsed": 1.486764, "delta": 0.006537}}
{"target": -0.09693092779890117, "params": {"q00": 44.0, "q01": 10.0, "q02": 14.0, "q03": 133.0, "q04": 115.0, "q05": 93.0, "q06": 79.0, "q07": 75.0, "q08": 12.0, "q09": 5.0, "q10": 62.0, "q11": 179.0, "q12": 27.0, "q13": 112.0, "q14": 32.0, "q15": 48.0, "q16": 45.0, "q17": 12.0, "q18": 158.0, "q19": 76.0, "q20": 146.0, "q21": 190.0, "q22": 107.0, "q23": 146.0, "q24": 220.0, "q25": 68.0, "q26": 156.0, "q27": 112.0, "q28": 94.0, "q29": 114.0, "q30": 201.0, "q31": 102.0, "q32": 38.0, "q33": 15.0, "q34": 132.0, "q35": 232.0, "q36": 94.0, "q37": 215.0, "q38": 198.0, "q39": 28.0, "q40": 189.0, "q41": 91.0, "q42": 16.0, "q43": 42.0, "q44": 134.0, "q45": 152.0, "q46": 252.0, "q47": 168.0, "q48": 136.0, "q49": 155.0, "q50": 66.0, "q51": 133.0, "q52": 83.0, "q53": 41.0, "q54": 154.0, "q55": 119.0, "q56": 104.0, "q57": 216.0, "q58": 170.0, "q59": 5.0, "q60": 221.0, "q61": 252.0, "q62": 248.0, "q63": 160.0}, "datetime": {"datetime": "2019-11-11 18:46:13", "elapsed": 1.493243, "delta": 0.006479}}
{"target": -0.12373582896501473, "params": {"q00": 5.0, "q01": 21.0, "q02": 76.0, "q03": 23.0, "q04": 223.0, "q05": 143.0, "q06": 237.0, "q07": 66.0, "q08": 44.0, "q09": 33.0, "q10": 133.0, "q11": 47.0, "q12": 203.0, "q13": 173.0, "q14": 145.0, "q15": 254.0, "q16": 66.0, "q17": 179.0, "q18": 5.0, "q19": 85.0, "q20": 82.0, "q21": 122.0, "q22": 252.0, "q23": 203.0, "q24": 239.0, "q25": 179.0, "q26": 50.0, "q27": 103.0, "q28": 216.0, "q29": 57.0, "q30": 249.0, "q31": 55.0, "q32": 241.0, "q33": 81.0, "q34": 83.0, "q35": 72.0, "q36": 218.0, "q37": 248.0, "q38": 231.0, "q39": 131.0, "q40": 129.0, "q41": 209.0, "q42": 253.0, "q43": 32.0, "q44": 161.0, "q45": 66.0, "q46": 98.0, "q47": 3.0, "q48": 135.0, "q49": 26.0, "q50": 12.0, "q51": 87.0, "q52": 157.0, "q53": 193.0, "q54": 48.0, "q55": 115.0, "q56": 21.0, "q57": 231.0, "q58": 232.0, "q59": 6.0, "q60": 222.0, "q61": 68.0, "q62": 69.0, "q63": 94.0}, "datetime": {"datetime": "2019-11-11 18:46:13", "elapsed": 1.499757, "delta": 0.006514}}
{"target": -0.10787947107553575, "params": {"q00": 50.0, "q01": 2.0, "q02": 45.0, "q03": 69.0, "q04": 82.0, "q05": 72.0, "q06": 42.0, "q07": 40.0, "q08": 45.0, "q09": 14.0, "q10": 23.0, "q11": 125.0, "q12": 97.0, "q13": 43.0, "q14": 141.0, "q15": 99.0, "q16": 43.0, "q17": 58.0, "q18": 70.0, "q19": 84.0, "q20": 18.0, "q21": 6.0, "q22": 2.0, "q23": 232.0, "q24": 79.0, "q25": 230.0, "q26": 52.0, "q27": 233.0, "q28": 145.0, "q29": 4.0, "q30": 195.0, "q31": 219.0, "q32": 136.0, "q33": 162.0, "q34": 86.0, "q35": 139.0, "q36": 105.0, "q37": 57.0, "q38": 233.0, "q39": 20.0, "q40": 66.0, "q41": 11.0, "q42": 144.0, "q43": 145.0, "q44": 97.0, "q45": 106.0, "q46": 15.0, "q47": 135.0, "q48": 114.0, "q49": 44.0, "q50": 226.0, "q51": 99.0, "q52": 196.0, "q53": 18.0, "q54": 20.0, "q55": 64.0, "q56": 27.0, "q57": 208.0, "q58": 154.0, "q59": 100.0, "q60": 192.0, "q61": 24.0, "q62": 187.0, "q63": 230.0}, "datetime": {"datetime": "2019-11-11 18:46:13", "elapsed": 1.506204, "delta": 0.006447}}
{"target": -0.11602920176986065, "params": {"q00": 8.0, "q01": 19.0, "q02": 63.0, "q03": 106.0, "q04": 236.0, "q05": 200.0, "q06": 231.0, "q07": 115.0, "q08": 81.0, "q09": 2.0, "q10": 124.0, "q11": 46.0, "q12": 95.0, "q13": 121.0, "q14": 241.0, "q15": 250.0, "q16": 93.0, "q17": 114.0, "q18": 165.0, "q19": 194.0, "q20": 217.0, "q21": 103.0, "q22": 45.0, "q23": 33.0, "q24": 46.0, "q25": 114.0, "q26": 84.0, "q27": 113.0, "q28": 240.0, "q29": 228.0, "q30": 230.0, "q31": 40.0, "q32": 232.0, "q33": 241.0, "q34": 53.0, "q35": 254.0, "q36": 164.0, "q37": 223.0, "q38": 113.0, "q39": 138.0, "q40": 170.0, "q41": 215.0, "q42": 226.0, "q43": 115.0, "q44": 201.0, "q45": 218.0, "q46": 93.0, "q47": 97.0, "q48": 56.0, "q49": 242.0, "q50": 123.0, "q51": 161.0, "q52": 30.0, "q53": 113.0, "q54": 91.0, "q55": 30.0, "q56": 58.0, "q57": 229.0, "q58": 119.0, "q59": 193.0, "q60": 203.0, "q61": 150.0, "q62": 187.0, "q63": 233.0}, "datetime": {"datetime": "2019-11-11 18:46:13", "elapsed": 1.512708, "delta": 0.006504}}
{"target": -0.12522001996715143, "params": {"q00": 2.0, "q01": 54.0, "q02": 90.0, "q03": 142.0, "q04": 120.0, "q05": 48.0, "q06": 128.0, "q07": 54.0, "q08": 20.0, "q09": 74.0, "q10": 247.0, "q11": 1.0, "q12": 92.0, "q13": 110.0, "q14": 66.0, "q15": 216.0, "q16": 76.0, "q17": 56.0, "q18": 37.0, "q19": 7.0, "q20": 53.0, "q21": 180.0, "q22": 91.0, "q23": 133.0, "q24": 134.0, "q25": 36.0, "q26": 100.0, "q27": 170.0, "q28": 120.0, "q29": 177.0, "q30": 189.0, "q31": 248.0, "q32": 13.0, "q33": 28.0, "q34": 56.0, "q35": 228.0, "q36": 139.0, "q37": 229.0, "q38": 79.0, "q39": 41.0, "q40": 40.0, "q41": 243.0, "q42": 120.0, "q43": 244.0, "q44": 181.0, "q45": 7.0, "q46": 192.0, "q47": 205.0, "q48": 236.0, "q49": 186.0, "q50": 15.0, "q51": 132.0, "q52": 123.0, "q53": 207.0, "q54": 164.0, "q55": 107.0, "q56": 31.0, "q57": 51.0, "q58": 147.0, "q59": 178.0, "q60": 159.0, "q61": 138.0, "q62": 101.0, "q63": 186.0}, "datetime": {"datetime": "2019-11-11 18:46:13", "elapsed": 1.519241, "delta": 0.006533}}
{"target": -0.07760209527739215, "params": {"q00": 13.0, "q01": 15.0, "q02": 35.0, "q03": 31.0, "q04": 74.0, "q05": 49.0, "q06": 99.0, "q07": 13.0, "q08": 12.0, "q09": 25.0, "q10": 101.0, "q11": 1.0, "q12": 133.0, "q13": 201.0, "q14": 18.0, "q15": 102.0, "q16": 28.0, "q17": 39.0, "q18": 17.0, "q19": 60.0, "q20": 58.0, "q21": 134.0, "q22": 50.0, "q23": 64.0, "q24": 15.0, "q25": 81.0, "q26": 241.0, "q27": 198.0, "q28": 230.0, "q29": 132.0, "q30": 221.0, "q31": 135.0, "q32": 184.0, "q33": 217.0, "q34": 58.0, "q35": 183.0, "q36": 122.0, "q37": 116.0, "q38": 19.0, "q39": 152.0, "q40": 143.0, "q41": 211.0, "q42": 80.0, "q43": 125.0, "q44": 166.0, "q45": 78.0, "q46": 169.0, "q47": 13.0, "q48": 201.0, "q49": 194.0, "q50": 231.0, "q51": 229.0, "q52": 27.0, "q53": 66.0, "q54": 246.0, "q55": 222.0, "q56": 106.0, "q57": 24.0, "q58": 167.0, "q59": 59.0, "q60": 136.0, "q61": 252.0, "q62": 183.0, "q63": 150.0}, "datetime": {"datetime": "2019-11-11 18:46:13", "elapsed": 1.525739, "delta": 0.006498}}
{"target": -0.0824477571368114, "params": {"q00": 9.0, "q01": 10.0, "q02": 97.0, "q03": 86.0, "q04": 92.0, "q05": 78.0, "q06": 23.0, "q07": 69.0, "q08": 8.0, "q09": 20.0, "q10": 55.0, "q11": 46.0, "q12": 103.0, "q13": 6.0, "q14": 139.0, "q15": 144.0, "q16": 55.0, "q17": 50.0, "q18": 67.0, "q19": 176.0, "q20": 143.0, "q21": 53.0, "q22": 26.0, "q23": 108.0, "q24": 152.0, "q25": 87.0, "q26": 63.0, "q27": 28.0, "q28": 164.0, "q29": 132.0, "q30": 192.0, "q31": 131.0, "q32": 185.0, "q33": 181.0, "q34": 37.0, "q35": 24.0, "q36": 4.0, "q37": 3.0, "q38": 47.0, "q39": 191.0, "q40": 73.0, "q41": 16.0, "q42": 11.0, "q43": 88.0, "q44": 9.0, "q45": 179.0, "q46": 77.0, "q47": 71.0, "q48": 129.0, "q49": 162.0, "q50": 164.0, "q51": 25.0, "q52": 31.0, "q53": 100.0, "q54": 163.0, "q55": 127.0, "q56": 135.0, "q57": 110.0, "q58": 38.0, "q59": 148.0, "q60": 71.0, "q61": 179.0, "q62": 183.0, "q63": 118.0}, "datetime": {"datetime": "2019-11-11 18:46:13", "elapsed": 1.607375, "delta": 0.081636}}
{"target": -0.0912544746589205, "params": {"q00": 46.0, "q01": 10.0, "q02": 119.0, "q03": 127.0, "q04": 20.0, "q05": 66.0, "q06": 6.0, "q07": 72.0, "q08": 15.0, "q09": 37.0, "q10": 26.0, "q11": 14.0, "q12": 5.0, "q13": 65.0, "q14": 206.0, "q15": 98.0, "q16": 104.0, "q17": 12.0, "q18": 44.0, "q19": 114.0, "q20": 143.0, "q21": 84.0, "q22": 18.0, "q23": 241.0, "q24": 230.0, "q25": 150.0, "q26": 53.0, "q27": 237.0, "q28": 139.0, "q29": 95.0, "q30": 41.0, "q31": 76.0, "q32": 131.0, "q33": 60.0, "q34": 105.0, "q35": 98.0, "q36": 183.0, "q37": 222.0, "q38": 226.0, "q39": 21.0, "q40": 130.0, "q41": 78.0, "q42": 234.0, "q43": 150.0, "q44": 127.0, "q45": 248.0, "q46": 188.0, "q47": 192.0, "q48": 67.0, "q49": 85.0, "q50": 150.0, "q51": 57.0, "q52": 21.0, "q53": 32.0, "q54": 117.0, "q55": 28.0, "q56": 98.0, "q57": 239.0, "q58": 117.0, "q59": 239.0, "q60": 163.0, "q61": 228.0, "q62": 234.0, "q63": 43.0}, "datetime": {"datetime": "2019-11-11 18:46:13", "elapsed": 1.614443, "delta": 0.007068}}
{"target": -0.08765389100566096, "params": {"q00": 28.0, "q01": 19.0, "q02": 17.0, "q03": 117.0, "q04": 174.0, "q05": 98.0, "q06": 228.0, "q07": 93.0, "q08": 46.0, "q09": 6.0, "q10": 29.0, "q11": 69.0, "q12": 48.0, "q13": 128.0, "q14": 186.0, "q15": 209.0, "q16": 52.0, "q17": 70.0, "q18": 205.0, "q19": 29.0, "q20": 42.0, "q21": 211.0, "q22": 51.0, "q23": 161.0, "q24": 56.0, "q25": 102.0, "q26": 147.0, "q27": 78.0, "q28": 227.0, "q29": 135.0, "q30": 75.0, "q31": 113.0, "q32": 240.0, "q33": 236.0, "q34": 62.0, "q35": 136.0, "q36": 168.0, "q37": 86.0, "q38": 9.0, "q39": 56.0, "q40": 85.0, "q41": 177.0, "q42": 74.0, "q43": 120.0, "q44": 147.0, "q45": 216.0, "q46": 243.0, "q47": 27.0, "q48": 29.0, "q49": 132.0, "q50": 215.0, "q51": 152.0, "q52": 13.0, "q53": 69.0, "q54": 193.0, "q55": 213.0, "q56": 137.0, "q57": 31.0, "q58": 61.0, "q59": 163.0, "q60": 161.0, "q61": 3.0, "q62": 96.0, "q63": 214.0}, "datetime": {"datetime": "2019-11-11 18:46:13", "elapsed": 1.621071, "delta": 0.006628}}
