{"target": -0.26360622784711474, "params": {"q00": 83.0, "q01": 248.0, "q02": 46.0, "q03": 206.0, "q04": 190.0, "q05": 5.0, "q06": 225.0, "q07": 86.0, "q08": 5.0, "q09": 24.0, "q10": 217.0, "q11": 21.0, "q12": 213.0, "q13": 21.0, "q14": 150.0, "q15": 135.0, "q16": 176.0, "q17": 135.0, "q18": 121.0, "q19": 214.0, "q20": 13.0, "q21": 44.0, "q22": 154.0, "q23": 106.0, "q24": 99.0, "q25": 121.0, "q26": 224.0, "q27": 153.0, "q28": 11.0, "q29": 170.0, "q30": 217.0, "q31": 199.0, "q32": 152.0, "q33": 221.0, "q34": 154.0, "q35": 172.0, "q36": 209.0, "q37": 109.0, "q38": 237.0, "q39": 107.0, "q40": 185.0, "q41": 136.0, "q42": 118.0, "q43": 11.0, "q44": 137.0, "q45": 10.0, "q46": 233.0, "q47": 223.0, "q48": 89.0, "q49": 140.0, "q50": 250.0, "q51": 228.0, "q52": 92.0, "q53": 32.0, "q54": 53.0, "q55": 118.0, "q56": 232.0, "q57": 26.0, "q58": 248.0, "q59": 238.0, "q60": 216.0, "q61": 173.0, "q62": 28.0, "q63": 235.0}, "datetime": {"datetime": "2019-11-11 18:46:12", "elapsed": 0.095629, "delta": 0.001726}}
{"target": -0.2543508153392495, "params": {"q00": 1.0, "q01": 127.0, "q02": 241.0, "q03": 101.0, "q04": 36.0, "q05": 86.0, "q06": 83.0, "q07": 93.0, "q08": 248.0, "q09": 98.0, "q10": 37.0, "q11": 186.0, "q12": 226.0, "q13": 8.0, "q14": 179.0, "q15": 107.0, "q16": 52.0, "q17": 157.0, "q18": 13.0, "q19": 95.0, "q20": 177.0, "q21": 6.0, "q22": 139.0, "q23": 222.0, "q24": 70.0, "q25": 106.0, "q26": 7.0, "q27": 51.0, "q28": 2.0, "q29": 9.0, "q30": 100.0, "q31": 206.0, "q32": 225.0, "q33": 48.0, "q34": 152.0, "q35": 27.0, "q36": 32.0, "q37": 33.0, "q38": 116.0, "q39": 78.0, "q40": 169.0, "q41": 42.0, "q42": 134.0, "q43": 204.0, "q44": 208.0, "q45": 13.0, "q46": 173.0, "q47": 174.0, "q48": 47.0, "q49": 238.0, "q50": 161.0, "q51": 142.0, "q52": 8.0, "q53": 34.0, "q54": 131.0, "q55": 147.0, "q56": 198.0, "q57": 38.0, "q58": 173.0, "q59": 222.0, "q60": 212.0, "q61": 75.0, "q62": 170.0, "q63": 197.0}, "datetime": {"datetime": "2019-11-11 18:46:12", "elapsed": 0.097398, "delta": 0.001769}}
{"target": -0.2042909024762921, "params": {"q00": 52.0, "q01": 123.0, "q02": 119.0, "q03": 203.0, "q04": 122.0, "q05": 90.0, "q06": 29.0, "q07": 43.0, "q08": 107.0, "q09": 239.0, "q10": 22.0, "q11": 35.0, "q12": 99.0, "q13": 151.0, "q14": 188.0, "q15": 93.0, "q16": 27.0, "q17": 82.0, "q18": 241.0, "q19": 228.0, "q20": 37.0, "q21": 133.0, "q22": 107.0, "q23": 194.0, "q24": 2.0, "q25": 69.0, "q26": 25.0, "q27": 197.0, "q28": 28.0, "q29": 124.0, "q30": 209.0, "q31": 220.0, "q32": 27.0, "q33": 76.0, "q34": 131.0, "q35": 79.0, "q36": 63.0, "q37": 166.0, "q38": 82.0, "q39": 35.0, "q40": 34.0, "q41": 236.0, "q42": 244.0, "q43": 237.0, "q44": 193.0, "q45": 109.0, "q46": 172.0, "q47": 238.0, "q48": 13.0, "q49": 84.0, "q50": 175.0, "q51": 95.0, "q52": 26.0, "q53": 248.0, "q54": 215.0, "q55": 202.0, "q56": 39.0, "q57": 156.0, "q58": 173.0, "q59": 156.0, "q60": 181.0, "q61": 26.0, "q62": 246.0, "q63": 196.0}, "datetime": {"datetime": "2019-11-11 18:46:12", "elapsed": 0.099158, "delta": 0.00176}}
{"target": -0.3052985766994618, "params": {"q00": 205.0, "q01": 63.0, "q02": 185.0, "q03": 76.0, "q04": 218.0, "q05": 7.0, "q06": 38.0, "q07": 221.0, "q08": 66.0, "q09": 13.0, "q10": 120.0, "q11": 68.0, "q12": 214.0, "q13": 5.0, "q14": 130.0, "q15": 106.0, "q16": 115.0, "q17": 172.0, "q18": 51.0, "q19": 63.0, "q20": 237.0, "q21": 22.0, "q22": 75.0, "q23": 251.0, "q24": 67.0, "q25": 27.0, "q26": 155.0, "q27": 216.0, "q28": 92.0, "q29": 125.0, "q30": 254.0, "q31": 136.0, "q32": 178.0, "q33": 207.0, "q34": 5.0, "q35": 76.0, "q36": 80.0, "q37": 87.0, "q38": 135.0, "q39": 227.0, "q40": 187.0, "q41": 232.0, "q42": 171.0, "q43": 76.0, "q44": 5.0, "q45": 178.0, "q46": 144.0, "q47": 4.0, "q48": 30.0, "q49": 164.0, "q50": 13.0, "q51": 194.0, "q52": 27.0, "q53": 138.0, "q54": 230.0, "q55": 141.0, "q56": 251.0, "q57": 34.0, "q58": 156.0, "q59": 203.0, "q60": 127.0, "q61": 63.0, "q62": 153.0, "q63": 191.0}, "datetime": {"datetime": "2019-11-11 18:46:12", "elapsed": 0.100947, "delta": 0.001789}}
{"target": -0.19005801948924467, "params": {"q00": 65.0, "q01": 44.0, "q02": 26.0, "q03": 96.0, "q04": 4.0, "q05": 137.0, "q06": 30.0, "q07": 154.0, "q08": 3.0, "q09": 216.0, "q10": 157.0, "q11": 30.0, "q12": 228.0, "q13": 85.0, "q14": 52.0, "q15": 108.0, "q16": 184.0, "q17": 91.0, "q18": 84.0, "q19": 139.0, "q20": 52.0, "q21": 229.0, "q22": 201.0, "q23": 254.0, "q24": 120.0, "q25": 134.0, "q26": 225.0, "q27": 67.0, "q28": 26.0, "q29": 10.0, "q30": 208.0, "q31": 112.0, "q32": 165.0, "q33": 218.0, "q34": 31.0, "q35": 54.0, "q36": 88.0, "q37": 156.0, "q38": 253.0, "q39": 167.0, "q40": 43.0, "q41": 15.0, "q42": 107.0, "q43": 183.0, "q44": 238.0, "q45": 115.0, "q46": 225.0, "q47": 116.0, "q48": 99.0, "q49": 219.0, "q50": 50.0, "q51": 249.0, "q52": 66.0, "q53": 84.0, "q54": 165.0, "q55": 239.0, "q56": 105.0, "q57": 11.0, "q58": 106.0, "q59": 143.0, "q60": 161.0, "q61": 83.0, "q62": 115.0, "q63": 186.0}, "datetime": {"datetime": "2019-11-11 18:46:12", "elapsed": 0.102727, "delta": 0.00178}}
{"target": -0.26365472689755565, "params": {"q00": 209.0, "q01": 9.0, "q02": 18.0, "q03": 205.0, "q04": 21.0, "q05": 17.0, "q06": 222.0, "q07": 92.0, "q08": 102.0, "q09": 38.0, "q10": 48.0, "q11": 166.0, "q12": 21.0, "q13": 132.0, "q14": 90.0, "q15": 85.0, "q16": 25.0, "q17": 42.0, "q18": 98.0, "q19": 210.0, "q20": 217.0, "q21": 113.0, "q22": 189.0, "q23": 93.0, "q24": 135.0, "q25": 59.0, "q26": 8.0, "q27": 181.0, "q28": 200.0, "q29": 184.0, "q30": 233.0, "q31": 28.0, "q32": 61.0, "q33": 221.0, "q34": 144.0, "q35": 53.0, "q36": 219.0, "q37": 248.0, "q38": 178.0, "q39": 71.0, "q40": 211.0, "q41": 134.0, "q42": 18.0, "q43": 9.0, "q44": 5.0, "q45": 57.0, "q46": 133.0, "q47": 65.0, "q48": 230.0, "q49": 150.0, "q50": 238.0, "q51": 102.0, "q52": 245.0, "q53": 73.0, "q54": 12.0, "q55": 107.0, "q56": 48.0, "q57": 140.0, "q58": 128.0, "q59": 224.0, "q60": 30.0, "q61": 126.0, "q62": 144.0, "q63": 50.0}, "datetime": {"datetime": "2019-11-11 18:46:12", "elapsed": 0.105438, "delta": 0.002711}}
{"target": -0.19057619386324126, "params": {"q00": 67.0, "q01": 183.0, "q02": 49.0, "q03": 92.0, "q04": 102.0, "q05": 249.0, "q06": 217.0, "q07": 7.0, "q08": 1.0, "q09": 65.0, "q10": 21.0, "q11": 108.0, "q12": 70.0, "q13": 202.0, "q14": 93.0, "q15": 103.0, "q16": 30.0, "q17": 127.0, "q18": 134.0, "q19": 209.0, "q20": 10.0, "q21": 152.0, "q22": 33.0, "q23": 240.0, "q24": 35.0, "q25": 38.0, "q26": 39.0, "q27": 216.0, "q28": 106.0, "q29": 130.0, "q30": 126.0, "q31": 237.0, "q32": 25.0, "q33": 191.0, "q34": 61.0, "q35": 135.0, "q36": 164.0, "q37": 11.0, "q38": 196.0, "q39": 18.0, "q40": 92.0, "q41": 54.0, "q42": 23.0, "q43": 47.0, "q44": 132.0, "q45": 37.0, "q46": 181.0, "q47": 188.0, "q48": 200.0, "q49": 214.0, "q50": 105.0, "q51": 6.0, "q52": 60.0, "q53": 172.0, "q54": 103.0, "q55": 123.0, "q56": 101.0, "q57": 116.0, "q58": 181.0, "q59": 243.0, "q60": 80.0, "q61": 54.0, "q62": 164.0, "q63": 214.0}, "datetime": {"datetime": "2019-11-11 18:46:12", "elapsed": 0.108951, "delta": 0.003513}}
{"target": -0.14143481397789848, "params": {"q00": 50.0, "q01": 74.0, "q02": 94.0, "q03": 46.0, "q04": 22.0, "q05": 193.0, "q06": 166.0, "q07": 18.0, "q08": 13.0, "q09": 23.0, "q10": 3.0, "q11": 1.0, "q12": 100.0, "q13": 62.0, "q14": 98.0, "q15": 137.0, "q16": 37.0, "q17": 26.0, "q18": 139.0, "q19": 99.0, "q20": 222.0, "q21": 73.0, "q22": 141.0, "q23": 120.0, "q24": 211.0, "q25": 87.0, "q26": 145.0, "q27": 181.0, "q28": 1.0, "q29": 188.0, "q30": 173.0, "q31": 53.0, "q32": 6.0, "q33": 114.0, "q34": 114.0, "q35": 7.0, "q36": 74.0, "q37": 6.0, "q38": 98.0, "q39": 14.0, "q40": 165.0, "q41": 155.0, "q42": 206.0, "q43": 31.0, "q44": 29.0, "q45": 211.0, "q46": 216.0, "q47": 20.0, "q48": 119.0, "q49": 162.0, "q50": 23.0, "q51": 18.0, "q52": 7.0, "q53": 108.0, "q54": 237.0, "q55": 130.0, "q56": 153.0, "q57": 82.0, "q58": 197.0, "q59": 101.0, "q60": 158.0, "q61": 177.0, "q62": 21.0, "q63": 47.0}, "datetime": {"datetime": "2019-11-11 18:46:12", "elapsed": 0.111131, "delta": 0.00218}}
{"target": -0.12912983015574236, "params": {"q00": 51.0, "q01": 89.0, "q02": 191.0, "q03": 207.0, "q04": 43.0, "q05": 23.0, "q06": 32.0, "q07": 165.0, "q08": 37.0, "q09": 13.0, "q10": 17.0, "q11": 132.0, "q12": 12.0, "q13": 51.0, "q14": 149.0, "q15": 208.0, "q16": 30.0, "q17": 100.0, "q18": 101.0, "q19": 14.0, "q20": 131.0, "q21": 45.0, "q22": 36.0, "q23": 127.0, "q24": 145.0, "q25": 105.0, "q26": 251.0, "q27": 34.0, "q28": 120.0, "q29": 55.0, "q30": 102.0, "q31": 104.0, "q32": 151.0, "q33": 240.0, "q34": 68.0, "q35": 170.0, "q36": 114.0, "q37": 115.0, "q38": 95.0, "q39": 140.0, "q40": 52.0, "q41": 70.0, "q42": 46.0, "q43": 76.0, "q44": 23.0, "q45": 31.0, "q46": 169.0, "q47": 171.0, "q48": 81.0, "q49": 252.0, "q50": 233.0, "q51": 253.0, "q52": 94.0, "q53": 136.0, "q54": 99.0, "q55": 172.0, "q56": 156.0, "q57": 4.0, "q58": 111.0, "q59": 67.0, "q60": 214.0, "q61": 174.0, "q62": 254.0, "q63": 215.0}, "datetime": {"datetime": "2019-11-11 18:46:12", "elapsed": 0.113297, "delta": 0.002166}}
{"target": -0.08704038456763524, "params": {"q00": 57.0, "q01": 13.0, "q02": 29.0, "q03": 59.0, "q04": 42.0, "q05": 39.0, "q06": 180.0, "q07": 74.0, "q08": 50.0, "q09": 33.0, "q10": 132.0, "q11": 182.0, "q12": 84.0, "q13": 104.0, "q14": 188.0, "q15": 121.0, "q16": 60.0, "q17": 75.0, "q18": 113.0, "q19": 70.0, "q20": 35.0, "q21": 191.0, "q22": 99.0, "q23": 248.0, "q24": 182.0, "q25": 31.0, "q26": 254.0, "q27": 208.0, "q28": 27.0, "q29": 82.0, "q30": 246.0, "q31": 98.0, "q32": 100.0, "q33": 251.0, "q34": 82.0, "q35": 125.0, "q36": 249.0, "q37": 189.0, "q38": 212.0, "q39": 12.0, "q40": 121.0, "q41": 62.0, "q42": 238.0, "q43": 93.0, "q44": 240.0, "q45": 141.0, "q46": 147.0, "q47": 143.0, "q48": 209.0, "q49": 237.0, "q50": 120.0, "q51": 131.0, "q52": 14.0, "q53": 101.0, "q54": 204.0, "q55": 39.0, "q56": 11.0, "q57": 137.0, "q58": 246.0, "q59": 166.0, "q60": 191.0, "q61": 175.0, "q62": 228.0, "q63": 240.0}, "datetime": {"datetime": "2019-11-11 18:46:12", "elapsed": 0.115036, "delta": 0.001739}}
{"target": -0.1804422581178356, "params": {"q00": 87.0, "q01": 92.0, "q02": 194.0, "q03": 180.0, "q04": 54.0, "q05": 6.0, "q06": 21.0, "q07": 224.0, "q08": 14.0, "q09": 111.0, "q10": 52.0, "q11": 86.0, "q12": 42.0, "q13": 97.0, "q14": 69.0, "q15": 234.0, "q16": 50.0, "q17": 79.0, "q18": 53.0, "q19": 238.0, "q20": 251.0, "q21": 62.0, "q22": 193.0, "q23": 252.0, "q24": 21.0, "q25": 245.0, "q26": 63.0, "q27": 8.0, "q28": 155.0, "q29": 207.0, "q30": 14.0, "q31": 128.0, "q32": 28.0, "q33": 236.0, "q34": 208.0, "q35": 96.0, "q36": 98.0, "q37": 25.0, "q38": 152.0, "q39": 72.0, "q40": 129.0, "q41": 50.0, "q42": 34.0, "q43": 36.0, "q44": 46.0, "q45": 146.0, "q46": 238.0, "q47": 21.0, "q48": 59.0, "q49": 83.0, "q50": 45.0, "q51": 6.0, "q52": 48.0, "q53": 148.0, "q54": 199.0, "q55": 104.0, "q56": 218.0, "q57": 194.0, "q58": 150.0, "q59": 109.0, "q60": 108.0, "q61": 65.0, "q62": 88.0, "q63": 111.0}, "datetime": {"datetime": "2019-11-11 18:46:12", "elapsed": 0.116592, "delta": 0.001556}}
{"target": -0.10469424011079675, "params": {"q00": 46.0, "q01": 73.0, "q02": 23.0, "q03": 183.0, "q04": 167.0, "q05": 159.0, "q06": 27.0, "q07": 21.0, "q08": 90.0, "q09": 36.0, "q10": 9.0, "q11": 34.0, "q12": 67.0, "q13": 36.0, "q14": 200.0, "q15": 244.0, "q16": 110.0, "q17": 16.0, "q18": 68.0, "q19": 221.0, "q20": 92.0, "q21": 79.0, "q22": 91.0, "q23": 159.0, "q24": 202.0, "q25": 196.0, "q26": 115.0, "q27": 47.0, "q28": 94.0, "q29": 58.0, "q30": 50.0, "q31": 222.0, "q32": 86.0, "q33": 117.0, "q34": 9.0, "q35": 26.0, "q36": 168.0, "q37": 61.0, "q38": 251.0, "q39": 140.0, "q40": 139.0, "q41": 149.0, "q42": 223.0, "q43": 99.0, "q44": 230.0, "q45": 29.0, "q46": 42.0, "q47": 137.0, "q48": 115.0, "q49": 169.0, "q50": 216.0, "q51": 252.0, "q52": 61.0, "q53": 239.0, "q54": 45.0, "q55": 215.0, "q56": 79.0, "q57": 238.0, "q58": 210.0, "q59": 216.0, "q60": 191.0, "q61": 224.0, "q62": 246.0, "q63": 241.0}, "datetime": {"datetime": "2019-11-11 18:46:12", "elapsed": 0.118144, "delta": 0.001552}}
{"target": -0.2433897569178341, "params": {"q00": 183.0, "q01": 4.0, "q02": 47.0, "q03": 155.0, "q04": 71.0, "q05": 97.0, "q06": 115.0, "q07": 66.0, "q08": 84.0, "q09": 22.0, "q10": 193.0, "q11": 127.0, "q12": 59.0, "q13": 37.0, "q14": 14.0, "q15": 15.0, "q16": 34.0, "q17": 16.0, "q18": 244.0, "q19": 145.0, "q20": 166.0, "q21": 148.0, "q22": 40.0, "q23": 87.0, "q24": 106.0, "q25": 105.0, "q26": 88.0, "q27": 84.0, "q28": 96.0, "q29": 49.0, "q30": 249.0, "q31": 45.0, "q32": 109.0, "q33": 227.0, "q34": 92.0, "q35": 10.0, "q36": 14.0, "q37": 183.0, "q38": 126.0, "q39": 18.0, "q40": 120.0, "q41": 28.0, "q42": 195.0, "q43": 62.0, "q44": 6.0, "q45": 143.0, "q46": 251.0, "q47": 111.0, "q48": 182.0, "q49": 170.0, "q50": 228.0, "q51": 32.0, "q52": 151.0, "q53": 68.0, "q54": 109.0, "q55": 135.0, "q56": 199.0, "q57": 124.0, "q58": 214.0, "q59": 215.0, "q60": 142.0, "q61": 159.0, "q62": 127.0, "q63": 238.0}, "datetime": {"datetime": "2019-11-11 18:46:12", "elapsed": 0.119684, "delta": 0.00154}}
{"target": -0.16103943211175237, "params": {"q00": 1.0, "q01": 173.0, "q02": 137.0, "q03": 70.0, "q04": 23.0, "q05": 56.0, "q06": 202.0, "q07": 2.0, "q08": 25.0, "q09": 99.0, "q10": 11.0, "q11": 166.0, "q12": 94.0, "q13": 35.0, "q14": 198.0, "q15": 169.0, "q16": 30.0, "q17": 11.0, "q18": 70.0, "q19": 93.0, "q20": 87.0, "q21": 3.0, "q22": 251.0, "q23": 212.0, "q24": 27.0, "q25": 118.0, "q26": 19.0, "q27": 45.0, "q28": 188.0, "q29": 196.0, "q30": 60.0, "q31": 237.0, "q32": 30.0, "q33": 50.0, "q34": 158.0, "q35": 173.0, "q36": 5.0, "q37": 26.0, "q38": 181.0, "q39": 3.0, "q40": 42.0, "q41": 113.0, "q42": 206.0, "q43": 34.0, "q44": 182.0, "q45": 18.0, "q46": 214.0, "q47": 101.0, "q48": 35.0, "q49": 254.0, "q50": 184.0, "q51": 183.0, "q52": 44.0, "q53": 191.0, "q54": 86.0, "q55": 56.0, "q56": 39.0, "q57": 109.0, "q58": 221.0, "q59": 92.0, "q60": 70.0, "q61": 186.0, "q62": 143.0, "q63": 16.0}, "datetime": {"datetime": "2019-11-11 18:46:12", "elapsed": 0.121319, "delta": 0.001635}}
{"target": -0.2879075241105678, "params": {"q00": 209.0, "q01": 95.0, "q02": 5.0, "q03": 158.0, "q04": 8.0, "q05": 91.0, "q06": 20.0, "q07": 130.0, "q08": 17.0, "q09": 161.0, "q10": 23.0, "q11": 62.0, "q12": 38.0, "q13": 44.0, "q14": 173.0, "q15": 161.0, "q16": 38.0, "q17": 109.0, "q18": 203.0, "q19": 198.0, "q20": 169.0, "q21": 78.0, "q22": 250.0, "q23": 53.0, "q24": 39.0, "q25": 5.0, "q26": 231.0, "q27": 33.0, "q28": 12.0, "q29": 108.0, "q30": 145.0, "q31": 54.0, "q32": 198.0, "q33": 10.0, "q34": 38.0, "q35": 253.0, "q36": 238.0, "q37": 204.0, "q38": 173.0, "q39": 109.0, "q40": 84.0, "q41": 212.0, "q42": 23.0, "q43": 180.0, "q44": 36.0, "q45": 159.0, "q46": 204.0, "q47": 234.0, "q48": 116.0, "q49": 100.0, "q50": 191.0, "q51": 203.0, "q52": 77.0, "q53": 47.0, "q54": 227.0, "q55": 246.0, "q56": 198.0, "q57": 66.0, "q58": 136.0, "q59": 3.0, "q60": 63.0, "q61": 110.0, "q62": 243.0, "q63": 158.0}, "datetime": {"datetime": "2019-11-11 18:46:12", "elapsed": 0.122868, "delta": 0.001549}}
{"target": -0.1636219968420468, "params": {"q00": 51.0, "q01": 91.0, "q02": 101.0, "q03": 240.0, "q04": 106.0, "q05": 1.0, "q06": 78.0, "q07": 48.0, "q08": 59.0, "q09": 3.0, "q10": 86.0, "q11": 89.0, "q12": 70.0, "q13": 46.0, "q14": 198.0, "q15": 183.0, "q16": 127.0, "q17": 54.0, "q18": 64.0, "q19": 78.0, "q20": 118.0, "q21": 69.0, "q22": 167.0, "q23": 116.0, "q24": 14.0, "q25": 51.0, "q26": 11.0, "q27": 251.0, "q28": 134.0, "q29": 151.0, "q30": 130.0, "q31": 160.0, "q32": 132.0, "q33": 254.0, "q34": 36.0, "q35": 70.0, "q36": 214.0, "q37": 78.0, "q38": 245.0, "q39": 115.0, "q40": 114.0, "q41": 38.0, "q42": 235.0, "q43": 131.0, "q44": 112.0, "q45": 142.0, "q46": 190.0, "q47": 89.0, "q48": 134.0, "q49": 22.0, "q50": 71.0, "q51": 76.0, "q52": 217.0, "q53": 54.0, "q54": 106.0, "q55": 91.0, "q56": 92.0, "q57": 28.0, "q58": 87.0, "q59": 254.0, "q60": 226.0, "q61": 160.0, "q62": 153.0, "q63": 235.0}, "datetime": {"datetime": "2019-11-11 18:46:12", "elapsed": 0.124562, "delta": 0.001694}}
{"target": -0.20635069269618866, "params": {"q00": 31.0, "q01": 95.0, "q02": 14.0, "q03": 142.0, "q04": 8.0, "q05": 88.0, "q06": 203.0, "q07": 239.0, "q08": 2.0, "q09": 229.0, "q10": 152.0, "q11": 77.0, "q12": 212.0, "q13": 64.0, "q14": 3.0, "q15": 170.0, "q16": 127.0, "q17": 75.0, "q18": 58.0, "q19": 178.0, "q20": 3.0, "q21": 228.0, "q22": 241.0, "q23": 237.0, "q24": 187.0, "q25": 46.0, "q26": 137.0, "q27": 188.0, "q28": 51.0, "q29": 147.0, "q30": 147.0, "q31": 214.0, "q32": 47.0, "q33": 224.0, "q34": 161.0, "q35": 211.0, "q36": 193.0, "q37": 19.0, "q38": 154.0, "q39": 110.0, "q40": 196.0, "q41": 181.0, "q42": 42.0, "q43": 82.0, "q44": 247.0, "q45": 118.0, "q46": 105.0, "q47": 232.0, "q48": 253.0, "q49": 107.0, "q50": 174.0, "q51": 212.0, "q52": 62.0, "q53": 202.0, "q54": 182.0, "q55": 189.0, "q56": 103.0, "q57": 198.0, "q58": 204.0, "q59": 148.0, "q60": 196.0, "q61": 246.0, "q62": 234.0, "q63": 225.0}, "datetime": {"datetime": "2019-11-11 18:46:12", "elapsed": 0.1263, "delta": 0.001738}}
{"target": -0.3251282997958354, "params": {"q00": 205.0, "q01": 135.0, "q02": 79.0, "q03": 178.0, "q04": 191.0, "q05": 13.0, "q06": 29.0, "q07": 6.0, "q08": 42.0, "q09": 243.0, "q10": 124.0, "q11": 84.0, "q12": 44.0, "q13": 56.0, "q14": 159.0, "q15": 120.0, "q16": 19.0, "q17": 84.0, "q18": 60.0, "q19": 20.0, "q20": 68.0, "q21": 91.0, "q22": 113.0, "q23": 175.0, "q24": 3.0, "q25": 37.0, "q26": 123.0, "q27": 218.0, "q28": 23.0, "q29": 97.0, "q30": 208.0, "q31": 172.0, "q32": 23.0, "q33": 201.0, "q34": 3.0, "q35": 167.0, "q36": 12.0, "q37": 14.0, "q38": 142.0, "q39": 223.0, "q40": 192.0, "q41": 33.0, "q42": 99.0, "q43": 101.0, "q44": 131.0, "q45": 47.0, "q46": 45.0, "q47": 202.0, "q48": 12.0, "q49": 201.0, "q50": 172.0, "q51": 93.0, "q52": 111.0, "q53": 223.0, "q54": 203.0, "q55": 93.0, "q56": 33.0, "q57": 53.0, "q58": 239.0, "q59": 239.0, "q60": 198.0, "q61": 218.0, "q62": 209.0, "q63": 87.0}, "datetime": {"datetime": "2019-11-11 18:46:12", "elapsed": 0.12792, "delta": 0.00162}}
{"target": -0.15778719472539687, "params": {"q00": 29.0, "q01": 120.0, "q02": 199.0, "q03": 66.0, "q04": 40.0, "q05": 59.0, "q06": 88.0, "q07": 29.0, "q08": 112.0, "q09": 125.0, "q10": 143.0, "q11": 63.0, "q12": 228.0, "q13": 56.0, "q14": 69.0, "q15": 84.0, "q16": 120.0, "q17": 129.0, "q18": 52.0, "q19": 208.0, "q20": 175.0, "q21": 172.0, "q22": 37.0, "q23": 239.0, "q24": 234.0, "q25": 22.0, "q26": 63.0, "q27": 149.0, "q28": 166.0, "q29": 163.0, "q30": 204.0, "q31": 172.0, "q32": 36.0, "q33": 73.0, "q34": 156.0, "q35": 12.0, "q36": 211.0, "q37": 94.0, "q38": 150.0, "q39": 137.0, "q40": 137.0, "q41": 60.0, "q42": 150.0, "q43": 45.0, "q44": 161.0, "q45": 185.0, "q46": 224.0, "q47": 163.0, "q48": 159.0, "q49": 241.0, "q50": 29.0, "q51": 222.0, "q52": 21.0, "q53": 57.0, "q54": 81.0, "q55": 181.0, "q56": 194.0, "q57": 189.0, "q58": 174.0, "q59": 210.0, "q60": 85.0, "q61": 191.0, "q62": 207.0, "q63": 214.0}, "datetime": {"datetime": "2019-11-11 18:46:12", "elapsed": 0.129621, "delta": 0.001701}}
{"target": -0.13084518714486393, "params": {"q00": 32.0, "q01": 54.0, "q02": 158.0, "q03": 216.0, "q04": 61.0, "q05": 5.0, "q06": 149.0, "q07": 179.0, "q08": 32.0, "q09": 92.0, "q10": 36.0, "q11": 232.0, "q12": 92.0, "q13": 70.0, "q14": 131.0, "q15": 85.0, "q16": 46.0, "q17": 21.0, "q18": 53.0, "q19": 140.0, "q20": 83.0, "q21": 68.0, "q22": 235.0, "q23": 124.0, "q24": 4.0, "q25": 53.0, "q26": 152.0, "q27": 223.0, "q28": 235.0, "q29": 242.0, "q30": 113.0, "q31": 183.0, "q32": 64.0, "q33": 27.0, "q34": 14.0, "q35": 2.0, "q36": 189.0, "q37": 244.0, "q38": 197.0, "q39": 15.0, "q40": 115.0, "q41": 2.0, "q42": 67.0, "q43": 8.0, "q44": 130.0, "q45": 49.0, "q46": 187.0, "q47": 102.0, "q48": 215.0, "q49": 54.0, "q50": 139.0, "q51": 243.0, "q52": 114.0, "q53": 136.0, "q54": 249.0, "q55": 89.0, "q56": 155.0, "q57": 4.0, "q58": 90.0, "q59": 154.0, "q60": 134.0, "q61": 198.0, "q62": 239.0, "q63": 249.0}, "datetime": {"datetime": "2019-11-11 18:46:12", "elapsed": 0.131338, "delta": 0.001717}}
{"target": -0.15488741976217157, "params": {"q00": 74.0, "q01": 85.0, "q02": 29.0, "q03": 124.0, "q04": 177.0, "q05": 85.0, "q06": 225.0, "q07": 211.0, "q08": 2.0, "q09": 105.0, "q10": 89.0, "q11": 46.0, "q12": 6.0, "q13": 46.0, "q14": 27.0, "q15": 206.0, "q16": 51.0, "q17": 27.0, "q18": 36.0, "q19": 86.0, "q20": 45.0, "q21": 110.0, "q22": 157.0, "q23": 156.0, "q24": 21.0, "q25": 87.0, "q26": 5.0, "q27": 63.0, "q28": 141.0, "q29": 68.0, "q30": 133.0, "q31": 185.0, "q32": 157.0, "q33": 214.0, "q34": 155.0, "q35": 32.0, "q36": 124.0, "q37": 180.0, "q38": 11.0, "q39": 2.0, "q40": 153.0, "q41": 163.0, "q42": 84.0, "q43": 71.0, "q44": 23.0, "q45": 185.0, "q46": 75.0, "q47": 12.0, "q48": 10.0, "q49": 199.0, "q50": 196.0, "q51": 90.0, "q52": 108.0, "q53": 84.0, "q54": 77.0, "q55": 82.0, "q56": 37.0, "q57": 249.0, "q58": 223.0, "q59": 39.0, "q60": 227.0, "q61": 11.0, "q62": 126.0, "q63": 239.0}, "datetime": {"datetime": "2019-11-11 18:46:12", "elapsed": 0.132914, "delta": 0.001576}}
{"target": -0.14538639887035815, "params": {"q00": 50.0, "q01": 13.0, "q02": 21.0, "q03": 220.0, "q04": 6.0, "q05": 6.0, "q06": 109.0, "q07": 73.0, "q08": 83.0, "q09": 123.0, "q10": 102.0, "q11": 132.0, "q12": 106.0, "q13": 173.0, "q14": 100.0, "q15": 238.0, "q16": 80.0, "q17": 168.0, "q18": 75.0, "q19": 15.0, "q20": 248.0, "q21": 54.0, "q22": 247.0, "q23": 149.0, "q24": 77.0, "q25": 189.0, "q26": 211.0, "q27": 56.0, "q28": 116.0, "q29": 253.0, "q30": 108.0, "q31": 218.0, "q32": 52.0, "q33": 90.0, "q34": 141.0, "q35": 19.0, "q36": 134.0, "q37": 217.0, "q38": 204.0, "q39": 168.0, "q40": 47.0, "q41": 172.0, "q42": 185.0, "q43": 212.0, "q44": 245.0, "q45": 105.0, "q46": 244.0, "q47": 232.0, "q48": 207.0, "q49": 166.0, "q50": 71.0, "q51": 100.0, "q52": 79.0, "q53": 59.0, "q54": 228.0, "q55": 47.0, "q56": 100.0, "q57": 92.0, "q58": 231.0, "q59": 35.0, "q60": 214.0, "q61": 50.0, "q62": 244.0, "q63": 223.0}, "datetime": {"datetime": "2019-11-11 18:46:12", "elapsed": 0.134548, "delta": 0.001634}}
