{"target": -0.010397368378517902, "params": {"q00": 14.0, "q01": 15.0, "q02": 16.0, "q03": 26.0, "q04": 25.0, "q05": 26.0, "q06": 28.0, "q07": 26.0, "q08": 14.0, "q09": 22.0, "q10": 25.0, "q11": 27.0, "q12": 30.0, "q13": 33.0, "q14": 36.0, "q15": 43.0, "q16": 21.0, "q17": 20.0, "q18": 23.0, "q19": 26.0, "q20": 27.0, "q21": 41.0, "q22": 35.0, "q23": 38.0, "q24": 26.0, "q25": 25.0, "q26": 31.0, "q27": 33.0, "q28": 43.0, "q29": 40.0, "q30": 40.0, "q31": 41.0, "q32": 28.0, "q33": 29.0, "q34": 36.0, "q35": 31.0, "q36": 33.0, "q37": 38.0, "q38": 49.0, "q39": 61.0, "q40": 32.0, "q41": 27.0, "q42": 42.0, "q43": 35.0, "q44": 40.0, "q45": 47.0, "q46": 58.0, "q47": 45.0, "q48": 27.0, "q49": 27.0, "q50": 46.0, "q51": 49.0, "q52": 52.0, "q53": 45.0, "q54": 80.0, "q55": 66.0, "q56": 44.0, "q57": 35.0, "q58": 43.0, "q59": 63.0, "q60": 59.0, "q61": 68.0, "q62": 64.0, "q63": 106.0}, "datetime": {"datetime": "2019-11-27 02:35:11", "elapsed": 3820.82186, "delta": 173.741073}}
{"target": -0.005257011174047865, "params": {"q00": 18.0, "q01": 14.0, "q02": 20.0, "q03": 24.0, "q04": 22.0, "q05": 26.0, "q06": 24.0, "q07": 31.0, "q08": 14.0, "q09": 18.0, "q10": 26.0, "q11": 25.0, "q12": 23.0, "q13": 25.0, "q14": 45.0, "q15": 49.0, "q16": 17.0, "q17": 23.0, "q18": 27.0, "q19": 31.0, "q20": 26.0, "q21": 42.0, "q22": 49.0, "q23": 49.0, "q24": 25.0, "q25": 27.0, "q26": 24.0, "q27": 32.0, "q28": 27.0, "q29": 44.0, "q30": 34.0, "q31": 43.0, "q32": 21.0, "q33": 26.0, "q34": 33.0, "q35": 28.0, "q36": 35.0, "q37": 48.0, "q38": 59.0, "q39": 44.0, "q40": 25.0, "q41": 26.0, "q42": 32.0, "q43": 37.0, "q44": 35.0, "q45": 51.0, "q46": 48.0, "q47": 58.0, "q48": 25.0, "q49": 32.0, "q50": 46.0, "q51": 37.0, "q52": 37.0, "q53": 64.0, "q54": 75.0, "q55": 93.0, "q56": 29.0, "q57": 31.0, "q58": 53.0, "q59": 46.0, "q60": 71.0, "q61": 72.0, "q62": 67.0, "q63": 109.0}, "datetime": {"datetime": "2019-11-27 02:38:05", "elapsed": 3995.091442, "delta": 174.269582}}
{"target": -0.004013109419414684, "params": {"q00": 15.0, "q01": 15.0, "q02": 17.0, "q03": 21.0, "q04": 28.0, "q05": 24.0, "q06": 37.0, "q07": 44.0, "q08": 18.0, "q09": 21.0, "q10": 24.0, "q11": 24.0, "q12": 30.0, "q13": 37.0, "q14": 43.0, "q15": 42.0, "q16": 22.0, "q17": 24.0, "q18": 22.0, "q19": 27.0, "q20": 36.0, "q21": 34.0, "q22": 38.0, "q23": 33.0, "q24": 21.0, "q25": 22.0, "q26": 30.0, "q27": 35.0, "q28": 28.0, "q29": 35.0, "q30": 54.0, "q31": 46.0, "q32": 27.0, "q33": 25.0, "q34": 28.0, "q35": 28.0, "q36": 35.0, "q37": 36.0, "q38": 54.0, "q39": 62.0, "q40": 28.0, "q41": 36.0, "q42": 44.0, "q43": 43.0, "q44": 45.0, "q45": 58.0, "q46": 46.0, "q47": 62.0, "q48": 24.0, "q49": 45.0, "q50": 48.0, "q51": 34.0, "q52": 59.0, "q53": 63.0, "q54": 63.0, "q55": 52.0, "q56": 37.0, "q57": 34.0, "q58": 42.0, "q59": 49.0, "q60": 51.0, "q61": 72.0, "q62": 79.0, "q63": 95.0}, "datetime": {"datetime": "2019-11-27 02:41:02", "elapsed": 4172.108704, "delta": 177.017262}}
{"target": -0.005385097667650163, "params": {"q00": 16.0, "q01": 16.0, "q02": 16.0, "q03": 19.0, "q04": 28.0, "q05": 28.0, "q06": 40.0, "q07": 41.0, "q08": 14.0, "q09": 18.0, "q10": 19.0, "q11": 23.0, "q12": 31.0, "q13": 34.0, "q14": 30.0, "q15": 46.0, "q16": 18.0, "q17": 18.0, "q18": 27.0, "q19": 28.0, "q20": 26.0, "q21": 43.0, "q22": 47.0, "q23": 50.0, "q24": 20.0, "q25": 27.0, "q26": 28.0, "q27": 31.0, "q28": 34.0, "q29": 34.0, "q30": 43.0, "q31": 38.0, "q32": 22.0, "q33": 31.0, "q34": 36.0, "q35": 38.0, "q36": 37.0, "q37": 47.0, "q38": 39.0, "q39": 62.0, "q40": 24.0, "q41": 35.0, "q42": 28.0, "q43": 35.0, "q44": 53.0, "q45": 41.0, "q46": 70.0, "q47": 53.0, "q48": 32.0, "q49": 37.0, "q50": 48.0, "q51": 38.0, "q52": 51.0, "q53": 46.0, "q54": 74.0, "q55": 67.0, "q56": 34.0, "q57": 40.0, "q58": 36.0, "q59": 43.0, "q60": 58.0, "q61": 75.0, "q62": 81.0, "q63": 76.0}, "datetime": {"datetime": "2019-11-27 02:43:57", "elapsed": 4346.910648, "delta": 174.801944}}
{"target": -0.00987048616051378, "params": {"q00": 17.0, "q01": 18.0, "q02": 18.0, "q03": 17.0, "q04": 25.0, "q05": 31.0, "q06": 32.0, "q07": 32.0, "q08": 17.0, "q09": 20.0, "q10": 21.0, "q11": 26.0, "q12": 24.0, "q13": 29.0, "q14": 44.0, "q15": 33.0, "q16": 16.0, "q17": 25.0, "q18": 25.0, "q19": 26.0, "q20": 33.0, "q21": 40.0, "q22": 31.0, "q23": 36.0, "q24": 22.0, "q25": 27.0, "q26": 28.0, "q27": 35.0, "q28": 29.0, "q29": 33.0, "q30": 48.0, "q31": 63.0, "q32": 23.0, "q33": 24.0, "q34": 28.0, "q35": 35.0, "q36": 48.0, "q37": 47.0, "q38": 47.0, "q39": 57.0, "q40": 33.0, "q41": 37.0, "q42": 27.0, "q43": 32.0, "q44": 37.0, "q45": 56.0, "q46": 43.0, "q47": 81.0, "q48": 27.0, "q49": 36.0, "q50": 36.0, "q51": 35.0, "q52": 41.0, "q53": 52.0, "q54": 46.0, "q55": 86.0, "q56": 37.0, "q57": 42.0, "q58": 38.0, "q59": 45.0, "q60": 44.0, "q61": 56.0, "q62": 84.0, "q63": 73.0}, "datetime": {"datetime": "2019-11-27 02:46:53", "elapsed": 4522.951184, "delta": 176.040536}}
{"target": -0.010519772651808812, "params": {"q00": 15.0, "q01": 17.0, "q02": 19.0, "q03": 24.0, "q04": 20.0, "q05": 31.0, "q06": 38.0, "q07": 40.0, "q08": 15.0, "q09": 22.0, "q10": 22.0, "q11": 25.0, "q12": 23.0, "q13": 37.0, "q14": 28.0, "q15": 32.0, "q16": 23.0, "q17": 24.0, "q18": 21.0, "q19": 25.0, "q20": 31.0, "q21": 32.0, "q22": 49.0, "q23": 52.0, "q24": 25.0, "q25": 26.0, "q26": 28.0, "q27": 28.0, "q28": 29.0, "q29": 38.0, "q30": 44.0, "q31": 40.0, "q32": 25.0, "q33": 29.0, "q34": 34.0, "q35": 39.0, "q36": 47.0, "q37": 48.0, "q38": 55.0, "q39": 48.0, "q40": 25.0, "q41": 34.0, "q42": 40.0, "q43": 33.0, "q44": 49.0, "q45": 48.0, "q46": 55.0, "q47": 66.0, "q48": 37.0, "q49": 30.0, "q50": 38.0, "q51": 39.0, "q52": 43.0, "q53": 54.0, "q54": 47.0, "q55": 66.0, "q56": 42.0, "q57": 42.0, "q58": 41.0, "q59": 37.0, "q60": 70.0, "q61": 43.0, "q62": 62.0, "q63": 76.0}, "datetime": {"datetime": "2019-11-27 02:49:48", "elapsed": 4698.463535, "delta": 175.512351}}
{"target": -0.0072876637947930645, "params": {"q00": 18.0, "q01": 15.0, "q02": 16.0, "q03": 25.0, "q04": 20.0, "q05": 29.0, "q06": 24.0, "q07": 33.0, "q08": 18.0, "q09": 22.0, "q10": 18.0, "q11": 24.0, "q12": 25.0, "q13": 31.0, "q14": 29.0, "q15": 39.0, "q16": 18.0, "q17": 17.0, "q18": 26.0, "q19": 24.0, "q20": 35.0, "q21": 37.0, "q22": 45.0, "q23": 43.0, "q24": 23.0, "q25": 21.0, "q26": 25.0, "q27": 33.0, "q28": 28.0, "q29": 32.0, "q30": 46.0, "q31": 41.0, "q32": 25.0, "q33": 27.0, "q34": 31.0, "q35": 41.0, "q36": 37.0, "q37": 34.0, "q38": 42.0, "q39": 63.0, "q40": 30.0, "q41": 30.0, "q42": 42.0, "q43": 36.0, "q44": 34.0, "q45": 52.0, "q46": 49.0, "q47": 75.0, "q48": 29.0, "q49": 41.0, "q50": 36.0, "q51": 35.0, "q52": 37.0, "q53": 64.0, "q54": 58.0, "q55": 63.0, "q56": 26.0, "q57": 30.0, "q58": 52.0, "q59": 58.0, "q60": 57.0, "q61": 55.0, "q62": 68.0, "q63": 67.0}, "datetime": {"datetime": "2019-11-27 02:52:43", "elapsed": 4873.491284, "delta": 175.027749}}
{"target": -0.0063386861994210175, "params": {"q00": 15.0, "q01": 17.0, "q02": 22.0, "q03": 24.0, "q04": 24.0, "q05": 30.0, "q06": 30.0, "q07": 44.0, "q08": 14.0, "q09": 18.0, "q10": 22.0, "q11": 25.0, "q12": 31.0, "q13": 38.0, "q14": 28.0, "q15": 43.0, "q16": 19.0, "q17": 23.0, "q18": 21.0, "q19": 24.0, "q20": 34.0, "q21": 29.0, "q22": 40.0, "q23": 40.0, "q24": 23.0, "q25": 26.0, "q26": 29.0, "q27": 27.0, "q28": 28.0, "q29": 36.0, "q30": 46.0, "q31": 41.0, "q32": 23.0, "q33": 29.0, "q34": 26.0, "q35": 29.0, "q36": 48.0, "q37": 49.0, "q38": 39.0, "q39": 48.0, "q40": 33.0, "q41": 29.0, "q42": 43.0, "q43": 34.0, "q44": 43.0, "q45": 39.0, "q46": 71.0, "q47": 48.0, "q48": 32.0, "q49": 35.0, "q50": 32.0, "q51": 45.0, "q52": 39.0, "q53": 51.0, "q54": 73.0, "q55": 59.0, "q56": 37.0, "q57": 37.0, "q58": 35.0, "q59": 57.0, "q60": 59.0, "q61": 72.0, "q62": 88.0, "q63": 91.0}, "datetime": {"datetime": "2019-11-27 02:55:38", "elapsed": 5048.213832, "delta": 174.722548}}
{"target": -0.008566594613116707, "params": {"q00": 16.0, "q01": 16.0, "q02": 16.0, "q03": 24.0, "q04": 21.0, "q05": 24.0, "q06": 35.0, "q07": 27.0, "q08": 18.0, "q09": 20.0, "q10": 18.0, "q11": 21.0, "q12": 28.0, "q13": 36.0, "q14": 38.0, "q15": 45.0, "q16": 20.0, "q17": 18.0, "q18": 27.0, "q19": 28.0, "q20": 29.0, "q21": 26.0, "q22": 38.0, "q23": 33.0, "q24": 25.0, "q25": 21.0, "q26": 28.0, "q27": 27.0, "q28": 31.0, "q29": 38.0, "q30": 41.0, "q31": 63.0, "q32": 22.0, "q33": 25.0, "q34": 30.0, "q35": 40.0, "q36": 35.0, "q37": 37.0, "q38": 37.0, "q39": 47.0, "q40": 23.0, "q41": 30.0, "q42": 43.0, "q43": 38.0, "q44": 52.0, "q45": 53.0, "q46": 48.0, "q47": 43.0, "q48": 33.0, "q49": 27.0, "q50": 48.0, "q51": 47.0, "q52": 40.0, "q53": 68.0, "q54": 55.0, "q55": 59.0, "q56": 38.0, "q57": 42.0, "q58": 42.0, "q59": 41.0, "q60": 68.0, "q61": 66.0, "q62": 92.0, "q63": 111.0}, "datetime": {"datetime": "2019-11-27 02:58:32", "elapsed": 5222.028701, "delta": 173.814869}}
{"target": -0.00718256534296724, "params": {"q00": 16.0, "q01": 17.0, "q02": 17.0, "q03": 26.0, "q04": 20.0, "q05": 27.0, "q06": 33.0, "q07": 40.0, "q08": 15.0, "q09": 20.0, "q10": 18.0, "q11": 26.0, "q12": 32.0, "q13": 34.0, "q14": 36.0, "q15": 35.0, "q16": 18.0, "q17": 17.0, "q18": 23.0, "q19": 25.0, "q20": 29.0, "q21": 36.0, "q22": 35.0, "q23": 44.0, "q24": 25.0, "q25": 23.0, "q26": 29.0, "q27": 31.0, "q28": 33.0, "q29": 36.0, "q30": 49.0, "q31": 63.0, "q32": 25.0, "q33": 30.0, "q34": 26.0, "q35": 41.0, "q36": 38.0, "q37": 39.0, "q38": 40.0, "q39": 49.0, "q40": 25.0, "q41": 25.0, "q42": 38.0, "q43": 37.0, "q44": 53.0, "q45": 51.0, "q46": 53.0, "q47": 64.0, "q48": 32.0, "q49": 41.0, "q50": 36.0, "q51": 39.0, "q52": 53.0, "q53": 66.0, "q54": 50.0, "q55": 67.0, "q56": 39.0, "q57": 47.0, "q58": 51.0, "q59": 62.0, "q60": 69.0, "q61": 60.0, "q62": 52.0, "q63": 76.0}, "datetime": {"datetime": "2019-11-27 03:01:25", "elapsed": 5395.532338, "delta": 173.503637}}
{"target": -0.005495363930247299, "params": {"q00": 14.0, "q01": 18.0, "q02": 16.0, "q03": 21.0, "q04": 20.0, "q05": 33.0, "q06": 29.0, "q07": 33.0, "q08": 16.0, "q09": 22.0, "q10": 26.0, "q11": 26.0, "q12": 32.0, "q13": 35.0, "q14": 31.0, "q15": 41.0, "q16": 20.0, "q17": 26.0, "q18": 23.0, "q19": 27.0, "q20": 28.0, "q21": 30.0, "q22": 47.0, "q23": 48.0, "q24": 22.0, "q25": 24.0, "q26": 30.0, "q27": 31.0, "q28": 27.0, "q29": 32.0, "q30": 54.0, "q31": 52.0, "q32": 23.0, "q33": 27.0, "q34": 27.0, "q35": 30.0, "q36": 47.0, "q37": 52.0, "q38": 41.0, "q39": 64.0, "q40": 24.0, "q41": 25.0, "q42": 26.0, "q43": 44.0, "q44": 42.0, "q45": 50.0, "q46": 48.0, "q47": 68.0, "q48": 29.0, "q49": 31.0, "q50": 45.0, "q51": 36.0, "q52": 37.0, "q53": 67.0, "q54": 80.0, "q55": 70.0, "q56": 45.0, "q57": 42.0, "q58": 47.0, "q59": 48.0, "q60": 63.0, "q61": 75.0, "q62": 74.0, "q63": 65.0}, "datetime": {"datetime": "2019-11-27 03:04:20", "elapsed": 5570.599003, "delta": 175.066665}}
{"target": -0.007018941369644094, "params": {"q00": 15.0, "q01": 15.0, "q02": 22.0, "q03": 20.0, "q04": 24.0, "q05": 31.0, "q06": 31.0, "q07": 31.0, "q08": 15.0, "q09": 21.0, "q10": 19.0, "q11": 21.0, "q12": 29.0, "q13": 25.0, "q14": 35.0, "q15": 34.0, "q16": 22.0, "q17": 19.0, "q18": 27.0, "q19": 23.0, "q20": 32.0, "q21": 39.0, "q22": 49.0, "q23": 49.0, "q24": 19.0, "q25": 22.0, "q26": 23.0, "q27": 34.0, "q28": 31.0, "q29": 34.0, "q30": 43.0, "q31": 46.0, "q32": 23.0, "q33": 30.0, "q34": 30.0, "q35": 36.0, "q36": 40.0, "q37": 48.0, "q38": 42.0, "q39": 66.0, "q40": 30.0, "q41": 28.0, "q42": 42.0, "q43": 45.0, "q44": 52.0, "q45": 56.0, "q46": 63.0, "q47": 47.0, "q48": 27.0, "q49": 35.0, "q50": 36.0, "q51": 40.0, "q52": 47.0, "q53": 51.0, "q54": 58.0, "q55": 88.0, "q56": 28.0, "q57": 48.0, "q58": 36.0, "q59": 37.0, "q60": 63.0, "q61": 68.0, "q62": 87.0, "q63": 80.0}, "datetime": {"datetime": "2019-11-27 03:07:15", "elapsed": 5744.766086, "delta": 174.167083}}
{"target": -0.008914670357648702, "params": {"q00": 17.0, "q01": 19.0, "q02": 22.0, "q03": 22.0, "q04": 27.0, "q05": 27.0, "q06": 28.0, "q07": 37.0, "q08": 17.0, "q09": 20.0, "q10": 26.0, "q11": 24.0, "q12": 24.0, "q13": 37.0, "q14": 27.0, "q15": 37.0, "q16": 17.0, "q17": 23.0, "q18": 24.0, "q19": 28.0, "q20": 26.0, "q21": 33.0, "q22": 45.0, "q23": 44.0, "q24": 26.0, "q25": 25.0, "q26": 28.0, "q27": 29.0, "q28": 28.0, "q29": 42.0, "q30": 42.0, "q31": 40.0, "q32": 20.0, "q33": 25.0, "q34": 35.0, "q35": 31.0, "q36": 46.0, "q37": 34.0, "q38": 62.0, "q39": 71.0, "q40": 27.0, "q41": 37.0, "q42": 37.0, "q43": 44.0, "q44": 50.0, "q45": 53.0, "q46": 45.0, "q47": 58.0, "q48": 24.0, "q49": 26.0, "q50": 32.0, "q51": 37.0, "q52": 60.0, "q53": 58.0, "q54": 63.0, "q55": 88.0, "q56": 45.0, "q57": 41.0, "q58": 50.0, "q59": 36.0, "q60": 47.0, "q61": 66.0, "q62": 55.0, "q63": 86.0}, "datetime": {"datetime": "2019-11-27 03:10:10", "elapsed": 5919.855105, "delta": 175.089019}}
{"target": -0.0071274424776472944, "params": {"q00": 16.0, "q01": 14.0, "q02": 18.0, "q03": 19.0, "q04": 28.0, "q05": 29.0, "q06": 34.0, "q07": 27.0, "q08": 19.0, "q09": 16.0, "q10": 26.0, "q11": 24.0, "q12": 25.0, "q13": 27.0, "q14": 45.0, "q15": 34.0, "q16": 18.0, "q17": 19.0, "q18": 24.0, "q19": 31.0, "q20": 33.0, "q21": 30.0, "q22": 32.0, "q23": 45.0, "q24": 22.0, "q25": 22.0, "q26": 24.0, "q27": 34.0, "q28": 39.0, "q29": 41.0, "q30": 34.0, "q31": 62.0, "q32": 26.0, "q33": 30.0, "q34": 26.0, "q35": 39.0, "q36": 41.0, "q37": 42.0, "q38": 58.0, "q39": 69.0, "q40": 29.0, "q41": 25.0, "q42": 45.0, "q43": 38.0, "q44": 45.0, "q45": 48.0, "q46": 62.0, "q47": 80.0, "q48": 37.0, "q49": 37.0, "q50": 36.0, "q51": 54.0, "q52": 39.0, "q53": 66.0, "q54": 47.0, "q55": 87.0, "q56": 31.0, "q57": 36.0, "q58": 43.0, "q59": 58.0, "q60": 60.0, "q61": 73.0, "q62": 92.0, "q63": 84.0}, "datetime": {"datetime": "2019-11-27 03:13:05", "elapsed": 6095.362122, "delta": 175.507017}}
{"target": -0.004094550568989219, "params": {"q00": 14.0, "q01": 15.0, "q02": 21.0, "q03": 21.0, "q04": 28.0, "q05": 26.0, "q06": 36.0, "q07": 28.0, "q08": 18.0, "q09": 19.0, "q10": 25.0, "q11": 21.0, "q12": 28.0, "q13": 32.0, "q14": 43.0, "q15": 47.0, "q16": 22.0, "q17": 25.0, "q18": 25.0, "q19": 23.0, "q20": 28.0, "q21": 34.0, "q22": 35.0, "q23": 40.0, "q24": 26.0, "q25": 27.0, "q26": 31.0, "q27": 31.0, "q28": 38.0, "q29": 33.0, "q30": 52.0, "q31": 49.0, "q32": 27.0, "q33": 26.0, "q34": 34.0, "q35": 33.0, "q36": 34.0, "q37": 48.0, "q38": 49.0, "q39": 58.0, "q40": 32.0, "q41": 34.0, "q42": 38.0, "q43": 45.0, "q44": 51.0, "q45": 44.0, "q46": 53.0, "q47": 72.0, "q48": 37.0, "q49": 43.0, "q50": 31.0, "q51": 48.0, "q52": 50.0, "q53": 61.0, "q54": 70.0, "q55": 86.0, "q56": 37.0, "q57": 36.0, "q58": 39.0, "q59": 45.0, "q60": 45.0, "q61": 64.0, "q62": 50.0, "q63": 66.0}, "datetime": {"datetime": "2019-11-27 03:16:00", "elapsed": 6270.167524, "delta": 174.805402}}
{"target": -0.006727818318791767, "params": {"q00": 18.0, "q01": 14.0, "q02": 23.0, "q03": 17.0, "q04": 26.0, "q05": 24.0, "q06": 31.0, "q07": 28.0, "q08": 18.0, "q09": 16.0, "q10": 21.0, "q11": 24.0, "q12": 28.0, "q13": 28.0, "q14": 43.0, "q15": 46.0, "q16": 23.0, "q17": 21.0, "q18": 22.0, "q19": 30.0, "q20": 35.0, "q21": 45.0, "q22": 34.0, "q23": 48.0, "q24": 25.0, "q25": 25.0, "q26": 30.0, "q27": 35.0, "q28": 36.0, "q29": 46.0, "q30": 35.0, "q31": 59.0, "q32": 25.0, "q33": 28.0, "q34": 32.0, "q35": 30.0, "q36": 33.0, "q37": 42.0, "q38": 51.0, "q39": 62.0, "q40": 27.0, "q41": 34.0, "q42": 42.0, "q43": 47.0, "q44": 53.0, "q45": 43.0, "q46": 55.0, "q47": 68.0, "q48": 37.0, "q49": 38.0, "q50": 49.0, "q51": 37.0, "q52": 50.0, "q53": 68.0, "q54": 46.0, "q55": 69.0, "q56": 40.0, "q57": 39.0, "q58": 40.0, "q59": 46.0, "q60": 60.0, "q61": 52.0, "q62": 82.0, "q63": 64.0}, "datetime": {"datetime": "2019-11-27 03:18:53", "elapsed": 6443.338875, "delta": 173.171351}}
{"target": -0.00638858251026353, "params": {"q00": 14.0, "q01": 16.0, "q02": 19.0, "q03": 25.0, "q04": 22.0, "q05": 30.0, "q06": 38.0, "q07": 39.0, "q08": 15.0, "q09": 21.0, "q10": 19.0, "q11": 27.0, "q12": 32.0, "q13": 26.0, "q14": 37.0, "q15": 41.0, "q16": 20.0, "q17": 19.0, "q18": 24.0, "q19": 23.0, "q20": 32.0, "q21": 44.0, "q22": 32.0, "q23": 42.0, "q24": 18.0, "q25": 22.0, "q26": 24.0, "q27": 32.0, "q28": 43.0, "q29": 45.0, "q30": 50.0, "q31": 35.0, "q32": 26.0, "q33": 30.0, "q34": 31.0, "q35": 32.0, "q36": 48.0, "q37": 47.0, "q38": 53.0, "q39": 71.0, "q40": 27.0, "q41": 25.0, "q42": 34.0, "q43": 44.0, "q44": 42.0, "q45": 42.0, "q46": 67.0, "q47": 57.0, "q48": 27.0, "q49": 44.0, "q50": 47.0, "q51": 37.0, "q52": 56.0, "q53": 63.0, "q54": 77.0, "q55": 48.0, "q56": 26.0, "q57": 39.0, "q58": 51.0, "q59": 37.0, "q60": 56.0, "q61": 81.0, "q62": 90.0, "q63": 96.0}, "datetime": {"datetime": "2019-11-27 03:21:50", "elapsed": 6620.171371, "delta": 176.832496}}
{"target": -0.0039775043415748446, "params": {"q00": 18.0, "q01": 15.0, "q02": 16.0, "q03": 18.0, "q04": 22.0, "q05": 31.0, "q06": 31.0, "q07": 29.0, "q08": 19.0, "q09": 19.0, "q10": 22.0, "q11": 24.0, "q12": 31.0, "q13": 33.0, "q14": 37.0, "q15": 40.0, "q16": 19.0, "q17": 22.0, "q18": 22.0, "q19": 31.0, "q20": 36.0, "q21": 30.0, "q22": 48.0, "q23": 53.0, "q24": 22.0, "q25": 24.0, "q26": 30.0, "q27": 33.0, "q28": 27.0, "q29": 41.0, "q30": 42.0, "q31": 37.0, "q32": 22.0, "q33": 26.0, "q34": 31.0, "q35": 41.0, "q36": 48.0, "q37": 37.0, "q38": 39.0, "q39": 58.0, "q40": 23.0, "q41": 35.0, "q42": 38.0, "q43": 42.0, "q44": 36.0, "q45": 53.0, "q46": 54.0, "q47": 46.0, "q48": 34.0, "q49": 35.0, "q50": 35.0, "q51": 46.0, "q52": 44.0, "q53": 68.0, "q54": 62.0, "q55": 89.0, "q56": 29.0, "q57": 31.0, "q58": 46.0, "q59": 60.0, "q60": 52.0, "q61": 48.0, "q62": 75.0, "q63": 79.0}, "datetime": {"datetime": "2019-11-27 03:24:45", "elapsed": 6795.255782, "delta": 175.084411}}
{"target": -0.012395154847948175, "params": {"q00": 15.0, "q01": 15.0, "q02": 17.0, "q03": 23.0, "q04": 27.0, "q05": 26.0, "q06": 39.0, "q07": 43.0, "q08": 16.0, "q09": 17.0, "q10": 24.0, "q11": 23.0, "q12": 28.0, "q13": 30.0, "q14": 29.0, "q15": 35.0, "q16": 17.0, "q17": 18.0, "q18": 23.0, "q19": 28.0, "q20": 34.0, "q21": 39.0, "q22": 32.0, "q23": 33.0, "q24": 24.0, "q25": 26.0, "q26": 26.0, "q27": 35.0, "q28": 36.0, "q29": 42.0, "q30": 48.0, "q31": 46.0, "q32": 28.0, "q33": 28.0, "q34": 27.0, "q35": 40.0, "q36": 40.0, "q37": 44.0, "q38": 40.0, "q39": 54.0, "q40": 33.0, "q41": 38.0, "q42": 35.0, "q43": 36.0, "q44": 46.0, "q45": 47.0, "q46": 66.0, "q47": 60.0, "q48": 24.0, "q49": 33.0, "q50": 48.0, "q51": 51.0, "q52": 37.0, "q53": 57.0, "q54": 76.0, "q55": 85.0, "q56": 26.0, "q57": 36.0, "q58": 33.0, "q59": 40.0, "q60": 43.0, "q61": 61.0, "q62": 47.0, "q63": 102.0}, "datetime": {"datetime": "2019-11-27 03:27:40", "elapsed": 6970.577525, "delta": 175.321743}}
{"target": -0.005297234662853478, "params": {"q00": 16.0, "q01": 14.0, "q02": 17.0, "q03": 22.0, "q04": 27.0, "q05": 23.0, "q06": 34.0, "q07": 34.0, "q08": 19.0, "q09": 16.0, "q10": 25.0, "q11": 25.0, "q12": 31.0, "q13": 29.0, "q14": 29.0, "q15": 32.0, "q16": 16.0, "q17": 17.0, "q18": 24.0, "q19": 30.0, "q20": 30.0, "q21": 35.0, "q22": 42.0, "q23": 47.0, "q24": 18.0, "q25": 26.0, "q26": 31.0, "q27": 34.0, "q28": 27.0, "q29": 32.0, "q30": 50.0, "q31": 58.0, "q32": 21.0, "q33": 31.0, "q34": 33.0, "q35": 32.0, "q36": 41.0, "q37": 53.0, "q38": 52.0, "q39": 58.0, "q40": 30.0, "q41": 36.0, "q42": 32.0, "q43": 41.0, "q44": 50.0, "q45": 51.0, "q46": 59.0, "q47": 69.0, "q48": 36.0, "q49": 42.0, "q50": 48.0, "q51": 40.0, "q52": 56.0, "q53": 59.0, "q54": 52.0, "q55": 59.0, "q56": 37.0, "q57": 31.0, "q58": 52.0, "q59": 57.0, "q60": 55.0, "q61": 77.0, "q62": 47.0, "q63": 110.0}, "datetime": {"datetime": "2019-11-27 03:30:34", "elapsed": 7143.642031, "delta": 173.064506}}
{"target": -0.0062339028768980675, "params": {"q00": 17.0, "q01": 16.0, "q02": 21.0, "q03": 22.0, "q04": 25.0, "q05": 24.0, "q06": 28.0, "q07": 42.0, "q08": 17.0, "q09": 19.0, "q10": 22.0, "q11": 24.0, "q12": 27.0, "q13": 28.0, "q14": 42.0, "q15": 32.0, "q16": 16.0, "q17": 26.0, "q18": 21.0, "q19": 30.0, "q20": 32.0, "q21": 42.0, "q22": 32.0, "q23": 37.0, "q24": 23.0, "q25": 26.0, "q26": 28.0, "q27": 33.0, "q28": 39.0, "q29": 36.0, "q30": 34.0, "q31": 49.0, "q32": 28.0, "q33": 24.0, "q34": 29.0, "q35": 30.0, "q36": 48.0, "q37": 50.0, "q38": 37.0, "q39": 73.0, "q40": 27.0, "q41": 31.0, "q42": 37.0, "q43": 43.0, "q44": 44.0, "q45": 42.0, "q46": 47.0, "q47": 52.0, "q48": 30.0, "q49": 33.0, "q50": 38.0, "q51": 37.0, "q52": 40.0, "q53": 60.0, "q54": 64.0, "q55": 81.0, "q56": 45.0, "q57": 44.0, "q58": 33.0, "q59": 36.0, "q60": 62.0, "q61": 64.0, "q62": 86.0, "q63": 69.0}, "datetime": {"datetime": "2019-11-27 03:33:26", "elapsed": 7316.202103, "delta": 172.560072}}
{"target": -0.004617471403318918, "params": {"q00": 15.0, "q01": 18.0, "q02": 18.0, "q03": 24.0, "q04": 28.0, "q05": 29.0, "q06": 37.0, "q07": 37.0, "q08": 17.0, "q09": 19.0, "q10": 19.0, "q11": 27.0, "q12": 28.0, "q13": 34.0, "q14": 36.0, "q15": 47.0, "q16": 22.0, "q17": 22.0, "q18": 26.0, "q19": 27.0, "q20": 32.0, "q21": 37.0, "q22": 47.0, "q23": 48.0, "q24": 26.0, "q25": 26.0, "q26": 26.0, "q27": 28.0, "q28": 27.0, "q29": 45.0, "q30": 49.0, "q31": 55.0, "q32": 27.0, "q33": 25.0, "q34": 29.0, "q35": 27.0, "q36": 33.0, "q37": 34.0, "q38": 46.0, "q39": 67.0, "q40": 27.0, "q41": 31.0, "q42": 32.0, "q43": 45.0, "q44": 44.0, "q45": 60.0, "q46": 62.0, "q47": 52.0, "q48": 30.0, "q49": 43.0, "q50": 36.0, "q51": 55.0, "q52": 52.0, "q53": 68.0, "q54": 51.0, "q55": 76.0, "q56": 38.0, "q57": 49.0, "q58": 34.0, "q59": 65.0, "q60": 51.0, "q61": 74.0, "q62": 52.0, "q63": 88.0}, "datetime": {"datetime": "2019-11-27 03:36:18", "elapsed": 7488.110485, "delta": 171.908382}}
