{"target": -0.150362879631747, "params": {"q00": 114.0, "q01": 76.0, "q02": 83.0, "q03": 254.0, "q04": 104.0, "q05": 93.0, "q06": 231.0, "q07": 224.0, "q08": 9.0, "q09": 15.0, "q10": 22.0, "q11": 28.0, "q12": 158.0, "q13": 82.0, "q14": 139.0, "q15": 48.0, "q16": 38.0, "q17": 9.0, "q18": 7.0, "q19": 88.0, "q20": 35.0, "q21": 11.0, "q22": 53.0, "q23": 114.0, "q24": 66.0, "q25": 52.0, "q26": 169.0, "q27": 90.0, "q28": 167.0, "q29": 145.0, "q30": 152.0, "q31": 11.0, "q32": 232.0, "q33": 124.0, "q34": 5.0, "q35": 54.0, "q36": 216.0, "q37": 32.0, "q38": 127.0, "q39": 195.0, "q40": 22.0, "q41": 17.0, "q42": 191.0, "q43": 12.0, "q44": 240.0, "q45": 250.0, "q46": 188.0, "q47": 166.0, "q48": 175.0, "q49": 79.0, "q50": 100.0, "q51": 91.0, "q52": 29.0, "q53": 142.0, "q54": 96.0, "q55": 25.0, "q56": 164.0, "q57": 167.0, "q58": 251.0, "q59": 141.0, "q60": 15.0, "q61": 180.0, "q62": 55.0, "q63": 214.0}, "datetime": {"datetime": "2019-11-11 18:46:12", "elapsed": 0.44647, "delta": 0.003499}}
{"target": -0.15736231690979618, "params": {"q00": 4.0, "q01": 111.0, "q02": 220.0, "q03": 130.0, "q04": 76.0, "q05": 3.0, "q06": 58.0, "q07": 1.0, "q08": 6.0, "q09": 10.0, "q10": 24.0, "q11": 219.0, "q12": 35.0, "q13": 251.0, "q14": 61.0, "q15": 155.0, "q16": 51.0, "q17": 84.0, "q18": 30.0, "q19": 63.0, "q20": 210.0, "q21": 4.0, "q22": 2.0, "q23": 211.0, "q24": 81.0, "q25": 116.0, "q26": 111.0, "q27": 107.0, "q28": 242.0, "q29": 117.0, "q30": 231.0, "q31": 219.0, "q32": 155.0, "q33": 145.0, "q34": 51.0, "q35": 35.0, "q36": 62.0, "q37": 27.0, "q38": 106.0, "q39": 78.0, "q40": 118.0, "q41": 199.0, "q42": 244.0, "q43": 19.0, "q44": 243.0, "q45": 103.0, "q46": 234.0, "q47": 198.0, "q48": 233.0, "q49": 8.0, "q50": 213.0, "q51": 217.0, "q52": 99.0, "q53": 181.0, "q54": 89.0, "q55": 142.0, "q56": 240.0, "q57": 215.0, "q58": 65.0, "q59": 143.0, "q60": 63.0, "q61": 54.0, "q62": 224.0, "q63": 182.0}, "datetime": {"datetime": "2019-11-11 18:46:12", "elapsed": 0.449939, "delta": 0.003469}}
{"target": -0.10086980085460995, "params": {"q00": 21.0, "q01": 48.0, "q02": 231.0, "q03": 43.0, "q04": 144.0, "q05": 45.0, "q06": 46.0, "q07": 100.0, "q08": 15.0, "q09": 93.0, "q10": 76.0, "q11": 26.0, "q12": 3.0, "q13": 27.0, "q14": 82.0, "q15": 239.0, "q16": 2.0, "q17": 45.0, "q18": 199.0, "q19": 20.0, "q20": 35.0, "q21": 102.0, "q22": 214.0, "q23": 119.0, "q24": 114.0, "q25": 44.0, "q26": 47.0, "q27": 8.0, "q28": 70.0, "q29": 204.0, "q30": 36.0, "q31": 155.0, "q32": 147.0, "q33": 116.0, "q34": 130.0, "q35": 220.0, "q36": 164.0, "q37": 104.0, "q38": 49.0, "q39": 105.0, "q40": 200.0, "q41": 60.0, "q42": 84.0, "q43": 220.0, "q44": 29.0, "q45": 152.0, "q46": 151.0, "q47": 181.0, "q48": 202.0, "q49": 62.0, "q50": 70.0, "q51": 57.0, "q52": 46.0, "q53": 153.0, "q54": 49.0, "q55": 103.0, "q56": 155.0, "q57": 49.0, "q58": 99.0, "q59": 150.0, "q60": 130.0, "q61": 59.0, "q62": 247.0, "q63": 206.0}, "datetime": {"datetime": "2019-11-11 18:46:12", "elapsed": 0.453428, "delta": 0.003489}}
{"target": -0.08093680238005085, "params": {"q00": 4.0, "q01": 21.0, "q02": 226.0, "q03": 204.0, "q04": 199.0, "q05": 32.0, "q06": 174.0, "q07": 41.0, "q08": 21.0, "q09": 49.0, "q10": 148.0, "q11": 149.0, "q12": 73.0, "q13": 35.0, "q14": 228.0, "q15": 143.0, "q16": 18.0, "q17": 17.0, "q18": 98.0, "q19": 22.0, "q20": 90.0, "q21": 210.0, "q22": 154.0, "q23": 188.0, "q24": 153.0, "q25": 57.0, "q26": 128.0, "q27": 19.0, "q28": 197.0, "q29": 177.0, "q30": 171.0, "q31": 28.0, "q32": 218.0, "q33": 121.0, "q34": 150.0, "q35": 155.0, "q36": 103.0, "q37": 142.0, "q38": 19.0, "q39": 63.0, "q40": 163.0, "q41": 222.0, "q42": 117.0, "q43": 34.0, "q44": 158.0, "q45": 164.0, "q46": 246.0, "q47": 71.0, "q48": 144.0, "q49": 154.0, "q50": 52.0, "q51": 103.0, "q52": 201.0, "q53": 91.0, "q54": 223.0, "q55": 227.0, "q56": 126.0, "q57": 60.0, "q58": 244.0, "q59": 215.0, "q60": 101.0, "q61": 64.0, "q62": 245.0, "q63": 85.0}, "datetime": {"datetime": "2019-11-11 18:46:12", "elapsed": 0.456904, "delta": 0.003476}}
{"target": -0.09040657185819428, "params": {"q00": 22.0, "q01": 17.0, "q02": 67.0, "q03": 254.0, "q04": 232.0, "q05": 91.0, "q06": 221.0, "q07": 21.0, "q08": 23.0, "q09": 30.0, "q10": 45.0, "q11": 187.0, "q12": 202.0, "q13": 144.0, "q14": 187.0, "q15": 93.0, "q16": 11.0, "q17": 146.0, "q18": 101.0, "q19": 123.0, "q20": 88.0, "q21": 123.0, "q22": 116.0, "q23": 245.0, "q24": 48.0, "q25": 156.0, "q26": 12.0, "q27": 202.0, "q28": 148.0, "q29": 96.0, "q30": 54.0, "q31": 28.0, "q32": 21.0, "q33": 187.0, "q34": 129.0, "q35": 125.0, "q36": 143.0, "q37": 203.0, "q38": 185.0, "q39": 122.0, "q40": 163.0, "q41": 147.0, "q42": 8.0, "q43": 210.0, "q44": 154.0, "q45": 195.0, "q46": 247.0, "q47": 218.0, "q48": 161.0, "q49": 100.0, "q50": 190.0, "q51": 191.0, "q52": 27.0, "q53": 150.0, "q54": 98.0, "q55": 181.0, "q56": 37.0, "q57": 122.0, "q58": 213.0, "q59": 254.0, "q60": 103.0, "q61": 218.0, "q62": 251.0, "q63": 210.0}, "datetime": {"datetime": "2019-11-11 18:46:12", "elapsed": 0.460415, "delta": 0.003511}}
{"target": -0.09990439502511617, "params": {"q00": 26.0, "q01": 22.0, "q02": 71.0, "q03": 96.0, "q04": 25.0, "q05": 33.0, "q06": 88.0, "q07": 33.0, "q08": 2.0, "q09": 13.0, "q10": 42.0, "q11": 156.0, "q12": 5.0, "q13": 9.0, "q14": 30.0, "q15": 235.0, "q16": 87.0, "q17": 84.0, "q18": 22.0, "q19": 206.0, "q20": 249.0, "q21": 133.0, "q22": 75.0, "q23": 116.0, "q24": 24.0, "q25": 56.0, "q26": 187.0, "q27": 188.0, "q28": 202.0, "q29": 33.0, "q30": 165.0, "q31": 62.0, "q32": 2.0, "q33": 148.0, "q34": 253.0, "q35": 70.0, "q36": 37.0, "q37": 69.0, "q38": 26.0, "q39": 99.0, "q40": 67.0, "q41": 204.0, "q42": 218.0, "q43": 129.0, "q44": 110.0, "q45": 198.0, "q46": 246.0, "q47": 135.0, "q48": 246.0, "q49": 230.0, "q50": 99.0, "q51": 207.0, "q52": 151.0, "q53": 222.0, "q54": 215.0, "q55": 230.0, "q56": 128.0, "q57": 158.0, "q58": 204.0, "q59": 248.0, "q60": 124.0, "q61": 177.0, "q62": 80.0, "q63": 244.0}, "datetime": {"datetime": "2019-11-11 18:46:12", "elapsed": 0.463926, "delta": 0.003511}}
{"target": -0.10249735896352813, "params": {"q00": 8.0, "q01": 4.0, "q02": 245.0, "q03": 167.0, "q04": 25.0, "q05": 56.0, "q06": 53.0, "q07": 137.0, "q08": 51.0, "q09": 42.0, "q10": 36.0, "q11": 247.0, "q12": 147.0, "q13": 172.0, "q14": 153.0, "q15": 124.0, "q16": 71.0, "q17": 12.0, "q18": 5.0, "q19": 215.0, "q20": 89.0, "q21": 42.0, "q22": 53.0, "q23": 242.0, "q24": 205.0, "q25": 57.0, "q26": 53.0, "q27": 35.0, "q28": 146.0, "q29": 88.0, "q30": 96.0, "q31": 69.0, "q32": 87.0, "q33": 168.0, "q34": 11.0, "q35": 65.0, "q36": 222.0, "q37": 248.0, "q38": 145.0, "q39": 215.0, "q40": 68.0, "q41": 156.0, "q42": 208.0, "q43": 123.0, "q44": 191.0, "q45": 198.0, "q46": 204.0, "q47": 220.0, "q48": 14.0, "q49": 28.0, "q50": 22.0, "q51": 21.0, "q52": 111.0, "q53": 97.0, "q54": 74.0, "q55": 235.0, "q56": 47.0, "q57": 163.0, "q58": 222.0, "q59": 195.0, "q60": 12.0, "q61": 252.0, "q62": 162.0, "q63": 118.0}, "datetime": {"datetime": "2019-11-11 18:46:12", "elapsed": 0.467427, "delta": 0.003501}}
{"target": -0.12308717989724904, "params": {"q00": 38.0, "q01": 58.0, "q02": 29.0, "q03": 144.0, "q04": 82.0, "q05": 46.0, "q06": 11.0, "q07": 4.0, "q08": 58.0, "q09": 7.0, "q10": 106.0, "q11": 86.0, "q12": 63.0, "q13": 1.0, "q14": 145.0, "q15": 211.0, "q16": 12.0, "q17": 50.0, "q18": 50.0, "q19": 17.0, "q20": 89.0, "q21": 87.0, "q22": 4.0, "q23": 192.0, "q24": 20.0, "q25": 102.0, "q26": 95.0, "q27": 103.0, "q28": 153.0, "q29": 130.0, "q30": 14.0, "q31": 108.0, "q32": 227.0, "q33": 93.0, "q34": 182.0, "q35": 46.0, "q36": 220.0, "q37": 2.0, "q38": 64.0, "q39": 225.0, "q40": 122.0, "q41": 97.0, "q42": 181.0, "q43": 192.0, "q44": 213.0, "q45": 54.0, "q46": 248.0, "q47": 186.0, "q48": 195.0, "q49": 94.0, "q50": 93.0, "q51": 160.0, "q52": 74.0, "q53": 127.0, "q54": 92.0, "q55": 47.0, "q56": 87.0, "q57": 156.0, "q58": 132.0, "q59": 170.0, "q60": 32.0, "q61": 163.0, "q62": 97.0, "q63": 44.0}, "datetime": {"datetime": "2019-11-11 18:46:12", "elapsed": 0.470936, "delta": 0.003509}}
{"target": -0.13880641170177221, "params": {"q00": 80.0, "q01": 23.0, "q02": 29.0, "q03": 215.0, "q04": 100.0, "q05": 137.0, "q06": 243.0, "q07": 212.0, "q08": 4.0, "q09": 47.0, "q10": 52.0, "q11": 198.0, "q12": 181.0, "q13": 90.0, "q14": 99.0, "q15": 143.0, "q16": 26.0, "q17": 5.0, "q18": 41.0, "q19": 158.0, "q20": 51.0, "q21": 21.0, "q22": 189.0, "q23": 202.0, "q24": 153.0, "q25": 54.0, "q26": 198.0, "q27": 31.0, "q28": 82.0, "q29": 79.0, "q30": 138.0, "q31": 206.0, "q32": 24.0, "q33": 155.0, "q34": 186.0, "q35": 71.0, "q36": 35.0, "q37": 96.0, "q38": 209.0, "q39": 2.0, "q40": 193.0, "q41": 254.0, "q42": 133.0, "q43": 140.0, "q44": 215.0, "q45": 74.0, "q46": 179.0, "q47": 61.0, "q48": 194.0, "q49": 3.0, "q50": 135.0, "q51": 231.0, "q52": 51.0, "q53": 35.0, "q54": 201.0, "q55": 66.0, "q56": 5.0, "q57": 138.0, "q58": 216.0, "q59": 173.0, "q60": 40.0, "q61": 213.0, "q62": 52.0, "q63": 236.0}, "datetime": {"datetime": "2019-11-11 18:46:12", "elapsed": 0.474521, "delta": 0.003585}}
{"target": -0.22182122370171897, "params": {"q00": 81.0, "q01": 79.0, "q02": 171.0, "q03": 243.0, "q04": 18.0, "q05": 94.0, "q06": 213.0, "q07": 207.0, "q08": 49.0, "q09": 33.0, "q10": 90.0, "q11": 71.0, "q12": 115.0, "q13": 192.0, "q14": 58.0, "q15": 181.0, "q16": 7.0, "q17": 13.0, "q18": 111.0, "q19": 250.0, "q20": 133.0, "q21": 49.0, "q22": 121.0, "q23": 189.0, "q24": 57.0, "q25": 137.0, "q26": 234.0, "q27": 100.0, "q28": 197.0, "q29": 173.0, "q30": 71.0, "q31": 215.0, "q32": 241.0, "q33": 79.0, "q34": 243.0, "q35": 131.0, "q36": 41.0, "q37": 219.0, "q38": 243.0, "q39": 214.0, "q40": 249.0, "q41": 184.0, "q42": 101.0, "q43": 199.0, "q44": 198.0, "q45": 190.0, "q46": 1.0, "q47": 228.0, "q48": 212.0, "q49": 217.0, "q50": 65.0, "q51": 234.0, "q52": 247.0, "q53": 154.0, "q54": 146.0, "q55": 83.0, "q56": 192.0, "q57": 95.0, "q58": 206.0, "q59": 76.0, "q60": 98.0, "q61": 232.0, "q62": 218.0, "q63": 252.0}, "datetime": {"datetime": "2019-11-11 18:46:12", "elapsed": 0.478069, "delta": 0.003548}}
{"target": -0.10825719656071492, "params": {"q00": 5.0, "q01": 54.0, "q02": 8.0, "q03": 26.0, "q04": 6.0, "q05": 138.0, "q06": 43.0, "q07": 38.0, "q08": 6.0, "q09": 162.0, "q10": 10.0, "q11": 199.0, "q12": 158.0, "q13": 7.0, "q14": 10.0, "q15": 182.0, "q16": 24.0, "q17": 9.0, "q18": 7.0, "q19": 238.0, "q20": 151.0, "q21": 43.0, "q22": 192.0, "q23": 175.0, "q24": 72.0, "q25": 253.0, "q26": 134.0, "q27": 161.0, "q28": 123.0, "q29": 136.0, "q30": 143.0, "q31": 22.0, "q32": 54.0, "q33": 159.0, "q34": 29.0, "q35": 58.0, "q36": 225.0, "q37": 67.0, "q38": 86.0, "q39": 115.0, "q40": 166.0, "q41": 47.0, "q42": 69.0, "q43": 168.0, "q44": 61.0, "q45": 45.0, "q46": 240.0, "q47": 132.0, "q48": 186.0, "q49": 198.0, "q50": 133.0, "q51": 86.0, "q52": 30.0, "q53": 138.0, "q54": 188.0, "q55": 114.0, "q56": 30.0, "q57": 212.0, "q58": 42.0, "q59": 23.0, "q60": 11.0, "q61": 114.0, "q62": 246.0, "q63": 208.0}, "datetime": {"datetime": "2019-11-11 18:46:12", "elapsed": 0.481639, "delta": 0.00357}}
{"target": -0.08704042329377154, "params": {"q00": 48.0, "q01": 39.0, "q02": 3.0, "q03": 84.0, "q04": 60.0, "q05": 238.0, "q06": 34.0, "q07": 13.0, "q08": 9.0, "q09": 41.0, "q10": 127.0, "q11": 27.0, "q12": 31.0, "q13": 101.0, "q14": 176.0, "q15": 190.0, "q16": 16.0, "q17": 9.0, "q18": 6.0, "q19": 106.0, "q20": 110.0, "q21": 156.0, "q22": 176.0, "q23": 224.0, "q24": 78.0, "q25": 79.0, "q26": 33.0, "q27": 35.0, "q28": 99.0, "q29": 85.0, "q30": 241.0, "q31": 117.0, "q32": 228.0, "q33": 118.0, "q34": 31.0, "q35": 71.0, "q36": 68.0, "q37": 198.0, "q38": 115.0, "q39": 221.0, "q40": 50.0, "q41": 47.0, "q42": 207.0, "q43": 158.0, "q44": 177.0, "q45": 163.0, "q46": 227.0, "q47": 15.0, "q48": 106.0, "q49": 189.0, "q50": 187.0, "q51": 148.0, "q52": 173.0, "q53": 10.0, "q54": 84.0, "q55": 215.0, "q56": 220.0, "q57": 117.0, "q58": 122.0, "q59": 81.0, "q60": 152.0, "q61": 144.0, "q62": 229.0, "q63": 211.0}, "datetime": {"datetime": "2019-11-11 18:46:12", "elapsed": 0.485261, "delta": 0.003622}}
{"target": -0.11766252366025948, "params": {"q00": 11.0, "q01": 28.0, "q02": 178.0, "q03": 97.0, "q04": 52.0, "q05": 16.0, "q06": 192.0, "q07": 71.0, "q08": 92.0, "q09": 103.0, "q10": 64.0, "q11": 43.0, "q12": 234.0, "q13": 28.0, "q14": 215.0, "q15": 201.0, "q16": 57.0, "q17": 49.0, "q18": 172.0, "q19": 48.0, "q20": 24.0, "q21": 145.0, "q22": 131.0, "q23": 161.0, "q24": 54.0, "q25": 138.0, "q26": 89.0, "q27": 124.0, "q28": 161.0, "q29": 119.0, "q30": 219.0, "q31": 225.0, "q32": 205.0, "q33": 210.0, "q34": 49.0, "q35": 39.0, "q36": 108.0, "q37": 208.0, "q38": 56.0, "q39": 56.0, "q40": 26.0, "q41": 31.0, "q42": 80.0, "q43": 176.0, "q44": 16.0, "q45": 169.0, "q46": 229.0, "q47": 9.0, "q48": 238.0, "q49": 240.0, "q50": 25.0, "q51": 190.0, "q52": 89.0, "q53": 39.0, "q54": 31.0, "q55": 223.0, "q56": 37.0, "q57": 159.0, "q58": 216.0, "q59": 9.0, "q60": 250.0, "q61": 207.0, "q62": 203.0, "q63": 162.0}, "datetime": {"datetime": "2019-11-11 18:46:12", "elapsed": 0.48894, "delta": 0.003679}}
{"target": -0.12368904861081798, "params": {"q00": 48.0, "q01": 39.0, "q02": 95.0, "q03": 110.0, "q04": 64.0, "q05": 16.0, "q06": 203.0, "q07": 8.0, "q08": 47.0, "q09": 89.0, "q10": 61.0, "q11": 120.0, "q12": 238.0, "q13": 69.0, "q14": 94.0, "q15": 205.0, "q16": 51.0, "q17": 68.0, "q18": 173.0, "q19": 130.0, "q20": 233.0, "q21": 5.0, "q22": 219.0, "q23": 190.0, "q24": 18.0, "q25": 59.0, "q26": 223.0, "q27": 30.0, "q28": 84.0, "q29": 104.0, "q30": 20.0, "q31": 195.0, "q32": 158.0, "q33": 219.0, "q34": 39.0, "q35": 92.0, "q36": 187.0, "q37": 250.0, "q38": 98.0, "q39": 157.0, "q40": 225.0, "q41": 147.0, "q42": 141.0, "q43": 125.0, "q44": 246.0, "q45": 240.0, "q46": 214.0, "q47": 210.0, "q48": 240.0, "q49": 205.0, "q50": 15.0, "q51": 141.0, "q52": 171.0, "q53": 164.0, "q54": 239.0, "q55": 214.0, "q56": 24.0, "q57": 170.0, "q58": 164.0, "q59": 116.0, "q60": 144.0, "q61": 228.0, "q62": 249.0, "q63": 150.0}, "datetime": {"datetime": "2019-11-11 18:46:12", "elapsed": 0.492577, "delta": 0.003637}}
{"target": -0.123868056823632, "params": {"q00": 3.0, "q01": 2.0, "q02": 200.0, "q03": 28.0, "q04": 94.0, "q05": 172.0, "q06": 25.0, "q07": 107.0, "q08": 59.0, "q09": 47.0, "q10": 138.0, "q11": 11.0, "q12": 167.0, "q13": 13.0, "q14": 21.0, "q15": 13.0, "q16": 24.0, "q17": 146.0, "q18": 31.0, "q19": 116.0, "q20": 36.0, "q21": 111.0, "q22": 8.0, "q23": 229.0, "q24": 45.0, "q25": 209.0, "q26": 4.0, "q27": 226.0, "q28": 34.0, "q29": 133.0, "q30": 201.0, "q31": 195.0, "q32": 48.0, "q33": 152.0, "q34": 132.0, "q35": 14.0, "q36": 118.0, "q37": 173.0, "q38": 113.0, "q39": 128.0, "q40": 49.0, "q41": 57.0, "q42": 56.0, "q43": 16.0, "q44": 112.0, "q45": 147.0, "q46": 251.0, "q47": 62.0, "q48": 251.0, "q49": 98.0, "q50": 112.0, "q51": 153.0, "q52": 137.0, "q53": 51.0, "q54": 147.0, "q55": 31.0, "q56": 194.0, "q57": 100.0, "q58": 249.0, "q59": 189.0, "q60": 187.0, "q61": 7.0, "q62": 238.0, "q63": 229.0}, "datetime": {"datetime": "2019-11-11 18:46:12", "elapsed": 0.49623, "delta": 0.003653}}
{"target": -0.19148676457480346, "params": {"q00": 79.0, "q01": 51.0, "q02": 88.0, "q03": 168.0, "q04": 42.0, "q05": 105.0, "q06": 2.0, "q07": 8.0, "q08": 34.0, "q09": 235.0, "q10": 44.0, "q11": 20.0, "q12": 128.0, "q13": 25.0, "q14": 31.0, "q15": 234.0, "q16": 35.0, "q17": 36.0, "q18": 21.0, "q19": 251.0, "q20": 27.0, "q21": 150.0, "q22": 23.0, "q23": 184.0, "q24": 208.0, "q25": 47.0, "q26": 179.0, "q27": 61.0, "q28": 153.0, "q29": 181.0, "q30": 211.0, "q31": 127.0, "q32": 175.0, "q33": 153.0, "q34": 64.0, "q35": 28.0, "q36": 87.0, "q37": 226.0, "q38": 105.0, "q39": 68.0, "q40": 244.0, "q41": 61.0, "q42": 169.0, "q43": 59.0, "q44": 108.0, "q45": 9.0, "q46": 218.0, "q47": 253.0, "q48": 176.0, "q49": 13.0, "q50": 75.0, "q51": 60.0, "q52": 196.0, "q53": 127.0, "q54": 151.0, "q55": 1.0, "q56": 51.0, "q57": 132.0, "q58": 252.0, "q59": 92.0, "q60": 69.0, "q61": 169.0, "q62": 251.0, "q63": 234.0}, "datetime": {"datetime": "2019-11-11 18:46:12", "elapsed": 0.499917, "delta": 0.003687}}
{"target": -0.1238400004766082, "params": {"q00": 21.0, "q01": 100.0, "q02": 20.0, "q03": 182.0, "q04": 13.0, "q05": 42.0, "q06": 18.0, "q07": 124.0, "q08": 6.0, "q09": 68.0, "q10": 5.0, "q11": 104.0, "q12": 64.0, "q13": 97.0, "q14": 42.0, "q15": 107.0, "q16": 6.0, "q17": 145.0, "q18": 109.0, "q19": 129.0, "q20": 19.0, "q21": 145.0, "q22": 225.0, "q23": 166.0, "q24": 5.0, "q25": 84.0, "q26": 156.0, "q27": 98.0, "q28": 37.0, "q29": 49.0, "q30": 141.0, "q31": 167.0, "q32": 51.0, "q33": 105.0, "q34": 152.0, "q35": 41.0, "q36": 98.0, "q37": 207.0, "q38": 126.0, "q39": 233.0, "q40": 34.0, "q41": 114.0, "q42": 119.0, "q43": 140.0, "q44": 155.0, "q45": 53.0, "q46": 254.0, "q47": 32.0, "q48": 90.0, "q49": 79.0, "q50": 116.0, "q51": 233.0, "q52": 68.0, "q53": 80.0, "q54": 199.0, "q55": 119.0, "q56": 203.0, "q57": 11.0, "q58": 34.0, "q59": 69.0, "q60": 253.0, "q61": 130.0, "q62": 192.0, "q63": 201.0}, "datetime": {"datetime": "2019-11-11 18:46:12", "elapsed": 0.503568, "delta": 0.003651}}
{"target": -0.0898435496454349, "params": {"q00": 5.0, "q01": 16.0, "q02": 140.0, "q03": 222.0, "q04": 60.0, "q05": 74.0, "q06": 3.0, "q07": 13.0, "q08": 6.0, "q09": 22.0, "q10": 37.0, "q11": 179.0, "q12": 186.0, "q13": 29.0, "q14": 211.0, "q15": 226.0, "q16": 56.0, "q17": 16.0, "q18": 35.0, "q19": 193.0, "q20": 191.0, "q21": 102.0, "q22": 179.0, "q23": 205.0, "q24": 11.0, "q25": 30.0, "q26": 217.0, "q27": 217.0, "q28": 240.0, "q29": 187.0, "q30": 215.0, "q31": 155.0, "q32": 21.0, "q33": 145.0, "q34": 75.0, "q35": 243.0, "q36": 129.0, "q37": 219.0, "q38": 85.0, "q39": 232.0, "q40": 67.0, "q41": 158.0, "q42": 211.0, "q43": 98.0, "q44": 85.0, "q45": 203.0, "q46": 230.0, "q47": 22.0, "q48": 73.0, "q49": 73.0, "q50": 208.0, "q51": 91.0, "q52": 45.0, "q53": 181.0, "q54": 33.0, "q55": 60.0, "q56": 81.0, "q57": 51.0, "q58": 158.0, "q59": 201.0, "q60": 202.0, "q61": 174.0, "q62": 189.0, "q63": 38.0}, "datetime": {"datetime": "2019-11-11 18:46:12", "elapsed": 0.507257, "delta": 0.003689}}
{"target": -0.12482234589197722, "params": {"q00": 24.0, "q01": 141.0, "q02": 28.0, "q03": 24.0, "q04": 41.0, "q05": 84.0, "q06": 89.0, "q07": 84.0, "q08": 39.0, "q09": 66.0, "q10": 7.0, "q11": 105.0, "q12": 115.0, "q13": 78.0, "q14": 194.0, "q15": 200.0, "q16": 87.0, "q17": 33.0, "q18": 92.0, "q19": 152.0, "q20": 23.0, "q21": 40.0, "q22": 43.0, "q23": 251.0, "q24": 156.0, "q25": 60.0, "q26": 65.0, "q27": 122.0, "q28": 229.0, "q29": 130.0, "q30": 237.0, "q31": 250.0, "q32": 87.0, "q33": 98.0, "q34": 85.0, "q35": 73.0, "q36": 240.0, "q37": 29.0, "q38": 183.0, "q39": 40.0, "q40": 252.0, "q41": 183.0, "q42": 85.0, "q43": 66.0, "q44": 4.0, "q45": 180.0, "q46": 235.0, "q47": 70.0, "q48": 121.0, "q49": 65.0, "q50": 229.0, "q51": 5.0, "q52": 123.0, "q53": 112.0, "q54": 132.0, "q55": 111.0, "q56": 62.0, "q57": 119.0, "q58": 99.0, "q59": 228.0, "q60": 201.0, "q61": 241.0, "q62": 227.0, "q63": 252.0}, "datetime": {"datetime": "2019-11-11 18:46:12", "elapsed": 0.51093, "delta": 0.003673}}
{"target": -0.10311617978217813, "params": {"q00": 25.0, "q01": 84.0, "q02": 111.0, "q03": 143.0, "q04": 30.0, "q05": 31.0, "q06": 103.0, "q07": 134.0, "q08": 26.0, "q09": 84.0, "q10": 17.0, "q11": 67.0, "q12": 102.0, "q13": 76.0, "q14": 142.0, "q15": 163.0, "q16": 9.0, "q17": 13.0, "q18": 109.0, "q19": 219.0, "q20": 237.0, "q21": 156.0, "q22": 177.0, "q23": 201.0, "q24": 201.0, "q25": 78.0, "q26": 7.0, "q27": 38.0, "q28": 116.0, "q29": 185.0, "q30": 230.0, "q31": 164.0, "q32": 218.0, "q33": 144.0, "q34": 218.0, "q35": 100.0, "q36": 224.0, "q37": 21.0, "q38": 197.0, "q39": 16.0, "q40": 173.0, "q41": 44.0, "q42": 177.0, "q43": 78.0, "q44": 74.0, "q45": 98.0, "q46": 192.0, "q47": 77.0, "q48": 78.0, "q49": 11.0, "q50": 170.0, "q51": 246.0, "q52": 127.0, "q53": 253.0, "q54": 227.0, "q55": 144.0, "q56": 171.0, "q57": 29.0, "q58": 181.0, "q59": 17.0, "q60": 115.0, "q61": 187.0, "q62": 99.0, "q63": 250.0}, "datetime": {"datetime": "2019-11-11 18:46:12", "elapsed": 0.514639, "delta": 0.003709}}
{"target": -0.0856819969067526, "params": {"q00": 12.0, "q01": 8.0, "q02": 4.0, "q03": 221.0, "q04": 167.0, "q05": 47.0, "q06": 91.0, "q07": 14.0, "q08": 19.0, "q09": 2.0, "q10": 58.0, "q11": 238.0, "q12": 234.0, "q13": 62.0, "q14": 3.0, "q15": 176.0, "q16": 3.0, "q17": 62.0, "q18": 58.0, "q19": 23.0, "q20": 16.0, "q21": 68.0, "q22": 81.0, "q23": 127.0, "q24": 120.0, "q25": 156.0, "q26": 253.0, "q27": 120.0, "q28": 9.0, "q29": 238.0, "q30": 121.0, "q31": 53.0, "q32": 70.0, "q33": 209.0, "q34": 152.0, "q35": 106.0, "q36": 84.0, "q37": 43.0, "q38": 93.0, "q39": 21.0, "q40": 59.0, "q41": 149.0, "q42": 204.0, "q43": 47.0, "q44": 225.0, "q45": 203.0, "q46": 162.0, "q47": 92.0, "q48": 179.0, "q49": 140.0, "q50": 181.0, "q51": 148.0, "q52": 153.0, "q53": 142.0, "q54": 18.0, "q55": 177.0, "q56": 246.0, "q57": 216.0, "q58": 95.0, "q59": 205.0, "q60": 138.0, "q61": 65.0, "q62": 207.0, "q63": 186.0}, "datetime": {"datetime": "2019-11-11 18:46:12", "elapsed": 0.518337, "delta": 0.003698}}
{"target": -0.12818779759950882, "params": {"q00": 55.0, "q01": 21.0, "q02": 99.0, "q03": 84.0, "q04": 17.0, "q05": 38.0, "q06": 74.0, "q07": 154.0, "q08": 4.0, "q09": 129.0, "q10": 62.0, "q11": 61.0, "q12": 10.0, "q13": 31.0, "q14": 7.0, "q15": 216.0, "q16": 32.0, "q17": 157.0, "q18": 96.0, "q19": 54.0, "q20": 248.0, "q21": 43.0, "q22": 156.0, "q23": 226.0, "q24": 47.0, "q25": 74.0, "q26": 31.0, "q27": 134.0, "q28": 146.0, "q29": 15.0, "q30": 165.0, "q31": 101.0, "q32": 235.0, "q33": 249.0, "q34": 148.0, "q35": 164.0, "q36": 12.0, "q37": 10.0, "q38": 112.0, "q39": 137.0, "q40": 36.0, "q41": 93.0, "q42": 115.0, "q43": 110.0, "q44": 79.0, "q45": 140.0, "q46": 133.0, "q47": 139.0, "q48": 60.0, "q49": 244.0, "q50": 86.0, "q51": 107.0, "q52": 51.0, "q53": 179.0, "q54": 43.0, "q55": 176.0, "q56": 47.0, "q57": 20.0, "q58": 122.0, "q59": 50.0, "q60": 6.0, "q61": 157.0, "q62": 244.0, "q63": 235.0}, "datetime": {"datetime": "2019-11-11 18:46:12", "elapsed": 0.522028, "delta": 0.003691}}
