{"target": -0.1170447292988005, "params": {"q00": 22.0, "q01": 60.0, "q02": 89.0, "q03": 196.0, "q04": 42.0, "q05": 243.0, "q06": 121.0, "q07": 13.0, "q08": 5.0, "q09": 3.0, "q10": 88.0, "q11": 130.0, "q12": 104.0, "q13": 106.0, "q14": 67.0, "q15": 112.0, "q16": 88.0, "q17": 13.0, "q18": 33.0, "q19": 54.0, "q20": 75.0, "q21": 100.0, "q22": 95.0, "q23": 138.0, "q24": 15.0, "q25": 70.0, "q26": 227.0, "q27": 169.0, "q28": 53.0, "q29": 11.0, "q30": 137.0, "q31": 65.0, "q32": 74.0, "q33": 189.0, "q34": 157.0, "q35": 71.0, "q36": 40.0, "q37": 88.0, "q38": 3.0, "q39": 77.0, "q40": 88.0, "q41": 243.0, "q42": 89.0, "q43": 134.0, "q44": 122.0, "q45": 183.0, "q46": 146.0, "q47": 80.0, "q48": 158.0, "q49": 7.0, "q50": 202.0, "q51": 177.0, "q52": 42.0, "q53": 43.0, "q54": 224.0, "q55": 99.0, "q56": 109.0, "q57": 113.0, "q58": 115.0, "q59": 178.0, "q60": 152.0, "q61": 131.0, "q62": 253.0, "q63": 24.0}, "datetime": {"datetime": "2019-11-11 18:46:12", "elapsed": 0.372776, "delta": 0.003335}}
{"target": -0.20231112377406885, "params": {"q00": 147.0, "q01": 32.0, "q02": 104.0, "q03": 175.0, "q04": 76.0, "q05": 50.0, "q06": 128.0, "q07": 150.0, "q08": 27.0, "q09": 79.0, "q10": 4.0, "q11": 44.0, "q12": 107.0, "q13": 212.0, "q14": 45.0, "q15": 104.0, "q16": 118.0, "q17": 21.0, "q18": 13.0, "q19": 174.0, "q20": 142.0, "q21": 148.0, "q22": 181.0, "q23": 236.0, "q24": 123.0, "q25": 55.0, "q26": 8.0, "q27": 45.0, "q28": 37.0, "q29": 218.0, "q30": 110.0, "q31": 53.0, "q32": 202.0, "q33": 168.0, "q34": 97.0, "q35": 11.0, "q36": 215.0, "q37": 119.0, "q38": 223.0, "q39": 7.0, "q40": 220.0, "q41": 171.0, "q42": 177.0, "q43": 39.0, "q44": 90.0, "q45": 66.0, "q46": 157.0, "q47": 192.0, "q48": 219.0, "q49": 228.0, "q50": 26.0, "q51": 174.0, "q52": 2.0, "q53": 14.0, "q54": 222.0, "q55": 180.0, "q56": 19.0, "q57": 116.0, "q58": 89.0, "q59": 197.0, "q60": 193.0, "q61": 139.0, "q62": 226.0, "q63": 253.0}, "datetime": {"datetime": "2019-11-11 18:46:12", "elapsed": 0.376267, "delta": 0.003491}}
{"target": -0.08067923186312254, "params": {"q00": 11.0, "q01": 23.0, "q02": 12.0, "q03": 109.0, "q04": 56.0, "q05": 59.0, "q06": 42.0, "q07": 39.0, "q08": 62.0, "q09": 6.0, "q10": 13.0, "q11": 13.0, "q12": 112.0, "q13": 54.0, "q14": 176.0, "q15": 181.0, "q16": 7.0, "q17": 3.0, "q18": 224.0, "q19": 124.0, "q20": 97.0, "q21": 238.0, "q22": 32.0, "q23": 254.0, "q24": 170.0, "q25": 65.0, "q26": 63.0, "q27": 90.0, "q28": 245.0, "q29": 18.0, "q30": 238.0, "q31": 65.0, "q32": 105.0, "q33": 64.0, "q34": 97.0, "q35": 163.0, "q36": 107.0, "q37": 200.0, "q38": 66.0, "q39": 15.0, "q40": 192.0, "q41": 186.0, "q42": 74.0, "q43": 100.0, "q44": 53.0, "q45": 237.0, "q46": 240.0, "q47": 250.0, "q48": 55.0, "q49": 12.0, "q50": 249.0, "q51": 211.0, "q52": 53.0, "q53": 138.0, "q54": 91.0, "q55": 48.0, "q56": 25.0, "q57": 132.0, "q58": 190.0, "q59": 126.0, "q60": 96.0, "q61": 11.0, "q62": 128.0, "q63": 132.0}, "datetime": {"datetime": "2019-11-11 18:46:12", "elapsed": 0.379507, "delta": 0.00324}}
{"target": -0.08505713900215067, "params": {"q00": 35.0, "q01": 30.0, "q02": 236.0, "q03": 47.0, "q04": 117.0, "q05": 5.0, "q06": 215.0, "q07": 165.0, "q08": 77.0, "q09": 18.0, "q10": 48.0, "q11": 112.0, "q12": 169.0, "q13": 21.0, "q14": 170.0, "q15": 217.0, "q16": 10.0, "q17": 38.0, "q18": 26.0, "q19": 46.0, "q20": 5.0, "q21": 102.0, "q22": 191.0, "q23": 251.0, "q24": 181.0, "q25": 10.0, "q26": 63.0, "q27": 61.0, "q28": 107.0, "q29": 188.0, "q30": 123.0, "q31": 145.0, "q32": 181.0, "q33": 39.0, "q34": 26.0, "q35": 36.0, "q36": 247.0, "q37": 40.0, "q38": 159.0, "q39": 172.0, "q40": 30.0, "q41": 161.0, "q42": 93.0, "q43": 68.0, "q44": 108.0, "q45": 165.0, "q46": 239.0, "q47": 158.0, "q48": 171.0, "q49": 132.0, "q50": 89.0, "q51": 68.0, "q52": 28.0, "q53": 67.0, "q54": 45.0, "q55": 232.0, "q56": 178.0, "q57": 177.0, "q58": 179.0, "q59": 230.0, "q60": 187.0, "q61": 247.0, "q62": 189.0, "q63": 119.0}, "datetime": {"datetime": "2019-11-11 18:46:12", "elapsed": 0.38271, "delta": 0.003203}}
{"target": -0.14913245451164198, "params": {"q00": 12.0, "q01": 208.0, "q02": 114.0, "q03": 67.0, "q04": 176.0, "q05": 68.0, "q06": 110.0, "q07": 181.0, "q08": 10.0, "q09": 6.0, "q10": 21.0, "q11": 74.0, "q12": 252.0, "q13": 138.0, "q14": 164.0, "q15": 215.0, "q16": 76.0, "q17": 127.0, "q18": 159.0, "q19": 227.0, "q20": 19.0, "q21": 84.0, "q22": 189.0, "q23": 216.0, "q24": 47.0, "q25": 5.0, "q26": 54.0, "q27": 235.0, "q28": 38.0, "q29": 24.0, "q30": 189.0, "q31": 34.0, "q32": 249.0, "q33": 239.0, "q34": 224.0, "q35": 216.0, "q36": 166.0, "q37": 156.0, "q38": 240.0, "q39": 31.0, "q40": 254.0, "q41": 253.0, "q42": 52.0, "q43": 194.0, "q44": 184.0, "q45": 94.0, "q46": 250.0, "q47": 205.0, "q48": 215.0, "q49": 225.0, "q50": 226.0, "q51": 214.0, "q52": 164.0, "q53": 160.0, "q54": 84.0, "q55": 87.0, "q56": 80.0, "q57": 148.0, "q58": 160.0, "q59": 140.0, "q60": 247.0, "q61": 223.0, "q62": 223.0, "q63": 239.0}, "datetime": {"datetime": "2019-11-11 18:46:12", "elapsed": 0.385905, "delta": 0.003195}}
{"target": -0.127315731271488, "params": {"q00": 50.0, "q01": 33.0, "q02": 83.0, "q03": 179.0, "q04": 125.0, "q05": 74.0, "q06": 88.0, "q07": 47.0, "q08": 19.0, "q09": 1.0, "q10": 58.0, "q11": 104.0, "q12": 91.0, "q13": 142.0, "q14": 186.0, "q15": 99.0, "q16": 174.0, "q17": 56.0, "q18": 100.0, "q19": 77.0, "q20": 6.0, "q21": 177.0, "q22": 180.0, "q23": 238.0, "q24": 25.0, "q25": 20.0, "q26": 190.0, "q27": 190.0, "q28": 215.0, "q29": 17.0, "q30": 187.0, "q31": 124.0, "q32": 199.0, "q33": 174.0, "q34": 120.0, "q35": 82.0, "q36": 81.0, "q37": 254.0, "q38": 77.0, "q39": 24.0, "q40": 52.0, "q41": 157.0, "q42": 159.0, "q43": 26.0, "q44": 134.0, "q45": 204.0, "q46": 188.0, "q47": 248.0, "q48": 129.0, "q49": 244.0, "q50": 214.0, "q51": 213.0, "q52": 124.0, "q53": 170.0, "q54": 242.0, "q55": 122.0, "q56": 37.0, "q57": 164.0, "q58": 185.0, "q59": 44.0, "q60": 147.0, "q61": 149.0, "q62": 254.0, "q63": 121.0}, "datetime": {"datetime": "2019-11-11 18:46:12", "elapsed": 0.389095, "delta": 0.00319}}
{"target": -0.10951960951997597, "params": {"q00": 1.0, "q01": 17.0, "q02": 85.0, "q03": 4.0, "q04": 101.0, "q05": 181.0, "q06": 78.0, "q07": 31.0, "q08": 17.0, "q09": 66.0, "q10": 27.0, "q11": 32.0, "q12": 21.0, "q13": 1.0, "q14": 75.0, "q15": 252.0, "q16": 37.0, "q17": 99.0, "q18": 191.0, "q19": 62.0, "q20": 73.0, "q21": 143.0, "q22": 173.0, "q23": 14.0, "q24": 188.0, "q25": 40.0, "q26": 171.0, "q27": 54.0, "q28": 26.0, "q29": 189.0, "q30": 224.0, "q31": 252.0, "q32": 91.0, "q33": 174.0, "q34": 155.0, "q35": 221.0, "q36": 146.0, "q37": 101.0, "q38": 66.0, "q39": 156.0, "q40": 148.0, "q41": 74.0, "q42": 234.0, "q43": 9.0, "q44": 193.0, "q45": 135.0, "q46": 194.0, "q47": 139.0, "q48": 120.0, "q49": 100.0, "q50": 242.0, "q51": 229.0, "q52": 48.0, "q53": 109.0, "q54": 104.0, "q55": 72.0, "q56": 201.0, "q57": 115.0, "q58": 220.0, "q59": 208.0, "q60": 127.0, "q61": 150.0, "q62": 218.0, "q63": 182.0}, "datetime": {"datetime": "2019-11-11 18:46:12", "elapsed": 0.392333, "delta": 0.003238}}
{"target": -0.1267824603374843, "params": {"q00": 69.0, "q01": 46.0, "q02": 135.0, "q03": 59.0, "q04": 70.0, "q05": 53.0, "q06": 80.0, "q07": 146.0, "q08": 42.0, "q09": 20.0, "q10": 133.0, "q11": 236.0, "q12": 10.0, "q13": 10.0, "q14": 247.0, "q15": 46.0, "q16": 115.0, "q17": 35.0, "q18": 35.0, "q19": 54.0, "q20": 29.0, "q21": 111.0, "q22": 201.0, "q23": 205.0, "q24": 193.0, "q25": 119.0, "q26": 31.0, "q27": 66.0, "q28": 171.0, "q29": 126.0, "q30": 169.0, "q31": 239.0, "q32": 33.0, "q33": 179.0, "q34": 168.0, "q35": 61.0, "q36": 205.0, "q37": 214.0, "q38": 97.0, "q39": 118.0, "q40": 211.0, "q41": 216.0, "q42": 204.0, "q43": 109.0, "q44": 128.0, "q45": 99.0, "q46": 200.0, "q47": 254.0, "q48": 199.0, "q49": 192.0, "q50": 174.0, "q51": 232.0, "q52": 200.0, "q53": 80.0, "q54": 157.0, "q55": 178.0, "q56": 210.0, "q57": 4.0, "q58": 219.0, "q59": 45.0, "q60": 227.0, "q61": 220.0, "q62": 226.0, "q63": 244.0}, "datetime": {"datetime": "2019-11-11 18:46:12", "elapsed": 0.395572, "delta": 0.003239}}
{"target": -0.12165926001896993, "params": {"q00": 20.0, "q01": 155.0, "q02": 67.0, "q03": 232.0, "q04": 7.0, "q05": 237.0, "q06": 244.0, "q07": 63.0, "q08": 35.0, "q09": 28.0, "q10": 42.0, "q11": 179.0, "q12": 114.0, "q13": 151.0, "q14": 197.0, "q15": 92.0, "q16": 11.0, "q17": 20.0, "q18": 33.0, "q19": 76.0, "q20": 140.0, "q21": 37.0, "q22": 102.0, "q23": 250.0, "q24": 124.0, "q25": 195.0, "q26": 42.0, "q27": 46.0, "q28": 31.0, "q29": 160.0, "q30": 225.0, "q31": 26.0, "q32": 252.0, "q33": 147.0, "q34": 131.0, "q35": 13.0, "q36": 117.0, "q37": 223.0, "q38": 130.0, "q39": 221.0, "q40": 191.0, "q41": 245.0, "q42": 190.0, "q43": 78.0, "q44": 111.0, "q45": 163.0, "q46": 246.0, "q47": 118.0, "q48": 85.0, "q49": 164.0, "q50": 114.0, "q51": 244.0, "q52": 141.0, "q53": 37.0, "q54": 4.0, "q55": 244.0, "q56": 130.0, "q57": 85.0, "q58": 112.0, "q59": 25.0, "q60": 142.0, "q61": 20.0, "q62": 247.0, "q63": 225.0}, "datetime": {"datetime": "2019-11-11 18:46:12", "elapsed": 0.39885, "delta": 0.003278}}
{"target": -0.1462581493056399, "params": {"q00": 25.0, "q01": 1.0, "q02": 40.0, "q03": 89.0, "q04": 8.0, "q05": 139.0, "q06": 238.0, "q07": 140.0, "q08": 46.0, "q09": 191.0, "q10": 182.0, "q11": 244.0, "q12": 76.0, "q13": 186.0, "q14": 193.0, "q15": 173.0, "q16": 2.0, "q17": 11.0, "q18": 139.0, "q19": 195.0, "q20": 84.0, "q21": 71.0, "q22": 185.0, "q23": 176.0, "q24": 17.0, "q25": 93.0, "q26": 249.0, "q27": 75.0, "q28": 124.0, "q29": 242.0, "q30": 150.0, "q31": 158.0, "q32": 31.0, "q33": 54.0, "q34": 87.0, "q35": 5.0, "q36": 50.0, "q37": 105.0, "q38": 98.0, "q39": 146.0, "q40": 66.0, "q41": 180.0, "q42": 47.0, "q43": 89.0, "q44": 178.0, "q45": 157.0, "q46": 164.0, "q47": 50.0, "q48": 42.0, "q49": 61.0, "q50": 79.0, "q51": 226.0, "q52": 34.0, "q53": 144.0, "q54": 195.0, "q55": 168.0, "q56": 220.0, "q57": 249.0, "q58": 252.0, "q59": 164.0, "q60": 178.0, "q61": 210.0, "q62": 227.0, "q63": 111.0}, "datetime": {"datetime": "2019-11-11 18:46:12", "elapsed": 0.402131, "delta": 0.003281}}
{"target": -0.1566781638146994, "params": {"q00": 5.0, "q01": 120.0, "q02": 115.0, "q03": 104.0, "q04": 38.0, "q05": 26.0, "q06": 3.0, "q07": 65.0, "q08": 51.0, "q09": 47.0, "q10": 204.0, "q11": 126.0, "q12": 187.0, "q13": 187.0, "q14": 188.0, "q15": 139.0, "q16": 9.0, "q17": 152.0, "q18": 84.0, "q19": 153.0, "q20": 24.0, "q21": 24.0, "q22": 20.0, "q23": 253.0, "q24": 77.0, "q25": 100.0, "q26": 66.0, "q27": 4.0, "q28": 60.0, "q29": 172.0, "q30": 156.0, "q31": 136.0, "q32": 130.0, "q33": 251.0, "q34": 7.0, "q35": 97.0, "q36": 93.0, "q37": 18.0, "q38": 57.0, "q39": 15.0, "q40": 75.0, "q41": 213.0, "q42": 140.0, "q43": 205.0, "q44": 19.0, "q45": 82.0, "q46": 85.0, "q47": 114.0, "q48": 40.0, "q49": 74.0, "q50": 11.0, "q51": 199.0, "q52": 35.0, "q53": 99.0, "q54": 98.0, "q55": 8.0, "q56": 238.0, "q57": 114.0, "q58": 116.0, "q59": 74.0, "q60": 100.0, "q61": 175.0, "q62": 35.0, "q63": 123.0}, "datetime": {"datetime": "2019-11-11 18:46:12", "elapsed": 0.405417, "delta": 0.003286}}
{"target": -0.13556991343105035, "params": {"q00": 15.0, "q01": 50.0, "q02": 40.0, "q03": 1.0, "q04": 57.0, "q05": 53.0, "q06": 243.0, "q07": 161.0, "q08": 132.0, "q09": 30.0, "q10": 37.0, "q11": 139.0, "q12": 26.0, "q13": 163.0, "q14": 142.0, "q15": 197.0, "q16": 55.0, "q17": 23.0, "q18": 48.0, "q19": 151.0, "q20": 61.0, "q21": 9.0, "q22": 2.0, "q23": 186.0, "q24": 63.0, "q25": 207.0, "q26": 191.0, "q27": 133.0, "q28": 61.0, "q29": 161.0, "q30": 249.0, "q31": 42.0, "q32": 137.0, "q33": 198.0, "q34": 29.0, "q35": 20.0, "q36": 153.0, "q37": 217.0, "q38": 84.0, "q39": 166.0, "q40": 238.0, "q41": 204.0, "q42": 34.0, "q43": 116.0, "q44": 55.0, "q45": 51.0, "q46": 206.0, "q47": 240.0, "q48": 14.0, "q49": 106.0, "q50": 41.0, "q51": 164.0, "q52": 113.0, "q53": 145.0, "q54": 76.0, "q55": 109.0, "q56": 189.0, "q57": 3.0, "q58": 238.0, "q59": 237.0, "q60": 130.0, "q61": 7.0, "q62": 145.0, "q63": 213.0}, "datetime": {"datetime": "2019-11-11 18:46:12", "elapsed": 0.408711, "delta": 0.003294}}
{"target": -0.1534851682304833, "params": {"q00": 84.0, "q01": 4.0, "q02": 8.0, "q03": 212.0, "q04": 33.0, "q05": 188.0, "q06": 182.0, "q07": 224.0, "q08": 2.0, "q09": 37.0, "q10": 217.0, "q11": 145.0, "q12": 190.0, "q13": 228.0, "q14": 107.0, "q15": 157.0, "q16": 109.0, "q17": 25.0, "q18": 63.0, "q19": 125.0, "q20": 4.0, "q21": 94.0, "q22": 126.0, "q23": 232.0, "q24": 172.0, "q25": 123.0, "q26": 73.0, "q27": 77.0, "q28": 9.0, "q29": 65.0, "q30": 201.0, "q31": 68.0, "q32": 209.0, "q33": 80.0, "q34": 206.0, "q35": 149.0, "q36": 169.0, "q37": 153.0, "q38": 77.0, "q39": 44.0, "q40": 164.0, "q41": 158.0, "q42": 152.0, "q43": 60.0, "q44": 143.0, "q45": 208.0, "q46": 188.0, "q47": 14.0, "q48": 190.0, "q49": 106.0, "q50": 179.0, "q51": 169.0, "q52": 11.0, "q53": 199.0, "q54": 29.0, "q55": 98.0, "q56": 33.0, "q57": 36.0, "q58": 231.0, "q59": 242.0, "q60": 238.0, "q61": 168.0, "q62": 233.0, "q63": 233.0}, "datetime": {"datetime": "2019-11-11 18:46:12", "elapsed": 0.412038, "delta": 0.003327}}
{"target": -0.10661161259102747, "params": {"q00": 2.0, "q01": 14.0, "q02": 154.0, "q03": 191.0, "q04": 26.0, "q05": 175.0, "q06": 21.0, "q07": 16.0, "q08": 64.0, "q09": 67.0, "q10": 17.0, "q11": 252.0, "q12": 96.0, "q13": 18.0, "q14": 254.0, "q15": 231.0, "q16": 36.0, "q17": 52.0, "q18": 184.0, "q19": 93.0, "q20": 114.0, "q21": 58.0, "q22": 47.0, "q23": 205.0, "q24": 170.0, "q25": 98.0, "q26": 28.0, "q27": 177.0, "q28": 160.0, "q29": 134.0, "q30": 156.0, "q31": 212.0, "q32": 126.0, "q33": 69.0, "q34": 115.0, "q35": 51.0, "q36": 130.0, "q37": 47.0, "q38": 190.0, "q39": 82.0, "q40": 12.0, "q41": 148.0, "q42": 148.0, "q43": 140.0, "q44": 208.0, "q45": 24.0, "q46": 155.0, "q47": 162.0, "q48": 208.0, "q49": 136.0, "q50": 15.0, "q51": 154.0, "q52": 41.0, "q53": 110.0, "q54": 156.0, "q55": 211.0, "q56": 53.0, "q57": 197.0, "q58": 234.0, "q59": 188.0, "q60": 167.0, "q61": 185.0, "q62": 116.0, "q63": 211.0}, "datetime": {"datetime": "2019-11-11 18:46:12", "elapsed": 0.415367, "delta": 0.003329}}
{"target": -0.1814408815727377, "params": {"q00": 106.0, "q01": 66.0, "q02": 135.0, "q03": 183.0, "q04": 61.0, "q05": 206.0, "q06": 185.0, "q07": 106.0, "q08": 3.0, "q09": 41.0, "q10": 6.0, "q11": 45.0, "q12": 246.0, "q13": 142.0, "q14": 87.0, "q15": 158.0, "q16": 2.0, "q17": 46.0, "q18": 81.0, "q19": 63.0, "q20": 188.0, "q21": 65.0, "q22": 12.0, "q23": 151.0, "q24": 27.0, "q25": 60.0, "q26": 224.0, "q27": 90.0, "q28": 181.0, "q29": 98.0, "q30": 194.0, "q31": 56.0, "q32": 57.0, "q33": 81.0, "q34": 73.0, "q35": 200.0, "q36": 44.0, "q37": 170.0, "q38": 124.0, "q39": 60.0, "q40": 2.0, "q41": 222.0, "q42": 243.0, "q43": 115.0, "q44": 53.0, "q45": 167.0, "q46": 224.0, "q47": 222.0, "q48": 142.0, "q49": 24.0, "q50": 52.0, "q51": 230.0, "q52": 198.0, "q53": 244.0, "q54": 161.0, "q55": 26.0, "q56": 254.0, "q57": 36.0, "q58": 24.0, "q59": 141.0, "q60": 234.0, "q61": 151.0, "q62": 235.0, "q63": 206.0}, "datetime": {"datetime": "2019-11-11 18:46:12", "elapsed": 0.418712, "delta": 0.003345}}
{"target": -0.10995358327330412, "params": {"q00": 20.0, "q01": 71.0, "q02": 62.0, "q03": 132.0, "q04": 38.0, "q05": 26.0, "q06": 61.0, "q07": 41.0, "q08": 48.0, "q09": 66.0, "q10": 197.0, "q11": 83.0, "q12": 119.0, "q13": 93.0, "q14": 188.0, "q15": 248.0, "q16": 54.0, "q17": 27.0, "q18": 6.0, "q19": 208.0, "q20": 197.0, "q21": 129.0, "q22": 21.0, "q23": 234.0, "q24": 78.0, "q25": 229.0, "q26": 45.0, "q27": 17.0, "q28": 40.0, "q29": 139.0, "q30": 11.0, "q31": 87.0, "q32": 60.0, "q33": 114.0, "q34": 249.0, "q35": 231.0, "q36": 211.0, "q37": 110.0, "q38": 244.0, "q39": 142.0, "q40": 34.0, "q41": 254.0, "q42": 7.0, "q43": 42.0, "q44": 238.0, "q45": 220.0, "q46": 195.0, "q47": 139.0, "q48": 126.0, "q49": 165.0, "q50": 107.0, "q51": 250.0, "q52": 59.0, "q53": 173.0, "q54": 152.0, "q55": 219.0, "q56": 220.0, "q57": 247.0, "q58": 160.0, "q59": 99.0, "q60": 222.0, "q61": 224.0, "q62": 209.0, "q63": 211.0}, "datetime": {"datetime": "2019-11-11 18:46:12", "elapsed": 0.422072, "delta": 0.00336}}
{"target": -0.1337642388487314, "params": {"q00": 33.0, "q01": 78.0, "q02": 87.0, "q03": 119.0, "q04": 112.0, "q05": 194.0, "q06": 32.0, "q07": 47.0, "q08": 80.0, "q09": 6.0, "q10": 138.0, "q11": 13.0, "q12": 90.0, "q13": 82.0, "q14": 13.0, "q15": 211.0, "q16": 46.0, "q17": 39.0, "q18": 163.0, "q19": 154.0, "q20": 188.0, "q21": 119.0, "q22": 138.0, "q23": 230.0, "q24": 6.0, "q25": 183.0, "q26": 18.0, "q27": 8.0, "q28": 231.0, "q29": 143.0, "q30": 232.0, "q31": 155.0, "q32": 217.0, "q33": 196.0, "q34": 119.0, "q35": 254.0, "q36": 136.0, "q37": 65.0, "q38": 241.0, "q39": 227.0, "q40": 117.0, "q41": 136.0, "q42": 62.0, "q43": 44.0, "q44": 188.0, "q45": 90.0, "q46": 233.0, "q47": 154.0, "q48": 220.0, "q49": 52.0, "q50": 12.0, "q51": 102.0, "q52": 33.0, "q53": 228.0, "q54": 180.0, "q55": 145.0, "q56": 187.0, "q57": 150.0, "q58": 246.0, "q59": 217.0, "q60": 248.0, "q61": 153.0, "q62": 174.0, "q63": 93.0}, "datetime": {"datetime": "2019-11-11 18:46:12", "elapsed": 0.425418, "delta": 0.003346}}
{"target": -0.10701480328613705, "params": {"q00": 18.0, "q01": 12.0, "q02": 99.0, "q03": 146.0, "q04": 49.0, "q05": 241.0, "q06": 254.0, "q07": 21.0, "q08": 19.0, "q09": 82.0, "q10": 138.0, "q11": 122.0, "q12": 92.0, "q13": 55.0, "q14": 238.0, "q15": 223.0, "q16": 34.0, "q17": 28.0, "q18": 3.0, "q19": 224.0, "q20": 36.0, "q21": 142.0, "q22": 183.0, "q23": 166.0, "q24": 7.0, "q25": 116.0, "q26": 211.0, "q27": 147.0, "q28": 32.0, "q29": 129.0, "q30": 171.0, "q31": 162.0, "q32": 220.0, "q33": 44.0, "q34": 115.0, "q35": 163.0, "q36": 161.0, "q37": 166.0, "q38": 38.0, "q39": 35.0, "q40": 39.0, "q41": 245.0, "q42": 167.0, "q43": 25.0, "q44": 177.0, "q45": 9.0, "q46": 140.0, "q47": 202.0, "q48": 157.0, "q49": 45.0, "q50": 85.0, "q51": 200.0, "q52": 18.0, "q53": 159.0, "q54": 190.0, "q55": 127.0, "q56": 99.0, "q57": 43.0, "q58": 194.0, "q59": 183.0, "q60": 203.0, "q61": 239.0, "q62": 240.0, "q63": 209.0}, "datetime": {"datetime": "2019-11-11 18:46:12", "elapsed": 0.428802, "delta": 0.003384}}
{"target": -0.0770549079547756, "params": {"q00": 2.0, "q01": 19.0, "q02": 45.0, "q03": 188.0, "q04": 123.0, "q05": 81.0, "q06": 10.0, "q07": 64.0, "q08": 48.0, "q09": 64.0, "q10": 30.0, "q11": 108.0, "q12": 135.0, "q13": 46.0, "q14": 173.0, "q15": 137.0, "q16": 54.0, "q17": 64.0, "q18": 88.0, "q19": 201.0, "q20": 33.0, "q21": 26.0, "q22": 70.0, "q23": 144.0, "q24": 91.0, "q25": 41.0, "q26": 70.0, "q27": 241.0, "q28": 137.0, "q29": 213.0, "q30": 77.0, "q31": 165.0, "q32": 105.0, "q33": 14.0, "q34": 19.0, "q35": 241.0, "q36": 163.0, "q37": 237.0, "q38": 244.0, "q39": 225.0, "q40": 24.0, "q41": 149.0, "q42": 12.0, "q43": 53.0, "q44": 249.0, "q45": 80.0, "q46": 232.0, "q47": 247.0, "q48": 236.0, "q49": 228.0, "q50": 202.0, "q51": 213.0, "q52": 199.0, "q53": 240.0, "q54": 70.0, "q55": 224.0, "q56": 69.0, "q57": 98.0, "q58": 200.0, "q59": 144.0, "q60": 214.0, "q61": 150.0, "q62": 212.0, "q63": 184.0}, "datetime": {"datetime": "2019-11-11 18:46:12", "elapsed": 0.432544, "delta": 0.003742}}
{"target": -0.16806063428394558, "params": {"q00": 51.0, "q01": 88.0, "q02": 115.0, "q03": 212.0, "q04": 93.0, "q05": 19.0, "q06": 130.0, "q07": 74.0, "q08": 34.0, "q09": 83.0, "q10": 63.0, "q11": 147.0, "q12": 40.0, "q13": 151.0, "q14": 86.0, "q15": 49.0, "q16": 109.0, "q17": 39.0, "q18": 155.0, "q19": 100.0, "q20": 187.0, "q21": 33.0, "q22": 156.0, "q23": 136.0, "q24": 87.0, "q25": 93.0, "q26": 116.0, "q27": 159.0, "q28": 15.0, "q29": 40.0, "q30": 242.0, "q31": 157.0, "q32": 1.0, "q33": 94.0, "q34": 64.0, "q35": 99.0, "q36": 203.0, "q37": 43.0, "q38": 48.0, "q39": 247.0, "q40": 118.0, "q41": 106.0, "q42": 145.0, "q43": 87.0, "q44": 32.0, "q45": 47.0, "q46": 227.0, "q47": 241.0, "q48": 168.0, "q49": 46.0, "q50": 78.0, "q51": 250.0, "q52": 17.0, "q53": 63.0, "q54": 47.0, "q55": 195.0, "q56": 12.0, "q57": 91.0, "q58": 173.0, "q59": 93.0, "q60": 221.0, "q61": 229.0, "q62": 234.0, "q63": 165.0}, "datetime": {"datetime": "2019-11-11 18:46:12", "elapsed": 0.436032, "delta": 0.003488}}
{"target": -0.15748253354555686, "params": {"q00": 74.0, "q01": 19.0, "q02": 151.0, "q03": 40.0, "q04": 92.0, "q05": 3.0, "q06": 242.0, "q07": 48.0, "q08": 13.0, "q09": 43.0, "q10": 210.0, "q11": 112.0, "q12": 251.0, "q13": 26.0, "q14": 193.0, "q15": 20.0, "q16": 2.0, "q17": 42.0, "q18": 5.0, "q19": 140.0, "q20": 120.0, "q21": 32.0, "q22": 3.0, "q23": 113.0, "q24": 217.0, "q25": 185.0, "q26": 246.0, "q27": 1.0, "q28": 94.0, "q29": 146.0, "q30": 204.0, "q31": 79.0, "q32": 8.0, "q33": 146.0, "q34": 33.0, "q35": 180.0, "q36": 7.0, "q37": 47.0, "q38": 105.0, "q39": 52.0, "q40": 128.0, "q41": 192.0, "q42": 222.0, "q43": 173.0, "q44": 172.0, "q45": 162.0, "q46": 250.0, "q47": 245.0, "q48": 217.0, "q49": 198.0, "q50": 53.0, "q51": 190.0, "q52": 67.0, "q53": 216.0, "q54": 125.0, "q55": 250.0, "q56": 103.0, "q57": 227.0, "q58": 240.0, "q59": 61.0, "q60": 36.0, "q61": 67.0, "q62": 180.0, "q63": 233.0}, "datetime": {"datetime": "2019-11-11 18:46:12", "elapsed": 0.439471, "delta": 0.003439}}
{"target": -0.1514504917643857, "params": {"q00": 1.0, "q01": 6.0, "q02": 27.0, "q03": 185.0, "q04": 89.0, "q05": 6.0, "q06": 104.0, "q07": 213.0, "q08": 48.0, "q09": 137.0, "q10": 165.0, "q11": 149.0, "q12": 57.0, "q13": 34.0, "q14": 36.0, "q15": 111.0, "q16": 35.0, "q17": 19.0, "q18": 81.0, "q19": 126.0, "q20": 108.0, "q21": 164.0, "q22": 11.0, "q23": 193.0, "q24": 195.0, "q25": 146.0, "q26": 68.0, "q27": 176.0, "q28": 124.0, "q29": 78.0, "q30": 87.0, "q31": 204.0, "q32": 35.0, "q33": 208.0, "q34": 74.0, "q35": 124.0, "q36": 168.0, "q37": 9.0, "q38": 118.0, "q39": 34.0, "q40": 248.0, "q41": 153.0, "q42": 218.0, "q43": 67.0, "q44": 3.0, "q45": 176.0, "q46": 220.0, "q47": 105.0, "q48": 54.0, "q49": 182.0, "q50": 61.0, "q51": 168.0, "q52": 83.0, "q53": 4.0, "q54": 184.0, "q55": 142.0, "q56": 152.0, "q57": 169.0, "q58": 224.0, "q59": 107.0, "q60": 174.0, "q61": 30.0, "q62": 217.0, "q63": 88.0}, "datetime": {"datetime": "2019-11-11 18:46:12", "elapsed": 0.442971, "delta": 0.0035}}
