{"target": -0.09976319385269355, "params": {"q00": 24.0, "q01": 16.0, "q02": 93.0, "q03": 209.0, "q04": 113.0, "q05": 31.0, "q06": 219.0, "q07": 92.0, "q08": 8.0, "q09": 5.0, "q10": 148.0, "q11": 136.0, "q12": 107.0, "q13": 24.0, "q14": 246.0, "q15": 201.0, "q16": 7.0, "q17": 72.0, "q18": 186.0, "q19": 87.0, "q20": 181.0, "q21": 223.0, "q22": 60.0, "q23": 218.0, "q24": 55.0, "q25": 29.0, "q26": 23.0, "q27": 148.0, "q28": 63.0, "q29": 120.0, "q30": 50.0, "q31": 161.0, "q32": 177.0, "q33": 143.0, "q34": 4.0, "q35": 24.0, "q36": 188.0, "q37": 100.0, "q38": 17.0, "q39": 46.0, "q40": 190.0, "q41": 33.0, "q42": 76.0, "q43": 42.0, "q44": 7.0, "q45": 64.0, "q46": 53.0, "q47": 30.0, "q48": 157.0, "q49": 14.0, "q50": 11.0, "q51": 106.0, "q52": 128.0, "q53": 69.0, "q54": 36.0, "q55": 163.0, "q56": 11.0, "q57": 65.0, "q58": 212.0, "q59": 25.0, "q60": 32.0, "q61": 209.0, "q62": 207.0, "q63": 3.0}, "datetime": {"datetime": "2019-11-11 18:46:13", "elapsed": 1.239951, "delta": 0.006153}}
{"target": -0.09172206966569108, "params": {"q00": 12.0, "q01": 1.0, "q02": 25.0, "q03": 135.0, "q04": 184.0, "q05": 150.0, "q06": 155.0, "q07": 17.0, "q08": 31.0, "q09": 122.0, "q10": 126.0, "q11": 56.0, "q12": 187.0, "q13": 7.0, "q14": 92.0, "q15": 178.0, "q16": 31.0, "q17": 30.0, "q18": 18.0, "q19": 17.0, "q20": 85.0, "q21": 113.0, "q22": 23.0, "q23": 194.0, "q24": 171.0, "q25": 60.0, "q26": 251.0, "q27": 16.0, "q28": 67.0, "q29": 23.0, "q30": 14.0, "q31": 149.0, "q32": 80.0, "q33": 132.0, "q34": 35.0, "q35": 254.0, "q36": 33.0, "q37": 11.0, "q38": 132.0, "q39": 79.0, "q40": 51.0, "q41": 222.0, "q42": 176.0, "q43": 22.0, "q44": 212.0, "q45": 76.0, "q46": 219.0, "q47": 107.0, "q48": 106.0, "q49": 62.0, "q50": 226.0, "q51": 11.0, "q52": 25.0, "q53": 99.0, "q54": 225.0, "q55": 154.0, "q56": 61.0, "q57": 80.0, "q58": 7.0, "q59": 211.0, "q60": 150.0, "q61": 108.0, "q62": 176.0, "q63": 103.0}, "datetime": {"datetime": "2019-11-11 18:46:13", "elapsed": 1.246103, "delta": 0.006152}}
{"target": -0.10990251395686856, "params": {"q00": 1.0, "q01": 37.0, "q02": 5.0, "q03": 113.0, "q04": 156.0, "q05": 112.0, "q06": 196.0, "q07": 107.0, "q08": 9.0, "q09": 81.0, "q10": 48.0, "q11": 169.0, "q12": 244.0, "q13": 192.0, "q14": 229.0, "q15": 217.0, "q16": 23.0, "q17": 66.0, "q18": 241.0, "q19": 131.0, "q20": 17.0, "q21": 196.0, "q22": 224.0, "q23": 159.0, "q24": 184.0, "q25": 97.0, "q26": 163.0, "q27": 222.0, "q28": 250.0, "q29": 53.0, "q30": 144.0, "q31": 146.0, "q32": 53.0, "q33": 165.0, "q34": 131.0, "q35": 241.0, "q36": 188.0, "q37": 93.0, "q38": 85.0, "q39": 19.0, "q40": 29.0, "q41": 84.0, "q42": 39.0, "q43": 9.0, "q44": 131.0, "q45": 39.0, "q46": 176.0, "q47": 8.0, "q48": 198.0, "q49": 206.0, "q50": 48.0, "q51": 98.0, "q52": 40.0, "q53": 92.0, "q54": 22.0, "q55": 114.0, "q56": 220.0, "q57": 125.0, "q58": 39.0, "q59": 171.0, "q60": 75.0, "q61": 67.0, "q62": 70.0, "q63": 84.0}, "datetime": {"datetime": "2019-11-11 18:46:13", "elapsed": 1.259028, "delta": 0.012925}}
{"target": -0.09391304022308716, "params": {"q00": 5.0, "q01": 25.0, "q02": 4.0, "q03": 61.0, "q04": 75.0, "q05": 16.0, "q06": 211.0, "q07": 72.0, "q08": 65.0, "q09": 61.0, "q10": 27.0, "q11": 125.0, "q12": 119.0, "q13": 55.0, "q14": 202.0, "q15": 28.0, "q16": 43.0, "q17": 52.0, "q18": 16.0, "q19": 82.0, "q20": 162.0, "q21": 134.0, "q22": 4.0, "q23": 230.0, "q24": 120.0, "q25": 44.0, "q26": 226.0, "q27": 128.0, "q28": 242.0, "q29": 237.0, "q30": 40.0, "q31": 165.0, "q32": 62.0, "q33": 63.0, "q34": 113.0, "q35": 127.0, "q36": 122.0, "q37": 249.0, "q38": 8.0, "q39": 200.0, "q40": 199.0, "q41": 77.0, "q42": 241.0, "q43": 5.0, "q44": 25.0, "q45": 39.0, "q46": 102.0, "q47": 182.0, "q48": 111.0, "q49": 123.0, "q50": 120.0, "q51": 144.0, "q52": 18.0, "q53": 215.0, "q54": 188.0, "q55": 10.0, "q56": 192.0, "q57": 196.0, "q58": 84.0, "q59": 108.0, "q60": 216.0, "q61": 53.0, "q62": 241.0, "q63": 205.0}, "datetime": {"datetime": "2019-11-11 18:46:13", "elapsed": 1.268025, "delta": 0.008997}}
{"target": -0.10819881489209715, "params": {"q00": 12.0, "q01": 5.0, "q02": 89.0, "q03": 18.0, "q04": 164.0, "q05": 3.0, "q06": 33.0, "q07": 62.0, "q08": 24.0, "q09": 37.0, "q10": 30.0, "q11": 206.0, "q12": 131.0, "q13": 77.0, "q14": 53.0, "q15": 6.0, "q16": 4.0, "q17": 189.0, "q18": 29.0, "q19": 35.0, "q20": 116.0, "q21": 117.0, "q22": 122.0, "q23": 123.0, "q24": 217.0, "q25": 95.0, "q26": 171.0, "q27": 183.0, "q28": 175.0, "q29": 233.0, "q30": 195.0, "q31": 8.0, "q32": 232.0, "q33": 73.0, "q34": 236.0, "q35": 103.0, "q36": 229.0, "q37": 127.0, "q38": 14.0, "q39": 79.0, "q40": 254.0, "q41": 137.0, "q42": 221.0, "q43": 194.0, "q44": 205.0, "q45": 133.0, "q46": 178.0, "q47": 246.0, "q48": 177.0, "q49": 207.0, "q50": 201.0, "q51": 100.0, "q52": 129.0, "q53": 64.0, "q54": 17.0, "q55": 16.0, "q56": 138.0, "q57": 196.0, "q58": 46.0, "q59": 115.0, "q60": 243.0, "q61": 139.0, "q62": 196.0, "q63": 248.0}, "datetime": {"datetime": "2019-11-11 18:46:13", "elapsed": 1.275925, "delta": 0.0079}}
{"target": -0.12540977933158926, "params": {"q00": 6.0, "q01": 71.0, "q02": 25.0, "q03": 206.0, "q04": 77.0, "q05": 105.0, "q06": 95.0, "q07": 160.0, "q08": 23.0, "q09": 30.0, "q10": 92.0, "q11": 66.0, "q12": 113.0, "q13": 59.0, "q14": 111.0, "q15": 185.0, "q16": 68.0, "q17": 84.0, "q18": 50.0, "q19": 149.0, "q20": 76.0, "q21": 51.0, "q22": 176.0, "q23": 180.0, "q24": 7.0, "q25": 245.0, "q26": 98.0, "q27": 37.0, "q28": 25.0, "q29": 190.0, "q30": 8.0, "q31": 7.0, "q32": 144.0, "q33": 200.0, "q34": 1.0, "q35": 178.0, "q36": 98.0, "q37": 46.0, "q38": 101.0, "q39": 70.0, "q40": 142.0, "q41": 113.0, "q42": 244.0, "q43": 2.0, "q44": 184.0, "q45": 221.0, "q46": 176.0, "q47": 224.0, "q48": 90.0, "q49": 54.0, "q50": 63.0, "q51": 143.0, "q52": 113.0, "q53": 225.0, "q54": 62.0, "q55": 235.0, "q56": 119.0, "q57": 65.0, "q58": 229.0, "q59": 86.0, "q60": 208.0, "q61": 194.0, "q62": 254.0, "q63": 21.0}, "datetime": {"datetime": "2019-11-11 18:46:13", "elapsed": 1.285483, "delta": 0.009558}}
{"target": -0.1410204735999871, "params": {"q00": 11.0, "q01": 17.0, "q02": 216.0, "q03": 192.0, "q04": 56.0, "q05": 158.0, "q06": 123.0, "q07": 26.0, "q08": 82.0, "q09": 31.0, "q10": 250.0, "q11": 62.0, "q12": 146.0, "q13": 112.0, "q14": 14.0, "q15": 211.0, "q16": 7.0, "q17": 22.0, "q18": 137.0, "q19": 240.0, "q20": 15.0, "q21": 199.0, "q22": 44.0, "q23": 202.0, "q24": 108.0, "q25": 49.0, "q26": 134.0, "q27": 88.0, "q28": 180.0, "q29": 140.0, "q30": 241.0, "q31": 81.0, "q32": 97.0, "q33": 211.0, "q34": 109.0, "q35": 153.0, "q36": 204.0, "q37": 185.0, "q38": 149.0, "q39": 236.0, "q40": 109.0, "q41": 254.0, "q42": 195.0, "q43": 243.0, "q44": 20.0, "q45": 52.0, "q46": 223.0, "q47": 192.0, "q48": 191.0, "q49": 153.0, "q50": 110.0, "q51": 198.0, "q52": 200.0, "q53": 5.0, "q54": 175.0, "q55": 163.0, "q56": 119.0, "q57": 220.0, "q58": 172.0, "q59": 134.0, "q60": 134.0, "q61": 210.0, "q62": 247.0, "q63": 180.0}, "datetime": {"datetime": "2019-11-11 18:46:13", "elapsed": 1.296304, "delta": 0.010821}}
{"target": -0.05489463254321486, "params": {"q00": 13.0, "q01": 32.0, "q02": 39.0, "q03": 199.0, "q04": 139.0, "q05": 84.0, "q06": 195.0, "q07": 36.0, "q08": 34.0, "q09": 142.0, "q10": 52.0, "q11": 36.0, "q12": 206.0, "q13": 100.0, "q14": 217.0, "q15": 218.0, "q16": 108.0, "q17": 40.0, "q18": 66.0, "q19": 189.0, "q20": 39.0, "q21": 115.0, "q22": 16.0, "q23": 209.0, "q24": 151.0, "q25": 40.0, "q26": 92.0, "q27": 174.0, "q28": 195.0, "q29": 96.0, "q30": 140.0, "q31": 149.0, "q32": 191.0, "q33": 64.0, "q34": 123.0, "q35": 223.0, "q36": 175.0, "q37": 235.0, "q38": 200.0, "q39": 39.0, "q40": 48.0, "q41": 63.0, "q42": 78.0, "q43": 83.0, "q44": 138.0, "q45": 87.0, "q46": 188.0, "q47": 208.0, "q48": 192.0, "q49": 216.0, "q50": 206.0, "q51": 163.0, "q52": 197.0, "q53": 243.0, "q54": 30.0, "q55": 216.0, "q56": 247.0, "q57": 152.0, "q58": 136.0, "q59": 140.0, "q60": 167.0, "q61": 189.0, "q62": 170.0, "q63": 204.0}, "datetime": {"datetime": "2019-11-11 18:46:13", "elapsed": 1.306265, "delta": 0.009961}}
{"target": -0.1331673219336436, "params": {"q00": 41.0, "q01": 7.0, "q02": 15.0, "q03": 4.0, "q04": 222.0, "q05": 54.0, "q06": 214.0, "q07": 148.0, "q08": 23.0, "q09": 28.0, "q10": 126.0, "q11": 200.0, "q12": 250.0, "q13": 125.0, "q14": 182.0, "q15": 113.0, "q16": 30.0, "q17": 54.0, "q18": 233.0, "q19": 170.0, "q20": 106.0, "q21": 216.0, "q22": 71.0, "q23": 184.0, "q24": 42.0, "q25": 191.0, "q26": 101.0, "q27": 174.0, "q28": 157.0, "q29": 205.0, "q30": 146.0, "q31": 15.0, "q32": 157.0, "q33": 4.0, "q34": 141.0, "q35": 239.0, "q36": 151.0, "q37": 158.0, "q38": 154.0, "q39": 85.0, "q40": 234.0, "q41": 214.0, "q42": 182.0, "q43": 73.0, "q44": 192.0, "q45": 2.0, "q46": 113.0, "q47": 220.0, "q48": 37.0, "q49": 193.0, "q50": 208.0, "q51": 246.0, "q52": 235.0, "q53": 138.0, "q54": 219.0, "q55": 67.0, "q56": 131.0, "q57": 46.0, "q58": 234.0, "q59": 149.0, "q60": 240.0, "q61": 139.0, "q62": 235.0, "q63": 233.0}, "datetime": {"datetime": "2019-11-11 18:46:13", "elapsed": 1.316113, "delta": 0.009848}}
{"target": -0.09332832888778775, "params": {"q00": 72.0, "q01": 37.0, "q02": 13.0, "q03": 81.0, "q04": 140.0, "q05": 254.0, "q06": 145.0, "q07": 121.0, "q08": 26.0, "q09": 2.0, "q10": 109.0, "q11": 7.0, "q12": 168.0, "q13": 102.0, "q14": 130.0, "q15": 163.0, "q16": 4.0, "q17": 15.0, "q18": 22.0, "q19": 57.0, "q20": 115.0, "q21": 208.0, "q22": 94.0, "q23": 252.0, "q24": 194.0, "q25": 199.0, "q26": 101.0, "q27": 200.0, "q28": 237.0, "q29": 169.0, "q30": 239.0, "q31": 143.0, "q32": 148.0, "q33": 47.0, "q34": 225.0, "q35": 171.0, "q36": 189.0, "q37": 69.0, "q38": 142.0, "q39": 37.0, "q40": 192.0, "q41": 42.0, "q42": 217.0, "q43": 191.0, "q44": 215.0, "q45": 41.0, "q46": 160.0, "q47": 73.0, "q48": 97.0, "q49": 58.0, "q50": 185.0, "q51": 83.0, "q52": 192.0, "q53": 252.0, "q54": 139.0, "q55": 33.0, "q56": 248.0, "q57": 249.0, "q58": 213.0, "q59": 34.0, "q60": 61.0, "q61": 242.0, "q62": 102.0, "q63": 199.0}, "datetime": {"datetime": "2019-11-11 18:46:13", "elapsed": 1.326048, "delta": 0.009935}}
{"target": -0.07424839754377432, "params": {"q00": 5.0, "q01": 6.0, "q02": 152.0, "q03": 18.0, "q04": 196.0, "q05": 37.0, "q06": 121.0, "q07": 15.0, "q08": 25.0, "q09": 17.0, "q10": 161.0, "q11": 137.0, "q12": 28.0, "q13": 15.0, "q14": 97.0, "q15": 35.0, "q16": 56.0, "q17": 18.0, "q18": 13.0, "q19": 49.0, "q20": 121.0, "q21": 125.0, "q22": 65.0, "q23": 128.0, "q24": 102.0, "q25": 5.0, "q26": 91.0, "q27": 34.0, "q28": 41.0, "q29": 110.0, "q30": 242.0, "q31": 48.0, "q32": 159.0, "q33": 18.0, "q34": 135.0, "q35": 26.0, "q36": 46.0, "q37": 97.0, "q38": 145.0, "q39": 21.0, "q40": 46.0, "q41": 31.0, "q42": 26.0, "q43": 98.0, "q44": 183.0, "q45": 126.0, "q46": 173.0, "q47": 178.0, "q48": 151.0, "q49": 166.0, "q50": 231.0, "q51": 32.0, "q52": 101.0, "q53": 134.0, "q54": 137.0, "q55": 245.0, "q56": 108.0, "q57": 151.0, "q58": 24.0, "q59": 102.0, "q60": 200.0, "q61": 165.0, "q62": 122.0, "q63": 242.0}, "datetime": {"datetime": "2019-11-11 18:46:13", "elapsed": 1.334414, "delta": 0.008366}}
{"target": -0.14688893851238183, "params": {"q00": 7.0, "q01": 20.0, "q02": 104.0, "q03": 71.0, "q04": 67.0, "q05": 91.0, "q06": 165.0, "q07": 59.0, "q08": 46.0, "q09": 133.0, "q10": 1.0, "q11": 250.0, "q12": 164.0, "q13": 9.0, "q14": 205.0, "q15": 239.0, "q16": 15.0, "q17": 107.0, "q18": 62.0, "q19": 178.0, "q20": 117.0, "q21": 170.0, "q22": 17.0, "q23": 206.0, "q24": 144.0, "q25": 96.0, "q26": 28.0, "q27": 111.0, "q28": 248.0, "q29": 29.0, "q30": 168.0, "q31": 78.0, "q32": 168.0, "q33": 129.0, "q34": 218.0, "q35": 64.0, "q36": 163.0, "q37": 31.0, "q38": 22.0, "q39": 7.0, "q40": 118.0, "q41": 92.0, "q42": 109.0, "q43": 35.0, "q44": 13.0, "q45": 16.0, "q46": 117.0, "q47": 118.0, "q48": 7.0, "q49": 252.0, "q50": 12.0, "q51": 52.0, "q52": 233.0, "q53": 127.0, "q54": 17.0, "q55": 87.0, "q56": 90.0, "q57": 6.0, "q58": 139.0, "q59": 61.0, "q60": 38.0, "q61": 16.0, "q62": 210.0, "q63": 216.0}, "datetime": {"datetime": "2019-11-11 18:46:13", "elapsed": 1.340569, "delta": 0.006155}}
{"target": -0.10528885070533, "params": {"q00": 15.0, "q01": 21.0, "q02": 11.0, "q03": 119.0, "q04": 211.0, "q05": 11.0, "q06": 26.0, "q07": 111.0, "q08": 25.0, "q09": 61.0, "q10": 79.0, "q11": 184.0, "q12": 87.0, "q13": 125.0, "q14": 211.0, "q15": 227.0, "q16": 50.0, "q17": 40.0, "q18": 20.0, "q19": 6.0, "q20": 169.0, "q21": 199.0, "q22": 149.0, "q23": 200.0, "q24": 149.0, "q25": 115.0, "q26": 3.0, "q27": 71.0, "q28": 86.0, "q29": 247.0, "q30": 211.0, "q31": 14.0, "q32": 167.0, "q33": 41.0, "q34": 145.0, "q35": 233.0, "q36": 205.0, "q37": 204.0, "q38": 114.0, "q39": 76.0, "q40": 15.0, "q41": 142.0, "q42": 155.0, "q43": 254.0, "q44": 108.0, "q45": 99.0, "q46": 222.0, "q47": 110.0, "q48": 184.0, "q49": 144.0, "q50": 18.0, "q51": 133.0, "q52": 85.0, "q53": 146.0, "q54": 102.0, "q55": 2.0, "q56": 2.0, "q57": 88.0, "q58": 62.0, "q59": 21.0, "q60": 254.0, "q61": 227.0, "q62": 146.0, "q63": 105.0}, "datetime": {"datetime": "2019-11-11 18:46:13", "elapsed": 1.346734, "delta": 0.006165}}
{"target": -0.12162845369478498, "params": {"q00": 18.0, "q01": 19.0, "q02": 147.0, "q03": 17.0, "q04": 12.0, "q05": 50.0, "q06": 227.0, "q07": 225.0, "q08": 32.0, "q09": 1.0, "q10": 251.0, "q11": 102.0, "q12": 82.0, "q13": 75.0, "q14": 200.0, "q15": 161.0, "q16": 6.0, "q17": 82.0, "q18": 97.0, "q19": 123.0, "q20": 210.0, "q21": 130.0, "q22": 130.0, "q23": 143.0, "q24": 167.0, "q25": 22.0, "q26": 240.0, "q27": 28.0, "q28": 252.0, "q29": 58.0, "q30": 179.0, "q31": 123.0, "q32": 202.0, "q33": 110.0, "q34": 213.0, "q35": 238.0, "q36": 130.0, "q37": 15.0, "q38": 75.0, "q39": 44.0, "q40": 182.0, "q41": 20.0, "q42": 152.0, "q43": 83.0, "q44": 81.0, "q45": 18.0, "q46": 229.0, "q47": 67.0, "q48": 6.0, "q49": 202.0, "q50": 13.0, "q51": 26.0, "q52": 46.0, "q53": 128.0, "q54": 15.0, "q55": 143.0, "q56": 196.0, "q57": 200.0, "q58": 75.0, "q59": 189.0, "q60": 63.0, "q61": 251.0, "q62": 153.0, "q63": 163.0}, "datetime": {"datetime": "2019-11-11 18:46:13", "elapsed": 1.352934, "delta": 0.0062}}
{"target": -0.13221060903272575, "params": {"q00": 2.0, "q01": 24.0, "q02": 4.0, "q03": 159.0, "q04": 36.0, "q05": 101.0, "q06": 124.0, "q07": 185.0, "q08": 12.0, "q09": 170.0, "q10": 98.0, "q11": 202.0, "q12": 152.0, "q13": 11.0, "q14": 82.0, "q15": 155.0, "q16": 59.0, "q17": 41.0, "q18": 25.0, "q19": 2.0, "q20": 221.0, "q21": 2.0, "q22": 26.0, "q23": 173.0, "q24": 87.0, "q25": 153.0, "q26": 52.0, "q27": 130.0, "q28": 236.0, "q29": 213.0, "q30": 248.0, "q31": 76.0, "q32": 184.0, "q33": 32.0, "q34": 111.0, "q35": 123.0, "q36": 236.0, "q37": 95.0, "q38": 50.0, "q39": 29.0, "q40": 152.0, "q41": 51.0, "q42": 114.0, "q43": 162.0, "q44": 15.0, "q45": 186.0, "q46": 214.0, "q47": 80.0, "q48": 204.0, "q49": 206.0, "q50": 78.0, "q51": 121.0, "q52": 17.0, "q53": 86.0, "q54": 61.0, "q55": 91.0, "q56": 184.0, "q57": 66.0, "q58": 240.0, "q59": 107.0, "q60": 97.0, "q61": 184.0, "q62": 240.0, "q63": 164.0}, "datetime": {"datetime": "2019-11-11 18:46:13", "elapsed": 1.359171, "delta": 0.006237}}
{"target": -0.11713984082556633, "params": {"q00": 15.0, "q01": 1.0, "q02": 14.0, "q03": 202.0, "q04": 234.0, "q05": 227.0, "q06": 152.0, "q07": 24.0, "q08": 88.0, "q09": 14.0, "q10": 18.0, "q11": 117.0, "q12": 171.0, "q13": 114.0, "q14": 101.0, "q15": 242.0, "q16": 70.0, "q17": 3.0, "q18": 107.0, "q19": 153.0, "q20": 73.0, "q21": 79.0, "q22": 185.0, "q23": 183.0, "q24": 73.0, "q25": 90.0, "q26": 224.0, "q27": 132.0, "q28": 142.0, "q29": 220.0, "q30": 97.0, "q31": 139.0, "q32": 44.0, "q33": 12.0, "q34": 76.0, "q35": 107.0, "q36": 188.0, "q37": 201.0, "q38": 88.0, "q39": 124.0, "q40": 23.0, "q41": 111.0, "q42": 120.0, "q43": 71.0, "q44": 234.0, "q45": 197.0, "q46": 212.0, "q47": 176.0, "q48": 251.0, "q49": 145.0, "q50": 32.0, "q51": 14.0, "q52": 90.0, "q53": 252.0, "q54": 163.0, "q55": 151.0, "q56": 193.0, "q57": 226.0, "q58": 39.0, "q59": 213.0, "q60": 19.0, "q61": 249.0, "q62": 224.0, "q63": 60.0}, "datetime": {"datetime": "2019-11-11 18:46:13", "elapsed": 1.365405, "delta": 0.006234}}
{"target": -0.11512693883896108, "params": {"q00": 5.0, "q01": 12.0, "q02": 120.0, "q03": 120.0, "q04": 2.0, "q05": 95.0, "q06": 58.0, "q07": 5.0, "q08": 23.0, "q09": 63.0, "q10": 4.0, "q11": 43.0, "q12": 122.0, "q13": 52.0, "q14": 208.0, "q15": 174.0, "q16": 37.0, "q17": 101.0, "q18": 104.0, "q19": 179.0, "q20": 99.0, "q21": 127.0, "q22": 32.0, "q23": 225.0, "q24": 104.0, "q25": 88.0, "q26": 130.0, "q27": 8.0, "q28": 215.0, "q29": 2.0, "q30": 31.0, "q31": 83.0, "q32": 45.0, "q33": 236.0, "q34": 64.0, "q35": 164.0, "q36": 177.0, "q37": 31.0, "q38": 200.0, "q39": 212.0, "q40": 128.0, "q41": 94.0, "q42": 26.0, "q43": 209.0, "q44": 205.0, "q45": 200.0, "q46": 204.0, "q47": 127.0, "q48": 49.0, "q49": 165.0, "q50": 214.0, "q51": 251.0, "q52": 113.0, "q53": 29.0, "q54": 158.0, "q55": 251.0, "q56": 41.0, "q57": 188.0, "q58": 5.0, "q59": 50.0, "q60": 128.0, "q61": 156.0, "q62": 214.0, "q63": 215.0}, "datetime": {"datetime": "2019-11-11 18:46:13", "elapsed": 1.372162, "delta": 0.006757}}
{"target": -0.1125240647508185, "params": {"q00": 1.0, "q01": 33.0, "q02": 22.0, "q03": 35.0, "q04": 127.0, "q05": 95.0, "q06": 54.0, "q07": 26.0, "q08": 22.0, "q09": 48.0, "q10": 156.0, "q11": 76.0, "q12": 134.0, "q13": 62.0, "q14": 202.0, "q15": 184.0, "q16": 66.0, "q17": 8.0, "q18": 131.0, "q19": 213.0, "q20": 242.0, "q21": 134.0, "q22": 76.0, "q23": 209.0, "q24": 210.0, "q25": 205.0, "q26": 154.0, "q27": 28.0, "q28": 128.0, "q29": 77.0, "q30": 69.0, "q31": 184.0, "q32": 158.0, "q33": 5.0, "q34": 98.0, "q35": 31.0, "q36": 14.0, "q37": 152.0, "q38": 123.0, "q39": 58.0, "q40": 90.0, "q41": 203.0, "q42": 154.0, "q43": 138.0, "q44": 190.0, "q45": 23.0, "q46": 227.0, "q47": 170.0, "q48": 128.0, "q49": 91.0, "q50": 5.0, "q51": 147.0, "q52": 133.0, "q53": 254.0, "q54": 230.0, "q55": 214.0, "q56": 34.0, "q57": 158.0, "q58": 66.0, "q59": 43.0, "q60": 101.0, "q61": 231.0, "q62": 222.0, "q63": 249.0}, "datetime": {"datetime": "2019-11-11 18:46:13", "elapsed": 1.378415, "delta": 0.006253}}
{"target": -0.1351287643927538, "params": {"q00": 25.0, "q01": 37.0, "q02": 71.0, "q03": 87.0, "q04": 236.0, "q05": 219.0, "q06": 38.0, "q07": 138.0, "q08": 1.0, "q09": 125.0, "q10": 55.0, "q11": 147.0, "q12": 148.0, "q13": 54.0, "q14": 39.0, "q15": 120.0, "q16": 6.0, "q17": 84.0, "q18": 138.0, "q19": 178.0, "q20": 129.0, "q21": 252.0, "q22": 171.0, "q23": 234.0, "q24": 116.0, "q25": 69.0, "q26": 35.0, "q27": 72.0, "q28": 50.0, "q29": 48.0, "q30": 241.0, "q31": 110.0, "q32": 203.0, "q33": 28.0, "q34": 180.0, "q35": 32.0, "q36": 202.0, "q37": 171.0, "q38": 176.0, "q39": 53.0, "q40": 142.0, "q41": 7.0, "q42": 164.0, "q43": 50.0, "q44": 217.0, "q45": 117.0, "q46": 165.0, "q47": 55.0, "q48": 28.0, "q49": 153.0, "q50": 59.0, "q51": 4.0, "q52": 20.0, "q53": 131.0, "q54": 4.0, "q55": 36.0, "q56": 66.0, "q57": 180.0, "q58": 148.0, "q59": 45.0, "q60": 15.0, "q61": 237.0, "q62": 196.0, "q63": 54.0}, "datetime": {"datetime": "2019-11-11 18:46:13", "elapsed": 1.384667, "delta": 0.006252}}
{"target": -0.10453982575744147, "params": {"q00": 7.0, "q01": 29.0, "q02": 20.0, "q03": 184.0, "q04": 215.0, "q05": 47.0, "q06": 238.0, "q07": 106.0, "q08": 53.0, "q09": 53.0, "q10": 92.0, "q11": 138.0, "q12": 75.0, "q13": 50.0, "q14": 235.0, "q15": 133.0, "q16": 9.0, "q17": 87.0, "q18": 3.0, "q19": 176.0, "q20": 47.0, "q21": 225.0, "q22": 72.0, "q23": 239.0, "q24": 146.0, "q25": 220.0, "q26": 165.0, "q27": 218.0, "q28": 75.0, "q29": 113.0, "q30": 226.0, "q31": 17.0, "q32": 169.0, "q33": 14.0, "q34": 223.0, "q35": 76.0, "q36": 157.0, "q37": 118.0, "q38": 135.0, "q39": 92.0, "q40": 204.0, "q41": 7.0, "q42": 182.0, "q43": 98.0, "q44": 211.0, "q45": 119.0, "q46": 207.0, "q47": 119.0, "q48": 102.0, "q49": 197.0, "q50": 71.0, "q51": 53.0, "q52": 26.0, "q53": 111.0, "q54": 74.0, "q55": 158.0, "q56": 184.0, "q57": 137.0, "q58": 29.0, "q59": 208.0, "q60": 213.0, "q61": 208.0, "q62": 165.0, "q63": 83.0}, "datetime": {"datetime": "2019-11-11 18:46:13", "elapsed": 1.390965, "delta": 0.006298}}
{"target": -0.07711772119177057, "params": {"q00": 5.0, "q01": 15.0, "q02": 35.0, "q03": 27.0, "q04": 156.0, "q05": 119.0, "q06": 19.0, "q07": 231.0, "q08": 15.0, "q09": 27.0, "q10": 17.0, "q11": 106.0, "q12": 107.0, "q13": 26.0, "q14": 219.0, "q15": 119.0, "q16": 49.0, "q17": 130.0, "q18": 59.0, "q19": 184.0, "q20": 112.0, "q21": 25.0, "q22": 14.0, "q23": 169.0, "q24": 194.0, "q25": 117.0, "q26": 204.0, "q27": 161.0, "q28": 134.0, "q29": 154.0, "q30": 166.0, "q31": 185.0, "q32": 254.0, "q33": 207.0, "q34": 93.0, "q35": 79.0, "q36": 241.0, "q37": 188.0, "q38": 167.0, "q39": 27.0, "q40": 26.0, "q41": 30.0, "q42": 82.0, "q43": 108.0, "q44": 246.0, "q45": 207.0, "q46": 249.0, "q47": 130.0, "q48": 30.0, "q49": 61.0, "q50": 240.0, "q51": 165.0, "q52": 91.0, "q53": 242.0, "q54": 79.0, "q55": 195.0, "q56": 105.0, "q57": 86.0, "q58": 79.0, "q59": 124.0, "q60": 130.0, "q61": 228.0, "q62": 186.0, "q63": 159.0}, "datetime": {"datetime": "2019-11-11 18:46:13", "elapsed": 1.397276, "delta": 0.006311}}
{"target": -0.13147740150300147, "params": {"q00": 3.0, "q01": 13.0, "q02": 128.0, "q03": 251.0, "q04": 151.0, "q05": 153.0, "q06": 56.0, "q07": 17.0, "q08": 51.0, "q09": 11.0, "q10": 84.0, "q11": 186.0, "q12": 11.0, "q13": 40.0, "q14": 51.0, "q15": 123.0, "q16": 100.0, "q17": 68.0, "q18": 90.0, "q19": 166.0, "q20": 25.0, "q21": 28.0, "q22": 55.0, "q23": 235.0, "q24": 33.0, "q25": 76.0, "q26": 69.0, "q27": 151.0, "q28": 251.0, "q29": 61.0, "q30": 10.0, "q31": 3.0, "q32": 85.0, "q33": 123.0, "q34": 239.0, "q35": 240.0, "q36": 146.0, "q37": 171.0, "q38": 198.0, "q39": 101.0, "q40": 80.0, "q41": 230.0, "q42": 239.0, "q43": 46.0, "q44": 134.0, "q45": 185.0, "q46": 202.0, "q47": 33.0, "q48": 23.0, "q49": 42.0, "q50": 164.0, "q51": 7.0, "q52": 49.0, "q53": 147.0, "q54": 99.0, "q55": 175.0, "q56": 141.0, "q57": 114.0, "q58": 72.0, "q59": 26.0, "q60": 214.0, "q61": 197.0, "q62": 8.0, "q63": 52.0}, "datetime": {"datetime": "2019-11-11 18:46:13", "elapsed": 1.403555, "delta": 0.006279}}
