{"target": -0.11751039241946531, "params": {"q00": 1.0, "q01": 2.0, "q02": 154.0, "q03": 162.0, "q04": 38.0, "q05": 78.0, "q06": 51.0, "q07": 12.0, "q08": 4.0, "q09": 36.0, "q10": 70.0, "q11": 132.0, "q12": 25.0, "q13": 68.0, "q14": 223.0, "q15": 194.0, "q16": 32.0, "q17": 9.0, "q18": 230.0, "q19": 193.0, "q20": 13.0, "q21": 59.0, "q22": 128.0, "q23": 223.0, "q24": 150.0, "q25": 65.0, "q26": 238.0, "q27": 30.0, "q28": 250.0, "q29": 11.0, "q30": 217.0, "q31": 170.0, "q32": 172.0, "q33": 205.0, "q34": 125.0, "q35": 61.0, "q36": 65.0, "q37": 250.0, "q38": 171.0, "q39": 114.0, "q40": 250.0, "q41": 70.0, "q42": 30.0, "q43": 220.0, "q44": 49.0, "q45": 197.0, "q46": 94.0, "q47": 21.0, "q48": 129.0, "q49": 195.0, "q50": 4.0, "q51": 64.0, "q52": 69.0, "q53": 227.0, "q54": 45.0, "q55": 164.0, "q56": 71.0, "q57": 70.0, "q58": 161.0, "q59": 165.0, "q60": 226.0, "q61": 101.0, "q62": 129.0, "q63": 166.0}, "datetime": {"datetime": "2019-11-11 18:46:12", "elapsed": 0.78637, "delta": 0.003752}}
{"target": -0.11506472853408117, "params": {"q00": 9.0, "q01": 48.0, "q02": 62.0, "q03": 81.0, "q04": 93.0, "q05": 25.0, "q06": 209.0, "q07": 64.0, "q08": 2.0, "q09": 16.0, "q10": 194.0, "q11": 56.0, "q12": 222.0, "q13": 82.0, "q14": 147.0, "q15": 238.0, "q16": 75.0, "q17": 59.0, "q18": 11.0, "q19": 225.0, "q20": 83.0, "q21": 135.0, "q22": 25.0, "q23": 220.0, "q24": 204.0, "q25": 227.0, "q26": 118.0, "q27": 187.0, "q28": 242.0, "q29": 9.0, "q30": 191.0, "q31": 25.0, "q32": 150.0, "q33": 136.0, "q34": 46.0, "q35": 13.0, "q36": 179.0, "q37": 162.0, "q38": 56.0, "q39": 20.0, "q40": 84.0, "q41": 192.0, "q42": 187.0, "q43": 114.0, "q44": 187.0, "q45": 163.0, "q46": 64.0, "q47": 6.0, "q48": 204.0, "q49": 92.0, "q50": 244.0, "q51": 228.0, "q52": 39.0, "q53": 99.0, "q54": 119.0, "q55": 96.0, "q56": 244.0, "q57": 77.0, "q58": 187.0, "q59": 63.0, "q60": 30.0, "q61": 222.0, "q62": 115.0, "q63": 83.0}, "datetime": {"datetime": "2019-11-11 18:46:12", "elapsed": 0.79061, "delta": 0.00424}}
{"target": -0.10757170239051667, "params": {"q00": 3.0, "q01": 28.0, "q02": 66.0, "q03": 58.0, "q04": 122.0, "q05": 201.0, "q06": 93.0, "q07": 127.0, "q08": 2.0, "q09": 133.0, "q10": 28.0, "q11": 43.0, "q12": 36.0, "q13": 11.0, "q14": 185.0, "q15": 51.0, "q16": 90.0, "q17": 12.0, "q18": 228.0, "q19": 46.0, "q20": 28.0, "q21": 123.0, "q22": 59.0, "q23": 133.0, "q24": 90.0, "q25": 94.0, "q26": 7.0, "q27": 33.0, "q28": 200.0, "q29": 137.0, "q30": 71.0, "q31": 120.0, "q32": 111.0, "q33": 139.0, "q34": 222.0, "q35": 104.0, "q36": 176.0, "q37": 179.0, "q38": 229.0, "q39": 62.0, "q40": 102.0, "q41": 47.0, "q42": 247.0, "q43": 150.0, "q44": 29.0, "q45": 11.0, "q46": 215.0, "q47": 145.0, "q48": 3.0, "q49": 122.0, "q50": 127.0, "q51": 207.0, "q52": 112.0, "q53": 97.0, "q54": 87.0, "q55": 115.0, "q56": 49.0, "q57": 189.0, "q58": 158.0, "q59": 241.0, "q60": 106.0, "q61": 225.0, "q62": 234.0, "q63": 42.0}, "datetime": {"datetime": "2019-11-11 18:46:12", "elapsed": 0.794752, "delta": 0.004142}}
{"target": -0.14989206654486653, "params": {"q00": 1.0, "q01": 2.0, "q02": 98.0, "q03": 33.0, "q04": 74.0, "q05": 88.0, "q06": 203.0, "q07": 29.0, "q08": 161.0, "q09": 21.0, "q10": 42.0, "q11": 142.0, "q12": 176.0, "q13": 14.0, "q14": 133.0, "q15": 159.0, "q16": 63.0, "q17": 9.0, "q18": 47.0, "q19": 113.0, "q20": 116.0, "q21": 171.0, "q22": 196.0, "q23": 47.0, "q24": 84.0, "q25": 102.0, "q26": 121.0, "q27": 156.0, "q28": 208.0, "q29": 29.0, "q30": 168.0, "q31": 117.0, "q32": 216.0, "q33": 147.0, "q34": 15.0, "q35": 176.0, "q36": 40.0, "q37": 84.0, "q38": 128.0, "q39": 109.0, "q40": 43.0, "q41": 96.0, "q42": 152.0, "q43": 233.0, "q44": 238.0, "q45": 88.0, "q46": 254.0, "q47": 175.0, "q48": 194.0, "q49": 94.0, "q50": 200.0, "q51": 209.0, "q52": 2.0, "q53": 238.0, "q54": 194.0, "q55": 106.0, "q56": 169.0, "q57": 146.0, "q58": 227.0, "q59": 104.0, "q60": 252.0, "q61": 233.0, "q62": 76.0, "q63": 241.0}, "datetime": {"datetime": "2019-11-11 18:46:12", "elapsed": 0.798877, "delta": 0.004125}}
{"target": -0.11411728790824538, "params": {"q00": 26.0, "q01": 16.0, "q02": 70.0, "q03": 206.0, "q04": 253.0, "q05": 4.0, "q06": 230.0, "q07": 102.0, "q08": 5.0, "q09": 80.0, "q10": 39.0, "q11": 70.0, "q12": 209.0, "q13": 164.0, "q14": 234.0, "q15": 69.0, "q16": 71.0, "q17": 8.0, "q18": 43.0, "q19": 74.0, "q20": 37.0, "q21": 5.0, "q22": 119.0, "q23": 185.0, "q24": 186.0, "q25": 202.0, "q26": 181.0, "q27": 51.0, "q28": 81.0, "q29": 71.0, "q30": 80.0, "q31": 58.0, "q32": 159.0, "q33": 243.0, "q34": 92.0, "q35": 56.0, "q36": 33.0, "q37": 150.0, "q38": 27.0, "q39": 219.0, "q40": 18.0, "q41": 153.0, "q42": 249.0, "q43": 117.0, "q44": 183.0, "q45": 21.0, "q46": 176.0, "q47": 206.0, "q48": 192.0, "q49": 22.0, "q50": 148.0, "q51": 136.0, "q52": 157.0, "q53": 4.0, "q54": 20.0, "q55": 227.0, "q56": 26.0, "q57": 226.0, "q58": 48.0, "q59": 218.0, "q60": 94.0, "q61": 67.0, "q62": 249.0, "q63": 254.0}, "datetime": {"datetime": "2019-11-11 18:46:12", "elapsed": 0.80303, "delta": 0.004153}}
{"target": -0.09988778630403516, "params": {"q00": 20.0, "q01": 34.0, "q02": 175.0, "q03": 12.0, "q04": 20.0, "q05": 165.0, "q06": 88.0, "q07": 9.0, "q08": 10.0, "q09": 99.0, "q10": 100.0, "q11": 70.0, "q12": 21.0, "q13": 5.0, "q14": 97.0, "q15": 201.0, "q16": 15.0, "q17": 29.0, "q18": 38.0, "q19": 78.0, "q20": 131.0, "q21": 72.0, "q22": 163.0, "q23": 5.0, "q24": 237.0, "q25": 58.0, "q26": 20.0, "q27": 153.0, "q28": 253.0, "q29": 16.0, "q30": 40.0, "q31": 124.0, "q32": 26.0, "q33": 196.0, "q34": 137.0, "q35": 143.0, "q36": 219.0, "q37": 182.0, "q38": 150.0, "q39": 141.0, "q40": 48.0, "q41": 141.0, "q42": 239.0, "q43": 79.0, "q44": 182.0, "q45": 243.0, "q46": 216.0, "q47": 144.0, "q48": 243.0, "q49": 49.0, "q50": 103.0, "q51": 105.0, "q52": 181.0, "q53": 238.0, "q54": 118.0, "q55": 194.0, "q56": 133.0, "q57": 175.0, "q58": 202.0, "q59": 80.0, "q60": 97.0, "q61": 150.0, "q62": 250.0, "q63": 94.0}, "datetime": {"datetime": "2019-11-11 18:46:12", "elapsed": 0.80705, "delta": 0.00402}}
{"target": -0.14301107649700612, "params": {"q00": 40.0, "q01": 117.0, "q02": 64.0, "q03": 113.0, "q04": 51.0, "q05": 2.0, "q06": 30.0, "q07": 116.0, "q08": 27.0, "q09": 64.0, "q10": 250.0, "q11": 68.0, "q12": 187.0, "q13": 55.0, "q14": 89.0, "q15": 92.0, "q16": 4.0, "q17": 19.0, "q18": 30.0, "q19": 96.0, "q20": 23.0, "q21": 185.0, "q22": 96.0, "q23": 15.0, "q24": 113.0, "q25": 35.0, "q26": 28.0, "q27": 92.0, "q28": 216.0, "q29": 43.0, "q30": 63.0, "q31": 172.0, "q32": 135.0, "q33": 217.0, "q34": 179.0, "q35": 53.0, "q36": 64.0, "q37": 130.0, "q38": 125.0, "q39": 156.0, "q40": 8.0, "q41": 86.0, "q42": 116.0, "q43": 75.0, "q44": 59.0, "q45": 177.0, "q46": 214.0, "q47": 195.0, "q48": 51.0, "q49": 13.0, "q50": 4.0, "q51": 250.0, "q52": 25.0, "q53": 50.0, "q54": 5.0, "q55": 8.0, "q56": 65.0, "q57": 164.0, "q58": 249.0, "q59": 185.0, "q60": 140.0, "q61": 96.0, "q62": 234.0, "q63": 130.0}, "datetime": {"datetime": "2019-11-11 18:46:12", "elapsed": 0.811157, "delta": 0.004107}}
{"target": -0.10742369364196858, "params": {"q00": 1.0, "q01": 43.0, "q02": 54.0, "q03": 101.0, "q04": 88.0, "q05": 53.0, "q06": 218.0, "q07": 16.0, "q08": 15.0, "q09": 23.0, "q10": 55.0, "q11": 130.0, "q12": 179.0, "q13": 6.0, "q14": 232.0, "q15": 223.0, "q16": 76.0, "q17": 166.0, "q18": 189.0, "q19": 92.0, "q20": 12.0, "q21": 108.0, "q22": 13.0, "q23": 223.0, "q24": 40.0, "q25": 182.0, "q26": 32.0, "q27": 15.0, "q28": 216.0, "q29": 232.0, "q30": 29.0, "q31": 56.0, "q32": 65.0, "q33": 98.0, "q34": 186.0, "q35": 49.0, "q36": 94.0, "q37": 208.0, "q38": 150.0, "q39": 128.0, "q40": 98.0, "q41": 116.0, "q42": 252.0, "q43": 215.0, "q44": 206.0, "q45": 213.0, "q46": 79.0, "q47": 133.0, "q48": 153.0, "q49": 54.0, "q50": 57.0, "q51": 217.0, "q52": 27.0, "q53": 242.0, "q54": 94.0, "q55": 66.0, "q56": 253.0, "q57": 58.0, "q58": 113.0, "q59": 143.0, "q60": 195.0, "q61": 4.0, "q62": 228.0, "q63": 227.0}, "datetime": {"datetime": "2019-11-11 18:46:13", "elapsed": 0.815274, "delta": 0.004117}}
{"target": -0.10585754969877859, "params": {"q00": 3.0, "q01": 34.0, "q02": 160.0, "q03": 180.0, "q04": 15.0, "q05": 8.0, "q06": 203.0, "q07": 54.0, "q08": 15.0, "q09": 63.0, "q10": 76.0, "q11": 68.0, "q12": 29.0, "q13": 22.0, "q14": 79.0, "q15": 68.0, "q16": 92.0, "q17": 110.0, "q18": 30.0, "q19": 91.0, "q20": 159.0, "q21": 157.0, "q22": 158.0, "q23": 148.0, "q24": 131.0, "q25": 76.0, "q26": 152.0, "q27": 25.0, "q28": 115.0, "q29": 171.0, "q30": 62.0, "q31": 30.0, "q32": 80.0, "q33": 206.0, "q34": 82.0, "q35": 74.0, "q36": 230.0, "q37": 102.0, "q38": 79.0, "q39": 71.0, "q40": 28.0, "q41": 125.0, "q42": 174.0, "q43": 243.0, "q44": 104.0, "q45": 84.0, "q46": 79.0, "q47": 212.0, "q48": 19.0, "q49": 244.0, "q50": 127.0, "q51": 55.0, "q52": 22.0, "q53": 222.0, "q54": 120.0, "q55": 106.0, "q56": 51.0, "q57": 15.0, "q58": 15.0, "q59": 105.0, "q60": 10.0, "q61": 120.0, "q62": 222.0, "q63": 243.0}, "datetime": {"datetime": "2019-11-11 18:46:13", "elapsed": 0.819349, "delta": 0.004075}}
{"target": -0.10206934781775073, "params": {"q00": 11.0, "q01": 1.0, "q02": 52.0, "q03": 194.0, "q04": 92.0, "q05": 181.0, "q06": 10.0, "q07": 66.0, "q08": 28.0, "q09": 92.0, "q10": 66.0, "q11": 13.0, "q12": 204.0, "q13": 11.0, "q14": 157.0, "q15": 106.0, "q16": 25.0, "q17": 138.0, "q18": 24.0, "q19": 239.0, "q20": 239.0, "q21": 253.0, "q22": 25.0, "q23": 251.0, "q24": 191.0, "q25": 42.0, "q26": 133.0, "q27": 8.0, "q28": 186.0, "q29": 33.0, "q30": 84.0, "q31": 247.0, "q32": 245.0, "q33": 164.0, "q34": 220.0, "q35": 217.0, "q36": 156.0, "q37": 204.0, "q38": 245.0, "q39": 69.0, "q40": 229.0, "q41": 122.0, "q42": 197.0, "q43": 179.0, "q44": 120.0, "q45": 37.0, "q46": 201.0, "q47": 131.0, "q48": 209.0, "q49": 153.0, "q50": 166.0, "q51": 128.0, "q52": 41.0, "q53": 217.0, "q54": 125.0, "q55": 250.0, "q56": 169.0, "q57": 235.0, "q58": 128.0, "q59": 62.0, "q60": 221.0, "q61": 179.0, "q62": 162.0, "q63": 13.0}, "datetime": {"datetime": "2019-11-11 18:46:13", "elapsed": 0.823271, "delta": 0.003922}}
{"target": -0.15510465152949593, "params": {"q00": 9.0, "q01": 4.0, "q02": 47.0, "q03": 13.0, "q04": 175.0, "q05": 248.0, "q06": 237.0, "q07": 102.0, "q08": 195.0, "q09": 9.0, "q10": 229.0, "q11": 78.0, "q12": 127.0, "q13": 83.0, "q14": 115.0, "q15": 91.0, "q16": 41.0, "q17": 13.0, "q18": 43.0, "q19": 102.0, "q20": 64.0, "q21": 253.0, "q22": 132.0, "q23": 191.0, "q24": 197.0, "q25": 2.0, "q26": 160.0, "q27": 196.0, "q28": 216.0, "q29": 205.0, "q30": 140.0, "q31": 169.0, "q32": 47.0, "q33": 10.0, "q34": 49.0, "q35": 3.0, "q36": 159.0, "q37": 128.0, "q38": 176.0, "q39": 21.0, "q40": 225.0, "q41": 190.0, "q42": 202.0, "q43": 117.0, "q44": 210.0, "q45": 197.0, "q46": 224.0, "q47": 122.0, "q48": 194.0, "q49": 94.0, "q50": 191.0, "q51": 251.0, "q52": 209.0, "q53": 153.0, "q54": 105.0, "q55": 221.0, "q56": 198.0, "q57": 238.0, "q58": 221.0, "q59": 140.0, "q60": 65.0, "q61": 238.0, "q62": 247.0, "q63": 53.0}, "datetime": {"datetime": "2019-11-11 18:46:13", "elapsed": 0.827084, "delta": 0.003813}}
{"target": -0.0932967360481401, "params": {"q00": 62.0, "q01": 35.0, "q02": 38.0, "q03": 189.0, "q04": 94.0, "q05": 158.0, "q06": 111.0, "q07": 106.0, "q08": 49.0, "q09": 12.0, "q10": 146.0, "q11": 26.0, "q12": 235.0, "q13": 60.0, "q14": 153.0, "q15": 225.0, "q16": 7.0, "q17": 20.0, "q18": 9.0, "q19": 211.0, "q20": 253.0, "q21": 86.0, "q22": 183.0, "q23": 243.0, "q24": 76.0, "q25": 155.0, "q26": 77.0, "q27": 37.0, "q28": 79.0, "q29": 109.0, "q30": 170.0, "q31": 179.0, "q32": 241.0, "q33": 221.0, "q34": 216.0, "q35": 16.0, "q36": 226.0, "q37": 196.0, "q38": 83.0, "q39": 219.0, "q40": 6.0, "q41": 244.0, "q42": 31.0, "q43": 78.0, "q44": 123.0, "q45": 185.0, "q46": 110.0, "q47": 130.0, "q48": 175.0, "q49": 206.0, "q50": 210.0, "q51": 204.0, "q52": 146.0, "q53": 179.0, "q54": 131.0, "q55": 187.0, "q56": 141.0, "q57": 96.0, "q58": 112.0, "q59": 236.0, "q60": 32.0, "q61": 195.0, "q62": 222.0, "q63": 253.0}, "datetime": {"datetime": "2019-11-11 18:46:13", "elapsed": 0.830943, "delta": 0.003859}}
{"target": -0.14334102084305528, "params": {"q00": 14.0, "q01": 62.0, "q02": 109.0, "q03": 146.0, "q04": 131.0, "q05": 115.0, "q06": 223.0, "q07": 4.0, "q08": 1.0, "q09": 23.0, "q10": 141.0, "q11": 99.0, "q12": 186.0, "q13": 98.0, "q14": 103.0, "q15": 95.0, "q16": 99.0, "q17": 137.0, "q18": 33.0, "q19": 216.0, "q20": 74.0, "q21": 94.0, "q22": 94.0, "q23": 134.0, "q24": 26.0, "q25": 243.0, "q26": 206.0, "q27": 153.0, "q28": 139.0, "q29": 232.0, "q30": 206.0, "q31": 105.0, "q32": 253.0, "q33": 170.0, "q34": 225.0, "q35": 18.0, "q36": 204.0, "q37": 247.0, "q38": 238.0, "q39": 54.0, "q40": 108.0, "q41": 135.0, "q42": 71.0, "q43": 19.0, "q44": 234.0, "q45": 28.0, "q46": 243.0, "q47": 226.0, "q48": 215.0, "q49": 78.0, "q50": 177.0, "q51": 231.0, "q52": 144.0, "q53": 235.0, "q54": 37.0, "q55": 172.0, "q56": 227.0, "q57": 57.0, "q58": 221.0, "q59": 177.0, "q60": 118.0, "q61": 80.0, "q62": 251.0, "q63": 244.0}, "datetime": {"datetime": "2019-11-11 18:46:13", "elapsed": 0.834818, "delta": 0.003875}}
{"target": -0.0826867969383997, "params": {"q00": 3.0, "q01": 30.0, "q02": 25.0, "q03": 29.0, "q04": 133.0, "q05": 105.0, "q06": 71.0, "q07": 16.0, "q08": 46.0, "q09": 29.0, "q10": 35.0, "q11": 69.0, "q12": 243.0, "q13": 132.0, "q14": 223.0, "q15": 147.0, "q16": 41.0, "q17": 6.0, "q18": 55.0, "q19": 98.0, "q20": 122.0, "q21": 200.0, "q22": 12.0, "q23": 47.0, "q24": 244.0, "q25": 91.0, "q26": 89.0, "q27": 28.0, "q28": 26.0, "q29": 155.0, "q30": 129.0, "q31": 60.0, "q32": 207.0, "q33": 77.0, "q34": 218.0, "q35": 248.0, "q36": 7.0, "q37": 215.0, "q38": 7.0, "q39": 97.0, "q40": 82.0, "q41": 236.0, "q42": 181.0, "q43": 130.0, "q44": 180.0, "q45": 228.0, "q46": 217.0, "q47": 254.0, "q48": 104.0, "q49": 240.0, "q50": 177.0, "q51": 193.0, "q52": 81.0, "q53": 93.0, "q54": 199.0, "q55": 181.0, "q56": 159.0, "q57": 112.0, "q58": 26.0, "q59": 130.0, "q60": 158.0, "q61": 213.0, "q62": 172.0, "q63": 134.0}, "datetime": {"datetime": "2019-11-11 18:46:13", "elapsed": 0.838732, "delta": 0.003914}}
{"target": -0.1671602843448452, "params": {"q00": 50.0, "q01": 31.0, "q02": 146.0, "q03": 28.0, "q04": 33.0, "q05": 17.0, "q06": 208.0, "q07": 30.0, "q08": 6.0, "q09": 184.0, "q10": 88.0, "q11": 93.0, "q12": 239.0, "q13": 108.0, "q14": 221.0, "q15": 253.0, "q16": 75.0, "q17": 52.0, "q18": 45.0, "q19": 151.0, "q20": 34.0, "q21": 39.0, "q22": 78.0, "q23": 214.0, "q24": 210.0, "q25": 89.0, "q26": 95.0, "q27": 66.0, "q28": 191.0, "q29": 61.0, "q30": 25.0, "q31": 67.0, "q32": 225.0, "q33": 195.0, "q34": 109.0, "q35": 63.0, "q36": 217.0, "q37": 111.0, "q38": 180.0, "q39": 161.0, "q40": 41.0, "q41": 103.0, "q42": 132.0, "q43": 85.0, "q44": 30.0, "q45": 212.0, "q46": 249.0, "q47": 192.0, "q48": 154.0, "q49": 170.0, "q50": 54.0, "q51": 77.0, "q52": 137.0, "q53": 2.0, "q54": 163.0, "q55": 27.0, "q56": 69.0, "q57": 7.0, "q58": 157.0, "q59": 148.0, "q60": 82.0, "q61": 248.0, "q62": 243.0, "q63": 217.0}, "datetime": {"datetime": "2019-11-11 18:46:13", "elapsed": 0.842623, "delta": 0.003891}}
{"target": -0.14504827472522652, "params": {"q00": 13.0, "q01": 1.0, "q02": 253.0, "q03": 146.0, "q04": 77.0, "q05": 3.0, "q06": 186.0, "q07": 129.0, "q08": 86.0, "q09": 92.0, "q10": 56.0, "q11": 12.0, "q12": 135.0, "q13": 224.0, "q14": 161.0, "q15": 223.0, "q16": 38.0, "q17": 135.0, "q18": 23.0, "q19": 212.0, "q20": 6.0, "q21": 235.0, "q22": 93.0, "q23": 222.0, "q24": 222.0, "q25": 143.0, "q26": 23.0, "q27": 70.0, "q28": 18.0, "q29": 242.0, "q30": 227.0, "q31": 151.0, "q32": 57.0, "q33": 161.0, "q34": 197.0, "q35": 168.0, "q36": 103.0, "q37": 229.0, "q38": 132.0, "q39": 60.0, "q40": 194.0, "q41": 221.0, "q42": 231.0, "q43": 77.0, "q44": 239.0, "q45": 178.0, "q46": 197.0, "q47": 35.0, "q48": 228.0, "q49": 148.0, "q50": 62.0, "q51": 174.0, "q52": 145.0, "q53": 209.0, "q54": 54.0, "q55": 240.0, "q56": 184.0, "q57": 104.0, "q58": 190.0, "q59": 145.0, "q60": 171.0, "q61": 192.0, "q62": 210.0, "q63": 67.0}, "datetime": {"datetime": "2019-11-11 18:46:13", "elapsed": 0.846547, "delta": 0.003924}}
{"target": -0.10193450731191117, "params": {"q00": 21.0, "q01": 7.0, "q02": 91.0, "q03": 134.0, "q04": 31.0, "q05": 75.0, "q06": 173.0, "q07": 117.0, "q08": 5.0, "q09": 32.0, "q10": 152.0, "q11": 99.0, "q12": 32.0, "q13": 251.0, "q14": 183.0, "q15": 23.0, "q16": 94.0, "q17": 7.0, "q18": 11.0, "q19": 56.0, "q20": 24.0, "q21": 132.0, "q22": 54.0, "q23": 215.0, "q24": 170.0, "q25": 112.0, "q26": 64.0, "q27": 130.0, "q28": 104.0, "q29": 213.0, "q30": 122.0, "q31": 86.0, "q32": 124.0, "q33": 138.0, "q34": 28.0, "q35": 206.0, "q36": 63.0, "q37": 88.0, "q38": 73.0, "q39": 26.0, "q40": 175.0, "q41": 56.0, "q42": 147.0, "q43": 106.0, "q44": 173.0, "q45": 21.0, "q46": 125.0, "q47": 62.0, "q48": 54.0, "q49": 61.0, "q50": 171.0, "q51": 36.0, "q52": 101.0, "q53": 82.0, "q54": 113.0, "q55": 181.0, "q56": 154.0, "q57": 116.0, "q58": 32.0, "q59": 179.0, "q60": 3.0, "q61": 18.0, "q62": 23.0, "q63": 59.0}, "datetime": {"datetime": "2019-11-11 18:46:13", "elapsed": 0.8505, "delta": 0.003953}}
{"target": -0.10962727481656265, "params": {"q00": 11.0, "q01": 15.0, "q02": 109.0, "q03": 86.0, "q04": 13.0, "q05": 102.0, "q06": 214.0, "q07": 91.0, "q08": 5.0, "q09": 94.0, "q10": 110.0, "q11": 38.0, "q12": 192.0, "q13": 42.0, "q14": 254.0, "q15": 157.0, "q16": 107.0, "q17": 117.0, "q18": 68.0, "q19": 144.0, "q20": 42.0, "q21": 189.0, "q22": 231.0, "q23": 242.0, "q24": 29.0, "q25": 209.0, "q26": 213.0, "q27": 24.0, "q28": 110.0, "q29": 193.0, "q30": 46.0, "q31": 193.0, "q32": 111.0, "q33": 244.0, "q34": 53.0, "q35": 42.0, "q36": 85.0, "q37": 196.0, "q38": 156.0, "q39": 63.0, "q40": 133.0, "q41": 44.0, "q42": 253.0, "q43": 35.0, "q44": 78.0, "q45": 198.0, "q46": 219.0, "q47": 130.0, "q48": 188.0, "q49": 5.0, "q50": 114.0, "q51": 235.0, "q52": 195.0, "q53": 196.0, "q54": 98.0, "q55": 111.0, "q56": 46.0, "q57": 185.0, "q58": 131.0, "q59": 86.0, "q60": 120.0, "q61": 92.0, "q62": 219.0, "q63": 187.0}, "datetime": {"datetime": "2019-11-11 18:46:13", "elapsed": 0.854525, "delta": 0.004025}}
{"target": -0.13121154268121016, "params": {"q00": 3.0, "q01": 22.0, "q02": 62.0, "q03": 144.0, "q04": 25.0, "q05": 198.0, "q06": 68.0, "q07": 190.0, "q08": 79.0, "q09": 22.0, "q10": 54.0, "q11": 133.0, "q12": 27.0, "q13": 7.0, "q14": 174.0, "q15": 189.0, "q16": 48.0, "q17": 71.0, "q18": 98.0, "q19": 41.0, "q20": 180.0, "q21": 238.0, "q22": 55.0, "q23": 159.0, "q24": 251.0, "q25": 207.0, "q26": 14.0, "q27": 226.0, "q28": 99.0, "q29": 249.0, "q30": 238.0, "q31": 68.0, "q32": 24.0, "q33": 148.0, "q34": 158.0, "q35": 92.0, "q36": 241.0, "q37": 1.0, "q38": 4.0, "q39": 118.0, "q40": 94.0, "q41": 85.0, "q42": 242.0, "q43": 11.0, "q44": 251.0, "q45": 79.0, "q46": 254.0, "q47": 99.0, "q48": 133.0, "q49": 105.0, "q50": 48.0, "q51": 149.0, "q52": 235.0, "q53": 110.0, "q54": 124.0, "q55": 171.0, "q56": 188.0, "q57": 188.0, "q58": 62.0, "q59": 19.0, "q60": 215.0, "q61": 221.0, "q62": 206.0, "q63": 145.0}, "datetime": {"datetime": "2019-11-11 18:46:13", "elapsed": 0.858653, "delta": 0.004128}}
{"target": -0.10104743120863424, "params": {"q00": 5.0, "q01": 38.0, "q02": 62.0, "q03": 137.0, "q04": 144.0, "q05": 105.0, "q06": 173.0, "q07": 38.0, "q08": 26.0, "q09": 6.0, "q10": 26.0, "q11": 96.0, "q12": 39.0, "q13": 114.0, "q14": 206.0, "q15": 117.0, "q16": 18.0, "q17": 131.0, "q18": 4.0, "q19": 29.0, "q20": 127.0, "q21": 78.0, "q22": 172.0, "q23": 242.0, "q24": 131.0, "q25": 253.0, "q26": 14.0, "q27": 17.0, "q28": 86.0, "q29": 32.0, "q30": 217.0, "q31": 9.0, "q32": 206.0, "q33": 33.0, "q34": 171.0, "q35": 216.0, "q36": 221.0, "q37": 85.0, "q38": 2.0, "q39": 167.0, "q40": 149.0, "q41": 203.0, "q42": 225.0, "q43": 131.0, "q44": 164.0, "q45": 8.0, "q46": 71.0, "q47": 161.0, "q48": 52.0, "q49": 167.0, "q50": 189.0, "q51": 30.0, "q52": 142.0, "q53": 207.0, "q54": 7.0, "q55": 18.0, "q56": 226.0, "q57": 235.0, "q58": 157.0, "q59": 205.0, "q60": 181.0, "q61": 71.0, "q62": 89.0, "q63": 103.0}, "datetime": {"datetime": "2019-11-11 18:46:13", "elapsed": 0.863143, "delta": 0.00449}}
{"target": -0.1414724682624081, "params": {"q00": 20.0, "q01": 56.0, "q02": 193.0, "q03": 80.0, "q04": 93.0, "q05": 189.0, "q06": 165.0, "q07": 50.0, "q08": 4.0, "q09": 39.0, "q10": 43.0, "q11": 189.0, "q12": 239.0, "q13": 29.0, "q14": 40.0, "q15": 25.0, "q16": 25.0, "q17": 41.0, "q18": 102.0, "q19": 100.0, "q20": 155.0, "q21": 158.0, "q22": 162.0, "q23": 96.0, "q24": 160.0, "q25": 80.0, "q26": 28.0, "q27": 139.0, "q28": 158.0, "q29": 186.0, "q30": 250.0, "q31": 95.0, "q32": 53.0, "q33": 196.0, "q34": 127.0, "q35": 136.0, "q36": 221.0, "q37": 129.0, "q38": 124.0, "q39": 181.0, "q40": 100.0, "q41": 220.0, "q42": 171.0, "q43": 15.0, "q44": 154.0, "q45": 254.0, "q46": 210.0, "q47": 1.0, "q48": 215.0, "q49": 168.0, "q50": 253.0, "q51": 248.0, "q52": 157.0, "q53": 213.0, "q54": 103.0, "q55": 232.0, "q56": 201.0, "q57": 126.0, "q58": 233.0, "q59": 207.0, "q60": 169.0, "q61": 238.0, "q62": 240.0, "q63": 81.0}, "datetime": {"datetime": "2019-11-11 18:46:13", "elapsed": 0.867563, "delta": 0.00442}}
{"target": -0.07183080944157139, "params": {"q00": 14.0, "q01": 33.0, "q02": 4.0, "q03": 250.0, "q04": 186.0, "q05": 220.0, "q06": 247.0, "q07": 68.0, "q08": 52.0, "q09": 9.0, "q10": 94.0, "q11": 28.0, "q12": 145.0, "q13": 107.0, "q14": 98.0, "q15": 182.0, "q16": 8.0, "q17": 18.0, "q18": 68.0, "q19": 161.0, "q20": 199.0, "q21": 245.0, "q22": 202.0, "q23": 171.0, "q24": 112.0, "q25": 233.0, "q26": 70.0, "q27": 31.0, "q28": 94.0, "q29": 149.0, "q30": 167.0, "q31": 165.0, "q32": 121.0, "q33": 124.0, "q34": 93.0, "q35": 95.0, "q36": 193.0, "q37": 215.0, "q38": 151.0, "q39": 32.0, "q40": 114.0, "q41": 211.0, "q42": 222.0, "q43": 143.0, "q44": 158.0, "q45": 176.0, "q46": 248.0, "q47": 185.0, "q48": 177.0, "q49": 252.0, "q50": 82.0, "q51": 236.0, "q52": 130.0, "q53": 35.0, "q54": 77.0, "q55": 204.0, "q56": 198.0, "q57": 16.0, "q58": 67.0, "q59": 141.0, "q60": 193.0, "q61": 244.0, "q62": 112.0, "q63": 144.0}, "datetime": {"datetime": "2019-11-11 18:46:13", "elapsed": 0.871858, "delta": 0.004295}}
