{"target": -0.13678260450608376, "params": {"q00": 20.0, "q01": 70.0, "q02": 51.0, "q03": 236.0, "q04": 213.0, "q05": 251.0, "q06": 161.0, "q07": 116.0, "q08": 60.0, "q09": 26.0, "q10": 64.0, "q11": 22.0, "q12": 94.0, "q13": 207.0, "q14": 11.0, "q15": 224.0, "q16": 33.0, "q17": 41.0, "q18": 89.0, "q19": 207.0, "q20": 121.0, "q21": 166.0, "q22": 134.0, "q23": 136.0, "q24": 114.0, "q25": 134.0, "q26": 107.0, "q27": 163.0, "q28": 197.0, "q29": 150.0, "q30": 28.0, "q31": 232.0, "q32": 230.0, "q33": 127.0, "q34": 57.0, "q35": 90.0, "q36": 10.0, "q37": 1.0, "q38": 233.0, "q39": 113.0, "q40": 6.0, "q41": 107.0, "q42": 101.0, "q43": 78.0, "q44": 92.0, "q45": 70.0, "q46": 230.0, "q47": 89.0, "q48": 111.0, "q49": 97.0, "q50": 176.0, "q51": 196.0, "q52": 195.0, "q53": 141.0, "q54": 10.0, "q55": 167.0, "q56": 146.0, "q57": 182.0, "q58": 4.0, "q59": 83.0, "q60": 244.0, "q61": 82.0, "q62": 35.0, "q63": 146.0}, "datetime": {"datetime": "2019-11-11 18:46:14", "elapsed": 2.224081, "delta": 0.006595}}
{"target": -0.1290107397318639, "params": {"q00": 10.0, "q01": 81.0, "q02": 146.0, "q03": 166.0, "q04": 102.0, "q05": 206.0, "q06": 219.0, "q07": 129.0, "q08": 8.0, "q09": 2.0, "q10": 178.0, "q11": 172.0, "q12": 161.0, "q13": 130.0, "q14": 6.0, "q15": 251.0, "q16": 1.0, "q17": 46.0, "q18": 79.0, "q19": 21.0, "q20": 99.0, "q21": 169.0, "q22": 126.0, "q23": 20.0, "q24": 45.0, "q25": 44.0, "q26": 8.0, "q27": 56.0, "q28": 131.0, "q29": 22.0, "q30": 43.0, "q31": 23.0, "q32": 62.0, "q33": 231.0, "q34": 205.0, "q35": 37.0, "q36": 15.0, "q37": 38.0, "q38": 12.0, "q39": 3.0, "q40": 102.0, "q41": 159.0, "q42": 99.0, "q43": 27.0, "q44": 33.0, "q45": 110.0, "q46": 186.0, "q47": 22.0, "q48": 3.0, "q49": 155.0, "q50": 3.0, "q51": 111.0, "q52": 65.0, "q53": 246.0, "q54": 218.0, "q55": 38.0, "q56": 4.0, "q57": 15.0, "q58": 151.0, "q59": 6.0, "q60": 125.0, "q61": 136.0, "q62": 70.0, "q63": 5.0}, "datetime": {"datetime": "2019-11-11 18:46:14", "elapsed": 2.230302, "delta": 0.006221}}
{"target": -0.09065183258489296, "params": {"q00": 4.0, "q01": 9.0, "q02": 44.0, "q03": 79.0, "q04": 232.0, "q05": 47.0, "q06": 20.0, "q07": 253.0, "q08": 11.0, "q09": 13.0, "q10": 3.0, "q11": 249.0, "q12": 77.0, "q13": 46.0, "q14": 203.0, "q15": 187.0, "q16": 33.0, "q17": 7.0, "q18": 65.0, "q19": 87.0, "q20": 117.0, "q21": 251.0, "q22": 148.0, "q23": 151.0, "q24": 102.0, "q25": 197.0, "q26": 234.0, "q27": 137.0, "q28": 117.0, "q29": 64.0, "q30": 187.0, "q31": 12.0, "q32": 171.0, "q33": 172.0, "q34": 184.0, "q35": 252.0, "q36": 54.0, "q37": 166.0, "q38": 181.0, "q39": 237.0, "q40": 233.0, "q41": 174.0, "q42": 126.0, "q43": 181.0, "q44": 180.0, "q45": 156.0, "q46": 221.0, "q47": 122.0, "q48": 196.0, "q49": 160.0, "q50": 19.0, "q51": 231.0, "q52": 137.0, "q53": 37.0, "q54": 206.0, "q55": 169.0, "q56": 201.0, "q57": 158.0, "q58": 100.0, "q59": 137.0, "q60": 168.0, "q61": 116.0, "q62": 234.0, "q63": 77.0}, "datetime": {"datetime": "2019-11-11 18:46:14", "elapsed": 2.236589, "delta": 0.006287}}
{"target": -0.14106617877077282, "params": {"q00": 4.0, "q01": 43.0, "q02": 185.0, "q03": 40.0, "q04": 158.0, "q05": 250.0, "q06": 4.0, "q07": 110.0, "q08": 36.0, "q09": 22.0, "q10": 47.0, "q11": 69.0, "q12": 89.0, "q13": 36.0, "q14": 118.0, "q15": 97.0, "q16": 69.0, "q17": 212.0, "q18": 35.0, "q19": 109.0, "q20": 7.0, "q21": 46.0, "q22": 23.0, "q23": 221.0, "q24": 183.0, "q25": 9.0, "q26": 101.0, "q27": 156.0, "q28": 226.0, "q29": 198.0, "q30": 119.0, "q31": 236.0, "q32": 150.0, "q33": 61.0, "q34": 183.0, "q35": 137.0, "q36": 185.0, "q37": 77.0, "q38": 53.0, "q39": 215.0, "q40": 205.0, "q41": 36.0, "q42": 198.0, "q43": 62.0, "q44": 133.0, "q45": 30.0, "q46": 104.0, "q47": 134.0, "q48": 146.0, "q49": 39.0, "q50": 62.0, "q51": 247.0, "q52": 203.0, "q53": 4.0, "q54": 3.0, "q55": 25.0, "q56": 245.0, "q57": 109.0, "q58": 9.0, "q59": 34.0, "q60": 125.0, "q61": 173.0, "q62": 1.0, "q63": 166.0}, "datetime": {"datetime": "2019-11-11 18:46:14", "elapsed": 2.242864, "delta": 0.006275}}
{"target": -0.11371010011707344, "params": {"q00": 5.0, "q01": 6.0, "q02": 192.0, "q03": 235.0, "q04": 41.0, "q05": 21.0, "q06": 84.0, "q07": 2.0, "q08": 34.0, "q09": 141.0, "q10": 23.0, "q11": 67.0, "q12": 100.0, "q13": 206.0, "q14": 152.0, "q15": 148.0, "q16": 16.0, "q17": 33.0, "q18": 20.0, "q19": 212.0, "q20": 62.0, "q21": 61.0, "q22": 164.0, "q23": 123.0, "q24": 74.0, "q25": 103.0, "q26": 211.0, "q27": 24.0, "q28": 216.0, "q29": 49.0, "q30": 30.0, "q31": 232.0, "q32": 252.0, "q33": 49.0, "q34": 80.0, "q35": 19.0, "q36": 153.0, "q37": 87.0, "q38": 63.0, "q39": 47.0, "q40": 237.0, "q41": 174.0, "q42": 172.0, "q43": 73.0, "q44": 139.0, "q45": 130.0, "q46": 87.0, "q47": 26.0, "q48": 43.0, "q49": 124.0, "q50": 154.0, "q51": 191.0, "q52": 96.0, "q53": 108.0, "q54": 17.0, "q55": 83.0, "q56": 105.0, "q57": 85.0, "q58": 117.0, "q59": 189.0, "q60": 159.0, "q61": 42.0, "q62": 232.0, "q63": 216.0}, "datetime": {"datetime": "2019-11-11 18:46:14", "elapsed": 2.255533, "delta": 0.012669}}
{"target": -0.07841210411711413, "params": {"q00": 7.0, "q01": 17.0, "q02": 87.0, "q03": 218.0, "q04": 49.0, "q05": 63.0, "q06": 238.0, "q07": 108.0, "q08": 19.0, "q09": 50.0, "q10": 12.0, "q11": 185.0, "q12": 159.0, "q13": 154.0, "q14": 221.0, "q15": 219.0, "q16": 22.0, "q17": 77.0, "q18": 46.0, "q19": 24.0, "q20": 146.0, "q21": 31.0, "q22": 77.0, "q23": 180.0, "q24": 215.0, "q25": 87.0, "q26": 114.0, "q27": 49.0, "q28": 113.0, "q29": 193.0, "q30": 41.0, "q31": 101.0, "q32": 204.0, "q33": 206.0, "q34": 227.0, "q35": 248.0, "q36": 144.0, "q37": 129.0, "q38": 210.0, "q39": 46.0, "q40": 205.0, "q41": 5.0, "q42": 176.0, "q43": 129.0, "q44": 186.0, "q45": 93.0, "q46": 61.0, "q47": 105.0, "q48": 50.0, "q49": 160.0, "q50": 160.0, "q51": 86.0, "q52": 192.0, "q53": 183.0, "q54": 126.0, "q55": 139.0, "q56": 252.0, "q57": 47.0, "q58": 73.0, "q59": 94.0, "q60": 253.0, "q61": 184.0, "q62": 253.0, "q63": 143.0}, "datetime": {"datetime": "2019-11-11 18:46:14", "elapsed": 2.262819, "delta": 0.007286}}
{"target": -0.10741915417590259, "params": {"q00": 9.0, "q01": 36.0, "q02": 45.0, "q03": 186.0, "q04": 143.0, "q05": 126.0, "q06": 190.0, "q07": 35.0, "q08": 22.0, "q09": 6.0, "q10": 243.0, "q11": 48.0, "q12": 94.0, "q13": 1.0, "q14": 30.0, "q15": 182.0, "q16": 31.0, "q17": 26.0, "q18": 18.0, "q19": 22.0, "q20": 88.0, "q21": 160.0, "q22": 146.0, "q23": 154.0, "q24": 193.0, "q25": 171.0, "q26": 196.0, "q27": 10.0, "q28": 161.0, "q29": 162.0, "q30": 69.0, "q31": 34.0, "q32": 143.0, "q33": 42.0, "q34": 33.0, "q35": 95.0, "q36": 228.0, "q37": 145.0, "q38": 133.0, "q39": 14.0, "q40": 217.0, "q41": 126.0, "q42": 91.0, "q43": 49.0, "q44": 219.0, "q45": 197.0, "q46": 46.0, "q47": 102.0, "q48": 153.0, "q49": 220.0, "q50": 247.0, "q51": 205.0, "q52": 103.0, "q53": 62.0, "q54": 78.0, "q55": 209.0, "q56": 172.0, "q57": 73.0, "q58": 3.0, "q59": 225.0, "q60": 85.0, "q61": 98.0, "q62": 47.0, "q63": 145.0}, "datetime": {"datetime": "2019-11-11 18:46:14", "elapsed": 2.269342, "delta": 0.006523}}
{"target": -0.09159838464766695, "params": {"q00": 8.0, "q01": 36.0, "q02": 15.0, "q03": 120.0, "q04": 62.0, "q05": 26.0, "q06": 148.0, "q07": 103.0, "q08": 15.0, "q09": 27.0, "q10": 78.0, "q11": 96.0, "q12": 114.0, "q13": 10.0, "q14": 172.0, "q15": 120.0, "q16": 33.0, "q17": 57.0, "q18": 21.0, "q19": 203.0, "q20": 155.0, "q21": 100.0, "q22": 24.0, "q23": 215.0, "q24": 182.0, "q25": 7.0, "q26": 131.0, "q27": 76.0, "q28": 227.0, "q29": 123.0, "q30": 128.0, "q31": 117.0, "q32": 114.0, "q33": 160.0, "q34": 183.0, "q35": 8.0, "q36": 163.0, "q37": 6.0, "q38": 246.0, "q39": 9.0, "q40": 94.0, "q41": 196.0, "q42": 180.0, "q43": 246.0, "q44": 170.0, "q45": 246.0, "q46": 93.0, "q47": 44.0, "q48": 114.0, "q49": 97.0, "q50": 240.0, "q51": 211.0, "q52": 182.0, "q53": 3.0, "q54": 33.0, "q55": 54.0, "q56": 69.0, "q57": 248.0, "q58": 118.0, "q59": 53.0, "q60": 112.0, "q61": 100.0, "q62": 171.0, "q63": 122.0}, "datetime": {"datetime": "2019-11-11 18:46:14", "elapsed": 2.275838, "delta": 0.006496}}
{"target": -0.11867075401071209, "params": {"q00": 24.0, "q01": 7.0, "q02": 40.0, "q03": 227.0, "q04": 173.0, "q05": 112.0, "q06": 160.0, "q07": 170.0, "q08": 21.0, "q09": 25.0, "q10": 193.0, "q11": 238.0, "q12": 170.0, "q13": 50.0, "q14": 219.0, "q15": 233.0, "q16": 26.0, "q17": 154.0, "q18": 1.0, "q19": 35.0, "q20": 4.0, "q21": 3.0, "q22": 8.0, "q23": 41.0, "q24": 230.0, "q25": 92.0, "q26": 68.0, "q27": 20.0, "q28": 220.0, "q29": 180.0, "q30": 241.0, "q31": 67.0, "q32": 157.0, "q33": 135.0, "q34": 83.0, "q35": 4.0, "q36": 147.0, "q37": 37.0, "q38": 239.0, "q39": 144.0, "q40": 111.0, "q41": 65.0, "q42": 113.0, "q43": 10.0, "q44": 25.0, "q45": 16.0, "q46": 6.0, "q47": 7.0, "q48": 12.0, "q49": 150.0, "q50": 206.0, "q51": 249.0, "q52": 155.0, "q53": 69.0, "q54": 172.0, "q55": 96.0, "q56": 234.0, "q57": 228.0, "q58": 171.0, "q59": 215.0, "q60": 183.0, "q61": 151.0, "q62": 116.0, "q63": 139.0}, "datetime": {"datetime": "2019-11-11 18:46:14", "elapsed": 2.282335, "delta": 0.006497}}
{"target": -0.09328687615787712, "params": {"q00": 31.0, "q01": 13.0, "q02": 32.0, "q03": 124.0, "q04": 210.0, "q05": 218.0, "q06": 246.0, "q07": 115.0, "q08": 72.0, "q09": 12.0, "q10": 11.0, "q11": 212.0, "q12": 4.0, "q13": 154.0, "q14": 191.0, "q15": 98.0, "q16": 23.0, "q17": 35.0, "q18": 60.0, "q19": 151.0, "q20": 133.0, "q21": 227.0, "q22": 16.0, "q23": 237.0, "q24": 221.0, "q25": 251.0, "q26": 99.0, "q27": 172.0, "q28": 199.0, "q29": 219.0, "q30": 210.0, "q31": 206.0, "q32": 193.0, "q33": 234.0, "q34": 37.0, "q35": 81.0, "q36": 177.0, "q37": 241.0, "q38": 252.0, "q39": 57.0, "q40": 154.0, "q41": 252.0, "q42": 124.0, "q43": 172.0, "q44": 83.0, "q45": 88.0, "q46": 190.0, "q47": 170.0, "q48": 147.0, "q49": 28.0, "q50": 230.0, "q51": 203.0, "q52": 114.0, "q53": 134.0, "q54": 199.0, "q55": 32.0, "q56": 190.0, "q57": 179.0, "q58": 72.0, "q59": 236.0, "q60": 10.0, "q61": 134.0, "q62": 55.0, "q63": 82.0}, "datetime": {"datetime": "2019-11-11 18:46:14", "elapsed": 2.288797, "delta": 0.006462}}
{"target": -0.1182036188006233, "params": {"q00": 7.0, "q01": 30.0, "q02": 39.0, "q03": 105.0, "q04": 207.0, "q05": 56.0, "q06": 236.0, "q07": 43.0, "q08": 37.0, "q09": 62.0, "q10": 87.0, "q11": 38.0, "q12": 228.0, "q13": 126.0, "q14": 39.0, "q15": 68.0, "q16": 20.0, "q17": 5.0, "q18": 98.0, "q19": 27.0, "q20": 5.0, "q21": 65.0, "q22": 26.0, "q23": 150.0, "q24": 149.0, "q25": 163.0, "q26": 161.0, "q27": 243.0, "q28": 254.0, "q29": 175.0, "q30": 189.0, "q31": 103.0, "q32": 60.0, "q33": 18.0, "q34": 220.0, "q35": 245.0, "q36": 195.0, "q37": 185.0, "q38": 51.0, "q39": 151.0, "q40": 225.0, "q41": 199.0, "q42": 236.0, "q43": 116.0, "q44": 62.0, "q45": 242.0, "q46": 100.0, "q47": 126.0, "q48": 164.0, "q49": 64.0, "q50": 6.0, "q51": 181.0, "q52": 57.0, "q53": 235.0, "q54": 236.0, "q55": 237.0, "q56": 26.0, "q57": 66.0, "q58": 15.0, "q59": 1.0, "q60": 121.0, "q61": 11.0, "q62": 11.0, "q63": 82.0}, "datetime": {"datetime": "2019-11-11 18:46:14", "elapsed": 2.295385, "delta": 0.006588}}
{"target": -0.06170187656184728, "params": {"q00": 32.0, "q01": 10.0, "q02": 69.0, "q03": 81.0, "q04": 181.0, "q05": 39.0, "q06": 115.0, "q07": 28.0, "q08": 25.0, "q09": 50.0, "q10": 50.0, "q11": 74.0, "q12": 166.0, "q13": 13.0, "q14": 114.0, "q15": 60.0, "q16": 90.0, "q17": 63.0, "q18": 150.0, "q19": 68.0, "q20": 168.0, "q21": 139.0, "q22": 23.0, "q23": 150.0, "q24": 137.0, "q25": 29.0, "q26": 48.0, "q27": 129.0, "q28": 18.0, "q29": 156.0, "q30": 100.0, "q31": 225.0, "q32": 205.0, "q33": 216.0, "q34": 137.0, "q35": 20.0, "q36": 48.0, "q37": 170.0, "q38": 114.0, "q39": 54.0, "q40": 77.0, "q41": 43.0, "q42": 182.0, "q43": 73.0, "q44": 233.0, "q45": 112.0, "q46": 141.0, "q47": 147.0, "q48": 143.0, "q49": 210.0, "q50": 251.0, "q51": 197.0, "q52": 194.0, "q53": 213.0, "q54": 201.0, "q55": 141.0, "q56": 115.0, "q57": 209.0, "q58": 114.0, "q59": 241.0, "q60": 89.0, "q61": 233.0, "q62": 80.0, "q63": 234.0}, "datetime": {"datetime": "2019-11-11 18:46:14", "elapsed": 2.301606, "delta": 0.006221}}
{"target": -0.1249655401826611, "params": {"q00": 5.0, "q01": 10.0, "q02": 28.0, "q03": 64.0, "q04": 72.0, "q05": 169.0, "q06": 204.0, "q07": 29.0, "q08": 161.0, "q09": 8.0, "q10": 15.0, "q11": 31.0, "q12": 11.0, "q13": 141.0, "q14": 202.0, "q15": 140.0, "q16": 55.0, "q17": 12.0, "q18": 191.0, "q19": 28.0, "q20": 19.0, "q21": 226.0, "q22": 135.0, "q23": 96.0, "q24": 141.0, "q25": 149.0, "q26": 233.0, "q27": 76.0, "q28": 125.0, "q29": 210.0, "q30": 226.0, "q31": 142.0, "q32": 221.0, "q33": 173.0, "q34": 148.0, "q35": 121.0, "q36": 225.0, "q37": 134.0, "q38": 86.0, "q39": 145.0, "q40": 252.0, "q41": 247.0, "q42": 112.0, "q43": 40.0, "q44": 56.0, "q45": 32.0, "q46": 181.0, "q47": 139.0, "q48": 218.0, "q49": 113.0, "q50": 126.0, "q51": 29.0, "q52": 106.0, "q53": 172.0, "q54": 5.0, "q55": 99.0, "q56": 4.0, "q57": 19.0, "q58": 152.0, "q59": 24.0, "q60": 163.0, "q61": 82.0, "q62": 115.0, "q63": 204.0}, "datetime": {"datetime": "2019-11-11 18:46:14", "elapsed": 2.307761, "delta": 0.006155}}
{"target": -0.10087971603701984, "params": {"q00": 12.0, "q01": 19.0, "q02": 246.0, "q03": 38.0, "q04": 64.0, "q05": 158.0, "q06": 40.0, "q07": 220.0, "q08": 2.0, "q09": 15.0, "q10": 46.0, "q11": 245.0, "q12": 224.0, "q13": 35.0, "q14": 47.0, "q15": 122.0, "q16": 47.0, "q17": 134.0, "q18": 108.0, "q19": 176.0, "q20": 218.0, "q21": 207.0, "q22": 54.0, "q23": 214.0, "q24": 11.0, "q25": 86.0, "q26": 60.0, "q27": 96.0, "q28": 59.0, "q29": 232.0, "q30": 22.0, "q31": 172.0, "q32": 199.0, "q33": 38.0, "q34": 109.0, "q35": 158.0, "q36": 233.0, "q37": 194.0, "q38": 86.0, "q39": 66.0, "q40": 169.0, "q41": 25.0, "q42": 137.0, "q43": 163.0, "q44": 138.0, "q45": 116.0, "q46": 88.0, "q47": 244.0, "q48": 67.0, "q49": 102.0, "q50": 248.0, "q51": 251.0, "q52": 104.0, "q53": 153.0, "q54": 197.0, "q55": 47.0, "q56": 131.0, "q57": 77.0, "q58": 231.0, "q59": 251.0, "q60": 231.0, "q61": 203.0, "q62": 68.0, "q63": 247.0}, "datetime": {"datetime": "2019-11-11 18:46:14", "elapsed": 2.313876, "delta": 0.006115}}
{"target": -0.10516854395489134, "params": {"q00": 3.0, "q01": 36.0, "q02": 169.0, "q03": 81.0, "q04": 156.0, "q05": 197.0, "q06": 51.0, "q07": 119.0, "q08": 19.0, "q09": 26.0, "q10": 44.0, "q11": 133.0, "q12": 28.0, "q13": 137.0, "q14": 38.0, "q15": 185.0, "q16": 82.0, "q17": 25.0, "q18": 89.0, "q19": 52.0, "q20": 111.0, "q21": 106.0, "q22": 14.0, "q23": 223.0, "q24": 62.0, "q25": 7.0, "q26": 190.0, "q27": 189.0, "q28": 58.0, "q29": 198.0, "q30": 201.0, "q31": 211.0, "q32": 194.0, "q33": 70.0, "q34": 121.0, "q35": 123.0, "q36": 197.0, "q37": 69.0, "q38": 67.0, "q39": 87.0, "q40": 45.0, "q41": 177.0, "q42": 188.0, "q43": 243.0, "q44": 210.0, "q45": 61.0, "q46": 246.0, "q47": 217.0, "q48": 66.0, "q49": 59.0, "q50": 174.0, "q51": 5.0, "q52": 104.0, "q53": 220.0, "q54": 49.0, "q55": 187.0, "q56": 200.0, "q57": 17.0, "q58": 250.0, "q59": 119.0, "q60": 180.0, "q61": 4.0, "q62": 244.0, "q63": 235.0}, "datetime": {"datetime": "2019-11-11 18:46:14", "elapsed": 2.320051, "delta": 0.006175}}
{"target": -0.09298392403012673, "params": {"q00": 11.0, "q01": 10.0, "q02": 27.0, "q03": 186.0, "q04": 120.0, "q05": 57.0, "q06": 230.0, "q07": 32.0, "q08": 61.0, "q09": 4.0, "q10": 10.0, "q11": 224.0, "q12": 252.0, "q13": 105.0, "q14": 101.0, "q15": 139.0, "q16": 88.0, "q17": 24.0, "q18": 205.0, "q19": 36.0, "q20": 69.0, "q21": 254.0, "q22": 20.0, "q23": 198.0, "q24": 120.0, "q25": 214.0, "q26": 71.0, "q27": 13.0, "q28": 239.0, "q29": 14.0, "q30": 192.0, "q31": 83.0, "q32": 242.0, "q33": 193.0, "q34": 150.0, "q35": 100.0, "q36": 65.0, "q37": 203.0, "q38": 218.0, "q39": 176.0, "q40": 214.0, "q41": 132.0, "q42": 214.0, "q43": 40.0, "q44": 172.0, "q45": 138.0, "q46": 125.0, "q47": 200.0, "q48": 117.0, "q49": 211.0, "q50": 241.0, "q51": 73.0, "q52": 25.0, "q53": 119.0, "q54": 32.0, "q55": 93.0, "q56": 162.0, "q57": 82.0, "q58": 42.0, "q59": 156.0, "q60": 136.0, "q61": 229.0, "q62": 238.0, "q63": 68.0}, "datetime": {"datetime": "2019-11-11 18:46:14", "elapsed": 2.326303, "delta": 0.006252}}
{"target": -0.1347921169444875, "params": {"q00": 16.0, "q01": 11.0, "q02": 75.0, "q03": 186.0, "q04": 77.0, "q05": 1.0, "q06": 30.0, "q07": 17.0, "q08": 14.0, "q09": 175.0, "q10": 2.0, "q11": 166.0, "q12": 211.0, "q13": 17.0, "q14": 149.0, "q15": 180.0, "q16": 187.0, "q17": 40.0, "q18": 30.0, "q19": 119.0, "q20": 45.0, "q21": 7.0, "q22": 5.0, "q23": 147.0, "q24": 148.0, "q25": 37.0, "q26": 20.0, "q27": 104.0, "q28": 249.0, "q29": 53.0, "q30": 205.0, "q31": 132.0, "q32": 157.0, "q33": 172.0, "q34": 93.0, "q35": 148.0, "q36": 248.0, "q37": 137.0, "q38": 187.0, "q39": 220.0, "q40": 151.0, "q41": 72.0, "q42": 230.0, "q43": 14.0, "q44": 182.0, "q45": 89.0, "q46": 214.0, "q47": 17.0, "q48": 199.0, "q49": 194.0, "q50": 194.0, "q51": 221.0, "q52": 215.0, "q53": 198.0, "q54": 223.0, "q55": 39.0, "q56": 110.0, "q57": 162.0, "q58": 100.0, "q59": 133.0, "q60": 148.0, "q61": 97.0, "q62": 84.0, "q63": 225.0}, "datetime": {"datetime": "2019-11-11 18:46:14", "elapsed": 2.332412, "delta": 0.006109}}
{"target": -0.10745223361727307, "params": {"q00": 27.0, "q01": 3.0, "q02": 16.0, "q03": 59.0, "q04": 118.0, "q05": 68.0, "q06": 188.0, "q07": 1.0, "q08": 17.0, "q09": 51.0, "q10": 75.0, "q11": 223.0, "q12": 73.0, "q13": 62.0, "q14": 104.0, "q15": 200.0, "q16": 14.0, "q17": 8.0, "q18": 164.0, "q19": 62.0, "q20": 40.0, "q21": 71.0, "q22": 156.0, "q23": 115.0, "q24": 45.0, "q25": 92.0, "q26": 241.0, "q27": 12.0, "q28": 223.0, "q29": 190.0, "q30": 244.0, "q31": 86.0, "q32": 141.0, "q33": 55.0, "q34": 81.0, "q35": 140.0, "q36": 12.0, "q37": 5.0, "q38": 146.0, "q39": 87.0, "q40": 212.0, "q41": 55.0, "q42": 64.0, "q43": 94.0, "q44": 185.0, "q45": 1.0, "q46": 141.0, "q47": 6.0, "q48": 220.0, "q49": 159.0, "q50": 142.0, "q51": 238.0, "q52": 224.0, "q53": 70.0, "q54": 52.0, "q55": 209.0, "q56": 38.0, "q57": 70.0, "q58": 57.0, "q59": 145.0, "q60": 252.0, "q61": 169.0, "q62": 144.0, "q63": 135.0}, "datetime": {"datetime": "2019-11-11 18:46:14", "elapsed": 2.338715, "delta": 0.006303}}
{"target": -0.1549882573226002, "params": {"q00": 1.0, "q01": 40.0, "q02": 28.0, "q03": 110.0, "q04": 230.0, "q05": 54.0, "q06": 191.0, "q07": 232.0, "q08": 86.0, "q09": 87.0, "q10": 104.0, "q11": 72.0, "q12": 154.0, "q13": 254.0, "q14": 172.0, "q15": 163.0, "q16": 31.0, "q17": 75.0, "q18": 156.0, "q19": 141.0, "q20": 120.0, "q21": 93.0, "q22": 74.0, "q23": 208.0, "q24": 1.0, "q25": 199.0, "q26": 148.0, "q27": 228.0, "q28": 252.0, "q29": 247.0, "q30": 194.0, "q31": 60.0, "q32": 213.0, "q33": 159.0, "q34": 52.0, "q35": 144.0, "q36": 254.0, "q37": 204.0, "q38": 245.0, "q39": 161.0, "q40": 96.0, "q41": 131.0, "q42": 252.0, "q43": 66.0, "q44": 17.0, "q45": 217.0, "q46": 122.0, "q47": 132.0, "q48": 253.0, "q49": 180.0, "q50": 229.0, "q51": 247.0, "q52": 231.0, "q53": 244.0, "q54": 185.0, "q55": 249.0, "q56": 247.0, "q57": 238.0, "q58": 104.0, "q59": 43.0, "q60": 179.0, "q61": 150.0, "q62": 12.0, "q63": 167.0}, "datetime": {"datetime": "2019-11-11 18:46:14", "elapsed": 2.345434, "delta": 0.006719}}
{"target": -0.08965508445062192, "params": {"q00": 11.0, "q01": 3.0, "q02": 105.0, "q03": 113.0, "q04": 98.0, "q05": 114.0, "q06": 91.0, "q07": 79.0, "q08": 13.0, "q09": 6.0, "q10": 182.0, "q11": 62.0, "q12": 168.0, "q13": 185.0, "q14": 226.0, "q15": 250.0, "q16": 36.0, "q17": 43.0, "q18": 7.0, "q19": 192.0, "q20": 102.0, "q21": 166.0, "q22": 253.0, "q23": 93.0, "q24": 225.0, "q25": 105.0, "q26": 21.0, "q27": 141.0, "q28": 233.0, "q29": 239.0, "q30": 193.0, "q31": 104.0, "q32": 127.0, "q33": 8.0, "q34": 10.0, "q35": 42.0, "q36": 40.0, "q37": 12.0, "q38": 120.0, "q39": 154.0, "q40": 112.0, "q41": 35.0, "q42": 56.0, "q43": 100.0, "q44": 252.0, "q45": 11.0, "q46": 87.0, "q47": 193.0, "q48": 250.0, "q49": 22.0, "q50": 6.0, "q51": 159.0, "q52": 89.0, "q53": 97.0, "q54": 19.0, "q55": 62.0, "q56": 70.0, "q57": 130.0, "q58": 221.0, "q59": 194.0, "q60": 154.0, "q61": 109.0, "q62": 252.0, "q63": 226.0}, "datetime": {"datetime": "2019-11-11 18:46:14", "elapsed": 2.351974, "delta": 0.00654}}
{"target": -0.09118902134955287, "params": {"q00": 31.0, "q01": 40.0, "q02": 32.0, "q03": 3.0, "q04": 40.0, "q05": 253.0, "q06": 56.0, "q07": 4.0, "q08": 6.0, "q09": 53.0, "q10": 47.0, "q11": 30.0, "q12": 151.0, "q13": 30.0, "q14": 14.0, "q15": 101.0, "q16": 73.0, "q17": 58.0, "q18": 26.0, "q19": 6.0, "q20": 187.0, "q21": 117.0, "q22": 42.0, "q23": 215.0, "q24": 39.0, "q25": 209.0, "q26": 240.0, "q27": 29.0, "q28": 227.0, "q29": 129.0, "q30": 248.0, "q31": 69.0, "q32": 234.0, "q33": 242.0, "q34": 122.0, "q35": 193.0, "q36": 212.0, "q37": 86.0, "q38": 4.0, "q39": 53.0, "q40": 48.0, "q41": 91.0, "q42": 57.0, "q43": 89.0, "q44": 87.0, "q45": 123.0, "q46": 135.0, "q47": 33.0, "q48": 76.0, "q49": 162.0, "q50": 180.0, "q51": 189.0, "q52": 40.0, "q53": 55.0, "q54": 119.0, "q55": 142.0, "q56": 17.0, "q57": 82.0, "q58": 140.0, "q59": 192.0, "q60": 168.0, "q61": 34.0, "q62": 221.0, "q63": 187.0}, "datetime": {"datetime": "2019-11-11 18:46:14", "elapsed": 2.358831, "delta": 0.006857}}
{"target": -0.07693165470947122, "params": {"q00": 30.0, "q01": 23.0, "q02": 58.0, "q03": 183.0, "q04": 207.0, "q05": 165.0, "q06": 50.0, "q07": 93.0, "q08": 51.0, "q09": 17.0, "q10": 59.0, "q11": 137.0, "q12": 148.0, "q13": 93.0, "q14": 18.0, "q15": 188.0, "q16": 50.0, "q17": 58.0, "q18": 82.0, "q19": 239.0, "q20": 143.0, "q21": 118.0, "q22": 23.0, "q23": 96.0, "q24": 48.0, "q25": 24.0, "q26": 34.0, "q27": 10.0, "q28": 173.0, "q29": 237.0, "q30": 105.0, "q31": 35.0, "q32": 166.0, "q33": 11.0, "q34": 198.0, "q35": 40.0, "q36": 232.0, "q37": 10.0, "q38": 17.0, "q39": 18.0, "q40": 250.0, "q41": 8.0, "q42": 71.0, "q43": 27.0, "q44": 34.0, "q45": 125.0, "q46": 37.0, "q47": 149.0, "q48": 38.0, "q49": 46.0, "q50": 166.0, "q51": 254.0, "q52": 129.0, "q53": 192.0, "q54": 76.0, "q55": 149.0, "q56": 119.0, "q57": 220.0, "q58": 104.0, "q59": 200.0, "q60": 148.0, "q61": 171.0, "q62": 55.0, "q63": 237.0}, "datetime": {"datetime": "2019-11-11 18:46:14", "elapsed": 2.365563, "delta": 0.006732}}
