{"target": -0.15279900095764326, "params": {"q00": 1.0, "q01": 84.0, "q02": 152.0, "q03": 152.0, "q04": 9.0, "q05": 103.0, "q06": 59.0, "q07": 53.0, "q08": 8.0, "q09": 123.0, "q10": 20.0, "q11": 131.0, "q12": 214.0, "q13": 52.0, "q14": 169.0, "q15": 15.0, "q16": 161.0, "q17": 24.0, "q18": 171.0, "q19": 47.0, "q20": 97.0, "q21": 145.0, "q22": 62.0, "q23": 233.0, "q24": 17.0, "q25": 105.0, "q26": 26.0, "q27": 16.0, "q28": 62.0, "q29": 118.0, "q30": 218.0, "q31": 115.0, "q32": 236.0, "q33": 115.0, "q34": 69.0, "q35": 141.0, "q36": 48.0, "q37": 223.0, "q38": 104.0, "q39": 70.0, "q40": 212.0, "q41": 90.0, "q42": 213.0, "q43": 106.0, "q44": 71.0, "q45": 6.0, "q46": 225.0, "q47": 188.0, "q48": 72.0, "q49": 3.0, "q50": 131.0, "q51": 2.0, "q52": 105.0, "q53": 237.0, "q54": 45.0, "q55": 171.0, "q56": 45.0, "q57": 31.0, "q58": 208.0, "q59": 57.0, "q60": 63.0, "q61": 172.0, "q62": 213.0, "q63": 144.0}, "datetime": {"datetime": "2019-11-11 18:46:12", "elapsed": 0.703032, "delta": 0.003659}}
{"target": -0.1534286961265693, "params": {"q00": 13.0, "q01": 54.0, "q02": 166.0, "q03": 163.0, "q04": 37.0, "q05": 12.0, "q06": 154.0, "q07": 10.0, "q08": 1.0, "q09": 180.0, "q10": 254.0, "q11": 60.0, "q12": 61.0, "q13": 79.0, "q14": 171.0, "q15": 82.0, "q16": 165.0, "q17": 38.0, "q18": 110.0, "q19": 24.0, "q20": 28.0, "q21": 100.0, "q22": 114.0, "q23": 68.0, "q24": 48.0, "q25": 4.0, "q26": 23.0, "q27": 65.0, "q28": 101.0, "q29": 107.0, "q30": 243.0, "q31": 193.0, "q32": 80.0, "q33": 86.0, "q34": 8.0, "q35": 36.0, "q36": 123.0, "q37": 147.0, "q38": 241.0, "q39": 42.0, "q40": 47.0, "q41": 125.0, "q42": 236.0, "q43": 4.0, "q44": 11.0, "q45": 115.0, "q46": 77.0, "q47": 217.0, "q48": 192.0, "q49": 116.0, "q50": 59.0, "q51": 187.0, "q52": 15.0, "q53": 248.0, "q54": 127.0, "q55": 139.0, "q56": 154.0, "q57": 114.0, "q58": 156.0, "q59": 5.0, "q60": 104.0, "q61": 88.0, "q62": 157.0, "q63": 20.0}, "datetime": {"datetime": "2019-11-11 18:46:12", "elapsed": 0.706727, "delta": 0.003695}}
{"target": -0.11471313619538609, "params": {"q00": 1.0, "q01": 80.0, "q02": 88.0, "q03": 97.0, "q04": 5.0, "q05": 64.0, "q06": 74.0, "q07": 146.0, "q08": 8.0, "q09": 68.0, "q10": 138.0, "q11": 116.0, "q12": 20.0, "q13": 42.0, "q14": 39.0, "q15": 242.0, "q16": 33.0, "q17": 25.0, "q18": 81.0, "q19": 21.0, "q20": 84.0, "q21": 27.0, "q22": 101.0, "q23": 247.0, "q24": 164.0, "q25": 46.0, "q26": 150.0, "q27": 92.0, "q28": 229.0, "q29": 9.0, "q30": 180.0, "q31": 170.0, "q32": 15.0, "q33": 23.0, "q34": 186.0, "q35": 169.0, "q36": 99.0, "q37": 216.0, "q38": 215.0, "q39": 227.0, "q40": 39.0, "q41": 80.0, "q42": 27.0, "q43": 218.0, "q44": 17.0, "q45": 150.0, "q46": 198.0, "q47": 132.0, "q48": 254.0, "q49": 155.0, "q50": 25.0, "q51": 8.0, "q52": 130.0, "q53": 97.0, "q54": 164.0, "q55": 88.0, "q56": 186.0, "q57": 110.0, "q58": 228.0, "q59": 245.0, "q60": 205.0, "q61": 223.0, "q62": 166.0, "q63": 160.0}, "datetime": {"datetime": "2019-11-11 18:46:12", "elapsed": 0.710461, "delta": 0.003734}}
{"target": -0.07284554311379021, "params": {"q00": 5.0, "q01": 7.0, "q02": 10.0, "q03": 135.0, "q04": 9.0, "q05": 98.0, "q06": 171.0, "q07": 89.0, "q08": 3.0, "q09": 38.0, "q10": 8.0, "q11": 187.0, "q12": 141.0, "q13": 58.0, "q14": 187.0, "q15": 77.0, "q16": 27.0, "q17": 19.0, "q18": 45.0, "q19": 143.0, "q20": 31.0, "q21": 67.0, "q22": 112.0, "q23": 251.0, "q24": 136.0, "q25": 44.0, "q26": 204.0, "q27": 178.0, "q28": 95.0, "q29": 49.0, "q30": 67.0, "q31": 87.0, "q32": 53.0, "q33": 152.0, "q34": 194.0, "q35": 172.0, "q36": 37.0, "q37": 145.0, "q38": 64.0, "q39": 125.0, "q40": 252.0, "q41": 210.0, "q42": 88.0, "q43": 109.0, "q44": 238.0, "q45": 29.0, "q46": 159.0, "q47": 223.0, "q48": 174.0, "q49": 94.0, "q50": 237.0, "q51": 39.0, "q52": 181.0, "q53": 216.0, "q54": 199.0, "q55": 49.0, "q56": 84.0, "q57": 247.0, "q58": 74.0, "q59": 16.0, "q60": 134.0, "q61": 254.0, "q62": 193.0, "q63": 156.0}, "datetime": {"datetime": "2019-11-11 18:46:12", "elapsed": 0.714142, "delta": 0.003681}}
{"target": -0.11009617673364286, "params": {"q00": 24.0, "q01": 24.0, "q02": 19.0, "q03": 60.0, "q04": 49.0, "q05": 2.0, "q06": 202.0, "q07": 132.0, "q08": 4.0, "q09": 20.0, "q10": 219.0, "q11": 90.0, "q12": 78.0, "q13": 3.0, "q14": 2.0, "q15": 170.0, "q16": 93.0, "q17": 56.0, "q18": 89.0, "q19": 250.0, "q20": 24.0, "q21": 17.0, "q22": 19.0, "q23": 195.0, "q24": 159.0, "q25": 134.0, "q26": 42.0, "q27": 24.0, "q28": 246.0, "q29": 63.0, "q30": 102.0, "q31": 46.0, "q32": 220.0, "q33": 249.0, "q34": 43.0, "q35": 179.0, "q36": 6.0, "q37": 249.0, "q38": 30.0, "q39": 78.0, "q40": 153.0, "q41": 112.0, "q42": 12.0, "q43": 252.0, "q44": 101.0, "q45": 128.0, "q46": 251.0, "q47": 83.0, "q48": 222.0, "q49": 110.0, "q50": 6.0, "q51": 198.0, "q52": 212.0, "q53": 91.0, "q54": 48.0, "q55": 75.0, "q56": 80.0, "q57": 47.0, "q58": 162.0, "q59": 63.0, "q60": 71.0, "q61": 238.0, "q62": 222.0, "q63": 144.0}, "datetime": {"datetime": "2019-11-11 18:46:12", "elapsed": 0.717921, "delta": 0.003779}}
{"target": -0.13800331681101707, "params": {"q00": 69.0, "q01": 6.0, "q02": 144.0, "q03": 238.0, "q04": 28.0, "q05": 67.0, "q06": 166.0, "q07": 113.0, "q08": 59.0, "q09": 67.0, "q10": 17.0, "q11": 23.0, "q12": 124.0, "q13": 76.0, "q14": 194.0, "q15": 31.0, "q16": 14.0, "q17": 46.0, "q18": 131.0, "q19": 133.0, "q20": 64.0, "q21": 52.0, "q22": 82.0, "q23": 126.0, "q24": 133.0, "q25": 174.0, "q26": 62.0, "q27": 13.0, "q28": 17.0, "q29": 102.0, "q30": 246.0, "q31": 61.0, "q32": 17.0, "q33": 2.0, "q34": 40.0, "q35": 41.0, "q36": 189.0, "q37": 7.0, "q38": 71.0, "q39": 68.0, "q40": 216.0, "q41": 149.0, "q42": 88.0, "q43": 58.0, "q44": 244.0, "q45": 147.0, "q46": 247.0, "q47": 198.0, "q48": 109.0, "q49": 111.0, "q50": 25.0, "q51": 201.0, "q52": 14.0, "q53": 16.0, "q54": 204.0, "q55": 244.0, "q56": 169.0, "q57": 157.0, "q58": 47.0, "q59": 34.0, "q60": 105.0, "q61": 10.0, "q62": 129.0, "q63": 146.0}, "datetime": {"datetime": "2019-11-11 18:46:12", "elapsed": 0.72169, "delta": 0.003769}}
{"target": -0.09636006859772184, "params": {"q00": 8.0, "q01": 6.0, "q02": 65.0, "q03": 40.0, "q04": 13.0, "q05": 133.0, "q06": 5.0, "q07": 141.0, "q08": 21.0, "q09": 46.0, "q10": 36.0, "q11": 168.0, "q12": 168.0, "q13": 84.0, "q14": 91.0, "q15": 183.0, "q16": 235.0, "q17": 19.0, "q18": 20.0, "q19": 48.0, "q20": 199.0, "q21": 105.0, "q22": 92.0, "q23": 167.0, "q24": 61.0, "q25": 92.0, "q26": 122.0, "q27": 47.0, "q28": 31.0, "q29": 57.0, "q30": 142.0, "q31": 236.0, "q32": 133.0, "q33": 165.0, "q34": 80.0, "q35": 88.0, "q36": 154.0, "q37": 241.0, "q38": 67.0, "q39": 65.0, "q40": 75.0, "q41": 76.0, "q42": 242.0, "q43": 205.0, "q44": 99.0, "q45": 170.0, "q46": 233.0, "q47": 106.0, "q48": 136.0, "q49": 12.0, "q50": 37.0, "q51": 43.0, "q52": 29.0, "q53": 69.0, "q54": 9.0, "q55": 10.0, "q56": 61.0, "q57": 173.0, "q58": 143.0, "q59": 32.0, "q60": 104.0, "q61": 231.0, "q62": 226.0, "q63": 148.0}, "datetime": {"datetime": "2019-11-11 18:46:12", "elapsed": 0.725483, "delta": 0.003793}}
{"target": -0.08586954356169535, "params": {"q00": 5.0, "q01": 5.0, "q02": 18.0, "q03": 174.0, "q04": 20.0, "q05": 230.0, "q06": 217.0, "q07": 101.0, "q08": 62.0, "q09": 10.0, "q10": 88.0, "q11": 10.0, "q12": 82.0, "q13": 137.0, "q14": 47.0, "q15": 214.0, "q16": 37.0, "q17": 71.0, "q18": 36.0, "q19": 145.0, "q20": 74.0, "q21": 185.0, "q22": 166.0, "q23": 202.0, "q24": 89.0, "q25": 162.0, "q26": 211.0, "q27": 193.0, "q28": 4.0, "q29": 27.0, "q30": 69.0, "q31": 80.0, "q32": 191.0, "q33": 116.0, "q34": 16.0, "q35": 21.0, "q36": 131.0, "q37": 39.0, "q38": 21.0, "q39": 79.0, "q40": 68.0, "q41": 77.0, "q42": 147.0, "q43": 7.0, "q44": 202.0, "q45": 51.0, "q46": 222.0, "q47": 67.0, "q48": 20.0, "q49": 159.0, "q50": 127.0, "q51": 165.0, "q52": 247.0, "q53": 174.0, "q54": 125.0, "q55": 82.0, "q56": 59.0, "q57": 172.0, "q58": 193.0, "q59": 158.0, "q60": 118.0, "q61": 20.0, "q62": 213.0, "q63": 197.0}, "datetime": {"datetime": "2019-11-11 18:46:12", "elapsed": 0.7295, "delta": 0.004017}}
{"target": -0.13251060506510015, "params": {"q00": 5.0, "q01": 16.0, "q02": 118.0, "q03": 62.0, "q04": 16.0, "q05": 90.0, "q06": 47.0, "q07": 88.0, "q08": 3.0, "q09": 77.0, "q10": 169.0, "q11": 229.0, "q12": 251.0, "q13": 54.0, "q14": 96.0, "q15": 232.0, "q16": 26.0, "q17": 1.0, "q18": 68.0, "q19": 223.0, "q20": 16.0, "q21": 42.0, "q22": 151.0, "q23": 77.0, "q24": 49.0, "q25": 99.0, "q26": 89.0, "q27": 129.0, "q28": 235.0, "q29": 160.0, "q30": 160.0, "q31": 48.0, "q32": 73.0, "q33": 147.0, "q34": 114.0, "q35": 48.0, "q36": 161.0, "q37": 165.0, "q38": 178.0, "q39": 70.0, "q40": 228.0, "q41": 200.0, "q42": 2.0, "q43": 206.0, "q44": 12.0, "q45": 146.0, "q46": 249.0, "q47": 182.0, "q48": 230.0, "q49": 72.0, "q50": 45.0, "q51": 224.0, "q52": 54.0, "q53": 67.0, "q54": 159.0, "q55": 151.0, "q56": 215.0, "q57": 124.0, "q58": 81.0, "q59": 209.0, "q60": 180.0, "q61": 110.0, "q62": 32.0, "q63": 53.0}, "datetime": {"datetime": "2019-11-11 18:46:12", "elapsed": 0.733368, "delta": 0.003868}}
{"target": -0.11253202771290882, "params": {"q00": 5.0, "q01": 4.0, "q02": 180.0, "q03": 6.0, "q04": 34.0, "q05": 98.0, "q06": 173.0, "q07": 206.0, "q08": 1.0, "q09": 180.0, "q10": 24.0, "q11": 182.0, "q12": 108.0, "q13": 137.0, "q14": 227.0, "q15": 251.0, "q16": 14.0, "q17": 36.0, "q18": 16.0, "q19": 37.0, "q20": 77.0, "q21": 147.0, "q22": 155.0, "q23": 240.0, "q24": 53.0, "q25": 121.0, "q26": 217.0, "q27": 103.0, "q28": 32.0, "q29": 206.0, "q30": 224.0, "q31": 4.0, "q32": 8.0, "q33": 240.0, "q34": 28.0, "q35": 71.0, "q36": 112.0, "q37": 168.0, "q38": 157.0, "q39": 126.0, "q40": 111.0, "q41": 70.0, "q42": 101.0, "q43": 51.0, "q44": 84.0, "q45": 58.0, "q46": 42.0, "q47": 182.0, "q48": 11.0, "q49": 39.0, "q50": 28.0, "q51": 69.0, "q52": 49.0, "q53": 30.0, "q54": 176.0, "q55": 102.0, "q56": 64.0, "q57": 104.0, "q58": 163.0, "q59": 101.0, "q60": 132.0, "q61": 152.0, "q62": 187.0, "q63": 209.0}, "datetime": {"datetime": "2019-11-11 18:46:12", "elapsed": 0.737126, "delta": 0.003758}}
{"target": -0.08215825634673651, "params": {"q00": 20.0, "q01": 34.0, "q02": 24.0, "q03": 146.0, "q04": 240.0, "q05": 72.0, "q06": 194.0, "q07": 183.0, "q08": 19.0, "q09": 41.0, "q10": 23.0, "q11": 217.0, "q12": 253.0, "q13": 7.0, "q14": 23.0, "q15": 76.0, "q16": 64.0, "q17": 94.0, "q18": 63.0, "q19": 48.0, "q20": 10.0, "q21": 227.0, "q22": 135.0, "q23": 225.0, "q24": 147.0, "q25": 140.0, "q26": 9.0, "q27": 195.0, "q28": 231.0, "q29": 195.0, "q30": 151.0, "q31": 98.0, "q32": 223.0, "q33": 213.0, "q34": 183.0, "q35": 156.0, "q36": 15.0, "q37": 210.0, "q38": 26.0, "q39": 57.0, "q40": 189.0, "q41": 10.0, "q42": 196.0, "q43": 185.0, "q44": 234.0, "q45": 144.0, "q46": 220.0, "q47": 50.0, "q48": 219.0, "q49": 65.0, "q50": 189.0, "q51": 60.0, "q52": 88.0, "q53": 158.0, "q54": 144.0, "q55": 229.0, "q56": 181.0, "q57": 70.0, "q58": 174.0, "q59": 95.0, "q60": 243.0, "q61": 85.0, "q62": 7.0, "q63": 5.0}, "datetime": {"datetime": "2019-11-11 18:46:12", "elapsed": 0.741248, "delta": 0.004122}}
{"target": -0.12173696569289166, "params": {"q00": 9.0, "q01": 78.0, "q02": 38.0, "q03": 1.0, "q04": 100.0, "q05": 42.0, "q06": 233.0, "q07": 13.0, "q08": 12.0, "q09": 43.0, "q10": 128.0, "q11": 113.0, "q12": 28.0, "q13": 61.0, "q14": 180.0, "q15": 159.0, "q16": 148.0, "q17": 24.0, "q18": 62.0, "q19": 24.0, "q20": 246.0, "q21": 146.0, "q22": 25.0, "q23": 242.0, "q24": 186.0, "q25": 64.0, "q26": 223.0, "q27": 124.0, "q28": 182.0, "q29": 16.0, "q30": 43.0, "q31": 79.0, "q32": 58.0, "q33": 167.0, "q34": 47.0, "q35": 141.0, "q36": 200.0, "q37": 254.0, "q38": 62.0, "q39": 33.0, "q40": 7.0, "q41": 246.0, "q42": 61.0, "q43": 113.0, "q44": 85.0, "q45": 161.0, "q46": 235.0, "q47": 10.0, "q48": 250.0, "q49": 35.0, "q50": 178.0, "q51": 151.0, "q52": 19.0, "q53": 152.0, "q54": 16.0, "q55": 61.0, "q56": 73.0, "q57": 172.0, "q58": 157.0, "q59": 113.0, "q60": 221.0, "q61": 129.0, "q62": 250.0, "q63": 200.0}, "datetime": {"datetime": "2019-11-11 18:46:12", "elapsed": 0.745143, "delta": 0.003895}}
{"target": -0.08886840574906951, "params": {"q00": 9.0, "q01": 13.0, "q02": 85.0, "q03": 56.0, "q04": 43.0, "q05": 227.0, "q06": 90.0, "q07": 235.0, "q08": 10.0, "q09": 74.0, "q10": 29.0, "q11": 103.0, "q12": 70.0, "q13": 187.0, "q14": 229.0, "q15": 17.0, "q16": 49.0, "q17": 103.0, "q18": 6.0, "q19": 245.0, "q20": 110.0, "q21": 50.0, "q22": 114.0, "q23": 197.0, "q24": 127.0, "q25": 149.0, "q26": 132.0, "q27": 51.0, "q28": 211.0, "q29": 248.0, "q30": 226.0, "q31": 148.0, "q32": 148.0, "q33": 216.0, "q34": 145.0, "q35": 223.0, "q36": 142.0, "q37": 12.0, "q38": 156.0, "q39": 119.0, "q40": 59.0, "q41": 126.0, "q42": 151.0, "q43": 198.0, "q44": 200.0, "q45": 173.0, "q46": 221.0, "q47": 92.0, "q48": 114.0, "q49": 37.0, "q50": 228.0, "q51": 143.0, "q52": 194.0, "q53": 120.0, "q54": 233.0, "q55": 63.0, "q56": 215.0, "q57": 222.0, "q58": 187.0, "q59": 191.0, "q60": 35.0, "q61": 216.0, "q62": 199.0, "q63": 110.0}, "datetime": {"datetime": "2019-11-11 18:46:12", "elapsed": 0.749047, "delta": 0.003904}}
{"target": -0.11341919168863968, "params": {"q00": 3.0, "q01": 14.0, "q02": 6.0, "q03": 138.0, "q04": 35.0, "q05": 214.0, "q06": 155.0, "q07": 94.0, "q08": 4.0, "q09": 59.0, "q10": 96.0, "q11": 81.0, "q12": 126.0, "q13": 3.0, "q14": 194.0, "q15": 96.0, "q16": 14.0, "q17": 44.0, "q18": 222.0, "q19": 53.0, "q20": 59.0, "q21": 87.0, "q22": 106.0, "q23": 222.0, "q24": 160.0, "q25": 250.0, "q26": 195.0, "q27": 35.0, "q28": 233.0, "q29": 119.0, "q30": 174.0, "q31": 46.0, "q32": 31.0, "q33": 41.0, "q34": 155.0, "q35": 74.0, "q36": 245.0, "q37": 130.0, "q38": 178.0, "q39": 26.0, "q40": 74.0, "q41": 120.0, "q42": 201.0, "q43": 128.0, "q44": 115.0, "q45": 146.0, "q46": 103.0, "q47": 44.0, "q48": 205.0, "q49": 7.0, "q50": 166.0, "q51": 19.0, "q52": 223.0, "q53": 126.0, "q54": 46.0, "q55": 134.0, "q56": 68.0, "q57": 42.0, "q58": 6.0, "q59": 113.0, "q60": 196.0, "q61": 127.0, "q62": 181.0, "q63": 214.0}, "datetime": {"datetime": "2019-11-11 18:46:12", "elapsed": 0.752793, "delta": 0.003746}}
{"target": -0.10825975985486486, "params": {"q00": 2.0, "q01": 29.0, "q02": 82.0, "q03": 159.0, "q04": 18.0, "q05": 21.0, "q06": 38.0, "q07": 179.0, "q08": 50.0, "q09": 17.0, "q10": 235.0, "q11": 94.0, "q12": 154.0, "q13": 108.0, "q14": 164.0, "q15": 167.0, "q16": 38.0, "q17": 57.0, "q18": 199.0, "q19": 38.0, "q20": 190.0, "q21": 115.0, "q22": 200.0, "q23": 173.0, "q24": 54.0, "q25": 55.0, "q26": 81.0, "q27": 73.0, "q28": 46.0, "q29": 243.0, "q30": 195.0, "q31": 31.0, "q32": 174.0, "q33": 239.0, "q34": 180.0, "q35": 129.0, "q36": 200.0, "q37": 161.0, "q38": 207.0, "q39": 29.0, "q40": 8.0, "q41": 144.0, "q42": 145.0, "q43": 133.0, "q44": 206.0, "q45": 216.0, "q46": 228.0, "q47": 240.0, "q48": 109.0, "q49": 32.0, "q50": 126.0, "q51": 210.0, "q52": 150.0, "q53": 238.0, "q54": 123.0, "q55": 62.0, "q56": 216.0, "q57": 253.0, "q58": 59.0, "q59": 87.0, "q60": 234.0, "q61": 208.0, "q62": 197.0, "q63": 15.0}, "datetime": {"datetime": "2019-11-11 18:46:12", "elapsed": 0.756529, "delta": 0.003736}}
{"target": -0.06723357359495696, "params": {"q00": 21.0, "q01": 10.0, "q02": 63.0, "q03": 164.0, "q04": 186.0, "q05": 108.0, "q06": 243.0, "q07": 33.0, "q08": 25.0, "q09": 43.0, "q10": 97.0, "q11": 106.0, "q12": 228.0, "q13": 11.0, "q14": 245.0, "q15": 246.0, "q16": 91.0, "q17": 45.0, "q18": 120.0, "q19": 63.0, "q20": 35.0, "q21": 174.0, "q22": 121.0, "q23": 20.0, "q24": 97.0, "q25": 155.0, "q26": 100.0, "q27": 155.0, "q28": 208.0, "q29": 229.0, "q30": 75.0, "q31": 79.0, "q32": 171.0, "q33": 124.0, "q34": 166.0, "q35": 76.0, "q36": 197.0, "q37": 249.0, "q38": 197.0, "q39": 188.0, "q40": 44.0, "q41": 135.0, "q42": 80.0, "q43": 134.0, "q44": 225.0, "q45": 198.0, "q46": 144.0, "q47": 221.0, "q48": 238.0, "q49": 162.0, "q50": 229.0, "q51": 120.0, "q52": 46.0, "q53": 142.0, "q54": 247.0, "q55": 149.0, "q56": 111.0, "q57": 140.0, "q58": 239.0, "q59": 191.0, "q60": 226.0, "q61": 159.0, "q62": 95.0, "q63": 207.0}, "datetime": {"datetime": "2019-11-11 18:46:12", "elapsed": 0.760156, "delta": 0.003627}}
{"target": -0.09076647424718604, "params": {"q00": 32.0, "q01": 5.0, "q02": 176.0, "q03": 91.0, "q04": 14.0, "q05": 14.0, "q06": 89.0, "q07": 104.0, "q08": 14.0, "q09": 12.0, "q10": 22.0, "q11": 133.0, "q12": 39.0, "q13": 98.0, "q14": 233.0, "q15": 115.0, "q16": 67.0, "q17": 87.0, "q18": 43.0, "q19": 116.0, "q20": 87.0, "q21": 64.0, "q22": 41.0, "q23": 77.0, "q24": 225.0, "q25": 46.0, "q26": 163.0, "q27": 143.0, "q28": 26.0, "q29": 29.0, "q30": 17.0, "q31": 71.0, "q32": 187.0, "q33": 145.0, "q34": 55.0, "q35": 8.0, "q36": 65.0, "q37": 31.0, "q38": 44.0, "q39": 28.0, "q40": 49.0, "q41": 124.0, "q42": 16.0, "q43": 224.0, "q44": 30.0, "q45": 239.0, "q46": 153.0, "q47": 159.0, "q48": 230.0, "q49": 6.0, "q50": 89.0, "q51": 44.0, "q52": 28.0, "q53": 134.0, "q54": 247.0, "q55": 167.0, "q56": 102.0, "q57": 166.0, "q58": 253.0, "q59": 201.0, "q60": 99.0, "q61": 112.0, "q62": 221.0, "q63": 251.0}, "datetime": {"datetime": "2019-11-11 18:46:12", "elapsed": 0.76408, "delta": 0.003924}}
{"target": -0.12371271486797153, "params": {"q00": 23.0, "q01": 26.0, "q02": 6.0, "q03": 72.0, "q04": 182.0, "q05": 34.0, "q06": 135.0, "q07": 51.0, "q08": 32.0, "q09": 66.0, "q10": 107.0, "q11": 186.0, "q12": 247.0, "q13": 64.0, "q14": 98.0, "q15": 179.0, "q16": 91.0, "q17": 3.0, "q18": 95.0, "q19": 180.0, "q20": 135.0, "q21": 243.0, "q22": 82.0, "q23": 194.0, "q24": 123.0, "q25": 189.0, "q26": 238.0, "q27": 183.0, "q28": 10.0, "q29": 230.0, "q30": 120.0, "q31": 20.0, "q32": 79.0, "q33": 233.0, "q34": 82.0, "q35": 25.0, "q36": 233.0, "q37": 236.0, "q38": 10.0, "q39": 150.0, "q40": 28.0, "q41": 177.0, "q42": 228.0, "q43": 234.0, "q44": 217.0, "q45": 221.0, "q46": 177.0, "q47": 184.0, "q48": 102.0, "q49": 59.0, "q50": 6.0, "q51": 89.0, "q52": 242.0, "q53": 210.0, "q54": 183.0, "q55": 210.0, "q56": 124.0, "q57": 131.0, "q58": 211.0, "q59": 183.0, "q60": 205.0, "q61": 93.0, "q62": 75.0, "q63": 212.0}, "datetime": {"datetime": "2019-11-11 18:46:12", "elapsed": 0.767749, "delta": 0.003669}}
{"target": -0.11773499683494415, "params": {"q00": 5.0, "q01": 15.0, "q02": 67.0, "q03": 128.0, "q04": 5.0, "q05": 74.0, "q06": 85.0, "q07": 48.0, "q08": 36.0, "q09": 56.0, "q10": 203.0, "q11": 215.0, "q12": 170.0, "q13": 251.0, "q14": 20.0, "q15": 102.0, "q16": 39.0, "q17": 32.0, "q18": 24.0, "q19": 178.0, "q20": 92.0, "q21": 151.0, "q22": 31.0, "q23": 216.0, "q24": 226.0, "q25": 43.0, "q26": 123.0, "q27": 151.0, "q28": 9.0, "q29": 2.0, "q30": 78.0, "q31": 142.0, "q32": 23.0, "q33": 137.0, "q34": 53.0, "q35": 67.0, "q36": 22.0, "q37": 5.0, "q38": 56.0, "q39": 53.0, "q40": 151.0, "q41": 10.0, "q42": 205.0, "q43": 92.0, "q44": 55.0, "q45": 224.0, "q46": 182.0, "q47": 85.0, "q48": 89.0, "q49": 29.0, "q50": 74.0, "q51": 77.0, "q52": 53.0, "q53": 170.0, "q54": 18.0, "q55": 39.0, "q56": 149.0, "q57": 156.0, "q58": 227.0, "q59": 128.0, "q60": 5.0, "q61": 36.0, "q62": 208.0, "q63": 245.0}, "datetime": {"datetime": "2019-11-11 18:46:12", "elapsed": 0.771497, "delta": 0.003748}}
{"target": -0.1458629127331304, "params": {"q00": 1.0, "q01": 63.0, "q02": 103.0, "q03": 12.0, "q04": 79.0, "q05": 114.0, "q06": 86.0, "q07": 121.0, "q08": 19.0, "q09": 23.0, "q10": 131.0, "q11": 224.0, "q12": 223.0, "q13": 202.0, "q14": 208.0, "q15": 14.0, "q16": 128.0, "q17": 32.0, "q18": 80.0, "q19": 123.0, "q20": 113.0, "q21": 8.0, "q22": 190.0, "q23": 196.0, "q24": 213.0, "q25": 20.0, "q26": 202.0, "q27": 114.0, "q28": 169.0, "q29": 180.0, "q30": 184.0, "q31": 164.0, "q32": 111.0, "q33": 192.0, "q34": 187.0, "q35": 146.0, "q36": 90.0, "q37": 161.0, "q38": 2.0, "q39": 167.0, "q40": 111.0, "q41": 31.0, "q42": 213.0, "q43": 39.0, "q44": 250.0, "q45": 247.0, "q46": 231.0, "q47": 247.0, "q48": 79.0, "q49": 149.0, "q50": 148.0, "q51": 187.0, "q52": 33.0, "q53": 214.0, "q54": 155.0, "q55": 167.0, "q56": 75.0, "q57": 102.0, "q58": 245.0, "q59": 171.0, "q60": 73.0, "q61": 210.0, "q62": 229.0, "q63": 41.0}, "datetime": {"datetime": "2019-11-11 18:46:12", "elapsed": 0.775191, "delta": 0.003694}}
{"target": -0.10363892253192641, "params": {"q00": 12.0, "q01": 34.0, "q02": 5.0, "q03": 222.0, "q04": 228.0, "q05": 159.0, "q06": 33.0, "q07": 2.0, "q08": 18.0, "q09": 7.0, "q10": 248.0, "q11": 190.0, "q12": 160.0, "q13": 29.0, "q14": 207.0, "q15": 77.0, "q16": 45.0, "q17": 164.0, "q18": 16.0, "q19": 209.0, "q20": 30.0, "q21": 109.0, "q22": 156.0, "q23": 240.0, "q24": 234.0, "q25": 219.0, "q26": 16.0, "q27": 31.0, "q28": 217.0, "q29": 98.0, "q30": 115.0, "q31": 51.0, "q32": 168.0, "q33": 130.0, "q34": 190.0, "q35": 38.0, "q36": 163.0, "q37": 88.0, "q38": 115.0, "q39": 148.0, "q40": 32.0, "q41": 209.0, "q42": 206.0, "q43": 59.0, "q44": 110.0, "q45": 49.0, "q46": 241.0, "q47": 99.0, "q48": 26.0, "q49": 191.0, "q50": 6.0, "q51": 161.0, "q52": 51.0, "q53": 115.0, "q54": 78.0, "q55": 33.0, "q56": 251.0, "q57": 125.0, "q58": 254.0, "q59": 13.0, "q60": 21.0, "q61": 244.0, "q62": 197.0, "q63": 17.0}, "datetime": {"datetime": "2019-11-11 18:46:12", "elapsed": 0.77885, "delta": 0.003659}}
{"target": -0.08814729472286725, "params": {"q00": 21.0, "q01": 33.0, "q02": 226.0, "q03": 97.0, "q04": 66.0, "q05": 68.0, "q06": 27.0, "q07": 39.0, "q08": 45.0, "q09": 71.0, "q10": 49.0, "q11": 148.0, "q12": 150.0, "q13": 84.0, "q14": 139.0, "q15": 76.0, "q16": 3.0, "q17": 27.0, "q18": 55.0, "q19": 130.0, "q20": 185.0, "q21": 232.0, "q22": 186.0, "q23": 245.0, "q24": 71.0, "q25": 185.0, "q26": 196.0, "q27": 89.0, "q28": 156.0, "q29": 92.0, "q30": 169.0, "q31": 172.0, "q32": 176.0, "q33": 250.0, "q34": 69.0, "q35": 19.0, "q36": 30.0, "q37": 139.0, "q38": 59.0, "q39": 52.0, "q40": 70.0, "q41": 150.0, "q42": 176.0, "q43": 69.0, "q44": 22.0, "q45": 139.0, "q46": 239.0, "q47": 240.0, "q48": 252.0, "q49": 231.0, "q50": 107.0, "q51": 236.0, "q52": 52.0, "q53": 230.0, "q54": 111.0, "q55": 129.0, "q56": 146.0, "q57": 119.0, "q58": 249.0, "q59": 253.0, "q60": 186.0, "q61": 144.0, "q62": 252.0, "q63": 192.0}, "datetime": {"datetime": "2019-11-11 18:46:12", "elapsed": 0.782618, "delta": 0.003768}}
